62 53 12 70 64 9 36 4 61 13 63 15 94 54 52 0 6 34 3 31 16 39 38 37 23 71 85 83 66 65 58 5 72 45 49 18 25 14 43 44 55 35 2 87 74 75 41 29 91 7 50 20 19 56 81 8 21 88 10 78 1 22 48 82 84 51
62 53
62 12
53 70
53 64
53 9
53 36
12 4
12 61
12 13
12 63
70 15
70 94
9 54
9 52
9 0
9 6
36 34
36 3
36 31
4 16
4 39
4 38
4 37
4 23
61 71
61 85
61 83
13 66
13 65
63 58
15 5
15 72
54 45
54 49
0 18
0 25
6 14
6 43
6 44
34 55
3 35
31 2
31 87
16 74
16 75
39 41
39 29
38 91
23 7
71 50
85 20
83 19
83 56
72 81
49 8
18 21
43 88
55 10
74 78
29 1
91 22
7 48
19 82
19 84
8 51