23 65 9 14 51 15 54 0 70 58 34 11 74 73 26 43 92 20 36 80 52 83 27 16 10 49 67 44 7 68 53 61 79 37 39 90 29 42 45 31 55 50 48 81 19 21 69 2 64 22 78 75 13 17 71 46 87 86 1 60 57 40 47 4 77 85 89 95 82 96
23 65
23 9
23 54
23 29
9 14
9 79
14 51
14 15
54 0
0 70
0 58
70 49
70 68
58 34
58 11
58 92
58 20
11 74
11 10
74 73
74 26
26 43
92 80
20 36
20 52
36 16
36 37
36 90
52 83
83 27
27 21
16 53
16 61
49 67
49 7
67 44
68 2
37 39
39 31
29 42
42 45
31 55
55 50
55 48
48 81
81 19
21 69
2 64
64 22
64 17
64 77
22 78
22 82
78 75
78 13
75 60
13 57
17 71
71 46
46 87
46 86
87 1
1 40
57 95
40 47
40 4
77 85
77 89
82 96