83 92 37 7 50 57 45 20 94 12 85 60 53 23 10 27 33 42 68 77 26 63 31 58 65 79 14 25 46 30 11 16 69 1 72 89 9 62 40 78 95 74 97 98 39 6 55 49 3 54 35 4 59 38 24 0 41 61 86 51 43 93 34 76 88 75 71 90 64 87 84 67 56 22
83 92
92 37
37 7
37 50
50 57
50 45
45 20
45 94
45 87
20 4
20 59
20 61
94 12
94 85
94 23
12 35
12 64
85 60
60 53
23 10
10 27
10 33
10 42
10 68
10 77
10 3
27 86
33 58
33 65
33 72
42 26
42 22
68 63
26 31
65 79
79 14
79 25
79 40
79 67
14 46
46 30
46 89
46 51
30 11
11 16
11 69
16 1
1 43
89 9
9 62
9 97
40 78
40 95
95 74
97 98
98 39
39 6
6 55
6 49
49 84
3 54
59 38
59 24
24 0
0 41
43 93
43 34
93 56
34 76
34 88
88 75
75 71
71 90