22 50 41 4 46 1 29 15 43 45 19 13 21 2 48 10 9 38 8 42 49 25 44 39 31 33 16 24 12 6 11 18 30 5 14 28 20 7 47 17 34 40 32 26 23 36 27 0 3 37 99 58 55 98 51 73 82 61 54 60 69 59 91 83 92 72 79 56 68 95 80 84 74 85 70 88 67 89 81 97 65 71 96 93 94 90 86 53 87 77 75 52 64 76 63 66 57 62 78 35
22 50
50 41
50 4
50 46
50 1
50 29
50 15
50 43
50 45
50 19
50 13
50 21
50 2
50 48
50 10
50 9
50 38
50 8
50 42
50 49
50 25
50 44
50 39
50 31
50 33
50 16
50 24
50 12
50 6
50 11
50 18
50 30
50 5
50 14
50 28
50 20
50 7
50 47
50 17
50 34
50 40
50 32
50 26
50 23
50 36
50 27
50 0
50 3
50 37
50 99
50 35
99 58
99 55
99 98
99 51
99 73
99 82
99 61
99 54
99 60
99 69
99 59
99 91
99 83
99 92
99 72
99 79
99 56
99 68
99 95
99 80
99 84
99 74
99 85
99 70
99 88
99 67
99 89
99 81
99 97
99 65
99 71
99 96
99 93
99 94
99 90
99 86
99 53
99 87
99 77
99 75
99 52
99 64
99 76
99 63
99 66
99 57
99 62
99 78