76 19 82 57 81 41 2 13 74 97 29 71 42 78 56 75 55 70 54 72 61 31 85 3 83 16 53 47 25 24 89 62 73 30 0 64 49 21 79 5 46 9 8 52 69 51 18 63 43 91 32 58 26 33 77 80 10 23 27 44 38 7 88 45 12 37 6 14 68 87 92 86 4 40 94 35 39 96 11 15 36 66 17 22 1 95 67 28 98 50 34 84 59 90 20 48 60 93 65
76 19
19 82
82 57
57 81
81 41
41 2
2 13
13 74
74 97
97 29
29 71
71 42
42 78
78 56
56 75
75 55
55 70
70 54
54 72
72 61
61 31
31 85
85 3
3 83
83 16
16 53
53 47
47 25
25 24
24 89
89 62
62 73
73 30
30 0
0 64
64 49
49 21
21 79
79 5
5 46
46 9
9 8
8 52
52 69
69 51
51 18
18 63
63 43
43 91
91 32
32 58
58 26
26 33
33 77
77 80
80 10
10 23
23 27
27 44
44 38
38 7
7 88
88 45
45 12
12 37
37 6
6 14
14 68
68 87
87 92
92 86
86 4
4 40
40 94
94 35
35 39
39 96
96 11
11 15
15 36
36 66
66 17
17 22
22 1
1 95
95 67
67 28
28 98
98 50
50 34
34 84
84 59
59 90
90 20
20 48
48 60
60 93
93 65