93 0 71 9 48 53 25 81 32 88 28 35 15 76 22 91 84 6 69 39 16 77 17 58 61 29 38 21 19 79 23 45 98 36 92 85 64 50 42 95 33 20 80 54 26 57 41 94 56 4 67 40 1 8 51 65 18 78 59 82 55 13 47 30 86 63 3 10 72 66 75 89 7 70 43 96 60 14 31 62 2 27 83 49 11 73 46 99 44 97 52 12 74 34 90 24 5 68 37 87
93 0
0 71
71 9
9 48
9 58
9 60
48 53
53 25
53 28
53 6
53 17
25 81
25 32
32 88
28 35
28 84
35 15
35 91
15 76
15 22
6 69
6 39
39 16
16 77
58 61
61 29
29 38
29 36
29 85
29 64
38 21
38 45
21 19
21 23
19 79
45 98
36 92
64 50
50 42
50 33
42 95
33 20
33 89
33 7
33 43
20 80
20 54
20 55
20 13
54 26
26 57
26 56
26 82
57 41
41 94
56 4
56 40
56 18
4 67
40 1
1 8
1 51
1 65
18 78
18 59
13 47
13 63
13 3
13 75
47 30
30 86
3 10
3 66
10 72
7 70
43 96
60 14
60 31
31 62
31 87
62 2
62 49
2 27
27 83
49 11
49 12
49 34
49 24
11 73
11 46
46 99
46 44
44 97
44 52
12 74
34 90
24 5
5 68
5 37