13 24 7 21 14 1 4 42 44 5 16 18 26 20 10 3 15 25 83 81 31 19 27 11 6 8 30 0 34 36 17 2 38 40 29 91 89 28 90 9 22 77 79 23 32 80 52 51 37 39 67 65 68 66 33 35 93 95 94 96 46 48 45 47 55 53 56 54 87 85 88 86 71 69 72 70 84 82 63 61 64 62 73 74 43 59 60
13 24
13 59
13 60
24 7
7 21
21 14
14 1
1 4
4 42
42 44
44 5
5 16
5 43
16 18
18 26
26 20
20 10
20 73
20 74
10 3
3 15
15 25
15 63
15 64
25 83
25 31
25 84
83 81
31 19
19 27
19 71
19 72
27 11
27 87
27 88
11 6
11 55
11 56
6 8
6 46
6 45
8 30
30 0
30 93
30 94
0 34
0 17
0 33
34 36
17 2
17 67
17 68
2 38
2 29
2 37
38 40
29 91
91 89
89 28
28 90
28 9
9 22
9 52
9 51
22 77
77 79
79 23
23 32
23 80
37 39
67 65
68 66
33 35
93 95
94 96
46 48
45 47
55 53
56 54
87 85
88 86
71 69
72 70
84 82
63 61
64 62