35 97 33 53 94 3 83 85 31 24 42 50 2 9 57 23 36 5 34 73 39 52 19 20 1 0 98 99 63 8 32 54 10 15 95 96 30 75 41 40 62 68 16 27 4 43 84 82 86 87 13 14 51 48 56 22 55 71 74 6 78
35 97
35 33
35 53
35 94
35 3
35 83
35 85
97 31
97 24
33 42
33 50
33 2
53 9
53 57
94 23
3 36
3 5
3 34
83 73
83 39
83 52
83 19
85 20
24 1
24 0
24 98
24 99
50 63
50 8
2 32
9 54
57 10
23 15
23 95
23 96
36 30
36 75
5 41
5 40
34 62
73 68
73 16
73 27
39 4
52 43
19 84
19 82
20 86
20 87
20 13
8 14
8 51
32 48
10 56
10 22
10 55
15 71
16 74
43 6
87 78