97 96 95 94 46 69 73 93 80 75 74 76 35 72 64 79 57 56 38 39 70 20 40 41 77 52 55 54 16 15 68 67 58 53 66 65 87 24 7 4 14 13 63 62 37 28 8 81 92 91 85 84 43 83 49 48 98 51 17 18 19 2 1 25 33 32 31 30 21 22 23
97 96
97 85
96 95
96 69
95 94
94 46
94 93
46 64
69 73
73 72
93 80
93 35
93 92
80 75
80 79
75 74
75 76
76 77
79 57
79 38
79 7
57 56
57 16
56 55
38 39
38 37
38 98
39 70
39 40
70 20
20 21
40 41
77 52
52 28
55 54
16 15
16 68
16 17
15 14
68 67
68 4
67 58
67 53
67 66
58 81
66 65
65 87
87 24
14 13
14 51
13 63
63 62
28 8
92 91
85 84
84 43
84 83
84 49
49 48
17 18
18 19
19 2
2 1
1 25
25 33
33 32
32 31
31 30
21 22
22 23