10 3 63 46 19 48 59 67 80 31 30 88 16 4 58 53 44 66 47 97 51 29 83 25 42 73 15 0 39 7 1 64 24 72 79 23 86 34 57 68 54 13 32 69 41 14 93 11 33 78 56 2 38 87 45 62 81 84 21 92 89 28 12 26 70 82 49 75 52 55 60 20
10 3
3 63
63 46
46 19
46 80
46 30
19 48
19 4
48 59
59 67
80 31
80 16
30 88
30 24
16 55
4 58
58 53
58 44
58 51
53 20
44 66
44 84
44 92
66 47
47 97
47 25
51 29
51 15
51 82
29 83
29 42
25 2
42 73
73 86
15 0
15 1
15 72
15 26
0 39
0 7
1 64
64 49
72 79
72 78
79 23
23 70
86 34
34 57
57 68
57 54
57 14
68 13
13 32
13 45
32 69
32 41
69 75
41 81
14 93
14 52
93 11
11 33
78 56
2 38
38 87
45 62
84 21
92 89
92 28
28 12
55 60