32 2 24 98 81 91 22 93 90 21 15 71 29 57 10 56 55 70 92 86 20 85 35 3 34 36 84 74 16 75 46 7 48 62 12 5 42 60 11 59 66 13 65 64 88 41 39 4 37 61 26 72 0 27 25 97 45 6 44 31 43 77 17 76 95 23 8 50 53 9 54 52 58 63 94 68 30 1 28 14 69 67 80 18 79 33 89 82 19 83 38 49 51 96 73 47 78 40 87 99
32 2
2 24
24 98
98 81
81 91
81 99
91 22
22 93
93 90
90 21
21 15
15 71
71 29
29 57
57 10
10 56
10 55
55 70
70 92
92 86
86 20
20 85
20 87
85 35
35 3
3 34
34 36
36 84
84 74
74 16
16 75
75 46
46 7
7 48
48 62
62 12
12 5
5 42
5 40
42 60
60 11
11 59
59 66
66 13
66 41
13 65
13 64
64 88
41 39
39 4
4 37
37 61
61 26
26 72
26 0
0 27
0 25
25 97
97 45
45 6
6 44
6 43
44 31
43 77
77 17
17 76
17 78
76 95
95 23
23 8
23 96
8 50
8 49
8 51
50 53
50 38
53 9
53 80
53 82
9 54
9 52
52 58
52 63
63 94
94 68
68 30
68 14
30 1
1 28
14 69
14 67
80 18
80 89
18 79
79 33
82 19
19 83
96 73
73 47