92 55 10 21 88 84 19 11 60 63 12 15 71 80 18 7 47 91 22 93 52 25 73 16 75 95 23 14 68 82 66 13 3 20 85 43 6 44 65 57 48 42 5 41 50 8 49 33 36 59 2 32 31 77 17 76 86 96 62 46 39 4 38 28 1 30 67 81 78 89 61 45 83 70 72 97 27 0 26 24 99 90 98 87 69 53 51 40 34 35 74
92 55
55 10
10 21
21 88
88 84
84 19
19 11
11 60
60 63
63 12
12 15
15 71
71 80
80 18
18 7
7 47
47 91
91 22
22 93
93 52
52 25
25 73
73 16
16 75
75 95
95 23
23 14
14 68
68 82
82 66
66 13
66 74
13 3
3 20
3 35
20 85
85 43
43 6
6 44
44 65
65 57
57 48
48 42
42 5
5 41
41 50
41 34
50 8
50 40
8 49
8 51
49 33
33 36
33 2
36 59
2 32
2 31
31 77
31 89
31 70
77 17
17 76
17 78
76 86
76 81
86 96
96 62
96 67
62 46
46 39
46 28
39 4
4 38
28 1
1 30
89 61
89 45
45 83
70 72
72 97
97 27
97 24
27 0
0 26
24 99
24 98
99 90
98 87
87 69
69 53