23 89 4 59 52 91 47 62 83 36 54 75 16 44 35 74 48 86 34 94 8 29 79 24 1 26 61 77 12 63 15 99 42 2 21 60 43 95 72 18 96 65 97 41 68 25 33 20 37 90 9 66 70 17 71 27 5 39 10 93 11 85 82 38 98 46 28 32 6 64
23 89
23 4
4 59
59 52
52 91
52 83
91 47
91 38
91 6
47 62
83 36
83 75
36 54
75 16
75 44
75 35
35 74
74 48
48 86
48 63
48 46
86 34
86 94
86 77
34 8
8 29
29 79
79 24
79 65
79 37
24 1
24 66
1 26
1 61
61 17
77 12
12 15
12 32
15 99
99 42
42 2
2 21
2 96
21 60
60 43
43 95
43 72
72 18
18 28
65 97
97 41
97 68
68 25
25 33
25 20
37 90
90 9
66 70
17 71
17 27
27 5
27 93
5 39
39 10
10 85
93 11
85 82
38 98
6 64