52 93 61 53 16 77 58 79 19 29 13 95 82 11 63 31 50 35 98 96 26 99 48 25 5 64 32 94 90 3 23 72 44 17 2 1 39 68 30 21 97 92 83 91 27 12 33 37 49 87 80 45 69 51 28 9 67 20 60 84 81 7 47 14 40 42 56 59 41
52 93
52 61
52 29
93 42
61 53
53 16
53 77
77 58
77 79
79 19
19 14
29 13
13 95
13 30
95 82
95 11
95 63
95 99
95 64
11 48
63 31
63 68
31 50
31 35
50 21
35 98
35 5
98 96
96 26
96 47
99 20
48 25
48 91
64 32
64 94
64 83
94 90
94 51
90 3
3 23
3 72
3 17
23 60
23 81
72 44
72 92
17 2
17 97
2 1
1 39
39 56
91 27
91 33
91 69
27 12
27 37
12 80
37 49
49 87
49 40
80 45
51 28
28 9
9 67
60 84
81 7
56 59
59 41