6 44 43 31 2 33 32 66 36 3 34 35 37 4 53 9 83 19 84 27 0 89 21 90 80 18 81 72 15 71 41 5 42 40 93 22 91 67 92 99 24 98 97 29 1 30 28 14 69 60 11 94 23 95 56 10 57 47 7 48 46 76 17 77 50 8 86 20 73 16 63 12 65 13
6 44
6 43
43 31
31 2
31 36
2 33
2 32
33 66
32 72
36 3
3 34
3 35
34 37
35 53
35 83
37 4
53 9
83 19
83 27
19 84
84 89
27 0
89 21
21 90
90 80
80 18
18 81
72 15
15 71
71 41
41 5
5 42
5 40
42 29
40 93
93 22
93 99
22 91
22 92
91 67
67 14
99 24
99 94
24 98
24 97
29 1
29 47
1 30
1 28
28 60
14 69
69 63
60 11
94 23
23 95
95 56
56 10
10 57
57 86
47 7
47 76
7 48
7 46
46 65
76 17
17 77
77 50
50 8
86 20
86 73
73 16
63 12
65 13