17 20 59 16 74 0 97 50 40 61 82 28 11 9 58 31 7 52 24 41 37 30 27 5 42 22 18 44 3 92 43 1 79 4 89 39 47 73 6 66 35 77 63 62 70 78 90 68 87 98 80 86 64 88 12 23 83 2 51 76 19 85 72 21 65 91 94 95 71 36 25 67 75 8 54 15 34 99 81 69 45 32 46 96 13 10 84 48 14 93 33
17 20
17 31
20 59
59 16
16 74
16 40
74 0
0 97
0 82
0 24
0 92
0 79
0 89
0 73
0 66
0 77
0 63
0 62
0 70
0 78
0 68
0 87
0 98
0 80
0 86
0 64
0 88
0 83
0 2
0 76
0 85
0 72
0 65
0 91
0 94
0 95
0 71
0 25
0 67
0 75
0 99
0 81
0 69
0 96
0 84
0 93
97 50
40 61
82 28
28 11
11 9
9 58
31 7
7 52
24 41
24 35
24 54
41 37
41 90
37 30
37 5
37 6
30 27
5 42
42 22
22 18
18 44
44 3
44 4
92 43
43 1
79 23
89 39
39 47
73 15
70 12
78 21
68 8
87 34
98 51
86 33
88 36
76 19
85 32
72 14
94 45
95 46
71 13
69 10
96 48