13 59 57 12 58 11 31 95 93 30 18 27 88 16 65 67 17 22 29 23 80 79 4 42 41 26 85 6 46 86 48 91 32 97 94 20 74 28 90 24 1 35 36 33 0 34 82 84 25 83 19 71 69 21 14 10 54 53 3 39 40 37 61 63 15 9 52 51 50 64 5 87 7 47 73 98 68 72
13 59
59 57
57 12
12 58
12 11
12 32
11 31
11 26
31 95
31 18
31 23
95 93
93 30
30 94
18 27
18 29
18 7
27 88
27 16
27 4
16 65
16 20
65 67
67 17
17 22
17 68
29 91
29 28
23 80
23 79
4 42
4 41
26 85
26 6
26 86
26 24
85 87
6 46
46 48
32 97
32 98
20 74
20 73
28 90
24 1
24 82
24 19
1 35
1 36
1 3
35 33
33 0
0 34
0 21
82 84
84 25
25 83
19 71
19 72
71 69
21 14
14 10
14 61
10 54
10 53
3 39
3 40
39 37
61 63
63 15
15 9
15 64
9 52
9 51
9 5
52 50
7 47