29 9 14 17 20 6 16 3 32 24 28 90 5 26 30 25 15 63 61 18 23 2 21 22 19 12 58 60 0 8 27 4 41 43 11 55 53 10 31 96 1 36 35 7 47 48 95 54 42 87 85 88 86 50 52 49 51 57 59 71 69 72 70 78 80 77 79 76 74 75 73 38 40 37 39 64 62 84 82 83 81 89 66 65
29 9
9 14
14 17
17 20
20 6
6 16
16 3
16 66
16 65
3 32
32 24
24 28
28 90
28 5
28 89
5 26
26 30
30 25
25 15
25 84
25 83
15 63
15 18
15 64
63 61
18 23
23 2
2 21
2 38
2 37
21 22
21 76
21 75
22 19
22 78
22 77
19 12
19 71
19 72
12 58
12 0
12 57
58 60
0 8
8 27
8 50
8 49
27 4
27 87
27 88
4 41
4 11
4 42
41 43
11 55
55 53
53 10
10 31
10 54
31 96
31 1
31 95
1 36
1 35
1 7
7 47
7 48
87 85
88 86
50 52
49 51
57 59
71 69
72 70
78 80
77 79
76 74
75 73
38 40
37 39
64 62
84 82
83 81