14 43 44 45 46 47 35 34 33 55 56 50 49 81 80 79 78 88 87 86 85 84 83 82 29 30 36 37 38 5 6 11 10 26 25 74 73 39 40 51 52 94 95 90 91 77 22 21 1 0 57 58 59 60 61 62 69 7 2
14 43
43 44
44 45
45 46
46 47
47 35
35 34
35 36
34 33
33 55
55 56
56 50
56 57
50 49
50 51
49 81
81 80
80 79
79 78
78 88
78 77
88 87
87 86
86 85
85 84
84 83
83 82
82 29
29 30
36 37
36 69
37 38
38 5
38 39
5 6
6 11
6 7
11 10
10 26
26 25
25 74
74 73
39 40
51 52
52 94
94 95
95 90
90 91
77 22
22 21
21 1
1 0
1 2
57 58
58 59
59 60
60 61
61 62