51 58 70 69 68 55 56 36 37 38 22 21 77 43 15 16 17 18 19 20 9 8 24 23 35 34 33 27 26 25 0 1 2 3 4 5 6 7 62 63 64 49 48 67 66 65 45 44 46 47 50 75 76 11 10 31 32 30 29 28 12 13 14 74 73 72 71 59 60 61 41 40 39 42 52 53 54 57
51 58
58 70
70 69
69 68
68 55
55 56
56 36
56 57
36 37
37 38
38 22
22 21
21 77
77 43
43 15
15 16
16 17
17 18
18 19
19 20
20 9
9 8
8 24
8 52
24 23
23 35
35 34
34 33
33 27
27 26
26 25
25 0
0 1
1 2
1 62
1 41
2 3
3 4
4 5
5 6
6 7
62 63
63 64
64 49
64 59
49 48
49 50
48 67
67 66
66 65
65 45
45 44
45 46
46 47
50 75
75 76
75 11
75 74
11 10
11 12
10 31
31 32
31 30
30 29
29 28
12 13
13 14
74 73
73 72
72 71
59 60
60 61
41 40
41 42
40 39
52 53
53 54