4 11 10 31 93 94 95 96 97 32 98 99 68 23 8 22 67 66 65 21 7 3 9 27 81 80 26 77 78 79 76 25 24 72 73 74 75 71 70 69 82 83 28 29 90 91 30 92 89 88 87 86 85 84 1 0 2 5 17 51 50 16 49 48 47 46 45 15 14 41 13 38 39 40 37 12 36 35 34 33 42 43 44 52 53 54 55 18 56 57 19 60 61 20 62 63 64 59 58 6
4 11
11 10
10 31
31 93
93 94
94 95
95 96
96 97
97 32
32 98
98 99
99 68
68 23
23 8
8 22
22 67
67 66
66 65
65 21
21 7
7 3
3 9
3 1
9 27
27 81
81 80
81 82
80 26
26 77
77 78
77 76
78 79
76 25
25 24
24 72
72 73
72 71
73 74
74 75
71 70
70 69
82 83
83 28
28 29
29 90
90 91
90 89
91 30
30 92
89 88
88 87
87 86
86 85
85 84
1 0
0 2
2 5
5 17
17 51
51 50
51 52
50 16
16 49
49 48
48 47
47 46
46 45
45 15
15 14
14 41
41 13
41 42
13 38
38 39
38 37
39 40
37 12
12 36
36 35
35 34
34 33
42 43
43 44
52 53
53 54
54 55
55 18
18 56
56 57
57 19
19 60
19 6
60 61
60 59
61 20
20 62
62 63
63 64
59 58