30 1 29 59 11 58 86 20 87 74 16 48 7 79 18 89 21 88 42 5 40 44 6 45 84 19 82 83 43 92 22 91 93 55 51 8 49 50 41 56 10 57 32 2 31 99 24 97 95 23 94 38 4 37 77 17 76 78 39 64 13 66 34 65 3 35 54 9 36 52 53 62 12 63 25 0 67 14 98 70 15
30 1
30 74
1 29
29 59
59 11
11 58
58 86
86 20
20 87
74 16
74 48
48 7
48 79
79 18
79 89
89 21
21 88
88 42
42 5
5 40
40 44
44 6
6 45
6 43
45 84
45 95
84 19
19 82
19 83
82 92
92 22
92 51
22 91
22 93
91 55
93 56
51 8
51 41
8 49
8 50
49 70
56 10
10 57
57 32
57 99
32 2
2 31
99 24
24 97
97 38
95 23
23 94
38 4
38 77
4 37
4 39
77 17
77 64
77 98
17 76
17 78
64 13
64 34
13 66
13 65
34 3
3 35
3 36
35 54
54 9
9 52
9 53
52 25
53 62
62 12
12 63
63 67
25 0
67 14
70 15