3 6 0 18 19 1 20 2 8 12 30 55 56 29 28 27 26 51 52 53 54 57 58 59 25 24 23 5 11 13 31 32 14 10 9 33 15 17 16 34 35 38 39 40 37 41 42 43 44 45 46 47 48 49 50 36 4 22 21 7
3 6
6 0
0 18
18 19
19 1
19 20
20 2
2 8
8 12
12 30
30 55
30 29
55 56
29 28
28 27
27 26
26 51
26 25
51 52
52 53
53 54
54 57
57 58
58 59
25 24
25 7
24 23
23 5
5 11
5 4
11 13
11 17
13 31
31 32
32 14
32 33
14 10
10 9
33 15
17 16
17 35
16 34
35 38
35 36
38 39
39 40
40 37
40 41
41 42
42 43
43 44
43 49
44 45
45 46
45 48
46 47
49 50
4 22
22 21