93 17 25 5 2 35 42 24 90 49 50 10 46 44 86 9 14 89 32 1 62 4 6 52 70 47 34 88 64 55 39 92 87 0 84 77 30 72 61 19 56 54 60 41 83 69 80 57 68 53 15 65 91 18 27 71 37 20 66 22 76 23 43 36 75 38 31 67 7 26 78 73 21 3 16 13 51 28 29 12 33 11 8 82 59 85 48 40 63 74 58
93 17
17 25
25 5
5 2
2 35
35 42
42 24
24 90
90 49
49 50
50 10
10 46
46 44
44 86
86 9
9 14
14 89
89 32
32 1
1 62
62 4
4 6
6 52
52 70
70 47
47 34
34 88
88 64
64 55
55 39
39 92
92 87
87 0
0 84
84 77
77 30
30 72
72 61
61 19
19 56
56 54
54 60
60 41
41 83
83 69
69 80
80 57
57 68
68 53
53 15
15 65
65 91
91 18
18 27
27 71
71 37
37 20
20 66
66 22
22 76
76 23
23 43
43 36
36 75
75 38
38 31
31 67
67 7
7 26
26 78
78 73
73 21
21 3
3 16
16 13
13 51
51 28
28 29
29 12
12 33
33 11
11 8
8 82
82 59
59 85
85 48
48 40
40 63
63 74
74 58