44 45 19 49 42 20 18 34 41 40 43 3 25 63 21 2 16 17 33 36 39 26 10 28 27 29 62 64 22 68 0 15 35 37 38 7 12 9 70 30 31 32 60 61 73 74 65 24 71 66 67 69 1 4 5 14 47 8 6 11 13 59 75 58 88 87 79 94 84 98 46 54 89 86 92 96 48 50
44 45
44 19
45 49
45 42
19 20
19 18
49 34
42 41
42 40
42 43
20 3
20 25
20 63
20 21
18 2
18 16
18 17
34 33
34 36
40 39
25 26
25 10
25 28
25 27
25 29
63 62
63 64
21 22
2 68
2 0
16 15
33 35
36 37
39 38
39 7
10 12
10 9
27 70
29 30
29 31
29 32
62 60
62 61
64 73
64 74
64 65
22 24
68 71
68 66
68 67
68 69
0 1
0 4
0 5
15 14
38 47
7 8
7 6
12 11
12 13
60 59
60 75
61 58
74 88
24 87
71 79
69 94
69 84
1 98
47 46
59 54
88 89
87 86
84 92
98 96
46 48
54 50