92 33 59 64 55 17 13 40 27 81 52 74 82 70 93 15 83 78 75 39 23 0 73 90 38 21 72 57 19 14 84 10 96 69 56 62 66 44 88 47 58 98 3 63 41 20 50 22 48 30 71 80 26 94 46 11 32 2 29 28 89 9 37 65 60 43 67 35
92 33
33 59
33 64
59 55
64 13
64 28
55 17
55 52
55 88
55 26
17 74
17 47
13 40
13 27
40 93
40 66
27 81
81 82
81 70
93 15
93 35
15 83
83 78
83 39
83 72
83 67
78 75
75 50
39 23
23 0
23 21
23 44
0 73
0 38
0 14
73 90
90 2
38 57
21 19
14 84
84 10
10 96
10 30
96 69
69 56
69 32
56 62
62 58
66 41
58 98
98 3
3 63
41 20
50 22
22 48
48 80
30 71
80 89
26 94
94 46
46 11
2 29
89 9
89 60
9 37
37 65
60 43