75 96 34 95 42 66 84 53 81 55 79 87 46 4 69 82 12 37 18 74 38 48 89 77 72 86 98 14 83 88 70 33 56 63 91 22 68 31 54 40 92 78 36 99 43 5 59 93 85 27 32 29 30 13 28 73 44 20 62 60 3 21 35 17
75 96
75 34
75 95
75 42
96 66
96 84
96 53
96 81
34 55
34 79
34 87
34 46
34 4
34 69
34 82
95 12
95 37
95 18
95 74
95 38
95 48
95 89
42 77
42 72
66 86
66 98
66 14
84 83
84 88
84 70
84 33
84 56
84 63
84 91
53 22
53 68
53 31
81 54
81 40
55 92
55 78
55 36
55 99
79 43
87 5
87 59
87 93
46 85
46 27
82 32
12 29
12 30
12 13
37 28
37 73
72 44
70 20
56 62
56 60
63 3
91 21
54 35
85 17