41 0 4 29 10 34 87 3 85 6 69 2 1 62 22 97 25 12 15 57 19 14 90 94 79 60 91 38 16 76 58 8 71 52 32 92 75 36 24 64 13 37 89 11 55 88 35 74 56 84 99 46 65 20 42 95 17 59 39 77 80 47 44 18 78 40 93 23 98 63 21 96 81 43 61 45 83 5 49 7 70 51 86 31 68 82 53 9 33 72 50 54 48 26 67 66 73 27 30 28
41 0
0 4
4 29
4 10
10 34
10 87
87 3
3 85
3 28
85 6
6 69
6 30
69 2
2 1
2 67
2 66
2 73
2 27
1 62
1 53
1 50
1 54
1 48
1 26
62 22
22 97
22 25
22 44
22 18
22 5
22 82
25 12
25 24
25 65
25 20
25 47
12 15
12 36
15 57
15 19
15 91
15 38
15 16
15 75
19 14
19 94
19 79
19 60
14 90
16 76
16 58
16 8
16 92
8 71
8 52
8 32
24 64
24 13
24 84
24 99
24 46
13 37
13 89
13 11
13 56
11 55
11 88
11 35
11 74
20 42
20 95
20 17
20 80
17 59
17 39
17 77
18 78
18 40
18 93
18 23
23 98
23 63
23 21
23 45
23 83
21 96
21 81
21 43
21 61
5 49
5 7
5 68
7 70
7 51
7 86
7 31
53 9
9 33
9 72