9 13 6 86 30 48 55 7 20 10 25 84 97 38 69 46 26 68 28 98 34 17 93 66 4 71 77 24 18 56 42 31 75 88 85 33 11 58 2 14 79 37 83 67 70 43 35 0 65 29 32 82 40 41 54 74 81 19 60 94 72 49 27 44 23 16 96 21 12 99
9 13
13 6
6 86
86 30
86 56
30 48
30 55
48 7
48 38
48 46
7 20
7 58
7 83
20 10
20 97
20 54
20 94
10 25
10 84
10 43
97 31
38 69
69 34
69 71
46 26
46 68
68 28
68 98
68 99
34 17
34 66
17 93
17 82
66 4
4 33
71 77
77 24
24 18
56 42
31 75
31 88
75 21
88 85
33 11
58 2
58 14
58 37
14 79
14 0
14 29
37 27
83 67
67 70
43 35
0 65
29 32
32 49
82 40
40 41
41 12
54 74
54 81
81 19
81 60
94 72
49 44
49 96
44 23
23 16