45 53 25 59 10 95 85 69 57 34 40 67 30 93 33 22 24 84 61 71 18 51 83 68 21 27 2 39 28 49 77 99 94 47 46 14 81 44 41 31 58 65 0 88 23 76 20 35 5 97 13 16 3 82 80 62 19 87 6 32 8 29 38 17 43 91 86 89 11 9 74 54 79 15 78 50 1 66 92 60 70 48 7 73 96 4 75 56 55
45 53
53 25
25 59
59 10
10 95
95 85
85 69
69 57
57 34
34 40
40 67
67 30
30 93
93 33
33 22
22 24
24 84
84 61
61 71
71 18
18 51
51 83
83 68
68 21
21 27
27 2
2 39
39 28
28 49
28 77
77 99
99 94
94 47
47 46
46 14
14 81
81 44
44 41
41 31
31 58
58 65
65 0
0 88
88 23
23 76
76 20
20 35
35 5
5 97
97 13
13 16
16 3
3 82
3 4
3 56
82 80
80 62
62 19
19 87
87 6
6 32
6 96
32 8
8 29
29 38
38 17
17 43
17 91
91 86
86 89
89 11
89 73
11 9
11 54
9 74
54 79
79 15
15 78
15 92
15 48
78 50
50 1
50 66
92 60
60 70
48 7
4 75
56 55