8 0 55 66 74 30 40 41 53 75 83 16 47 90 58 98 81 76 70 99 39 19 63 32 42 61 79 17 85 21 65 23 12 89 72 93 5 51 92 36 86 37 15 10 24 82 11 43 26 57 69 49 38 20 87 94 60 59 67 25 1 46 3 4 2 14 64 7 78 28 54 95 52 9 44 50 68 27 97 35 84 13 6 96 18 71 56 33 73 34 77 48 31 80 88 22 29 91 62 45
8 0
8 45
0 55
0 66
0 74
0 30
0 53
0 75
0 83
0 16
0 47
0 90
0 58
0 98
0 81
0 76
0 70
0 99
0 39
0 19
0 63
0 32
0 61
0 79
0 17
0 85
0 21
0 65
0 23
0 12
0 89
0 72
0 93
0 5
0 51
0 92
0 36
0 86
0 37
0 15
0 10
0 24
0 82
0 11
0 26
0 57
0 69
0 49
0 38
0 20
0 87
0 94
0 60
0 59
0 67
0 25
0 1
0 7
0 78
0 28
0 54
0 95
0 52
0 9
0 50
0 68
0 27
0 97
0 35
0 84
0 13
0 6
0 96
0 18
0 71
0 56
0 33
0 73
0 34
0 77
0 48
0 31
0 80
0 88
0 22
0 29
0 91
0 62
30 40
40 41
32 42
11 43
1 46
1 3
1 2
1 14
1 64
3 4
9 44