46 65 92 58 39 18 2 12 60 34 3 16 66 91 53 62 61 73 1 22 85 19 86 5 75 10 47 7 17 13 26 74 83 41 56 90 35 82 44 50 20 43 21 77 32 87 6 54 49 69 15 9 30 57 76 63 71 38 48 68 27 88 59 89 25 37 14 52 93 80 55 72 94 11 70 79 23 8 67 31 0 33 42 4 81 24 64 84 40 45 51 36
46 65
65 92
92 58
58 39
39 18
18 2
2 12
12 60
60 34
34 3
3 16
16 66
66 91
91 53
53 62
62 61
61 73
73 1
1 22
22 85
85 19
19 86
86 5
5 75
75 10
10 47
47 7
7 17
17 13
13 26
26 74
74 83
83 41
41 56
56 90
90 35
35 82
82 44
44 50
50 20
20 43
43 21
21 77
77 32
32 87
87 6
6 54
54 49
49 69
69 15
15 9
9 30
30 57
57 76
76 63
63 71
71 38
38 48
48 68
68 27
27 88
88 59
59 89
89 25
25 37
37 14
14 52
52 93
93 80
80 55
55 72
72 94
94 11
11 70
70 79
79 23
23 8
8 67
67 31
31 0
0 33
33 42
42 4
4 81
81 24
24 64
64 84
84 40
40 45
45 51
51 36