28 53 34 88 36 0 1 11 4 85 90 71 39 99 41 27 89 14 72 18 97 91 48 92 31 44 81 67 10 46 62 77 79 17 95 59 37 15 84 98 65 73 55 32 13 74 57 64 75 20 25 43 83 69 42 40 93 66 24 58 51 3 9 35 80 19 12 86 96 7 52 16 6 45 47 8 60 54 61 26 5 94
28 53
53 34
34 88
34 37
88 36
88 93
88 12
88 52
88 16
88 60
36 0
36 73
36 69
0 1
0 72
0 91
0 67
0 26
1 11
1 51
11 4
11 75
4 85
4 65
4 96
85 90
85 15
85 55
90 71
90 99
71 39
99 41
41 27
27 89
89 14
72 18
72 64
72 43
72 83
72 3
72 8
18 97
91 48
91 17
91 7
91 54
48 92
48 42
48 80
48 19
92 31
31 44
44 81
67 10
67 84
67 74
10 46
10 98
10 57
10 58
46 62
62 77
77 79
17 95
17 20
17 66
17 47
95 59
84 32
73 13
74 25
74 24
74 86
74 45
69 40
51 9
51 35
7 6
7 61
7 94
26 5