35 50 34 37 38 57 62 60 18 25 11 30 74 4 40 56 67 53 48 20 10 66 6 61 32 5 1 26 28 39 51 33 46 73 45 8 44 42 0 27 63 2 43 72 64 24 69 23 70 41 22 68 58 59 29 36 49 16 71 65 9 54 55 13 7 12 52 17 15 21 19 47 31 3 14
35 50
50 34
34 37
37 38
38 57
57 62
62 60
60 18
18 25
25 11
11 30
30 74
74 4
4 40
40 56
56 67
67 53
53 48
48 20
20 10
10 66
66 6
6 61
61 32
32 5
5 1
1 26
26 28
28 39
39 51
51 33
33 46
46 73
73 45
45 8
8 44
44 42
42 0
0 27
27 63
63 2
2 43
43 72
72 64
64 24
24 69
69 23
23 70
70 41
41 22
22 68
68 58
58 59
59 29
29 36
36 49
49 16
16 71
71 65
65 9
9 54
54 55
55 13
13 7
7 12
12 52
52 17
17 15
15 21
21 19
19 47
19 3
47 31
3 14