92 91 26 41 29 30 59 60 61 62 35 36 37 47 48 24 51 50 85 86 87 56 57 90 10 11 12 8 9 81 82 15 39 40 42 43 44 45 49 4 54 75 68 69 33 21 22 70 71 93 94 2 88 89 23 77 76 78 79 80 5 6 7 64 63 27 28 31 72 73 84 83 74 46 14 67 66 65 13 32 1 0 55 3 19 20 18 17 16 53 52 34 38 58 25
92 91
91 26
26 41
41 29
29 30
30 59
59 60
60 61
61 62
62 35
35 36
36 37
37 47
47 48
48 24
24 51
51 50
50 85
85 86
85 25
86 87
87 56
56 57
57 90
57 58
90 10
10 11
11 12
12 8
8 9
9 81
81 82
82 15
15 39
39 40
39 38
40 42
42 43
43 44
44 45
45 49
49 4
4 54
54 75
75 68
68 69
69 33
33 21
33 34
21 22
22 70
70 71
70 19
71 93
93 94
93 2
2 88
2 3
88 89
89 23
89 77
89 55
77 76
77 78
78 79
78 5
79 80
5 6
5 1
6 7
6 64
64 63
63 27
27 28
28 31
31 72
31 32
72 73
72 14
73 84
73 74
73 46
84 83
14 67
14 13
67 66
66 65
1 0
19 20
19 18
18 17
17 16
16 53
53 52