80 42 71 59 88 16 29 58 25 90 1 69 96 18 70 7 54 38 74 97 79 33 89 73 61 2 20 15 6 57 28 14 63 78 93 12 13 26 51 41 47 86 46 60 11 77 19 0 8 50 27 44 40 4 92 48 39 82 17 95 56 72 5 98 32 87 9 53 66 65 35 36 21 43 75 31 91 22 68 84 34 94 55 37 62 52 23 67 83 64 49 24 10 30 99 45 3 81 76 85
80 42
42 71
71 59
59 88
88 16
16 29
29 58
58 25
25 90
90 1
1 69
69 96
96 18
18 70
70 7
7 54
54 38
38 74
74 97
97 79
79 33
33 89
89 73
73 61
61 2
2 20
20 15
15 6
6 57
57 28
28 14
14 63
63 78
78 93
93 12
12 13
13 26
26 51
51 41
41 47
47 86
86 46
46 60
60 11
11 77
77 19
19 0
0 8
8 50
50 27
27 44
44 40
40 4
4 92
92 48
48 39
39 82
82 17
17 95
95 56
56 72
72 5
5 98
98 32
32 87
87 9
9 53
53 66
66 65
65 35
35 36
36 21
21 43
43 75
75 31
31 91
91 22
22 68
68 84
84 34
34 94
94 55
55 37
37 62
62 52
52 23
23 67
67 83
83 64
64 49
49 24
24 10
10 30
30 99
99 45
99 85
45 3
45 81
81 76