79 24 8 5 47 1 39 58 6 84 94 71 21 51 63 40 93 67 98 36 80 65 43 97 17 42 37 3 56 61 30 12 89 18 34 23 7 27 41 83 32 96 77 15 20 26 46 22 44 69 81 48 70 35 78 85 28 60 10 82 76 92 9 14 49 66 0 90 68 50 33 45 88 25 16 62 38 75 91 53 2 19 11 54 13 29 72 86 57 87 73
79 24
24 8
8 5
5 47
47 1
1 39
39 58
58 6
6 84
84 94
94 71
71 21
21 51
51 63
63 40
40 93
93 67
67 98
98 36
36 80
80 65
65 43
43 97
97 17
17 42
42 37
37 3
3 56
56 61
61 30
30 12
12 89
89 18
18 34
34 23
23 7
7 27
27 41
41 83
83 32
32 96
96 77
77 15
15 20
20 26
26 46
46 22
22 44
44 69
69 81
81 48
48 70
70 35
35 78
78 85
85 28
28 60
60 10
10 82
82 76
76 92
92 9
92 73
9 14
14 49
49 66
66 0
0 90
90 68
90 87
68 50
50 33
33 45
45 88
45 86
88 25
88 16
16 62
62 38
38 75
75 91
91 53
53 2
2 19
19 11
19 13
19 72
11 54
13 29
86 57