28 22 33 42 17 78 24 67 66 29 8 61 3 52 74 68 13 10 81 95 58 65 50 84 88 64 69 9 62 14 25 16 31 48 98 15 83 40 70 35 82 0 92 86 80 11 1 23 60 91 85 54 34 19 47 32 30 97 55 26 94 57 18 89 59 5 79 45 99 12 21 39 96 27 4 71 51 37 2 49 41 7 76 87 75 44 72 77 38 53 93 46 90 56 20 36 63 6 43 73
28 22
22 33
33 42
42 17
17 78
78 24
24 67
67 66
66 29
29 8
8 61
61 3
3 52
52 74
74 68
68 13
13 10
10 81
81 95
95 58
58 65
65 50
50 84
84 88
88 64
64 69
69 9
9 62
62 14
14 25
25 16
16 31
31 48
48 98
98 15
98 40
15 83
40 70
40 73
70 35
35 82
35 20
82 0
82 56
0 92
0 80
92 86
80 11
11 1
11 23
11 60
60 91
91 85
85 54
54 34
54 46
54 90
34 19
19 47
47 32
32 30
32 97
32 89
97 55
55 26
55 94
94 57
57 18
89 59
59 5
5 79
79 45
79 87
45 99
45 76
99 12
99 21
99 51
99 7
21 39
21 4
39 96
96 27
4 71
51 37
51 41
37 2
37 49
87 75
75 44
44 72
72 77
77 38
38 53
38 93
20 36
36 63
63 6
63 43