46 7 47 66 13 39 90 21 4 38 36 3 35 29 26 1 30 28 0 25 27 75 16 56 10 55 57 77 92 22 91 78 17 76 82 50 19 83 84 8 51 42 5 40 41 49 62 12 61 72 99 24 63 31 2 71 15 69 14 52 9 53 54 86 20 85 43 6 58 11 60 94 23 81 18
46 7
46 66
46 81
7 47
47 39
66 13
39 90
39 4
39 75
90 21
4 38
38 36
36 3
3 35
35 29
29 26
29 1
26 0
1 30
1 28
0 25
0 27
27 56
75 16
56 10
56 77
56 72
10 55
10 57
77 92
77 50
92 22
92 78
22 91
78 17
78 62
17 76
76 82
76 42
76 52
82 19
50 8
19 83
19 84
8 51
8 49
42 5
5 40
5 41
41 99
62 12
12 61
12 63
99 24
63 31
63 71
31 2
71 15
71 69
69 14
52 9
52 86
52 58
9 53
9 54
86 20
20 85
85 43
43 6
58 11
11 60
60 94
94 23
81 18