81 46 84 61 58 38 56 70 8 32 26 19 40 5 68 25 22 48 82 89 67 78 41 14 31 4 39 28 59 88 98 29 47 42 60 54 93 33 0 43 11 99 34 97 13 73 85 3 12 9 35 16 44 75 37 23 77 51 53 6 83 52 76 18 30 80 1 92 10 17 87 36 55 90 24 2 45 66 71 94 86 69 65 91 49 27 74 57 63 95 7 62 21 79 20 96
81 46
46 84
84 61
61 58
58 38
38 56
56 70
70 8
8 32
32 26
26 19
19 40
40 5
5 68
68 25
25 22
22 48
48 82
82 89
89 67
67 78
78 41
41 14
14 31
31 4
4 39
39 28
28 59
59 88
88 98
98 29
29 47
47 42
42 60
60 54
54 93
93 33
33 0
0 43
43 11
11 99
99 34
34 97
97 13
13 73
73 85
85 3
3 12
12 9
9 35
35 16
16 44
44 75
75 37
37 23
23 77
77 51
51 53
53 6
6 83
83 52
52 76
76 18
18 30
30 80
80 1
1 92
92 10
10 17
17 87
87 36
36 55
55 90
90 24
24 2
2 45
45 66
66 71
71 94
94 86
86 69
69 65
65 91
91 49
49 27
27 74
74 57
57 63
63 95
95 7
7 62
62 21
21 79
79 20
20 96