15 92 30 34 99 6 1 47 13 97 56 64 33 48 70 26 63 44 45 12 68 91 2 50 90 93 62 35 55 66 39 77 43 41 84 24 20 51 10 11 31 81 82 18 25 8 52 87 4 67 85 7 19 40 60 61 58 54 16 59 38 75 57 29
15 92
92 30
92 34
92 1
30 91
34 99
99 6
99 8
99 40
1 47
47 13
13 97
13 56
56 64
64 33
64 26
64 68
33 48
33 70
26 63
26 45
26 12
26 58
63 44
63 87
63 57
91 2
91 50
50 90
90 93
93 62
93 35
93 55
35 24
35 31
55 66
55 84
55 67
66 39
66 77
39 41
77 43
43 10
43 18
24 20
20 51
20 81
20 82
10 11
31 38
81 52
18 25
8 54
87 4
4 60
67 85
67 7
7 19
60 61
54 16
16 59
16 75
57 29