32 31 33 30 34 29 35 28 60 36 27 61 37 26 80 62 85 38 25 79 63 89 39 84 24 75 78 64 56 83 40 88 87 23 74 77 69 65 58 49 54 51 53 46 47 48 52 57 50 55 59 91 86 41 90 22 73 70 66 0 42 21 81 67 1 45 43 20 82 68 2 19 92 12 3 18 94 13 11 4 17 95 14 10 5 9 6
32 31
32 33
31 30
33 34
30 29
34 35
29 28
35 60
35 36
28 27
60 61
36 37
27 26
61 80
61 62
37 85
37 38
26 25
80 79
62 63
85 89
38 39
38 84
25 24
25 75
79 78
63 64
89 56
39 83
39 40
84 88
84 87
24 23
75 74
78 77
64 69
64 65
56 58
56 49
56 54
56 51
56 53
56 46
56 47
56 48
56 52
56 57
56 50
56 55
56 59
83 91
83 86
40 41
40 90
23 22
74 73
69 70
65 66
59 0
41 42
22 21
70 81
66 67
0 1
0 45
42 43
21 20
81 82
67 68
1 2
20 19
82 92
68 12
2 3
19 18
92 94
12 13
12 11
3 4
18 17
94 95
13 14
11 10
4 5
10 9
5 6