33 14 21 94 11 77 81 71 99 2 16 67 19 7 48 27 72 12 96 32 95 13 65 73 55 39 34 49 90 69 61 51 24 10 78 47 93 54 30 43 4 29 66 91 42 98 9 50 15 45 18 62 57 97 25 82 28 8 31 44 20 53 52 17 75 76 6 87 84 38 3 46 83 68 64 74 5 59 88 40 85 0 36 86 37 70 63 92 56 41 58
33 14
14 21
21 94
94 11
11 77
77 81
81 71
71 99
99 2
2 16
16 67
67 19
19 7
7 48
48 27
27 72
72 12
12 96
96 32
32 95
95 13
13 65
65 73
73 55
55 39
39 34
34 49
49 90
90 69
69 61
61 51
51 24
24 10
10 78
78 47
47 93
93 54
54 30
30 43
43 4
4 29
29 66
66 91
91 42
42 98
98 9
9 50
50 15
15 45
45 18
18 62
62 57
57 97
97 25
25 82
82 28
28 8
8 31
31 44
44 20
20 53
53 52
52 17
17 75
17 58
75 76
76 6
6 87
87 84
84 38
84 3
3 46
46 83
83 68
68 64
68 41
64 74
74 5
5 59
59 88
88 40
40 85
85 0
0 36
0 37
36 86
37 70
37 56
70 63
63 92