55 56 54 45 65 46 66 57 64 44 53 35 75 47 36 76 67 58 63 74 43 34 52 25 85 48 37 26 86 77 68 59 73 62 84 42 33 24 51 15 49 38 27 16 96 87 78 69 83 72 61 32 41 23 14 50 39 28 17 97 88 82 71 31 22 40 13 29 18 98 81 30 21 12 19 80 20 11 10
55 56
55 54
55 45
55 65
56 46
56 66
56 57
54 64
54 44
54 53
45 35
65 75
46 47
46 36
66 76
66 67
57 58
64 63
64 74
44 43
44 34
53 52
35 25
75 85
47 48
47 37
36 26
76 86
76 77
67 68
58 59
63 73
63 62
74 84
43 42
43 33
34 24
52 51
25 15
48 49
48 38
37 27
26 16
86 96
86 87
77 78
68 69
73 83
73 72
62 61
42 32
42 41
33 23
24 14
51 50
49 39
38 28
27 17
96 97
87 88
83 82
72 71
32 31
32 22
41 40
23 13
39 29
28 18
97 98
82 81
31 30
31 21
22 12
29 19
81 80
30 20
21 11
20 10