10 78 9 7 13 14 85 82 84 25 65 44 41 89 45 22 62 87 16 37 12 17 88 60 77 61 29 0 31 21 68 73 18 58 26 15 47 46 20 27 32 30 81 72 64 86 83 55 51 43 56 63 74 90 66 91 79 19 70 36 92 39 71 23 54 42 28 34 6 35 75 24 69 67 5 53 3 4 52 48 33 59 2 50 49 57 76 1 40 80 38 8 11
10 78
78 9
9 7
7 13
13 14
14 85
85 82
82 84
84 25
25 65
65 44
44 41
41 89
89 45
45 22
22 62
62 87
87 16
16 37
37 12
12 17
17 88
88 60
60 77
77 61
61 29
29 0
0 31
31 21
21 68
68 73
73 18
18 58
58 26
58 15
15 47
47 46
47 11
46 20
46 8
20 27
20 30
20 38
27 32
30 81
81 72
72 64
64 86
86 83
86 1
83 55
55 51
51 43
51 56
56 63
63 74
74 90
74 2
90 66
66 91
66 59
91 79
79 19
79 33
19 70
19 36
36 92
92 39
92 71
92 42
71 23
23 54
42 28
42 3
42 4
28 34
28 6
6 35
6 53
35 75
35 67
75 24
75 69
67 5
4 52
4 48
2 50
2 76
50 49
49 57
1 40
1 80