56 15 11 82 69 47 85 73 37 66 49 81 8 95 62 84 93 18 20 58 36 24 86 30 46 65 92 19 38 22 79 74 61 90 83 91 70 87 57 76 21 23 17 44 3 35 99 7 94 13 1 14 53 96 0 80 59 78 31 67 52 29 10 55 51 63 68 89 42 54 9 88 64 97 41 43 72 5 75 25 28 77 60 16 71 48 27 40 45 98 39 32 4 26 33 2 12 34
56 15
15 11
11 82
82 69
69 47
47 85
85 73
73 37
37 66
66 49
49 81
81 8
8 95
95 62
62 84
84 93
93 18
18 20
20 58
58 36
36 24
24 86
86 30
30 46
46 65
65 92
92 19
19 38
38 22
22 79
79 74
74 61
61 90
90 83
83 91
91 70
70 87
87 57
57 76
76 21
21 23
23 17
17 44
44 3
3 35
35 99
99 7
7 94
94 13
13 1
1 14
14 53
53 96
96 0
0 80
80 59
59 78
78 31
31 67
67 52
52 29
29 10
10 55
55 51
51 63
63 68
68 89
89 42
42 54
54 9
9 88
88 64
64 97
97 41
41 43
43 72
72 5
5 75
75 25
25 28
28 77
77 60
60 16
16 71
71 48
48 27
27 40
40 45
45 98
98 39
39 32
32 4
4 26
26 33
33 2
2 12
12 34