43 33 22 11 1 0 10 2 20 12 21 3 13 23 32 31 30 4 5 6 7 8 9 19 29 39 49 59 18 27 17 16 15 25 24 28 38 48 14 34 47 57 26 42 52 51 50 40 60 61 70 80 81 72 91 92 93 83 84 74 94 41 36 37 67 77 88 89 98 78 87 66 68 86 56 35 53 54 62
43 33
33 22
33 34
22 11
22 21
22 23
22 32
11 1
1 0
1 2
0 10
10 20
2 12
2 3
20 30
12 13
21 31
3 4
13 14
32 42
31 41
4 5
5 6
5 15
6 7
6 16
7 8
7 17
8 9
8 18
9 19
19 29
29 39
29 28
39 49
39 38
49 59
49 48
18 27
27 26
27 36
27 37
15 25
25 24
25 35
48 47
47 57
57 67
42 52
52 51
52 53
52 62
51 50
51 61
50 40
50 60
60 70
70 80
80 81
81 72
81 91
91 92
92 93
93 83
83 84
84 74
84 94
67 77
77 88
77 78
77 87
77 66
88 89
88 98
78 68
87 86
66 56
53 54