98 1 22 6 14 21 12 45 24 20 43 40 3 41 18 8 47 0 49 13 30 33 4 65 9 48 17 16 39 7 28 34 15 37 25 36 71 85 54 74 5 46 89 88 44 10 2 23 19 35 32 11 51 58 72 92 93 95 62 57 78 87 97 63 80 67 94 38 68 90 81 77 96
98 1
1 22
1 6
1 48
1 88
1 92
1 93
1 97
1 94
1 90
1 96
22 95
22 63
6 14
6 21
6 3
6 87
21 12
21 45
21 40
12 44
45 24
24 20
24 43
40 13
3 41
3 8
3 51
41 18
18 0
18 49
18 38
8 47
8 89
0 4
0 65
0 71
0 85
0 54
0 74
0 58
0 72
0 62
0 57
0 78
0 80
0 67
0 68
0 81
0 77
49 5
13 30
30 33
30 9
48 17
17 16
17 39
39 7
39 28
7 36
28 34
28 15
34 37
37 25
5 46
5 10
10 2
10 23
2 19
19 35
35 32
32 11