90 25 22 11 61 80 63 15 40 47 9 3 79 55 89 68 78 88 48 84 62 64 94 92 34 95 37 86 28 39 1 82 41 93 20 14 27 21 13 4 71 26 67 52 46 12 74 42 29 73 8 87 66 57 24 65 53 58 45 85 35 31 18 17 5 33 38 77 60 72 91 7
90 25
25 22
22 11
11 61
11 63
61 80
80 82
63 15
63 41
15 40
15 93
15 14
40 47
40 5
47 9
47 72
9 3
9 89
9 94
9 65
3 79
3 39
79 55
55 88
55 27
89 68
89 78
89 48
48 84
48 64
84 62
94 92
94 37
94 18
92 34
34 95
34 58
95 7
37 86
86 28
39 1
41 57
93 20
27 21
21 13
21 53
13 4
13 17
4 71
4 26
4 67
71 52
67 66
52 46
52 12
46 73
12 74
12 38
74 42
42 29
29 87
73 8
57 24
53 91
58 45
45 85
85 35
35 31
17 60
5 33
38 77