78 9 87 52 40 38 84 76 93 58 99 50 82 2 67 33 43 77 15 32 68 39 65 28 55 49 35 17 36 56 37 83 80 5 41 92 26 73 85 74 95 90 62 13 25 22 18 89 7 11 63 98 69 97 29 42 64 91 86 20 72 79 30 53 71 51 75 19 59 66 96 54 14 23 60 48 57 94 88 46 27
78 9
9 87
87 52
52 40
40 38
40 90
38 84
38 67
38 68
38 39
38 35
38 37
38 92
38 62
38 64
84 76
84 17
84 22
84 18
84 59
84 96
84 23
84 88
76 93
76 36
76 80
93 58
58 99
99 50
50 82
82 2
67 33
67 32
67 65
67 55
67 56
67 83
67 5
67 72
67 94
33 43
33 28
33 49
43 77
77 15
68 95
68 13
68 7
68 97
68 29
68 60
39 25
39 11
35 41
35 26
35 89
35 98
35 42
35 51
35 27
37 73
37 85
37 74
37 20
92 63
92 69
92 75
92 54
92 14
92 46
62 86
62 19
62 57
64 91
64 79
64 30
64 53
64 71
64 66
64 48