71 67 9 65 25 34 43 46 35 28 76 72 21 52 59 81 86 33 88 85 17 64 89 5 80 51 57 11 29 32 7 23 2 48 70 61 74 82 66 37 1 49 75 39 4 62 44 77 8 50 55 27 31 60 58 18 3 45 53
71 67
67 9
67 65
9 5
65 25
65 60
25 34
25 43
25 64
34 70
43 46
43 2
43 50
46 35
46 33
46 85
46 80
35 28
35 76
35 52
28 59
76 72
76 77
76 18
72 21
52 81
52 1
52 45
81 86
86 89
86 44
33 88
88 17
64 7
80 51
80 49
80 31
51 57
57 11
57 29
57 37
29 32
7 23
2 48
70 61
70 66
70 55
70 3
61 74
61 82
37 58
49 75
75 39
75 4
39 62
4 8
55 27
58 53