97 40 16 41 15 34 33 53 55 56 54 32 49 50 51 31 43 14 35 74 73 72 75 71 13 64 12 11 10 9 8 7 6 5 4 3 2 1 63 65 66 36 80 76 77 38 37 82 83 81 84 89 85 39 93 94 92 95 91 17 68 18 19 20 21 22 23 24 25 26 27 28 29 67 42 96 99 98
97 40
40 16
40 96
40 99
40 98
16 41
16 15
16 39
16 17
16 42
15 34
15 33
15 32
15 31
15 14
33 53
33 55
33 56
33 54
32 49
32 50
32 51
31 43
14 35
14 13
14 36
14 38
14 37
35 74
35 73
35 72
35 75
35 71
13 64
13 12
13 63
13 65
13 66
12 11
11 10
10 9
9 8
8 7
7 6
6 5
5 4
4 3
3 2
2 1
36 80
36 76
36 77
37 82
37 83
37 81
37 84
37 89
37 85
39 93
39 94
39 92
39 95
39 91
17 68
17 18
17 67
18 19
19 20
20 21
21 22
22 23
23 24
24 25
25 26
26 27
27 28
28 29