80 82 47 54 95 23 84 11 53 39 10 62 46 67 21 37 92 31 17 30 79 70 94 13 68 34 0 81 89 19 61 77 42 25 5 66 7 78 15 8 28 29 43 27 85 63 41 14 76 6 71 40 1 49 87 98 74 57 69 75 4 93 32 60 96 12 44 56 35 51 38 45 9 97 3 48 20 88 86
80 82
82 47
47 54
47 10
47 1
54 95
54 62
95 23
95 38
23 84
23 11
84 88
11 53
11 39
53 21
53 94
53 13
53 20
10 76
62 46
62 67
21 37
21 92
92 31
92 17
92 79
31 30
31 97
17 34
79 70
70 0
13 68
0 81
81 89
81 51
89 19
19 61
19 77
77 42
77 25
25 5
5 66
5 28
66 7
66 15
7 78
15 8
28 29
28 43
29 63
43 27
43 85
43 14
43 75
27 35
85 41
41 4
76 6
6 71
71 40
1 49
49 87
49 74
49 69
87 98
98 86
74 57
69 48
4 93
93 32
93 96
32 60
96 12
12 44
44 56
38 45
38 9
97 3