29 31 96 16 11 15 1 25 24 13 20 21 23 7 17 8 49 14 26 27 5 44 9 12 4 3 39 28 22 10 6 2 32 18 69 0 30 19 74 84 85 57 65 33 83 52 90 60 81 82 86 63 62 55 51 73 36 64 59 56 34 89 61 35
29 31
31 96
31 16
16 11
16 65
11 15
11 28
11 55
11 56
15 1
15 63
15 64
1 25
1 14
1 36
1 35
25 24
25 84
25 83
24 13
24 9
24 0
24 82
13 20
13 60
13 59
20 21
20 74
20 73
21 23
23 7
7 17
17 8
8 49
14 26
14 62
26 27
26 85
26 86
27 5
5 44
9 12
9 52
9 51
12 4
12 57
4 3
3 39
28 22
28 90
28 89
22 10
10 6
6 2
2 32
32 18
18 69
0 30
0 33
0 34
30 19
83 81
63 61