39 49 43 32 48 7 19 15 1 40 28 24 17 22 11 27 5 8 25 0 14 13 45 31 9 3 23 36 35 34 42 12 41 47 6 44 29 16 33 4 37 30 10 2 20 38 18 46 26 21 71 76 64 56 78 87 84 81 50 96 68 73 91 94 98 97 59 93 77 85 86 63 70 51 53 83 92 72 75 95 52 54 58 61 57 66 79 89 88 74 67 80 62 90 99 82 55 69 65 60
39 49
49 43
43 32
32 48
48 7
7 19
19 15
15 1
1 40
40 28
28 24
24 17
17 22
22 11
11 27
27 5
5 8
8 25
25 0
0 14
14 13
13 45
45 31
31 9
9 3
3 23
23 36
36 35
35 34
34 42
42 12
12 41
41 47
47 6
6 44
44 29
29 16
16 33
33 4
4 37
37 30
30 10
10 2
2 20
20 38
38 18
18 46
46 26
26 21
21 71
71 76
76 64
64 56
56 78
78 87
87 84
84 81
81 50
50 96
96 68
68 73
73 91
91 94
94 98
98 97
97 59
59 93
93 77
77 85
85 86
86 63
63 70
70 51
51 53
53 83
83 92
92 72
72 75
75 95
95 52
52 54
54 58
58 61
61 57
57 66
66 79
79 89
89 88
88 74
74 67
67 80
80 62
62 90
90 99
99 82
82 55
55 69
69 65
65 60