80 18 79 81 61 12 62 72 15 70 97 24 98 99 56 31 75 16 2 32 33 83 92 22 91 74 30 1 87 20 86 85 46 7 47 48 39 26 0 27 4 63 10 55 57 53 9 54 58 11 60 59 35 44 6 43 45 3 34 36 94 77 17 23 68 14 69 84 19 40 5 65 13 66 89 21 73 49 8
80 18
80 72
18 79
18 81
79 87
81 61
61 12
12 62
12 63
62 97
72 15
15 70
97 24
97 56
24 98
24 99
98 31
98 58
99 35
56 10
31 75
31 2
75 16
75 92
16 74
16 73
2 32
2 33
32 83
92 22
22 91
74 30
30 1
87 20
20 86
20 85
86 46
46 7
7 47
7 48
47 26
48 39
39 4
26 0
0 27
27 68
10 55
10 57
55 89
57 53
53 9
9 54
58 11
11 60
11 59
35 44
35 3
44 6
6 43
6 45
45 94
3 34
3 36
94 77
94 23
77 17
68 14
14 69
69 84
69 40
69 65
84 19
40 5
65 13
13 66
66 49
89 21
49 8