2 39 92 17 6 54 84 53 91 80 72 90 27 24 21 8 50 1 45 37 10 83 74 36 88 35 77 63 94 19 15 23 52 61 66 38 49 98 62 56 71 89 41 93 85 65 58 7 28 97 20 68 76 73 82 18 33 60 4 46 25 70 55 32 12 96 29 75 86 79 26 67 43 48 44 40 64 95 30 34 51 99 9 59 22 47 11
2 39
39 92
92 17
17 6
6 54
54 84
54 94
54 19
54 93
84 53
84 46
84 12
84 79
53 91
53 88
53 35
53 77
53 61
53 66
53 68
53 40
91 80
91 45
91 41
91 58
91 29
80 72
80 56
80 89
80 60
72 90
90 27
27 24
27 36
24 21
21 8
8 50
50 1
45 37
45 63
45 18
45 25
45 43
37 10
10 83
83 74
88 52
88 28
88 96
88 95
88 59
35 15
35 23
35 62
35 20
35 76
35 4
35 55
35 47
77 9
61 85
61 82
61 33
61 32
61 22
66 38
66 49
66 98
66 71
66 65
66 34
41 97
41 26
41 67
41 48
41 11
58 7
58 70
58 75
58 44
58 51
68 73
29 86
29 64
40 30
40 99