43 46 42 45 41 37 40 39 36 35 38 34 30 33 32 29 28 31 27 23 26 25 22 21 20 16 19 18 15 14 13 9 12 11 8 7 6 2 5 4 1 0 47 44 48 49 52 50 53 54 51 55 56 59 57 60 61 58 62 63 66 64 67 68 65 69 70 73 71 74 75 72 76 77 78 81 82 79 83 84 85 88 89 86 90 91 92 95 96 93 97 98
43 46
43 42
46 47
42 45
42 41
41 37
37 40
40 39
39 36
36 35
35 38
35 34
34 30
30 33
33 32
32 29
29 28
28 31
28 27
27 23
23 26
26 25
25 22
22 21
21 20
20 16
16 19
19 18
18 15
15 14
14 13
13 9
9 12
12 11
11 8
8 7
7 6
6 2
2 5
5 4
4 1
1 0
47 44
44 48
48 49
49 52
49 50
50 53
53 54
54 51
51 55
55 56
56 59
56 57
57 60
60 61
61 58
58 62
62 63
63 66
63 64
64 67
67 68
68 65
65 69
69 70
70 73
70 71
71 74
74 75
75 72
72 76
76 77
77 78
78 81
81 82
82 79
79 83
83 84
84 85
85 88
88 89
89 86
86 90
90 91
91 92
92 95
95 96
96 93
93 97
97 98