4 10 34 46 73 48 1 18 11 67 40 96 63 76 55 62 12 99 95 32 60 52 54 56 69 25 87 37 5 22 53 71 6 72 35 3 17 24 65 33 7 15 49 89 82 31 9 98 20 85 0 2 16 77 68 66 90 28 39 26 78 29 70 61 14 41 38 88 13 27 59 42 47 80 50 84 86 92
4 10
10 34
34 46
46 73
73 48
48 1
1 18
18 11
11 67
67 40
40 96
96 63
63 76
76 55
55 62
62 12
12 99
99 95
95 32
32 60
60 52
52 54
54 56
56 69
56 92
69 25
69 87
69 50
69 84
69 86
87 37
87 47
87 80
37 5
37 27
37 59
37 42
5 22
5 53
5 13
53 71
53 6
53 88
6 72
72 35
72 38
35 3
3 17
3 68
3 66
3 90
3 28
3 39
3 26
3 78
3 29
3 70
3 61
3 14
3 41
17 24
24 65
24 16
24 77
65 33
33 7
33 98
33 20
33 85
33 2
7 15
15 49
49 89
49 82
82 31
31 9
85 0