72 35 14 41 59 42 49 93 19 40 74 32 61 69 31 81 79 22 67 13 25 88 29 1 87 45 84 89 0 11 95 34 10 55 70 85 77 51 78 63 20 26 57 12 3 80 17 58 53 38 18 43 7 91 52 8 48 94 27 73 83 15 4 37 76 56 47 6
72 35
35 14
35 93
35 80
14 41
41 59
41 38
59 42
59 12
59 56
42 49
42 81
42 45
42 55
49 19
49 31
49 70
19 40
40 74
40 32
74 61
32 57
61 69
81 79
81 18
79 22
22 67
67 13
13 25
13 88
13 1
25 43
88 29
88 87
29 84
87 53
84 89
84 0
0 11
11 95
95 34
34 10
10 3
70 85
70 77
70 26
85 7
77 51
51 78
78 63
63 20
20 15
26 27
57 94
80 17
17 58
18 83
7 91
7 8
91 52
8 48
8 73
15 4
15 37
4 76
4 47
47 6