86 55 81 84 60 46 41 22 69 25 39 11 67 50 90 49 14 37 3 47 61 2 43 32 92 18 28 72 48 63 94 58 10 51 75 5 6 16 66 29 23 73 31 83 78 98 7 8 33 93 17 95 24 19 45 34 53 30 70 76 13 91 1 74 97 40 36 87 20 0 4 77
86 55
55 81
81 84
84 60
60 46
60 30
46 41
41 22
22 69
69 25
25 39
39 11
39 50
11 67
67 90
90 49
49 14
49 37
37 3
37 7
3 47
3 8
47 61
47 2
47 32
47 34
61 18
2 43
2 92
2 72
2 1
92 28
72 48
72 75
72 45
48 63
63 94
94 58
58 10
10 51
10 91
75 5
75 6
75 29
75 33
5 16
5 74
16 66
16 23
16 93
16 76
66 31
29 73
23 98
73 83
83 78
83 87
7 40
8 53
93 17
93 95
95 24
24 19
19 13
30 70
30 36
70 97
87 20
20 0
20 77
0 4