63 55 60 22 46 19 88 61 47 53 13 45 43 24 23 15 1 62 42 33 11 75 18 82 44 21 38 25 96 14 4 5 98 32 64 17 51 93 27 26 9 3 56 35 41 97 67 71 10 79 2 48 90 6 87 34 94 84 28 80 31 40 58 7 66 37 36 57 86 0 89 8 99 70 72 30 77 69 59 12 83 91 50 73
63 55
55 60
55 22
55 46
55 19
55 88
60 61
60 47
22 53
22 13
22 45
46 43
46 24
19 23
19 15
88 1
61 62
47 42
53 33
13 11
13 75
45 18
43 82
43 44
43 21
24 38
23 25
15 96
15 14
1 4
1 5
62 98
33 32
33 64
11 17
11 51
18 93
18 27
18 26
44 9
44 3
38 56
25 35
25 41
96 97
96 67
96 71
14 10
14 79
4 2
4 48
5 90
5 6
98 87
32 34
32 94
64 84
17 28
27 80
27 31
26 40
26 58
3 7
56 66
35 37
35 36
67 57
67 86
2 0
48 89
6 8
87 99
87 70
84 72
28 30
31 77
37 69
36 59
8 12
70 83
12 91
12 50
50 73