5 95 94 93 8 18 48 44 15 16 25 74 35 52 67 81 82 33 42 41 61 45 99 80 11 90 66 12 64 87 77 39 51 71 30 29 36 1 14 0 59 43 54 56 22 70 47 69 46 76 60 10 83 13 50 79 20 31 21 24 75 26 78 72 27 88 34 49 23 17 98 62 57 2 38 7 55 37 96 73 91 28 97 4
5 95
95 94
94 93
93 8
8 18
8 39
18 48
48 44
48 87
48 47
48 76
48 88
48 49
48 55
44 15
44 99
15 16
15 30
15 14
15 43
15 37
16 25
16 1
16 27
16 17
16 96
25 74
25 77
25 22
25 24
25 26
74 35
74 75
74 73
35 52
35 36
35 70
35 60
35 31
35 72
52 67
52 51
67 81
67 66
81 82
82 33
33 42
42 41
41 61
61 45
99 80
99 29
99 10
99 50
99 34
99 98
80 11
80 71
80 59
80 56
80 46
80 79
11 90
11 12
12 64
77 78
30 38
1 0
1 54
1 20
1 2
14 83
14 13
14 62
43 69
22 21
22 91
24 23
24 4
26 57
27 28
17 7
96 97