12 62 89 21 88 90 55 10 57 67 14 68 69 99 24 97 98 51 8 50 49 77 17 76 78 46 7 54 9 53 84 19 82 83 87 20 58 11 59 75 16 95 23 94 30 1 28 31 2 35 3 34 27 36 0 40 5 43 6 45 38 4 80 18 70 15 65 91 22 13
12 62
62 89
89 21
89 55
21 88
21 90
88 65
90 67
55 10
10 57
67 14
67 99
14 68
14 69
68 35
69 77
99 24
24 97
24 98
98 51
98 54
51 8
8 50
8 49
77 17
17 76
17 78
76 46
46 7
54 9
54 84
9 53
84 19
19 82
19 83
83 87
83 58
83 95
87 20
87 70
58 11
11 59
59 75
75 16
95 23
23 94
94 30
94 80
30 1
1 28
28 31
31 2
35 3
35 40
3 34
3 36
34 27
34 43
27 0
40 5
43 6
6 45
45 38
38 4
80 18
70 15
65 91
65 13
91 22