3 4 48 53 38 37 75 70 6 54 20 24 43 42 25 65 62 63 34 11 1 22 12 23 83 18 78 21 44 72 71 85 33 64 51 36 27 98 15 5 46 35 49 84 9 7 74 19 88 68 56 87 40 82 55 97 16 77 95 60 29 81 94 13 93 14 30 69 76 57 26 50 61
3 4
3 27
4 48
48 53
53 38
38 37
37 75
75 70
70 6
70 83
70 46
70 56
70 50
6 54
6 62
54 20
54 15
54 76
20 24
20 84
20 68
24 43
24 35
43 42
42 25
42 36
25 65
62 63
62 9
62 97
63 34
63 16
63 14
34 11
11 1
1 22
22 12
12 23
83 18
83 55
18 78
18 98
18 74
18 95
78 21
78 5
78 49
21 44
44 72
44 33
72 71
71 85
33 64
64 51
98 87
98 93
98 26
15 82
46 19
46 88
9 7
9 69
88 40
88 29
88 13
56 94
55 77
55 30
97 81
95 60
76 57
50 61