82 1 6 48 40 8 71 5 10 91 0 4 23 37 26 84 68 11 24 35 63 12 54 17 39 41 86 2 19 96 3 13 21 22 28 49 65 67 36 32 64 69 72 70 7 25 83 15 20 45 46 75 9 18 29 16 14 31 27 42 56 55
82 1
1 6
1 48
1 40
1 8
1 5
1 0
8 71
5 10
10 91
0 4
0 17
0 2
4 23
4 11
4 12
4 54
23 37
23 26
26 84
26 68
11 24
24 35
35 63
17 39
17 86
39 41
2 19
2 3
2 32
2 70
2 7
2 55
19 96
3 13
3 21
3 36
21 22
21 49
22 28
49 65
65 67
32 64
32 72
64 69
7 25
7 15
7 9
7 42
25 83
15 20
20 45
45 46
46 75
9 18
9 16
9 14
18 29
14 31
14 27
42 56