45 47 96 76 88 7 66 2 97 70 21 83 64 56 86 42 35 6 77 13 99 31 39 50 26 3 55 12 18 65 8 34 53 38 30 74 46 48 98 27 44 90 4 43 5 25 93 59 73 52 92 62 68 11 36 91 37 89 28 9 67 41 20 19 15 29 40 51 16 84 79 32 58 87 75 1 81 85 94 10 49 57 69 78 72 95 63 0 24 61 14
45 47
47 96
96 76
76 88
88 7
7 66
66 2
2 97
97 70
70 21
21 83
83 64
64 56
56 86
86 42
42 35
35 6
6 77
77 13
13 99
99 31
31 39
39 50
50 26
26 3
3 55
55 12
12 18
18 65
65 8
8 34
34 53
53 38
38 30
30 74
74 46
46 48
48 98
98 27
27 44
44 90
90 4
4 43
43 5
5 25
25 93
93 59
59 73
73 52
52 92
92 62
62 68
68 11
11 36
36 91
91 37
37 89
89 28
28 9
9 67
67 41
41 20
20 19
19 15
15 29
29 40
40 51
51 16
16 84
84 79
79 32
32 58
58 87
87 75
87 14
75 1
1 81
81 85
85 94
94 10
10 49
10 61
49 57
57 69
69 78
78 72
72 95
95 63
63 0
63 24