85 49 18 17 68 44 71 26 23 91 78 69 77 41 95 52 39 88 5 50 2 27 73 72 40 56 94 57 96 6 9 8 79 63 64 22 65 67 86 81 92 12 87 97 51 75 59 60 33 38 15 83 11 10 58 14 13 48 54 36 35 42 25 53 74 28 29 30 31 32 89 90 61 62 82 37 76 43 16 93 84 98 1 66 45 46 4 34 20 19 7
85 49
49 18
18 17
17 68
68 44
44 71
71 26
26 23
23 91
91 78
78 69
69 77
77 41
41 95
95 52
52 39
39 88
88 5
5 50
50 2
2 27
27 73
73 72
72 40
40 56
56 94
94 57
57 96
96 6
6 9
9 8
8 79
79 63
63 64
64 22
22 65
65 67
67 86
86 81
81 92
92 12
12 87
87 97
97 51
51 75
75 59
59 60
60 33
33 38
38 15
38 7
15 83
83 11
11 10
10 58
58 14
14 13
13 48
13 20
48 54
54 36
36 35
35 42
35 34
42 25
25 53
53 74
74 28
28 29
29 30
30 31
31 32
32 89
89 90
89 4
90 61
61 62
62 82
82 37
37 76
76 43
76 16
16 93
93 84
84 98
98 1
98 66
66 45
45 46
20 19