50 7 6 39 43 5 37 36 35 38 32 4 28 29 30 3 22 24 25 26 23 27 2 18 1 16 15 0 11 71 10 64 65 9 57 58 8 52 55 54 53 51 56 59 60 62 61 66 63 69 68 67 70 12 14 13 17 19 20 21 31 34 33 40 41 42 45 46 47 48 44 49
50 7
7 6
7 45
7 46
7 47
7 48
7 44
6 39
6 43
6 5
6 40
6 42
5 37
5 36
5 35
5 32
5 4
5 34
5 33
35 38
4 28
4 30
4 3
4 31
28 29
3 22
3 24
3 26
3 23
3 27
3 2
24 25
2 18
2 1
2 17
2 19
2 21
1 16
1 0
16 15
0 11
0 12
0 13
11 71
11 10
11 69
11 68
11 67
10 64
10 9
10 66
10 63
64 65
9 57
9 8
9 56
9 59
9 60
9 62
9 61
57 58
8 52
8 55
8 54
8 51
54 53
67 70
12 14
19 20
40 41
44 49