6 8 9 11 12 13 15 16 18 19 21 22 24 26 27 29 30 31 33 35 36 38 39 41 42 43 45 46 48 50 51 53 54 56 57 58 60 61 63 64 66 68 69 71 72 73 75 77 78 80 81 82 84 86 87 88 90 92 93 95 96 97 4 3 2 32 52 23 49 34 47 65 59 28 70 74 62 37 25 44 67 55 40
6 8
6 4
8 9
9 11
11 12
12 13
13 15
15 16
16 18
18 19
19 21
21 22
22 24
24 26
24 23
26 27
27 29
27 28
27 25
29 30
30 31
31 33
33 35
33 32
33 34
35 36
36 38
38 39
39 41
39 37
39 40
41 42
42 43
43 45
45 46
45 44
46 48
48 50
48 47
50 51
51 53
51 49
53 54
54 56
54 52
54 55
56 57
57 58
58 60
60 61
60 59
61 63
63 64
63 65
63 62
64 66
66 68
66 67
68 69
69 71
71 72
72 73
72 70
72 74
73 75
75 77
77 78
78 80
80 81
81 82
82 84
84 86
86 87
87 88
88 90
90 92
92 93
93 95
95 96
96 97
4 3
3 2