98 87 94 58 59 96 3 69 72 33 55 17 34 67 80 10 29 37 79 95 57 28 23 91 0 27 13 6 62 88 54 92 42 32 70 5 85 78 63 16 97 15 77 4 1 82 25 39 61 11 46 38 22 9 8 90 26 53 43 49 86 47 65 19 99 35 73 36 30 7 52 21 76 14 64 48 41 60 2 83 68 40 51 93 89 24 81
98 87
87 94
94 58
58 59
59 96
96 3
3 69
69 72
72 33
33 55
55 17
17 34
34 67
67 80
80 10
10 29
29 37
37 79
79 95
95 57
57 28
28 23
23 91
91 0
0 27
27 13
13 6
6 62
62 88
88 54
54 92
92 42
42 32
42 81
32 70
70 5
70 24
5 85
85 78
85 89
78 63
63 16
16 97
97 15
15 77
77 4
4 1
1 82
1 93
82 25
25 39
39 61
39 51
61 11
11 46
46 38
38 22
22 9
9 8
8 90
8 2
8 68
90 26
26 53
26 49
53 43
49 86
86 47
47 65
65 19
19 99
19 60
99 35
35 73
73 36
36 30
30 7
7 52
52 21
21 76
76 14
76 64
64 48
48 41
2 83
68 40