38 37 57 85 16 10 12 64 26 66 6 69 4 39 29 5 75 21 43 35 13 19 92 2 90 52 3 18 48 36 81 74 89 80 97 55 87 32 44 42 94 65 24 1 84 86 61 79 25 91 31 27 72 28 11 17 62 47 8 51 78 50 67 95 88 34 71 60 54 76 93 22 40 49 56 14 45 46 33 59 53 9 77 41 63 98 82 73 15 68 7 0 30 99 20 23 70 96 58 83
38 37
37 57
57 85
85 16
16 10
10 12
12 64
64 26
26 66
66 6
6 69
69 4
4 39
39 29
29 5
5 75
75 21
21 43
43 35
35 13
13 19
19 92
92 2
2 90
90 52
52 3
3 18
18 48
48 36
36 81
81 74
81 58
74 89
89 80
89 70
80 97
80 55
55 87
87 32
32 44
44 42
42 94
94 65
65 24
24 1
1 84
84 86
86 61
86 23
61 79
79 25
25 91
25 78
91 31
91 51
31 27
27 72
27 62
72 28
28 11
28 17
62 47
47 8
78 50
50 67
50 95
50 30
95 88
95 68
88 34
88 41
34 71
34 77
71 60
60 54
54 76
54 56
76 93
76 49
93 22
22 40
56 14
14 45
14 9
45 46
45 59
46 33
59 53
41 63
63 98
98 82
82 73
73 15
68 7
68 0
30 99
99 20
70 96
58 83