71 72 58 40 70 23 24 27 54 59 98 18 96 95 37 31 9 99 39 79 50 0 19 20 44 5 92 14 57 69 93 51 46 47 64 21 77 63 97 89 41 83 52 34 13 75 76 90 73 16 17 88 45 82 28 12 60 68 67 91 32 8 84 74 80 3 53 56 2 61 33 11 43 42 26 25 48 49 85 62 87 38 94 36 35 1 4 22 78 86 81 15 10 66 29 30 65 7 6 55
71 72
72 58
58 40
40 70
70 23
23 24
24 27
27 54
54 59
59 98
98 18
18 96
96 95
95 37
37 31
31 9
9 99
99 39
39 79
79 50
50 0
0 19
19 20
20 44
44 5
5 92
92 14
14 57
57 69
69 93
93 51
51 46
46 47
47 64
64 21
21 77
77 63
63 97
97 89
89 41
41 83
83 52
52 34
34 13
13 75
75 76
76 90
90 73
73 16
16 17
17 88
88 45
45 82
82 28
28 12
12 60
60 68
68 67
67 91
91 32
32 8
8 84
84 74
74 80
80 3
3 53
53 56
56 2
2 61
61 33
33 11
11 43
43 42
42 26
26 25
25 48
48 49
49 85
85 62
62 87
87 38
38 94
94 36
36 35
36 78
36 55
35 1
35 4
4 22
78 86
78 7
86 81
81 15
81 10
10 66
66 29
66 65
29 30
7 6