95 22 36 42 66 39 29 68 90 28 74 49 58 1 18 87 48 78 91 23 35 96 62 25 69 34 51 27 33 92 56 38 75 14 10 77 17 32 88 8 72 11 94 41 99 4 82 26 37 7 16 70 40 2 44 61 63 60 85 47 86 6 93 84 89 65 59 20 83 73 55 97 45
95 22
95 36
95 88
36 42
42 66
42 39
66 58
39 29
39 74
29 68
68 90
68 28
68 14
90 44
74 49
74 6
58 1
58 34
1 18
1 25
18 87
18 48
18 35
18 77
87 78
87 93
48 23
48 96
78 91
78 94
91 56
23 85
35 69
96 62
25 92
34 51
34 27
34 33
34 75
34 65
27 32
56 38
14 10
77 17
77 84
17 82
17 47
32 41
88 8
88 11
8 72
72 70
94 60
41 99
41 4
4 63
82 26
26 37
26 7
37 73
7 16
16 45
70 40
40 2
44 61
61 20
63 59
47 86
84 89
59 83
73 55
55 97