34 36 97 28 39 12 19 58 96 75 84 27 31 18 7 21 38 56 94 5 95 23 93 98 16 53 76 82 8 69 55 72 89 85 57 14 24 61 59 13 10 25 44 48 99 80 71 52 62 86 46 47 17 81 15 6 88 29 60 63 33 90 68 73 41 87 26 2 92 1 91 3 35 0 65 22 64 70 11 78 45 79 32 9 40 30 66 42 77 74 50 20 4 67 83 51 54 37 43 49
34 36
36 97
97 28
28 39
39 12
12 19
19 58
58 96
96 75
75 84
84 27
27 31
31 18
18 7
7 21
21 38
38 56
56 94
94 5
5 95
95 23
23 93
93 98
98 16
16 53
53 76
76 82
82 8
8 69
69 55
55 72
72 89
89 85
85 57
57 14
14 24
24 61
61 59
59 13
13 10
10 25
25 44
44 48
48 99
99 80
80 71
71 52
52 62
62 86
86 46
46 47
47 17
17 81
81 15
15 6
6 88
88 29
29 60
60 63
63 33
33 90
90 68
68 73
73 41
41 87
87 26
26 2
2 92
92 1
1 91
91 3
3 35
3 49
35 0
0 65
65 22
22 64
64 70
70 11
11 78
78 45
78 43
45 79
79 32
32 9
9 40
40 30
30 66
30 42
42 77
42 74
74 50
50 20
20 4
20 67
67 83
83 51
51 54
54 37