80 78 82 83 77 84 72 86 88 89 71 74 90 70 66 75 95 92 68 65 61 64 60 62 59 55 54 58 53 56 48 52 49 57 47 50 42 43 46 51 41 44 36 37 40 45 38 35 39 31 30 34 29 32 24 28 25 33 23 26 18 19 27 17 20 12 14 11 6 8 4 2
80 78
80 82
78 83
78 77
83 84
77 72
84 86
84 88
84 89
72 71
72 74
89 90
71 70
71 66
74 75
90 95
90 92
70 68
66 65
65 61
65 64
65 60
64 62
60 59
59 55
59 54
59 58
54 53
54 56
53 48
53 52
53 49
56 57
48 47
48 50
47 42
47 43
47 46
50 51
42 41
42 44
41 36
41 37
41 40
44 45
36 38
36 35
38 39
35 31
35 30
35 34
30 29
30 32
29 24
29 28
29 25
32 33
24 23
24 26
23 18
23 19
26 27
18 17
18 20
17 12
12 14
12 11
11 6
6 8
6 4
4 2