71 46 76 91 72 4 6 14 68 31 94 1 65 22 93 43 26 90 79 20 10 15 73 66 62 97 95 36 50 63 57 3 2 23 55 87 56 54 27 86 61 88 41 85 13 39 19 59 48 92 84 9 70 89 96 37 52 18 21 99 34 80 30 58 77 7 47 75 44 11 17 32 16 28
71 46
71 14
46 76
76 91
76 13
91 72
91 54
72 4
4 6
6 16
14 68
14 31
14 65
68 1
31 94
31 44
1 87
65 22
22 93
22 26
22 90
22 20
22 3
22 2
22 55
22 9
93 43
93 41
93 37
43 73
90 79
20 10
20 15
20 95
20 23
15 62
15 19
73 66
62 97
62 56
95 36
95 17
36 50
36 63
36 30
36 11
50 58
63 57
57 88
55 92
54 27
54 86
27 61
41 85
13 39
39 70
19 59
19 48
92 84
92 99
84 28
9 77
70 89
89 96
37 52
52 18
52 21
99 34
34 80
80 32
77 7
7 47
47 75