81 93 35 50 1 78 22 45 85 6 10 14 82 23 64 19 61 65 94 76 49 39 11 60 92 87 52 27 8 3 59 56 55 15 73 33 71 77 91 43 95 96 42 74 16 18 53 38 40 17 4 90 24 7 83 54 68 72 32 89 5 99 31 88 21 58 30 41 25 44 48 70 20 66 34 84 29 75 0 69 79 9 47 37 28 12 67 98 26 51 13 80 46 36 62 63 57 86 2 97
81 93
93 35
35 50
50 1
1 78
78 22
22 45
45 85
85 6
6 10
10 14
14 82
82 23
23 64
64 19
19 61
61 65
65 94
94 76
76 49
49 39
39 11
11 60
60 92
92 87
87 52
52 27
27 8
8 3
3 59
59 56
56 55
55 15
15 73
73 33
33 71
71 77
77 91
91 43
43 95
95 96
96 42
42 74
74 16
16 18
18 53
53 38
38 40
40 17
17 4
4 90
90 24
24 7
7 83
83 54
54 68
68 72
72 32
32 89
89 5
5 99
99 31
31 88
88 21
21 58
58 30
30 41
41 25
25 44
44 48
48 70
70 20
20 66
66 34
34 84
84 29
29 75
75 0
0 69
69 79
79 9
9 47
47 37
37 28
28 12
12 67
67 98
98 26
26 51
51 13
13 80
80 46
46 36
36 62
62 63
63 57
57 86
86 2
86 97