13 42 76 51 23 53 80 22 8 86 95 89 84 0 81 7 12 57 2 3 58 40 9 34 30 67 52 20 26 1 50 63 14 65 87 60 17 74 75 27 25 98 54 64 10 41 33 29 69 61 4 66 77 92 97 5 73 18 19 11 16 45 47 78 37 15 72 88 70 82 68 59 49 44 39 91 28 93 99 56 62 36 31 46 55 43 96 90 6 35 71 79 21 85 32 38 94 48 24 83
13 42
42 76
76 51
51 23
23 53
53 80
80 22
22 8
8 86
86 95
95 89
89 84
84 0
0 81
81 7
7 12
12 57
57 2
2 3
3 58
58 40
40 9
9 34
34 30
30 67
67 52
52 20
52 83
20 26
26 1
1 50
50 63
63 14
14 65
14 87
87 60
60 17
17 74
74 75
75 27
27 25
27 48
27 24
25 98
25 94
98 54
54 64
64 10
10 41
41 33
33 29
29 69
69 61
61 4
61 38
4 66
66 77
66 85
77 92
92 97
97 5
97 21
5 73
73 18
18 19
19 11
19 79
11 16
16 45
45 47
45 55
47 78
78 37
37 15
15 72
15 82
15 59
15 46
72 88
88 70
82 68
59 49
49 44
44 39
44 93
39 91
91 28
93 99
93 36
99 56
56 62
36 31
55 43
43 96
43 71
96 90
90 6
90 35
85 32