5 21 8 60 7 4 6 23 22 20 9 24 62 61 58 3 18 17 10 25 64 70 59 55 57 2 19 26 27 16 13 11 69 63 95 65 79 71 54 1 32 29 28 34 14 38 36 75 66 92 67 80 78 49 53 43 44 88 84 91 74 77 50 83
5 21
5 8
5 60
5 7
5 4
5 6
21 23
21 22
21 20
8 9
8 24
60 62
60 61
7 58
4 3
23 18
23 17
9 10
24 25
62 64
62 70
61 59
58 55
58 57
3 2
18 19
18 26
17 27
17 16
10 13
10 11
64 69
64 63
70 95
70 65
70 79
70 71
55 54
2 1
19 32
26 29
26 28
27 34
13 14
11 38
11 36
69 75
69 66
95 92
65 67
79 80
79 78
54 49
54 53
29 43
29 44
75 88
75 84
92 91
67 74
80 77
49 50
74 83