96 94 30 23 79 27 88 93 77 22 17 67 7 47 45 6 31 21 75 76 74 20 10 54 56 11 26 85 5 48 46 1 36 34 0 33 32 98 24 81 16 66 68 13 3 25 18 70 72 9 51 49 8 52 82 12 57 58 2 14 62 64 15 63 39 84 83 40 29 91 92 69 4 42 97 78
96 94
94 30
30 23
30 93
23 79
23 27
23 1
79 77
27 88
27 7
77 22
22 17
22 78
17 67
7 47
7 48
7 29
47 45
45 6
6 31
6 21
21 75
21 76
76 74
74 20
20 10
20 26
10 54
54 56
56 11
26 85
26 5
48 46
1 36
1 32
36 34
34 0
0 33
32 98
32 24
32 16
32 97
24 81
24 13
24 82
16 66
66 68
13 3
13 25
3 9
3 39
3 40
25 18
25 84
25 83
18 70
18 12
18 69
18 4
70 72
9 51
9 52
51 49
49 8
12 57
12 58
12 2
2 14
14 62
62 64
64 15
15 63
29 91
29 92
4 42