9 52 2 17 54 53 49 58 13 32 31 33 76 77 78 29 84 98 55 8 11 34 64 19 65 0 18 7 66 40 25 86 97 85 93 89 71 1 80 39 27 59 37 24 48 10 50 20 51 60 62 3 69 81 79 4 6 90 44 28 5 74 45 21 30 99 57 87 94
9 52
9 2
9 17
9 54
9 53
52 49
52 58
2 13
2 32
2 31
2 33
17 76
17 77
17 78
54 29
54 84
53 98
53 55
49 8
58 11
58 34
13 64
13 19
13 65
13 0
13 18
13 7
13 66
31 40
31 25
33 86
33 97
33 85
76 93
77 89
78 71
29 1
29 80
84 39
84 27
98 59
98 37
98 24
98 48
55 10
8 50
8 20
8 51
11 60
34 62
34 3
64 69
65 81
18 79
7 4
7 6
66 90
66 44
66 28
40 5
86 74
97 45
89 21
1 30
24 99
10 57
20 87
81 94