60 13 27 88 86 26 32 23 97 22 80 25 24 81 83 20 78 82 0 33 34 15 14 61 62 63 2 36 1 7 48 47 46 29 5 43 28 89 41 92 90 4 31 96 21 76 44 9 51 49 8 50 3 85 87 98 10 54 56 11 19 72 70 18 84 55 12 17 68 73 64 16 95 91 69 77 79 42
60 13
13 27
27 88
27 7
88 86
86 26
26 32
26 85
32 23
32 97
32 22
32 14
32 98
23 80
23 0
22 25
22 78
22 77
25 24
25 83
25 20
25 15
25 29
24 81
24 82
20 17
20 73
82 84
0 33
0 34
34 36
15 64
14 61
14 62
14 2
61 63
36 1
1 12
7 48
7 47
48 46
29 5
29 28
29 92
5 43
5 4
5 44
43 41
28 89
28 10
89 91
92 90
4 31
4 21
4 42
31 96
31 9
31 16
31 95
21 76
9 51
9 3
51 49
49 8
8 50
85 87
10 54
54 56
56 11
11 19
11 55
19 72
72 70
70 18
18 69
17 68
77 79