31 54 30 56 22 29 57 65 21 23 32 58 55 66 68 20 25 28 27 33 61 59 69 76 19 24 26 34 36 35 60 70 75 62 64 16 37 74 14 11 38 10 12 7 40 17 8 6 41 48 39 18 43 50 47 3 51 2 1
31 54
31 30
54 56
30 22
30 29
56 57
56 65
22 21
22 23
29 32
57 58
57 55
65 66
65 68
21 20
23 25
23 28
32 27
32 33
58 61
58 59
68 69
68 76
20 19
25 24
25 26
33 34
33 36
33 35
61 60
61 70
59 75
76 62
76 64
19 16
36 37
60 74
16 14
16 11
37 38
14 10
14 12
11 7
38 40
10 17
10 8
7 6
40 41
40 48
40 39
17 18
41 43
48 50
48 47
18 3
50 51
3 2
2 1