69 0 63 25 59 30 21 9 53 7 56 50 5 20 93 36 18 49 24 54 6 95 38 16 23 17 14 42 33 19 64 15 2 51 8 1 12 85 26 45 48 43 58 82 70 72 73 78 91 97 99 11 84 76 79 96 71 61 89 10 90 40 80 83 68 31 92 4 41 74 81 88 98 35 32 87 86 44 77 65 22 67 75 13 28 3 94 29 66 27 37
69 0
69 5
0 63
0 93
0 95
0 85
0 82
0 70
0 72
0 73
0 78
0 91
0 97
0 99
0 84
0 76
0 79
0 96
0 71
0 89
0 90
0 80
0 83
0 68
0 92
0 74
0 81
0 88
0 98
0 87
0 86
0 77
0 65
0 67
0 75
0 94
0 66
63 25
63 10
25 59
25 33
59 30
59 54
30 21
21 9
9 53
53 7
7 56
56 50
5 20
93 36
36 18
18 49
49 24
54 6
95 38
38 16
38 64
16 23
23 17
23 42
17 14
33 19
64 15
15 2
2 51
51 8
8 1
1 12
85 26
26 45
26 61
26 40
45 48
48 43
43 58
73 11
91 32
97 41
99 44
90 31
83 22
68 4
92 35
88 29
87 28
86 27
67 3
75 13
94 37