0 74 19 17 53 9 4 42 32 40 3 8 41 6 28 7 12 39 72 54 23 57 1 14 56 60 18 52 58 46 96 15 13 2 44 70 31 81 24 26 21 50 35 25 59 11 5 33 29 51 76 55 43 20 34 37 45 22 10 48 16 49 71
0 74
74 19
19 17
19 54
19 52
19 15
17 53
17 72
53 9
53 7
9 4
9 32
4 42
32 40
40 3
3 8
3 41
41 6
6 28
7 12
12 39
54 23
54 57
54 1
54 56
1 14
56 60
56 18
52 58
52 96
58 46
15 13
15 70
15 31
13 2
2 44
31 81
31 24
31 16
24 26
24 21
21 50
21 76
21 55
21 43
50 35
50 25
25 59
25 51
59 11
59 29
11 5
5 33
43 20
20 34
20 45
20 22
34 37
22 10
22 48
16 49
16 71