95 0 90 96 98 97 5 1 3 2 92 93 91 85 99 10 7 6 8 4 94 88 80 87 86 13 12 15 11 9 89 81 83 75 82 14 16 18 20 17 84 78 76 77 70 19 21 23 25 79 65 24 30 74 60 29 35 69 61 55 34 40 64 50 39 45 59 44
95 0
95 90
95 96
95 98
95 97
0 5
0 1
0 3
0 2
90 92
90 93
90 91
90 85
96 99
5 10
5 7
5 6
5 8
1 4
92 94
91 88
85 80
85 87
85 86
10 13
10 12
10 15
10 11
7 9
94 89
80 81
80 83
80 75
80 82
13 14
13 16
15 18
15 20
15 17
89 84
81 78
75 76
75 77
75 70
14 19
18 21
20 23
20 25
84 79
70 65
19 24
25 30
79 74
65 60
24 29
30 35
74 69
60 61
60 55
29 34
35 40
69 64
55 50
34 39
40 45
64 59
39 44