76 2 72 3 98 14 62 1 54 4 73 34 0 43 20 85 64 7 5 25 88 17 42 35 55 74 21 11 22 65 44 6 75 93 29 69 13 81 97 26 47 89 9 95 59 38 78 50 56 36 23 16 18 83 27 68 48 90 63 45 66 87 10 39 79 60 86 94 12 96 61 80 40 24 19 84 67 46 8 58 30 70 51 31 71 52 77 37 57 32 33 41 15 99 49 28 91 92 53 82
76 2
2 72
72 3
3 98
98 14
14 62
14 82
62 1
1 54
1 53
54 4
4 73
4 34
4 92
34 0
0 43
0 32
0 33
0 41
0 49
43 20
20 85
20 64
20 7
7 5
7 21
7 94
7 12
7 24
7 57
5 25
5 35
5 55
5 74
25 88
25 17
17 42
21 11
21 86
11 22
11 6
11 23
11 79
11 60
22 65
22 44
6 75
6 93
6 29
6 56
6 36
29 69
29 13
29 50
13 81
13 97
13 26
13 9
26 47
26 89
9 95
9 59
9 38
9 78
23 16
23 45
23 66
23 87
23 10
16 18
16 27
16 63
18 83
27 68
27 48
27 90
10 39
12 96
12 61
12 80
12 40
24 19
24 67
24 46
24 8
19 84
8 58
8 30
8 77
8 37
30 70
30 51
30 31
31 71
31 52
41 15
15 99
49 28
28 91