50 88 8 43 64 1 44 70 51 84 68 45 4 99 11 35 80 66 13 7 72 98 24 30 22 39 58 10 0 78 63 71 55 17 38 23 59 25 42 75 14 12 32 82 92 9 21 16 48 49 76 18 41 95 65 52 85 73 77 26 96 53 2 61 37 5 19 20 29 93 47 91 54 34 62 97 60 90 31 36 3 86 83 89 57 81 56 27 69 28 33 40 67 15 74 87 79 6 94 46
50 88
88 8
8 43
43 64
64 1
1 44
44 70
70 51
51 84
84 68
68 45
45 4
4 99
99 11
11 35
35 80
80 66
66 13
13 7
7 72
72 98
98 24
24 30
30 22
22 39
39 58
58 10
10 0
0 78
78 63
63 71
71 55
55 17
17 38
38 23
23 59
59 25
25 42
42 75
75 14
14 12
12 32
32 82
82 92
92 9
9 21
21 16
16 48
48 49
49 76
76 18
18 41
41 95
95 65
65 52
52 85
85 73
73 77
77 26
26 96
96 53
53 2
2 61
61 37
37 5
5 19
19 20
20 29
29 93
93 47
47 91
91 54
54 34
34 62
62 97
97 60
60 90
90 31
31 36
36 3
3 86
86 83
83 89
89 57
57 81
81 56
81 46
56 27
27 69
69 28
28 33
28 94
33 40
33 15
33 6
40 67
15 74
15 87
15 79