26 52 88 51 45 77 37 15 34 22 4 8 84 55 47 64 10 82 89 1 73 81 68 14 79 60 95 53 7 23 44 58 85 29 97 86 72 83 62 67 80 43 40 13 46 71 92 78 11 94 30 96 87 36 18 17 56 21 50 12 74 57 33 38 69 54 5 42 32 9 76 2 20 19
26 52
52 88
88 51
88 84
88 36
51 45
45 77
45 37
77 34
37 15
15 81
34 22
34 55
34 40
34 71
22 4
22 8
4 47
47 64
47 82
64 10
64 89
89 1
89 79
89 60
1 73
81 68
68 14
68 95
79 94
95 53
95 7
7 23
23 44
44 58
44 85
58 29
58 76
29 97
29 67
29 80
97 86
86 72
72 83
83 62
67 5
80 43
43 2
40 13
40 46
46 18
71 92
71 78
71 11
71 42
78 56
94 30
30 96
96 87
18 17
18 69
56 21
56 12
21 50
21 33
50 20
12 74
74 57
33 38
69 54
42 32
42 9
2 19