6 47 56 99 64 3 39 12 97 20 96 63 91 2 25 90 44 65 42 19 35 45 67 34 40 30 72 18 48 58 70 94 76 83 24 71 61 84 4 13 21 37 93 78 98 38 57 28 85 23 87 68 31 29 77 92 50 9 73 49 59 15 80 52 11 55 66 0 32 26 81 88 43 8 27 69 33 5 51 62 82 1 79 22 10 46 75 53 95 54 16 86 74 36 17 14 60
6 47
47 56
56 99
99 64
64 3
3 39
39 12
12 97
97 20
20 96
96 63
63 91
91 2
2 25
25 90
90 44
44 65
65 42
42 19
19 35
35 45
45 67
67 34
34 40
40 30
30 72
72 18
18 48
48 58
58 70
70 94
94 76
76 83
83 24
24 71
71 61
61 84
84 4
4 13
13 21
21 37
37 93
93 78
78 98
98 38
38 57
57 28
28 85
85 23
23 87
87 68
68 31
31 29
29 77
77 92
92 50
50 9
9 73
73 49
49 59
59 15
15 80
80 52
52 11
11 55
55 66
66 0
0 32
32 26
26 81
81 88
88 43
43 8
8 27
27 69
69 33
33 5
5 51
51 62
62 82
82 1
1 79
79 22
22 10
10 46
46 75
75 53
53 95
95 54
54 16
16 86
86 74
74 36
36 17
17 14
14 60