59 60 58 64 72 69 61 30 57 74 88 66 76 80 90 68 27 44 43 28 56 71 79 77 78 52 97 26 20 42 17 38 16 22 21 62 53 67 93 86 87 45 5 23 40 46 9 48 35 8 37 15 29 65 3 36 2 49 47 7 33 10 63 82 13 54 81 84
59 60
59 58
60 64
60 72
60 69
60 61
58 30
58 57
58 74
64 88
64 66
72 76
72 80
69 90
69 68
61 27
30 44
30 43
57 28
57 56
74 71
74 79
76 77
80 78
80 52
90 97
27 26
27 20
44 42
43 17
43 38
43 16
28 22
28 21
56 62
56 53
71 67
77 93
77 86
78 87
52 45
20 5
20 23
42 40
42 46
17 9
38 48
38 35
16 8
16 37
22 15
21 29
67 65
5 3
40 36
9 2
48 49
48 47
8 7
37 33
15 10
65 63
47 82
10 13
63 54
82 81
81 84