99 97 1 95 3 0 93 5 2 98 91 7 4 96 89 9 6 94 87 11 8 92 85 13 10 90 83 15 12 88 81 17 14 86 79 19 16 84 77 21 18 82 75 23 20 80 73 25 22 78 71 27 24 76 69 29 26 74 67 31 28 72 65 33 30 70 63 35 32 68 61 37 34 66 59 39 36 64 57 41 38 62 55 43 40 60 53 45 42 58 51 44 56 46 54 48
99 97
99 1
97 95
1 3
1 0
95 93
3 5
0 2
0 98
93 91
5 7
2 4
98 96
91 89
7 9
4 6
96 94
89 87
9 11
6 8
94 92
87 85
11 13
8 10
92 90
85 83
13 15
10 12
90 88
83 81
15 17
12 14
88 86
81 79
17 19
14 16
86 84
79 77
19 21
16 18
84 82
77 75
21 23
18 20
82 80
75 73
23 25
20 22
80 78
73 71
25 27
22 24
78 76
71 69
27 29
24 26
76 74
69 67
29 31
26 28
74 72
67 65
31 33
28 30
72 70
65 63
33 35
30 32
70 68
63 61
35 37
32 34
68 66
61 59
37 39
34 36
66 64
59 57
39 41
36 38
64 62
57 55
41 43
38 40
62 60
55 53
43 45
40 42
60 58
53 51
42 44
58 56
44 46
56 54
46 48