2 26 30 3 9 11 10 31 23 21 22 12 28 89 7 17 68 15 25 13 4 41 14 32 8 18 69 6 24 27 1 29 20 5 0 16 19 52 88 85 46 63 62 82 54 47 86 83 94 50 81 45 61 51 64 56 48 96 67 53 39 40 84 93 49 55 95 38 37
2 26
26 30
26 85
26 86
30 3
30 15
30 94
30 93
3 9
3 7
3 39
3 40
9 11
9 52
9 51
11 10
11 56
11 55
10 31
10 54
10 53
31 23
23 21
21 22
22 12
12 28
28 89
7 17
7 6
7 47
17 68
17 67
15 25
15 14
15 63
15 64
25 13
25 83
25 84
13 4
4 41
14 32
14 62
32 8
8 18
18 69
6 24
6 46
6 45
24 27
24 82
24 81
27 1
27 88
1 29
29 20
20 5
5 0
0 16
16 19
52 50
46 48
63 61
94 96
51 49
39 37
40 38
93 95