61 37 12 73 74 39 17 80 34 10 88 38 45 40 9 41 56 44 30 33 16 84 14 0 52 64 31 28 23 89 57 70 25 47 98 29 85 96 26 81 63 18 53 24 48 7 92 65 20 77 99 83 68 15 60 59 75 21 95 51 86 13 91 62 54 90 78 69 94 22 1 50 6 79 8 4 27 11 49 19 82 32 93 42 55 5 36 43 35 2 97 3 87 71 72 76 46 66 67 58
61 37
37 12
12 73
73 74
74 39
39 17
17 80
80 34
34 10
10 88
88 38
38 45
45 40
40 9
9 41
41 56
56 44
44 30
30 33
33 16
16 84
84 14
14 0
0 52
52 64
64 31
31 28
28 23
23 89
89 57
57 70
70 25
25 47
47 98
98 29
29 85
85 96
96 26
26 81
81 63
63 18
18 53
53 24
24 48
48 7
7 92
92 65
65 20
20 77
77 99
99 83
83 68
68 15
15 60
60 59
59 75
75 21
21 95
95 51
51 86
86 13
13 91
91 62
62 54
54 90
90 78
78 69
69 94
94 22
22 1
1 50
50 6
6 79
79 8
8 4
4 27
27 11
11 49
49 19
19 82
82 32
32 93
93 42
42 55
55 5
5 36
36 43
43 35
35 2
2 97
97 3
3 87
87 71
71 72
72 76
72 58
76 46
46 66
66 67