29 23 26 11 24 13 3 2 10 4 7 15 17 0 25 12 28 8 6 18 1 30 16 14 9 20 19 27 87 85 5 31 95 93 22 21 75 73 76 74 32 98 97 78 80 77 79 96 94 44 42 43 41 88 86 72 70 71 69 52 50 51 49 62 64 61 63 66 68 65 67 36 34 35 33 45 47 46 48 90 92 89 91 57 59 58 60 83 81 84 82 53 55 54 56 38 40 37 39
29 23
23 26
26 11
11 24
24 13
13 3
3 2
2 10
2 38
2 37
10 4
10 53
10 54
4 7
7 15
15 17
17 0
0 25
25 12
25 83
25 84
12 28
12 57
12 58
28 8
28 90
28 89
8 6
6 18
6 45
6 46
18 1
1 30
1 36
1 35
30 16
16 14
16 66
16 65
14 9
14 62
14 61
9 20
9 52
9 51
20 19
19 27
19 72
19 71
27 87
27 5
27 88
87 85
5 31
5 44
5 43
31 95
31 22
31 96
95 93
22 21
22 78
22 77
21 75
21 76
21 32
75 73
76 74
32 98
32 97
78 80
77 79
96 94
44 42
43 41
88 86
72 70
71 69
52 50
51 49
62 64
61 63
66 68
65 67
36 34
35 33
45 47
46 48
90 92
89 91
57 59
58 60
83 81
84 82
53 55
54 56
38 40
37 39