16 18 32 13 26 73 3 0 80 36 34 65 2 43 94 42 19 83 99 52 30 10 81 28 55 93 60 38 50 57 48 12 58 37 90 21 47 17 35 29 82 64 72 44 1 31 45 76 33 27 53 11 70 25 86 78 4 62 77 98 56 51 41 69 49 88 6 85 59 63 14 46 22 40 23 68 15 75 39 5 7 87 54 89 84 97 67 92 71 9 95 24 96 61 20 91 74 8
16 18
18 32
32 13
13 26
26 73
73 3
3 0
0 80
80 36
36 34
34 65
65 2
2 43
43 94
94 42
42 19
19 83
83 99
99 52
52 30
30 10
10 81
81 28
28 55
55 93
93 60
60 38
38 50
50 57
57 48
48 12
12 58
58 37
37 90
90 21
21 47
47 17
17 35
35 29
29 82
82 64
64 72
72 44
44 1
1 31
31 45
45 76
76 33
33 27
27 53
53 11
11 70
70 25
25 86
86 78
78 4
4 62
62 77
77 98
98 56
56 51
51 41
41 69
69 49
49 88
88 6
6 85
85 59
59 63
63 14
14 46
46 22
22 40
40 23
23 68
68 15
15 75
75 39
39 5
5 7
7 87
87 54
54 89
89 84
84 97
97 67
67 92
92 71
71 9
9 95
95 24
24 96
96 61
61 20
20 91
91 74
74 8