5 6 4 8 7 39 3 29 9 27 16 40 0 1 26 28 10 31 15 25 41 68 2 37 18 38 14 30 32 24 44 64 77 75 33 19 23 11 13 34 46 55 60 35 20 12 48 45 43 58 57 21 49 66 50 62 59 53 69 79
5 6
5 4
6 8
6 7
6 39
4 3
4 29
8 9
7 27
39 16
39 40
39 0
3 1
29 26
9 28
9 10
27 31
16 15
40 25
40 41
40 68
1 2
1 37
26 18
28 38
10 14
31 30
31 32
15 24
41 44
41 64
68 77
68 75
37 33
18 19
18 23
14 11
14 13
32 34
44 46
44 55
75 60
33 35
19 20
11 12
46 48
46 45
55 43
60 58
60 57
20 21
45 49
45 66
43 50
43 62
58 59
49 53
62 69
59 79