7 3 1 18 8 26 27 0 19 31 6 4 41 29 21 10 9 32 30 24 82 15 23 79 17 11 20 2 12 58 16 14 5 28 22 13 25 38 96 94 65 67 74 54 53 56 55 95 45 73 92 47 75 46 48 90 66 68 93 33 91 89 34 72 42 71 70 76 69
7 3
3 1
1 18
18 8
8 26
26 27
27 0
0 19
0 33
0 34
19 31
19 72
19 71
31 6
31 29
31 17
31 96
31 95
6 4
6 45
6 46
4 41
4 42
29 21
29 92
29 91
21 10
21 75
21 76
10 9
10 15
10 54
10 53
9 32
32 30
30 24
24 82
15 23
23 79
17 11
17 67
17 68
11 20
11 56
11 55
20 2
20 16
20 74
20 73
2 12
2 38
12 58
16 14
16 65
16 66
14 5
5 28
28 22
22 13
13 25
96 94
95 93
45 47
92 90
46 48
91 89
72 70
71 69