13 64 61 40 5 41 67 14 42 26 0 27 25 81 18 80 79 12 74 16 75 53 9 70 15 71 49 8 86 20 87 95 23 96 94 82 19 83 84 76 17 77 78 90 21 89 35 3 36 34 31 2 33 32 39 37 4 44 6 43 45 38 28 1 30 98 24 99 93 22 91 48 7 47 56 10 55 58 11
13 64
64 61
61 40
61 12
40 5
5 41
5 42
41 67
67 14
42 26
42 81
26 0
0 27
0 25
27 86
81 18
18 80
18 79
80 74
74 16
74 70
16 75
75 53
53 9
70 15
15 71
71 49
49 8
86 20
20 87
87 95
95 23
95 35
23 96
23 94
94 82
82 19
19 83
19 84
83 98
84 76
76 17
17 77
17 78
78 90
90 21
21 89
35 3
35 31
3 36
3 34
36 39
31 2
31 44
2 33
2 32
39 37
37 4
4 38
44 6
6 43
6 45
38 28
28 1
1 30
30 58
98 24
24 99
99 93
93 22
22 91
91 48
91 56
48 7
7 47
56 10
10 55
58 11