26 7 11 16 23 24 13 20 4 8 25 32 29 10 53 15 63 61 14 3 0 21 18 30 93 95 31 9 6 46 48 1 35 33 27 22 78 80 19 71 12 17 67 28 89 5 44 43 90 68 57 58 72 70 77 79 87 85 88 86 36 34 45 47 52 50 51 49 96 94 76 74 75 73 40 38 39 37 62 64 54 84 83
26 7
7 11
11 16
16 23
23 24
24 13
13 20
20 4
4 8
8 25
25 32
25 84
25 83
32 29
29 10
10 53
10 15
10 54
15 63
63 61
61 14
14 3
14 62
3 0
3 40
3 39
0 21
21 18
21 76
21 75
18 30
30 93
93 95
95 31
31 9
31 96
9 6
9 52
9 51
6 46
6 1
6 45
46 48
1 35
1 27
1 36
35 33
27 22
27 87
27 88
22 78
22 19
22 77
78 80
19 71
19 12
19 72
12 17
12 57
12 58
17 67
17 28
17 68
28 89
28 5
28 90
5 44
5 43
72 70
77 79
87 85
88 86
36 34
45 47
52 50
51 49
96 94
76 74
75 73
40 38
39 37
62 64