52 11 71 78 76 45 1 50 94 16 37 93 70 9 73 77 6 38 51 67 30 39 34 88 92 83 72 8 47 97 68 62 89 61 0 10 2 58 42 21 31 53 26 96 27 35 4 12 29 15 7 13 79 99 80 60 82 25 49 48 36 33 57 86 65 14 84 69 95 56 98 55 54 64 22 44 40 46 23 17 59
52 11
11 71
71 78
78 76
76 45
45 1
1 50
1 89
1 10
1 58
50 94
50 54
50 64
94 16
94 21
94 60
16 37
16 67
16 27
37 93
37 88
37 61
37 99
37 25
93 70
93 42
93 33
70 9
70 0
70 55
9 73
73 77
77 6
6 38
38 51
38 68
67 30
67 2
67 13
67 79
30 39
30 62
30 15
30 7
39 34
88 92
88 26
88 29
88 84
92 83
92 80
83 72
72 8
8 47
47 97
61 12
61 49
61 86
2 53
2 96
2 4
42 48
42 69
42 95
21 31
21 17
26 35
26 82
27 22
29 59
13 36
99 98
60 44
25 65
25 14
33 57
33 40
84 56
84 46
84 23