71 65 8 52 29 27 50 34 14 41 0 2 13 46 57 69 30 12 28 64 61 26 67 42 23 1 21 22 7 20 35 10 33 31 5 36 66 53 39 54 51 11 56 38 70 63 73 59 40 58 37 18 4 25 16 72 9 24 62 74 17 60 3 45 68 44 43 6 32 19 47 49 48 15 55
71 65
65 8
8 52
52 29
52 27
52 34
52 14
52 41
52 55
27 50
41 0
41 15
0 2
0 40
0 18
2 13
2 57
2 70
13 46
57 69
69 30
69 28
69 38
30 12
28 64
28 51
28 11
64 61
64 26
64 1
64 21
26 67
67 42
42 23
21 22
21 33
21 31
21 66
21 53
21 39
22 7
7 20
20 35
35 10
31 5
5 36
39 54
11 56
70 63
63 73
63 59
40 58
40 37
18 4
18 72
18 3
4 25
4 16
72 9
72 24
24 62
24 74
24 17
17 60
3 45
3 48
45 68
45 49
68 44
68 43
43 6
6 32
6 47
32 19