33 44 76 64 11 32 62 38 71 31 30 14 88 34 82 47 17 4 41 73 75 7 29 86 70 51 40 77 81 20 50 27 2 0 15 39 58 25 65 45 84 54 79 21 78 49 18 72 3 52 6 61 16 13 42 57 85 28 53 8 1 74 46 43 68 12 59 89 60 87 37 55 66 83 56 19 10 9 22 26 23 63 35 24 69 5 67 48 80 36
33 44
44 76
76 64
64 11
11 32
32 62
62 38
38 71
71 31
31 30
30 14
14 88
88 34
34 82
82 47
47 17
17 4
4 41
4 36
41 73
73 75
75 7
7 29
29 86
86 70
70 51
51 40
51 80
40 77
40 67
77 81
81 20
20 50
50 27
27 2
2 0
0 15
0 5
15 39
15 85
39 58
39 49
58 25
25 65
65 45
45 84
45 21
84 54
54 79
21 78
49 18
18 72
72 3
72 57
3 52
3 6
6 61
61 16
61 42
16 13
85 28
28 53
53 8
53 1
1 74
74 46
74 59
74 35
46 43
46 68
68 12
59 89
59 55
89 60
89 87
87 37
55 66
66 83
66 22
83 56
56 19
19 10
10 9
22 26
26 23
23 63
35 24
24 69
67 48