32 18 12 30 19 13 4 16 22 20 33 17 21 14 10 3 24 34 35 23 6 1 2 25 39 36 41 40 15 7 38 42 44 27 37 54 45 51 48 46 49 47 50 52 61 53 55 63 56 59 62 58 65 60 68 67 66 70 73 76 78 81 88 79 89 85 86 99 91 97 90 96
32 18
18 12
18 30
18 19
12 13
12 4
12 16
19 22
19 20
19 33
13 17
13 21
13 14
13 10
4 3
22 24
33 34
33 35
17 23
10 6
3 1
3 2
24 25
34 39
34 36
35 41
35 40
23 15
6 7
39 38
39 42
41 44
15 27
38 37
44 54
44 45
45 51
45 48
45 46
51 49
48 47
49 50
50 52
52 61
52 53
52 55
61 63
55 56
55 59
63 62
59 58
59 65
58 60
65 68
65 67
65 66
68 70
67 73
70 76
73 78
76 81
76 88
78 79
88 89
88 85
88 86
89 99
86 91
99 97
91 90
97 96