80 13 35 42 91 95 60 41 78 86 26 23 50 63 37 44 97 55 48 2 96 66 90 27 56 82 45 16 89 7 69 73 33 99 74 40 59 32 87 36 62 52 77 3 29 18 51 71 24 70 49 19 53 72 68 31 92 58 67 1 93 65 54 11 8 79
80 13
80 35
80 24
35 42
42 91
42 95
42 37
91 78
95 60
95 41
95 66
95 90
95 51
41 18
78 86
78 26
86 2
26 23
23 50
50 63
37 44
37 97
37 33
44 48
97 55
97 65
48 82
2 96
66 56
66 45
66 72
90 27
82 8
45 16
45 89
89 7
7 69
69 73
33 99
33 71
99 74
99 40
74 59
74 29
74 92
59 32
32 87
32 62
32 68
87 36
87 52
52 77
52 54
77 3
24 70
70 49
70 19
49 53
49 1
19 58
68 31
58 67
1 93
1 11
8 79