1 0 6 15 8 2 9 4 14 7 16 71 3 13 57 50 56 52 25 32 33 28 30 27 29 26 36 37 38 39 40 44 45 48 22 23 21 19 35 31 34 60 61 62 63 64 65 66 67 68 69 81 88 87 86 89 90 91 85 84 54 58 55 53 51 59 72 73 74 75 76 77 78 79 5 10
1 0
0 6
0 8
0 2
0 9
0 4
0 7
0 71
0 10
6 15
4 14
7 16
71 3
71 57
71 72
71 5
3 13
57 50
50 56
50 52
50 25
50 60
50 54
50 58
50 55
50 53
50 51
50 59
25 32
25 33
25 28
25 30
25 27
25 29
25 26
25 22
25 35
25 31
25 34
26 36
36 37
37 38
38 39
39 40
40 44
44 45
45 48
22 23
22 21
21 19
60 61
60 81
61 62
62 63
63 64
64 65
65 66
66 67
67 68
68 69
81 88
81 87
81 86
81 89
81 90
81 85
81 84
90 91
72 73
73 74
74 75
75 76
76 77
77 78
78 79