17 12 14 4 0 5 8 15 20 11 13 1 23 56 58 57 55 16 24 19 21 3 37 36 35 34 33 32 31 30 29 28 27 54 52 51 6 7 10 50 47 49 48 46 45 43 59 44 9 2 18 53 26 25 42 41 40 39 38 22
17 12
12 14
14 4
14 22
4 0
0 5
0 21
5 8
8 15
8 16
15 20
15 23
20 11
11 13
11 1
23 56
56 58
58 57
57 55
16 24
24 19
21 3
3 37
37 36
36 35
35 34
34 33
33 32
32 31
31 30
30 29
29 28
28 27
27 54
27 26
54 52
52 51
51 6
51 50
51 53
6 7
7 10
50 47
47 49
47 46
49 48
46 45
46 18
45 43
45 9
43 59
43 44
9 2
26 25
25 42
42 41
41 40
40 39
39 38