34 2 22 51 26 3 10 39 86 81 99 5 42 93 44 97 95 0 35 80 64 89 1 88 38 9 85 30 32 37 23 82 78 14 61 75 18 74 72 21 67 63 33 79 91 98 20 24 43 12 8 16 90 77 27 69 53 31 84 83 94 4 13 17 45 28 55 47 71 76 62 50 59 87 25 29 54 36 7 68 58 70 49 57 48 46 6 56 66 92 65 96 40 52 11 60 19 41 73 15
34 2
2 22
22 51
51 26
26 3
3 10
10 39
39 86
86 81
81 99
99 5
5 42
42 93
93 44
44 97
97 95
95 0
0 35
35 80
80 64
64 89
89 1
1 88
88 38
38 9
9 85
85 30
30 32
32 37
37 23
23 82
82 78
78 14
78 15
14 61
61 75
75 18
18 74
74 72
72 21
21 67
67 63
63 33
33 79
33 73
79 91
91 98
98 20
98 19
98 41
20 24
24 43
43 12
43 40
12 8
8 16
16 90
90 77
77 27
27 69
69 53
53 31
31 84
84 83
83 94
94 4
4 13
4 17
17 45
45 28
28 55
28 36
28 7
55 47
55 87
47 71
47 76
76 62
62 50
62 59
87 25
87 29
29 54
7 68
7 58
58 70
58 49
49 57
49 6
57 48
57 46
6 56
56 66
56 96
66 92
66 65
40 52
52 11
52 60