31 6 61 0 91 46 5 37 20 25 24 4 15 55 54 17 30 58 48 36 38 27 70 10 40 22 72 87 18 14 32 8 44 33 19 3 13 51 21 50 9 26 63 7 93 52 39 28 95 35 64 57 11 47 16 42 41 29 56 34 83 23 65 99 80 59 1 45
31 6
6 61
61 0
0 91
0 20
0 80
0 59
91 46
46 5
5 37
20 25
20 70
20 10
25 24
24 4
4 15
15 55
15 30
55 54
54 17
30 58
30 36
58 48
36 38
38 27
10 40
10 50
10 52
10 64
10 57
40 22
40 87
40 18
22 72
18 14
14 32
14 51
32 8
8 44
44 33
33 19
19 3
3 13
51 21
50 9
50 93
9 26
9 63
9 7
52 39
52 95
52 35
39 28
57 11
57 99
11 47
11 41
11 29
11 34
11 65
47 16
47 42
29 56
34 83
34 23
59 1
1 45