53 26 0 68 10 20 3 23 18 32 44 90 42 59 36 40 31 43 2 1 47 56 49 9 30 95 48 6 38 4 8 72 16 12 7 17 97 15 41 57 82 67 89 94 75 88 78 76 65 21 46 69 64 5 55 87 79 51 37 83 86 70 93 11 91 77 92 99 22 54 73 71 63 62 74 96 84 66 80 33 13 61 98 27 14 85 35 45 81 29 28
53 26
26 0
26 3
26 78
26 55
0 68
0 90
0 95
0 72
0 97
0 82
0 67
0 89
0 94
0 75
0 88
0 76
0 65
0 69
0 64
0 87
0 79
0 83
0 86
0 70
0 93
0 91
0 77
0 92
0 99
0 73
0 71
0 63
0 74
0 96
0 84
0 66
0 80
0 61
0 98
0 85
0 81
68 10
10 20
3 23
3 1
3 62
23 18
18 32
32 44
90 42
42 59
59 36
36 40
40 31
31 43
43 2
43 15
1 47
1 30
47 56
56 49
49 9
95 48
48 6
48 17
6 38
38 4
4 8
72 16
16 12
12 7
97 51
15 41
41 57
94 46
76 21
69 11
64 5
87 37
79 27
70 13
93 45
77 22
99 54
71 14
84 33
80 28
85 35
81 29