82 47 16 92 8 48 2 11 7 22 74 20 98 4 78 33 19 76 87 51 40 89 0 32 12 85 62 56 36 81 15 68 37 71 66 65 21 10 63 41 38 86 9 39 18 17 75 93 73 42 59 91 46 94 14 31 99 64 79 52 29 84 50 70 97 95 1 53 28 26 43 57 83
82 47
47 16
47 48
16 92
92 8
8 43
48 2
48 7
2 11
2 32
2 50
7 22
22 74
22 56
74 20
74 33
20 98
20 73
98 4
98 78
4 19
78 91
33 51
19 76
19 97
76 87
87 64
51 40
51 89
89 0
0 70
32 12
12 85
12 62
85 31
56 36
56 81
56 10
56 41
36 38
81 15
81 1
15 68
15 37
68 93
37 71
71 66
71 52
66 65
66 21
10 63
41 94
38 86
38 14
86 9
86 39
39 18
39 75
18 17
18 42
42 59
91 46
31 99
99 95
64 79
52 29
29 84
84 53
53 28
53 26
43 57
57 83