91 42 7 89 49 28 5 14 22 3 82 73 54 26 24 85 61 19 4 51 93 64 50 16 27 53 52 68 38 62 44 46 17 63 47 9 98 6 79 36 69 72 77 21 40 59 20 23 13 32 55 45 81 15 43 39 65 29 2 18 0 88 92 31 10 95 94 11 87 86 8 80 96 60
91 42
42 7
42 89
89 49
89 5
49 28
28 86
5 14
5 54
5 10
14 22
14 82
22 3
3 19
82 73
82 32
73 24
54 26
24 85
24 61
24 63
24 11
19 4
19 31
4 51
4 93
4 64
4 27
4 52
51 50
64 80
50 16
27 53
52 68
52 46
68 38
38 62
38 39
62 44
46 17
46 87
63 47
63 98
47 9
98 6
98 79
6 36
6 69
6 72
6 21
79 77
79 20
79 23
69 59
21 40
21 96
59 65
23 13
32 55
32 8
55 45
45 81
81 15
81 43
65 29
29 2
2 18
18 0
0 88
88 92
10 95
95 94
80 60