3 62 32 35 95 56 89 71 15 98 40 17 50 84 26 42 12 94 7 14 29 47 8 83 31 45 88 38 59 36 76 60 97 5 86 78 21 16 82 54 25 69 81 0 79 39 22 1 24 6 44 11 37 49 93 70 65 33 53 72 68 46 28 58 85 67 48 87 75 90 34 2 64 19 63 23 91 20 96 30 13 77 66 80 74 10 52 43 99 9 92 51 18 55 4 61 57
3 62
62 32
32 35
35 95
95 56
56 89
89 71
71 15
15 98
98 40
40 17
17 50
50 84
84 26
26 42
42 12
12 94
94 7
7 14
14 29
29 47
47 8
8 83
83 31
31 45
45 88
88 38
38 59
59 36
36 76
76 60
60 97
97 5
5 86
86 78
78 21
21 16
16 82
82 54
54 25
25 69
69 81
81 0
0 79
79 39
39 22
22 1
1 24
24 6
6 44
44 11
11 37
37 49
49 93
93 70
70 65
65 33
33 53
53 72
72 68
68 46
46 28
28 58
58 85
85 67
67 48
48 87
87 75
75 90
90 34
34 2
2 64
64 19
19 63
63 23
23 91
91 20
20 96
96 30
30 13
13 77
77 66
66 80
80 74
74 10
10 52
52 43
43 99
99 9
9 92
92 51
51 18
18 55
55 4
4 61
61 57