10 81 62 34 14 37 27 26 31 59 54 65 17 64 75 36 7 97 74 82 50 21 90 0 4 68 83 92 61 88 20 1 42 6 89 47 86 51 49 11 38 70 39 53 87 93 96 63 23 8 32 52 41 73 66 79 48 3 99 28 24 16 69 40 46 77 12 60 13 33 25 84 98 58
10 81
81 62
62 34
62 28
34 14
34 37
14 26
37 27
27 17
26 31
31 59
59 54
54 65
17 64
64 75
64 36
75 82
36 7
36 21
36 4
7 97
7 90
97 74
74 0
74 47
82 50
21 1
90 60
0 68
68 83
68 92
83 20
83 33
92 61
92 42
92 89
61 88
1 6
89 49
47 86
86 51
49 11
49 63
11 38
11 70
11 39
38 87
39 53
39 99
53 52
87 93
93 96
63 23
63 66
23 8
23 40
8 32
52 41
52 73
73 48
66 79
48 3
28 24
28 16
16 69
40 46
40 58
46 77
77 12
60 13
33 25
25 84
84 98