24 62 97 88 99 80 34 73 35 68 55 89 16 66 69 26 43 2 27 53 87 15 95 12 1 4 71 36 5 18 58 30 39 79 49 83 25 98 63 82 38 11 17 45 78 96 61 3 86 6 42 0 14 32 75 20 7 92 91 76 93 19 31 85 57 65 48 50 21 33 64 13
24 62
24 34
62 97
62 35
97 88
88 99
99 80
80 64
34 73
34 65
73 50
35 68
68 55
68 89
68 43
89 16
89 66
66 69
69 26
26 48
43 2
2 27
2 53
2 87
2 15
87 85
15 95
15 76
95 12
95 58
95 78
12 1
12 39
12 86
12 31
1 4
4 71
4 36
4 18
36 5
36 91
5 79
5 19
58 30
58 0
58 93
79 49
79 83
83 25
25 98
98 63
63 82
63 38
63 17
38 11
17 45
78 96
96 61
96 3
96 21
86 6
6 42
0 14
0 20
14 32
14 13
32 75
75 92
20 7
85 57
21 33