68 37 13 73 23 46 64 93 54 22 83 25 63 9 90 6 59 70 26 53 14 95 1 38 57 66 78 97 98 85 2 58 61 71 21 76 99 80 44 5 10 3 30 33 48 11 8 34 56 82 20 51 94 55 79 32 17 74 47 41 75 52 35 36 84 16 28 19 87 42 92 31 67 12 4
68 37
68 13
13 73
13 23
13 4
73 35
23 46
23 64
23 67
46 32
64 93
93 54
93 31
54 22
22 83
22 9
22 90
83 25
83 63
90 6
90 26
90 53
6 59
6 70
6 66
53 14
53 95
53 75
14 2
14 44
95 1
1 38
1 57
66 78
66 97
78 98
98 85
85 87
2 58
2 61
2 71
71 21
71 99
71 52
21 76
76 80
44 5
44 10
10 3
10 48
3 30
3 33
30 11
33 20
11 8
8 34
8 56
56 82
20 51
51 94
94 55
55 79
79 19
32 17
17 74
74 47
47 41
52 12
35 36
36 84
84 16
16 28
87 42
42 92