13 9 31 0 4 29 32 30 11 27 7 22 20 25 23 80 78 19 5 44 42 12 21 28 17 3 14 24 82 84 26 2 15 8 49 51 50 52 1 10 54 53 16 18 70 6 46 45 69 66 65 36 34 35 33 64 62 63 61 37 39 38 40 85 87 86 88 81 83 90 92 89 91 76 74 75 73 57 59 58 43 41 79 77 94 93
13 9
9 31
31 0
0 4
4 29
29 32
32 30
30 11
30 94
30 93
11 27
27 7
7 22
22 20
20 25
25 23
23 80
23 19
23 79
80 78
19 5
5 44
5 12
5 43
44 42
12 21
12 57
12 58
21 28
21 76
21 75
28 17
28 90
28 89
17 3
3 14
14 24
24 82
24 26
24 81
82 84
26 2
26 85
26 86
2 15
2 37
2 38
15 8
15 64
15 63
8 49
8 50
8 1
49 51
50 52
1 10
1 36
1 35
10 54
10 53
10 16
16 18
16 66
16 65
18 70
18 6
18 69
6 46
6 45
36 34
35 33
64 62
63 61
37 39
38 40
85 87
86 88
81 83
90 92
89 91
76 74
75 73
57 59
43 41
79 77