57 0 84 13 34 67 53 70 71 15 9 81 46 4 3 25 40 43 11 17 20 45 54 61 44 36 86 6 78 49 68 69 56 23 7 72 12 19 14 5 94 29 62 8 35 48 66 42 10 27 24 2 58 80 1 74 41 16 37 30 22 52 21 98 38 32 59 89
57 0
0 84
0 89
84 13
13 34
13 70
13 32
34 67
67 53
70 71
70 69
71 15
71 6
71 49
71 68
15 9
15 86
9 81
9 46
46 4
4 3
4 45
4 61
4 36
3 25
25 40
40 43
40 17
40 20
43 11
45 54
61 44
6 78
69 56
69 29
56 23
23 7
23 94
7 72
72 12
72 5
12 19
19 14
29 62
29 98
29 38
62 8
62 1
8 35
8 48
8 66
8 80
66 42
42 10
10 27
10 24
24 2
2 58
1 74
1 41
1 52
41 16
16 37
37 30
37 22
52 21
32 59