0 2 4 1 97 98 95 94 92 93 96 91 90 87 84 81 79 76 73 75 74 77 78 80 83 82 85 86 88 89 72 70 67 64 62 61 59 58 55 52 53 54 57 56 60 63 66 65 68 71 69 51 49 47 46 45 48 50 42 44 41 40 37 38 39 36 33 32 31 34 35 28 30 27 26 29 24 25 23 22 21 18 19 20 17 15 14 11 10 9 12 13 16 7 6 5 3 8 43
0 2
2 4
4 1
1 97
97 98
98 95
95 94
94 92
92 93
93 96
93 91
91 90
90 87
87 84
84 81
81 79
79 76
76 73
73 75
75 74
74 77
74 72
77 78
78 80
80 83
83 82
82 85
85 86
86 88
88 89
72 70
70 67
67 64
64 62
62 61
61 59
59 58
58 55
55 52
52 53
53 54
54 57
54 51
57 56
57 60
60 63
63 66
66 65
65 68
68 71
71 69
51 49
49 47
47 46
46 45
45 48
45 42
48 50
42 44
44 41
41 40
40 37
40 43
37 38
38 39
39 36
36 33
33 32
32 31
31 34
31 28
34 35
28 30
30 27
27 26
26 29
26 24
24 25
25 23
23 22
22 21
21 18
18 19
19 20
20 17
17 15
15 14
14 11
11 10
10 9
9 12
9 7
12 13
13 16
7 6
6 5
5 3
5 8