66 40 45 13 91 75 33 46 71 41 81 78 26 88 38 3 62 10 6 69 52 73 43 79 47 7 23 1 54 56 44 11 58 39 74 70 27 86 90 25 20 51 21 65 32 92 17 76 35 30 36 72 22 68 49 4 61 63 8 83 29 24 18 87 53 60 15 89 0 31 2 12 67 64 28 19 50 82 14 16 59 5 34 37 77 9 80 85
66 40
40 45
45 13
13 91
91 75
75 33
33 46
46 71
71 41
41 81
81 78
78 26
26 88
88 38
38 3
3 62
62 10
10 6
6 69
69 52
52 73
73 43
43 79
79 47
47 7
7 23
23 1
1 54
54 56
56 44
44 11
11 58
58 39
39 74
74 70
70 27
27 86
86 90
90 25
25 20
20 51
51 21
21 65
65 32
32 92
92 17
17 76
76 35
35 30
30 36
36 72
72 22
22 68
68 49
49 4
4 61
61 63
63 8
8 83
83 29
29 24
24 18
18 87
87 53
53 60
60 15
15 89
89 0
0 31
31 2
2 12
12 67
67 64
64 28
28 19
19 50
50 82
82 14
14 16
16 59
59 5
5 34
34 37
37 77
77 9
9 80
80 85