36 22 25 61 91 54 32 97 45 87 10 83 68 85 55 98 3 88 11 17 40 82 15 33 44 77 72 94 16 21 73 52 43 86 69 71 46 39 93 56 34 64 95 50 14 47 59 26 67 60 35 63 65 9 75 58 92 70 66 48 78 42 29 81 51 4 49 90 12 7 1 41 89 57 8 37 19 5 24 99 13 6 79 20 0 2 23 76 30 18 62 84 74 27 31 53 28 38 96 80
36 22
22 25
22 61
22 91
22 54
22 32
22 97
22 45
22 87
22 2
22 23
22 76
22 30
22 18
22 62
22 84
22 74
22 27
22 31
22 53
22 28
22 38
22 96
22 80
87 10
87 83
87 68
87 85
87 55
87 98
87 3
87 11
87 17
87 40
87 15
87 33
87 44
87 77
87 72
87 94
87 16
87 21
87 73
87 52
87 43
87 86
87 69
87 71
87 46
87 39
87 93
87 56
87 34
87 64
87 95
87 50
87 14
87 47
87 59
87 26
87 67
87 60
87 35
87 63
87 65
87 9
87 75
87 58
87 92
87 48
87 78
87 42
87 29
87 81
87 51
87 4
87 49
87 90
87 12
87 7
87 1
87 41
87 89
87 57
87 8
87 37
87 19
87 5
87 24
87 99
87 13
87 6
87 79
87 0
3 88
40 82
92 70
92 66
79 20