28 57 73 43 80 97 6 50 62 9 10 37 32 18 55 27 24 5 11 70 4 16 15 63 54 13 30 8 45 20 69 47 17 26 83 81 41 29 19 23 33 1 44 59 34 56 92 14 67 38 98 94 95 99 84 78 76 22 64 86 72 68 39 46 48 60 35 53 87 77 65 89 25 66 90 74 91 7 31 0 85 58 2 40 42 61 75
28 57
57 73
73 43
43 80
80 97
97 6
6 50
50 62
62 9
9 10
10 37
37 32
32 18
18 55
55 27
27 24
24 5
5 11
11 70
70 4
4 16
16 15
15 63
63 54
54 13
13 30
30 8
8 45
45 20
20 69
69 47
47 17
17 26
26 83
83 81
81 41
41 29
29 19
19 23
23 33
33 1
1 44
44 59
59 34
34 56
56 92
92 14
14 67
67 38
38 98
98 94
98 84
94 95
95 99
84 78
78 76
76 22
22 64
64 86
86 72
86 75
72 68
68 39
68 46
46 48
48 60
48 42
60 35
35 53
53 87
87 77
77 65
65 89
65 58
65 2
89 25
25 66
66 90
90 74
74 91
91 7
7 31
7 85
31 0
2 40
42 61