32 47 25 56 10 55 76 17 9 52 46 62 12 14 8 50 78 79 71 15 70 69 61 98 24 99 33 63 90 21 88 91 22 93 95 23 94 96 75 16 74 42 31 64 13 65 72 35 3 36 89 37 60 40 5 41 34 30 1 29 28 68 73 67 83 19 84 82 6 45 11 58 80 18 44 85 20 4 87 26 0 7 66 77 51 57 97
32 47
47 25
25 56
56 10
10 55
55 76
76 17
17 9
9 52
52 46
46 62
62 12
12 14
14 8
8 50
50 78
50 79
79 71
71 15
15 70
70 69
69 61
61 98
98 24
24 99
24 97
99 33
33 63
33 90
90 21
21 88
88 91
91 22
22 93
93 95
95 23
23 94
23 96
96 75
96 51
96 57
75 16
16 74
74 42
42 31
42 64
42 77
64 13
13 65
65 72
72 35
35 3
3 36
36 89
89 37
89 66
37 60
60 40
40 5
5 41
41 34
34 30
30 1
30 67
30 83
1 29
29 28
29 73
28 68
83 19
19 84
19 82
19 6
6 45
6 11
6 44
6 7
11 58
58 80
80 18
44 85
85 20
20 4
20 87
87 26
26 0