33 28 73 32 0 42 66 58 57 60 47 69 64 75 49 65 48 81 50 52 79 63 56 46 71 80 44 1 45 61 51 54 59 78 70 53 77 62 74 76 67 55 36 4 29 82 90 92 89 97 95 96 86 91 85 88 83 93 98 84 94 19 26
33 28
33 73
28 32
73 0
32 42
0 66
0 58
0 57
0 60
0 47
0 69
0 64
0 75
0 49
0 65
0 48
0 81
0 50
0 52
0 79
0 63
0 56
0 46
0 71
0 80
0 44
0 1
0 45
0 61
0 51
0 54
0 59
0 78
0 70
0 53
0 77
0 62
0 74
0 76
0 67
0 55
0 36
47 4
69 29
1 82
1 90
1 92
1 89
1 97
1 95
1 96
1 86
1 91
1 85
1 88
1 83
1 93
1 98
1 84
1 94
61 19
36 26