94 11 89 92 95 96 93 91 1 13 14 16 9 75 79 77 74 76 73 78 80 10 86 81 87 84 82 88 85 83 0 6 54 52 49 53 51 55 50 56 5 43 48 46 42 44 45 41 47 7 59 62 64 58 57 61 63 60 3 26 29 32 25 30 31 28 27 4 35 33 39 36 38 40 37 34 2 24 21 20 18 22 19 23 17 8 72 68 66 67 65 70 71 69 15 12 98 97 99 90
94 11
11 89
11 92
11 95
11 96
11 93
11 91
11 1
11 90
1 13
1 14
1 16
1 9
1 10
1 0
1 15
1 12
9 75
9 79
9 77
9 74
9 76
9 73
9 78
9 80
10 86
10 81
10 87
10 84
10 82
10 88
10 85
10 83
0 6
0 5
0 7
0 3
0 4
0 2
0 8
6 54
6 52
6 49
6 53
6 51
6 55
6 50
6 56
5 43
5 48
5 46
5 42
5 44
5 45
5 41
5 47
7 59
7 62
7 64
7 58
7 57
7 61
7 63
7 60
3 26
3 29
3 32
3 25
3 30
3 31
3 28
3 27
4 35
4 33
4 39
4 36
4 38
4 40
4 37
4 34
2 24
2 21
2 20
2 18
2 22
2 19
2 23
2 17
8 72
8 68
8 66
8 67
8 65
8 70
8 71
8 69
12 98
12 97
12 99