71 38 39 97 18 25 68 37 13 43 41 56 95 86 27 52 63 75 45 54 66 6 51 99 60 72 8 33 28 46 16 61 24 31 15 11 88 94 2 83 96 44 59 50 78 19 55 98 74 4 20 40 36 76 93 22 87 26 17 9 23 84 0 80 57 58 30 65 34
71 38
71 39
71 60
39 97
39 6
39 36
97 18
97 68
97 30
18 25
25 43
25 95
25 66
68 37
37 13
43 41
43 4
41 56
95 86
95 46
86 27
27 52
27 45
52 63
52 75
75 54
75 15
54 88
66 40
6 51
6 72
6 59
51 99
72 8
8 33
33 28
46 16
46 26
16 61
16 24
24 31
15 11
11 93
88 94
94 2
2 83
2 65
83 96
96 44
59 50
50 78
78 19
19 55
19 98
55 74
74 34
4 20
36 76
93 22
22 87
26 17
26 0
17 9
17 84
9 23
9 57
0 80
80 58