87 25 24 26 91 89 63 32 81 28 9 5 1 4 2 94 54 53 93 50 88 82 64 79 36 83 84 58 85 75 77 15 92 51 35 20 19 61 60 18 17 16 78 34 6 74 71 47 23 66 7 38 90 0 8 12 11 10 31 57 27 22 52 48 42 21 39 44 13 30 69 49 62 55 80 46
87 25
25 24
24 26
26 91
91 89
89 63
63 32
32 81
81 28
28 9
9 5
5 1
1 4
1 49
1 62
1 80
4 2
2 94
2 69
94 54
94 47
94 23
94 30
54 53
53 93
93 50
93 88
93 6
88 82
88 64
64 79
64 36
36 83
36 35
83 84
84 58
84 85
85 75
85 15
75 77
15 92
92 51
35 20
35 34
20 19
19 61
19 18
61 60
18 17
17 16
16 78
6 74
74 71
23 66
66 7
66 44
7 38
7 8
38 90
90 0
8 12
12 11
11 10
11 39
10 31
31 57
57 27
27 22
22 52
22 48
48 42
42 21
44 13
62 55
80 46