51 53 52 54 56 55 57 58 59 60 62 61 63 65 64 66 67 68 69 71 70 72 73 74 75 77 78 79 80 81 82 83 84 85 86 87 89 90 92 93 94 95 96 97 98 50 48 47 45 46 44 42 41 39 38 36 35 33 32 30 31 29 27 28 26 25 24 23 22 21 20 18 17 15 14 12 11 9 8 6 5 3 2 0 34 37 40 43 49
51 53
51 50
53 52
53 54
54 56
56 55
56 57
57 58
58 59
59 60
60 62
62 61
62 63
63 65
65 64
65 66
66 67
67 68
68 69
69 71
71 70
71 72
72 73
73 74
74 75
75 77
77 78
78 79
79 80
80 81
81 82
82 83
83 84
84 85
85 86
86 87
87 89
89 90
90 92
92 93
93 94
94 95
95 96
96 97
97 98
50 48
48 47
48 49
47 45
45 46
45 44
44 42
42 41
42 43
41 39
39 38
39 40
38 36
36 35
36 37
35 33
33 32
33 34
32 30
30 31
30 29
29 27
27 28
27 26
26 25
25 24
24 23
23 22
22 21
21 20
20 18
18 17
17 15
15 14
14 12
12 11
11 9
9 8
8 6
6 5
5 3
3 2
2 0