19 29 23 79 32 2 38 40 3 20 31 73 39 74 76 21 75 96 10 54 56 11 55 53 7 48 30 93 95 25 84 82 4 42 44 5 43 14 62 9 22 28 90 78 80 89 51 12 61 63 18 6 70 69 45 17 68 66 16 65 8 50 52 58 60 83 27 88 86 26 1 35 0 34 57 87 81 49
19 29
19 23
29 1
23 79
23 32
32 2
2 38
38 40
40 3
3 20
3 39
20 31
20 73
20 74
31 96
74 76
76 21
21 75
21 10
10 54
10 53
54 56
56 11
11 55
11 7
11 25
11 27
7 48
7 30
30 93
30 9
30 0
93 95
25 84
25 4
25 8
25 83
84 82
4 42
42 44
44 5
5 43
5 14
14 62
14 61
9 22
9 51
9 18
22 28
22 78
28 90
28 89
28 12
78 80
51 49
12 17
12 58
12 57
61 63
18 6
18 70
18 69
6 45
17 68
68 66
66 16
16 65
8 50
50 52
58 60
83 81
27 88
27 87
88 86
86 26
1 35
0 34