35 84 88 57 3 38 19 95 52 98 73 31 64 21 92 34 76 74 10 36 18 11 0 4 82 83 41 23 9 53 33 77 24 59 16 93 2 13 89 90 20 22 44 55 56 78 62 80 58 37 12 7 1 5 96 94 54 97 99 14 32 66 65 91 15 30
35 84
35 88
35 57
35 3
84 38
84 19
84 95
88 52
88 98
88 73
88 31
88 64
88 21
88 92
57 34
57 76
57 74
57 10
3 36
3 18
3 11
3 0
3 4
19 82
19 83
95 41
95 23
52 9
52 53
52 33
52 77
98 24
73 59
73 16
73 93
31 2
64 13
21 89
21 90
21 20
92 22
76 44
10 55
10 56
36 78
36 62
18 80
11 58
4 37
4 12
4 7
4 1
41 5
23 96
23 94
9 54
24 97
24 99
16 14
2 32
13 66
13 65
22 91
22 15
55 30