51 10 87 8 89 11 97 4 67 77 81 88 68 35 34 65 45 28 38 41 47 79 86 2 44 7 25 82 70 73 20 63 94 64 14 99 36 61 95 0 48 29 55 52 1 91 85 37 59 21 62 6 74 93 83 76 98 71 13 53 24 69 56 17 72 66 39 78 5 9 12 23 46 43 33
51 10
51 87
10 8
10 89
87 11
87 97
8 4
8 67
89 77
89 81
11 88
11 68
97 35
97 34
4 65
4 45
67 28
67 38
77 41
77 47
81 79
88 86
68 2
68 44
34 7
65 25
45 82
28 70
38 73
41 20
41 63
47 94
79 64
86 14
86 99
2 36
2 61
44 95
44 0
7 48
7 29
25 55
70 52
73 1
73 91
20 85
63 37
94 59
94 21
64 62
64 6
14 74
99 93
36 83
61 76
61 98
95 71
95 13
0 53
48 24
29 69
55 56
52 17
59 72
74 66
93 39
93 78
83 5
76 9
69 12
56 23
17 46
12 43
23 33