1 63 31 58 9 85 64 66 49 75 36 82 99 54 89 6 13 40 12 37 98 7 17 80 32 14 21 44 28 74 92 51 2 27 35 57 47 19 10 46 94 0 8 3 68 93 56 84 45 11 95 34 65 62 39 52 88 25 53 97 22 38 29 72 78 73 71 16
1 63
63 31
31 58
31 9
58 25
9 85
85 64
64 66
64 49
66 75
66 12
66 37
49 19
75 36
75 82
75 99
82 40
99 54
99 98
54 89
89 6
89 13
40 7
37 97
37 16
7 17
17 80
17 92
80 32
80 21
32 14
32 44
32 88
14 28
14 74
14 84
44 35
44 57
28 56
28 78
92 51
92 2
51 47
51 93
2 27
19 10
19 46
19 94
10 0
0 8
8 3
3 68
3 73
56 38
84 45
84 52
45 11
45 95
95 34
34 65
34 72
65 62
62 39
25 53
97 22
38 29
73 71