16 15 58 11 13 9 20 18 22 59 21 7 19 27 23 10 12 57 6 24 4 26 8 5 25 60 28 71 74 81 86 76 63 78 64 75 84 68 69 73 65 70 77 83 82 61 72 80 85 88 62 87 67 66 56 79 3 29 89 34 37 38 45 46 39 33 49 55 43 35 2 30 90 99 1 91 98 92 97 93 96
16 15
16 58
58 11
58 13
58 9
58 20
58 18
58 22
58 59
58 21
58 7
58 19
58 27
58 23
58 10
58 12
58 57
58 6
58 24
58 4
58 26
58 8
58 5
58 25
59 60
27 28
57 71
57 74
57 81
57 86
57 76
57 63
57 78
57 64
57 75
57 84
57 68
57 69
57 73
57 65
57 70
57 77
57 83
57 82
57 61
57 72
57 80
57 85
57 88
57 62
57 87
57 67
57 66
57 56
57 79
4 3
28 29
88 89
56 34
56 37
56 38
56 45
56 46
56 39
56 33
56 49
56 55
56 43
56 35
3 2
29 30
89 90
89 99
2 1
90 91
99 98
91 92
98 97
92 93
97 96