96 88 15 79 64 18 92 97 49 73 37 23 13 58 99 33 34 78 93 16 21 61 74 35 67 77 48 40 68 7 8 83 39 87 75 81 5 62 95 14 60 80 51 86 22 55 71 3 91 43 29 89 85 72 17 53 90 1 69 30 20 47 12 11 25 98
96 88
88 15
15 79
79 64
79 71
64 18
64 37
18 92
18 29
92 97
97 49
49 73
73 55
37 23
37 75
37 51
37 1
23 13
13 58
58 99
58 5
99 33
33 34
33 17
34 78
34 93
34 48
93 16
93 74
93 35
93 67
16 21
16 61
21 43
61 77
74 86
67 68
77 7
48 40
7 8
8 83
8 39
39 87
39 81
87 62
81 22
5 25
62 95
95 14
14 60
14 80
60 90
80 12
51 20
71 3
71 98
3 91
29 89
29 72
89 85
17 53
1 69
1 30
20 47
12 11