48 21 69 1 73 27 98 2 97 26 31 3 79 35 0 32 77 14 88 63 15 89 64 56 33 57 20 68 9 61 40 84 78 16 44 65 55 49 22 12 86 70 94 6 59 38 5 8 60 28 99 74 4 80 18 46 91 36 39 83 37 81 52 41 10 85 45 17 90 29 75 53 66 11 42 13 62 43 87 47 19 92 67 25 30 54 96 51 7 82 34 50 24 72 95 76 23 71 58 93
48 21
21 69
69 1
1 73
73 27
27 98
98 2
2 97
2 58
2 93
97 26
26 31
26 23
31 3
31 76
3 79
3 35
35 0
0 32
0 55
0 49
0 6
0 52
0 41
0 45
0 47
0 34
0 50
32 77
32 14
32 56
32 33
32 16
14 88
14 63
14 15
15 89
15 64
33 57
33 20
33 78
20 68
20 9
9 61
9 40
9 84
16 44
16 65
49 22
22 12
22 70
22 94
12 86
6 59
6 38
6 5
5 8
5 37
5 81
8 60
8 28
8 4
8 39
8 83
28 99
28 74
4 80
4 18
4 36
18 46
18 91
41 10
10 85
45 17
17 90
17 29
17 66
17 11
29 75
29 53
11 42
11 13
13 62
13 43
13 87
47 19
19 92
19 67
19 25
19 7
25 30
25 96
25 51
30 54
7 82
50 24
24 72
24 95
23 71