94 41 67 68 33 32 48 27 69 66 99 98 55 56 3 4 2 1 54 52 20 10 60 9 74 63 21 71 22 25 24 17 43 65 38 42 86 18 53 44 57 14 58 37 46 76 95 91 77 78 50 79 88 35 36 85 6 19 83 84 23 31 30 29 97 34 15 51
94 41
41 67
67 68
68 33
68 48
68 27
68 69
33 32
32 55
32 31
69 66
66 99
99 98
55 56
55 54
56 3
3 4
3 2
3 52
2 1
52 20
52 51
20 10
20 21
10 60
10 9
60 71
9 74
74 63
21 22
22 25
22 23
25 24
25 17
24 43
17 18
43 65
43 42
65 38
65 37
38 86
86 53
18 14
53 44
53 57
57 58
37 46
37 76
37 95
46 34
76 77
95 91
95 29
91 83
77 78
78 50
78 88
50 79
79 35
35 36
35 85
85 6
85 19
83 84
31 30
29 97
34 15