72 35 46 69 78 1 9 61 12 89 3 83 95 26 44 24 55 40 37 57 58 52 63 70 10 50 67 98 92 14 74 94 23 84 15 86 97 20 33 53 13 64 66 51 48 31 68 41 47 49 43 54 76 96 56 34 73 11 36 45
72 35
72 46
35 69
35 78
35 1
35 9
35 61
46 12
46 89
46 3
46 83
69 95
69 26
78 44
61 24
12 55
3 40
3 37
83 57
95 58
95 52
26 63
44 70
44 10
24 50
24 67
55 98
55 92
40 14
40 74
57 94
57 23
58 84
58 15
52 86
63 97
63 20
70 33
10 53
50 13
98 64
92 66
14 51
14 48
74 31
94 68
84 41
84 47
15 49
86 43
97 54
33 76
53 96
13 56
68 34
47 73
54 11
73 36
11 45