45 50 30 31 48 1 28 42 32 38 43 8 26 16 24 35 0 5 4 9 25 2 14 19 34 37 33 36 39 13 47 27 46 23 22 41 17 18 15 40 3 11 21 12 49 51 84 90 59 81 55 98 73 52 54 63 83 66 60 62 93 76 71 95 86 65 91 74 79 57 94 92 67 80 64 75 53 87 97 68 69 58 72 89 99 82 61 85 78 56 70 88 77 96 20 7 6 29 10 44
45 50
50 30
50 31
50 48
50 1
50 28
50 42
50 32
50 38
50 43
50 8
50 26
50 16
50 24
50 35
50 0
50 5
50 4
50 9
50 25
50 2
50 14
50 19
50 34
50 37
50 33
50 36
50 39
50 13
50 47
50 27
50 46
50 23
50 22
50 41
50 17
50 18
50 15
50 40
50 3
50 11
50 21
50 12
50 49
50 51
50 20
50 7
50 6
50 29
50 10
50 44
51 84
51 90
51 59
51 81
51 55
51 98
51 73
51 52
51 54
51 63
51 83
51 66
51 60
51 62
51 93
51 76
51 71
51 95
51 86
51 65
51 91
51 74
51 79
51 57
51 94
51 92
51 67
51 80
51 64
51 75
51 53
51 87
51 97
51 68
51 69
51 58
51 72
51 89
51 99
51 82
51 61
51 85
51 78
51 56
51 70
51 88
51 77
51 96