81 66 90 86 14 51 76 56 63 60 89 52 73 97 78 82 72 64 85 69 88 2 71 77 91 54 16 59 39 25 74 33 19 92 50 32 68 24 87 79 27 42 43 40 30 83 11 96 62 37 84 41 70 6 7 95 57 58 31 93 9
81 66
66 90
90 86
86 14
14 51
51 76
51 2
76 56
76 69
76 32
56 63
56 88
56 16
56 25
56 92
56 50
56 7
56 95
56 58
56 31
63 60
63 71
63 33
63 27
63 43
63 30
63 96
63 84
63 6
63 57
60 89
60 59
60 39
60 19
60 68
60 24
60 87
60 40
60 11
60 62
60 37
60 93
60 9
89 52
89 72
89 64
89 85
89 77
89 91
89 54
89 74
89 79
89 42
89 83
89 41
89 70
52 73
73 97
97 78
78 82