62 0 92 39 93 76 67 21 31 19 13 83 65 50 34 72 30 88 89 70 7 81 18 38 80 86 36 82 47 15 73 60 6 28 2 54 85 16 98 77 97 43 53 9 3 61 91 99 45 87 74 22 63 26 41 96 23 42 40 11 78 29 56 8 94 58 71 48 33 37 68 49 79 4 95 75 44 55 32 25 35 84 10 66 90 27 59 64 17 46 1 24 57 52 51 14 69 5 20 12
62 0
0 92
0 39
0 93
0 76
0 67
0 21
0 31
0 19
0 13
0 83
0 65
0 50
0 34
0 72
0 30
0 88
0 89
0 70
0 7
0 81
0 18
0 38
0 80
0 86
0 36
0 82
0 47
0 15
0 73
0 60
0 6
0 28
0 2
0 54
0 85
0 16
0 98
0 77
0 97
0 43
0 53
0 9
0 3
0 61
0 91
0 99
0 45
0 87
0 74
0 22
0 63
0 26
0 41
0 96
0 23
0 42
0 40
0 11
0 78
0 29
0 56
0 8
0 94
0 58
0 71
0 48
0 33
0 37
0 68
0 49
0 79
0 4
0 95
0 75
0 44
0 55
0 32
0 25
0 35
0 84
0 10
0 66
0 90
0 27
0 59
0 64
0 17
0 46
0 1
0 24
0 57
0 52
0 51
0 14
0 69
0 5
0 20
0 12