67 75 59 66 58 74 68 76 81 82 49 50 60 57 65 73 48 80 69 83 77 86 87 88 39 40 41 51 61 47 38 70 89 84 78 91 92 93 30 31 32 33 42 52 62 71 79 95 96 22 23 24 25 26 34 43 53 63 98 16 17 18 19 27 20 35 44 54 11 12 13 14 7 8 9 4 5 2
67 75
67 59
67 66
67 58
67 74
67 68
75 76
75 81
75 82
59 49
59 50
59 60
66 57
66 65
66 73
58 48
74 80
68 69
76 83
76 77
81 86
81 87
82 88
49 39
49 40
50 41
50 51
60 61
57 47
48 38
69 70
83 89
83 84
77 78
86 91
87 92
88 93
39 30
39 31
40 32
41 33
41 42
51 52
61 62
70 71
78 79
91 95
92 96
30 22
30 23
31 24
32 25
33 26
33 34
42 43
52 53
62 63
95 98
22 16
23 17
24 18
25 19
26 27
26 20
34 35
43 44
53 54
16 11
17 12
18 13
19 14
11 7
12 8
13 9
7 4
8 5
4 2