13 71 0 82 26 30 85 35 90 27 47 24 80 42 5 14 17 63 49 46 37 8 52 60 43 10 44 31 4 21 97 57 50 41 11 34 29 12 69 53 32 87 51 25 20 3 6 76 23 55 9 58 1 38 19 54 36 40 59 7 81 22 18 16 56 78 33 39 94 88 83 2
13 71
71 0
0 82
0 2
82 26
26 30
30 85
30 35
35 90
35 27
27 47
27 24
27 57
27 33
27 83
24 80
24 42
42 5
42 49
42 97
5 14
5 63
14 17
49 46
46 37
37 8
37 52
52 60
60 43
60 44
43 10
44 31
31 4
4 21
57 50
57 53
50 41
50 11
11 34
11 69
34 29
29 12
53 32
53 22
32 87
32 51
51 25
25 20
25 23
25 55
25 54
25 81
20 3
20 76
3 6
55 9
9 58
58 1
1 38
38 19
54 36
36 40
36 59
59 7
22 18
22 78
18 16
18 56
33 39
33 88
39 94