4 75 59 20 84 18 29 23 15 48 56 7 83 2 47 12 74 43 79 31 32 11 97 76 50 87 35 55 93 24 77 13 30 8 26 28 19 80 86 71 90 51 39 94 81 72 0 14 53 42 46 10 92 70 34 64 27 99 44 16 33 57 38 6 45 22 60 98 68 96 17 37 61 1 40
4 75
4 59
59 20
20 84
20 14
84 18
84 29
29 23
29 42
23 15
15 48
15 7
15 34
48 56
48 16
56 19
7 83
7 80
7 1
83 2
83 43
2 47
2 79
2 10
47 12
47 74
12 90
12 68
74 33
43 96
79 31
31 32
32 11
32 86
11 97
11 76
76 50
50 87
87 35
35 55
35 93
35 26
35 70
93 24
93 77
93 27
24 46
77 13
13 30
13 8
30 51
8 60
26 28
86 71
51 39
51 94
39 72
94 81
72 0
0 40
14 53
53 17
10 92
70 64
27 99
99 44
33 57
33 38
38 6
6 45
6 22
60 98
17 37
37 61