91 85 16 4 26 97 51 86 65 33 75 0 94 11 71 95 42 63 39 30 12 58 74 60 37 68 61 24 41 80 55 6 98 1 7 45 27 8 64 90 73 99 52 70 53 50 40 10 93 47 23 67 56 92 19 32 62 87 77 9 5 57 72 79 15 81 28 34 66
91 85
85 16
16 4
16 26
16 71
16 37
16 62
26 97
26 60
26 57
26 28
97 51
97 86
97 65
86 75
86 94
65 33
75 0
75 73
94 11
71 95
71 42
71 34
95 63
42 39
39 30
30 12
12 58
12 99
58 74
58 68
58 72
60 64
68 61
61 24
61 55
61 98
24 41
41 80
41 7
80 90
55 6
55 27
6 1
6 45
98 66
27 8
8 15
90 32
99 52
99 56
52 70
52 93
70 53
53 50
53 40
53 47
40 10
40 92
47 23
47 67
67 79
92 19
62 87
62 77
62 9
9 5
15 81