66 43 6 20 14 67 50 8 49 82 40 5 41 63 12 1 30 36 3 34 81 80 56 10 16 74 75 90 21 2 33 91 92 99 47 32 73 86 71 15 72 76 17 78 59 11 60 46 39 4 38 97 24 98 27 0 25 42 88 95 89 23 96 94 62 26 83 19 9 54 53 93 22 52 84 79 68 18 61 48 7 85 65 13 64 69 37 57 55 87 28 51 70 29 58 77 35 31 44 45
66 43
43 6
6 20
20 14
14 67
67 50
67 45
50 8
8 49
49 82
82 40
40 5
5 41
41 63
63 12
12 1
1 30
30 36
36 3
3 34
34 81
81 80
80 56
56 10
56 44
10 16
16 74
16 75
75 90
90 21
21 2
2 33
2 31
33 91
33 35
91 92
92 99
99 47
47 32
32 73
32 71
73 86
71 15
15 72
72 76
76 17
17 78
17 77
78 59
59 11
11 60
11 58
60 46
60 29
46 39
39 4
4 38
38 97
97 24
97 69
24 98
98 27
27 0
27 85
27 65
0 25
0 26
25 42
42 88
88 95
95 89
95 23
95 62
23 96
23 94
26 83
26 61
83 19
19 9
19 84
9 54
9 53
9 52
53 93
93 22
84 79
79 68
79 18
61 48
48 7
65 13
13 64
69 37
69 51
69 70
37 57
37 28
57 55
55 87