42 36 35 28 26 25 33 27 31 29 30 39 32 38 44 41 46 47 34 15 14 5 2 6 4 7 13 19 1 0 3 10 11 17 16 40 60 53 51 50 61 58 52 56 54 55 64 57 63 69 67 66 59 65 62 76 75 78 85 86 77 81 80 89 88 92 91 18 43 68 93
42 36
36 35
35 28
28 26
26 25
26 27
25 33
25 34
27 31
27 29
27 30
31 32
30 39
30 38
39 40
38 44
38 41
38 43
41 46
41 47
34 15
15 14
14 5
5 2
5 13
2 6
2 4
2 1
6 7
13 19
13 16
13 18
1 0
1 3
3 10
10 11
11 17
40 60
60 53
60 61
53 51
51 50
51 52
50 58
50 59
61 67
61 62
52 56
52 54
52 55
56 57
55 64
55 63
64 65
63 69
63 66
63 68
65 76
76 75
76 78
76 77
78 85
85 86
86 92
77 81
77 80
80 89
80 88
88 91
88 93