56 54 57 55 53 58 59 51 52 60 50 61 62 48 49 63 47 64 65 45 46 66 44 68 67 42 43 69 41 71 70 40 39 72 38 74 73 36 37 75 35 77 34 33 78 32 80 30 31 81 29 83 27 28 84 26 86 24 25 87 23 89 21 90 20 92 18 93 17 95 15 96 14 98 12 11 9 8 6 5 3 2
56 54
56 57
56 55
54 53
57 58
57 59
53 51
53 52
59 60
51 50
60 61
60 62
50 48
50 49
62 63
48 47
63 64
63 65
47 45
47 46
65 66
45 44
66 68
66 67
44 42
44 43
68 69
42 41
69 71
69 70
41 40
41 39
71 72
39 38
72 74
72 73
38 36
38 37
74 75
36 35
75 77
35 34
35 33
77 78
33 32
78 80
32 30
32 31
80 81
30 29
81 83
29 27
29 28
83 84
27 26
84 86
26 24
26 25
86 87
24 23
87 89
23 21
89 90
21 20
90 92
20 18
92 93
18 17
93 95
17 15
95 96
15 14
96 98
14 12
12 11
11 9
9 8
8 6
6 5
5 3
3 2