21 85 15 9 4 46 22 70 99 28 3 73 7 31 48 72 98 40 51 10 77 49 78 62 53 66 25 43 5 52 18 39 96 47 76 64 67 69 33 60 97 13 14 65 35 24 23 57 16 32 45 68 87 86 30 36 88 54 90 29 63 20 93 2 61 84 59 42 8 92 55
21 85
85 15
85 9
9 4
9 46
9 63
9 93
9 55
4 7
4 48
4 98
4 32
46 22
46 18
46 76
22 70
22 99
22 49
22 87
70 16
99 28
99 3
28 78
28 62
28 86
28 61
3 73
7 31
7 77
7 29
31 52
31 30
48 72
48 67
98 40
40 51
51 10
62 53
62 43
53 66
53 25
53 57
53 88
25 5
43 36
18 39
18 96
18 68
96 47
76 64
67 69
69 33
69 60
69 13
69 35
60 97
60 59
13 14
13 65
13 24
24 23
32 45
32 84
68 92
88 54
54 90
63 20
93 2
59 42
42 8