46 86 2 78 38 61 73 32 64 21 0 39 79 7 42 37 70 34 74 10 22 5 67 94 92 49 16 68 44 65 41 1 75 23 17 72 90 58 51 29 18 53 77 24 12 98 76 15 84 27 36 48 54 3 81 59 33 62 82 99 63 47 93 9 88 20 35 40 89 14 56 11 60 50 55 66 69 91 85 19 97 8 96 28 87 4 45 71 80 83 95 13 57 30 26 52 43 31 25 6
46 86
86 2
2 78
78 38
38 61
61 73
73 32
32 64
64 21
21 0
0 39
39 79
79 7
7 42
42 37
37 70
70 34
34 74
74 10
10 22
22 5
22 6
5 67
67 94
94 92
92 49
49 16
16 68
68 44
44 65
44 25
65 41
65 31
41 1
1 75
75 23
23 17
17 72
72 90
90 58
58 51
58 29
29 18
18 53
53 77
77 24
77 43
24 12
24 26
12 98
98 76
98 15
15 84
84 27
27 36
36 48
48 54
48 30
54 3
54 57
3 81
81 59
59 33
33 62
62 82
62 99
62 63
63 47
63 13
47 93
93 9
9 88
88 20
20 35
35 40
35 95
40 89
40 14
14 56
14 28
56 11
56 96
11 60
11 97
60 50
50 55
55 66
55 19
66 69
66 85
69 91
97 8
28 87
28 45
87 4
45 71
71 80
80 83
26 52