50 45 25 23 26 30 46 60 63 1 2 3 21 39 82 54 44 40 33 78 66 84 92 77 14 17 47 53 73 16 18 19 24 85 27 28 62 6 7 22 4 9 8 38 51 35 61 10 11 12 13 34 20 43 59 48 37 5 65 76 72 79 91 98 52 56 69 74 36 55 95 71 87 15 32 88 29 86 80 97 94 90 41 42 99 58 64 68 70 83 57 75 81 96 31 0 67 89 49 93
50 45
45 25
25 23
23 26
23 46
26 30
46 60
46 49
46 93
60 63
63 1
63 67
1 2
2 3
3 21
3 39
3 31
3 0
39 82
39 54
54 44
44 40
44 64
44 57
44 81
44 96
40 33
33 78
33 90
33 41
33 99
33 58
78 66
78 97
78 94
66 84
66 80
84 92
84 77
77 14
77 86
14 17
14 15
17 47
17 36
47 53
47 16
53 73
16 18
18 19
19 24
19 20
24 85
24 27
24 6
27 28
28 62
6 7
6 22
6 4
6 8
6 10
4 9
8 38
8 35
38 51
35 61
10 11
11 12
12 13
13 34
20 43
43 59
43 48
43 52
48 37
48 65
37 5
65 76
65 91
65 98
76 72
72 79
52 56
56 69
56 74
36 55
36 87
55 95
55 71
15 32
15 88
15 29
41 42
64 68
64 83
68 70
57 75
67 89