25 13 10 26 14 30 28 21 75 73 20 6 18 23 17 4 0 29 11 22 31 1 19 12 7 27 87 85 8 5 9 16 3 40 38 2 37 39 15 64 62 63 61 32 98 97 24 81 83 82 84 66 68 65 67 51 49 52 50 43 41 44 42 88 86 47 45 48 46 57 59 58 60 72 70 71 69 35 33 36 34 95 93 96 94 78 80 77 79 55 53 56 54 91 89 92 90 74 76
25 13
13 10
10 26
26 14
14 30
30 28
28 21
21 75
75 73
73 20
20 6
20 74
6 18
18 23
23 17
17 4
4 0
0 29
29 11
29 91
29 92
11 22
11 55
11 56
22 31
22 78
22 77
31 1
31 95
31 96
1 19
1 35
1 36
19 12
19 72
19 71
12 7
12 57
12 58
7 27
7 47
7 48
27 87
27 8
27 88
87 85
8 5
5 9
5 43
5 44
9 16
9 51
9 52
16 3
16 66
16 65
3 40
40 38
38 2
2 37
2 15
37 39
15 64
15 63
15 32
64 62
63 61
32 98
32 97
32 24
24 81
24 82
81 83
82 84
66 68
65 67
51 49
52 50
43 41
44 42
88 86
47 45
48 46
57 59
58 60
72 70
71 69
35 33
36 34
95 93
96 94
78 80
77 79
55 53
56 54
91 89
92 90
74 76