65 64 23 24 40 31 58 57 56 49 48 35 55 54 38 9 10 66 67 68 69 70 71 72 88 87 61 62 63 81 80 79 84 83 82 85 86 50 74 73 75 11 12 13 14 15 19 18 17 34 33 32 6 5 4 3 2 1 0 45 46 27 28 29 26 77 76 47 44 43 42 59 41 36 22 21 20 7 51 52 53
65 64
64 23
23 24
24 40
40 31
31 58
58 57
57 56
56 49
49 48
48 35
35 55
55 54
54 38
38 9
9 10
10 66
66 67
67 68
68 69
69 70
70 71
71 72
72 88
88 87
87 61
61 62
62 63
62 81
81 80
80 79
80 84
84 83
84 85
83 82
85 86
86 50
50 74
50 51
74 73
74 75
75 11
11 12
12 13
13 14
14 15
15 19
19 18
18 17
17 34
34 33
34 6
33 32
6 5
5 4
5 45
4 3
3 2
2 1
1 0
45 46
45 44
46 27
46 77
46 47
27 28
27 26
28 29
77 76
44 43
43 42
42 59
42 41
41 36
36 22
22 21
21 20
20 7
51 52
52 53