43 44 42 45 41 46 40 47 39 48 38 49 37 50 36 59 52 51 35 60 55 53 56 34 61 62 57 54 33 63 64 58 32 67 65 31 68 66 30 69 29 70 72 27 71 73 25 74 24 26 76 75 23 78 77 22 79 21 19 80 18 81 17 82 13 83 12 84 10 14 85 9 15 86 0 87 1 2 88 3 5 89 7 90 91 92 93 94 95 96 97 98
43 44
43 42
44 45
42 41
45 46
41 40
46 47
40 39
47 48
39 38
48 49
38 37
49 50
37 36
50 59
50 52
50 51
36 35
59 60
52 55
52 53
51 56
35 34
60 61
60 62
55 57
53 54
34 33
62 63
62 64
57 58
33 32
63 67
64 65
32 31
67 68
65 66
31 30
68 69
30 29
69 70
69 72
29 27
70 71
72 73
27 25
73 74
25 24
25 26
74 76
74 75
24 23
76 78
75 77
23 22
77 79
22 21
22 19
79 80
19 18
80 81
18 17
81 82
17 13
82 83
13 12
83 84
12 10
12 14
84 85
10 9
14 15
85 86
9 0
86 87
0 1
0 2
87 88
2 3
2 5
88 89
5 7
89 90
90 91
91 92
92 93
93 94
94 95
95 96
96 97
97 98