12 98 91 75 46 27 60 66 7 76 95 63 87 3 93 72 61 25 70 17 80 13 82 45 40 31 10 36 94 44 22 50 18 33 77 26 49 15 16 96 4 62 24 6 48 56 88 20 58 8 78 92 68 85 9 84 99 83 0 14 19 52 74 29 65 21 47 41 73 57 11 5 53 89 37 34 90 64 97 79 43 51 23 2 1 71 54 81 69 28 35 86 32 39 30 55 42 59 38 67
12 98
98 91
91 75
75 46
46 27
27 60
60 66
66 7
7 76
76 95
95 63
63 87
87 3
3 93
93 72
72 61
61 25
25 70
70 17
17 80
80 13
13 82
82 45
45 40
40 31
31 10
10 36
36 94
94 44
44 22
22 50
50 18
18 33
33 77
77 26
26 49
49 15
15 16
16 96
96 4
4 62
62 24
24 6
6 48
48 56
56 88
88 20
20 58
58 8
8 78
78 92
92 68
68 85
85 9
9 84
84 99
99 83
83 0
0 14
14 19
19 52
52 74
74 29
29 65
65 21
21 47
47 41
41 73
73 57
57 11
11 5
5 53
53 89
89 37
37 34
34 90
90 64
64 97
97 79
79 43
43 51
51 23
23 2
2 1
1 71
71 54
54 81
81 69
69 28
28 35
35 86
86 32
32 39
39 30
30 55
55 42
42 59
59 38
38 67