19 26 4 9 28 8 12 17 0 30 10 2 13 59 18 15 5 23 16 31 29 25 32 22 24 21 3 14 11 55 20 74 27 88 6 46 1 36 35 45 87 73 56 61 63 62 64 40 38 39 37 82 84 81 83 77 79 78 80 98 97 92 90 91 89 95 93 96 94 66 68 65 67 43 41 44 42 70 69 71 60 50 49
19 26
26 4
4 9
9 28
28 8
8 12
8 50
8 49
12 17
17 0
0 30
30 10
10 2
2 13
13 59
13 18
13 60
18 15
18 70
18 69
15 5
5 23
5 43
5 44
23 16
16 31
16 66
16 65
31 29
31 95
31 96
29 25
29 92
29 91
25 32
32 22
32 98
32 97
22 24
22 77
22 78
24 21
24 82
24 81
21 3
3 14
3 40
3 39
14 11
14 61
14 62
11 55
11 20
11 56
20 74
20 27
20 73
27 88
27 6
27 87
6 46
6 1
6 45
1 36
1 35
61 63
62 64
40 38
39 37
82 84
81 83
77 79
78 80
92 90
91 89
95 93
96 94
66 68
65 67
43 41
44 42
69 71