80 94 82 58 0 86 27 44 54 3 18 10 42 32 74 33 57 37 65 16 25 97 8 28 69 12 61 14 59 96 39 72 75 98 81 67 21 83 31 7 55 52 71 36 49 23 79 5 41 92 51 68 60 6 50 13 17 29 35 77 95
80 94
80 82
80 58
80 0
94 86
94 27
82 44
82 54
58 3
58 18
58 10
58 42
0 32
0 74
0 33
86 57
86 37
27 65
54 16
54 25
3 97
3 8
3 28
10 69
10 12
10 61
42 14
42 59
42 96
42 39
42 72
74 75
74 98
33 81
33 67
37 21
37 83
37 31
37 7
37 55
65 52
65 71
16 36
97 49
97 23
8 79
8 5
28 41
28 92
12 51
14 68
59 60
96 6
75 50
67 13
83 17
36 29
49 35
92 77
13 95