14 17 6 45 37 53 33 55 10 57 49 8 50 56 39 4 18 81 59 11 60 98 24 99 97 44 35 3 34 82 19 84 46 7 47 96 23 94 15 0 26 36 25 65 13 16 75 76 52 9 54 70 48 69 62 12 61 42 5 40 58 38 72 87 20 85 86 71 93 22 91 78 28 1 30 29 92 66 73 51 67 41 89 21 88 90 79 63 74 64 68 27 43 95 83 80 77 32 2 31
14 17
17 6
6 45
45 37
37 53
53 33
33 55
55 10
10 57
57 49
49 8
8 50
50 56
56 39
39 4
4 18
18 81
81 59
59 11
11 60
60 98
98 24
24 99
24 97
97 44
44 35
35 3
3 34
34 82
82 19
19 84
84 46
84 32
46 7
7 47
47 96
96 23
23 94
23 15
23 95
15 0
0 26
0 25
0 27
26 36
25 65
65 13
65 68
13 16
16 75
16 74
75 76
76 52
76 62
52 9
9 54
54 70
70 48
48 69
62 12
12 61
12 63
61 42
42 5
5 40
40 58
58 38
58 93
38 72
72 87
87 20
20 85
20 86
86 71
93 22
22 91
22 92
91 78
91 28
28 1
1 30
1 29
92 66
66 73
73 51
73 67
67 41
41 89
89 21
89 79
21 88
88 90
74 64
27 43
95 83
95 80
80 77
32 2
2 31