25 16 48 91 80 44 88 76 87 1 20 29 14 42 68 36 85 74 71 27 6 38 98 77 52 4 12 99 84 69 89 30 28 83 21 79 70 81 65 34 9 37 54 75 51 33 49 46 82 2 64 62 78 24 86 45 0 90 39 15 72 56 47 22 17 43
25 16
25 48
25 17
16 27
48 91
91 80
91 14
80 44
80 0
44 88
44 76
44 42
44 38
44 98
88 46
76 87
76 20
76 6
76 90
87 1
87 74
20 29
20 71
20 39
42 68
42 85
42 33
68 36
98 77
98 81
77 52
77 12
77 37
52 4
12 99
12 21
99 84
99 69
69 89
69 28
69 54
89 30
30 83
21 79
21 70
21 34
21 9
81 65
81 22
54 75
54 51
75 56
33 49
49 43
46 82
46 64
82 2
64 62
64 78
78 24
24 86
86 45
39 15
15 72
56 47