63 15 23 0 11 4 13 31 21 27 9 6 25 3 7 26 5 12 28 24 14 62 64 29 30 8 19 1 22 17 10 20 74 16 65 32 18 2 38 37 70 69 66 73 75 53 54 77 79 78 80 35 33 36 34 50 52 49 51 93 95 94 96 92 90 91 89 81 83 82 84 58 60 57 59 43 41 44 42 86 88 85 87 47 45 48 46
63 15
15 23
23 0
0 11
11 4
4 13
13 31
31 21
21 27
27 9
9 6
6 25
25 3
3 7
7 26
7 47
7 48
26 5
26 86
26 85
5 12
5 43
5 44
12 28
12 58
12 57
28 24
24 14
24 81
24 82
14 62
14 29
62 64
29 30
29 92
29 91
30 8
30 93
30 94
8 19
8 50
8 49
19 1
1 22
1 35
1 36
22 17
22 77
22 78
17 10
10 20
10 53
10 54
20 74
20 16
20 73
16 65
16 32
16 66
32 18
18 2
18 70
18 69
2 38
2 37
73 75
77 79
78 80
35 33
36 34
50 52
49 51
93 95
94 96
92 90
91 89
81 83
82 84
58 60
57 59
43 41
44 42
86 88
85 87
47 45
48 46