0 91 10 35 65 76 18 68 22 97 24 54 36 56 38 39 96 83 72 29 27 30 87 32 6 12 13 88 67 82 75 57 40 85 79 34 60 70 78 81 64 94 43 89 44 33 49 20 25 23 48 80 58 31 9 61 28 14 73 63 15 19 8 93 62 74 2 41 53 92 84 90 37
0 91
0 10
10 35
35 65
35 76
65 37
76 18
76 68
76 22
22 97
97 24
97 9
97 74
24 54
24 36
54 96
36 56
36 29
56 38
38 39
39 61
96 83
96 72
29 27
29 30
29 31
27 87
27 90
87 32
32 6
32 12
32 70
12 13
13 88
88 67
67 82
82 75
82 57
75 40
75 34
57 85
85 79
79 92
34 60
70 78
70 48
70 80
78 81
81 64
81 94
64 8
94 43
94 19
43 89
43 49
89 44
89 23
44 33
49 20
49 53
20 25
80 58
61 28
61 14
14 73
73 63
63 15
8 93
8 62
74 2
74 41
41 84