96 53 39 21 35 56 87 6 75 15 32 23 28 14 47 57 45 92 8 90 13 1 73 43 51 24 98 66 37 95 10 46 62 5 64 2 63 29 70 54 7 4 30 55 12 0 49 91 67 83 68 25 18 42 72 88 11 59 69 74 61 52 85 41 86 77 27 34 50 36 94 40 79 44 19 3 76 26 97 93 20 89 60 16 80 65 22 81 78 71 31 9 82 33 48 99 17 38 84 58
96 53
53 39
39 21
21 35
35 56
56 87
87 6
6 75
75 15
15 32
32 23
23 28
28 14
14 47
47 57
57 45
45 92
92 8
8 90
90 13
13 1
1 73
73 43
43 51
51 24
24 98
98 66
66 37
37 95
95 10
10 46
46 62
62 5
5 64
64 2
2 63
63 29
29 70
70 54
54 7
7 4
4 30
30 55
55 12
12 0
0 49
49 91
91 67
67 83
83 68
68 25
25 18
18 42
42 72
72 88
88 11
11 59
59 69
69 74
74 61
61 52
52 85
85 41
41 86
86 77
77 27
27 34
34 50
50 36
36 94
94 40
40 79
79 44
44 19
19 3
3 76
76 26
26 97
97 93
93 20
20 89
89 60
60 16
16 80
80 65
65 22
22 81
81 78
78 71
71 31
31 9
9 82
82 33
33 48
48 99
99 17
17 38
38 84
84 58