54 58 88 32 21 1 22 0 87 67 61 89 2 28 47 57 60 33 40 43 36 44 80 5 65 38 90 71 42 85 74 84 94 77 27 8 4 37 45 86 34 12 52 24 14 78 83 46 93 30 56 91 20 79 70 69 75 31 72 18 98 39 49 11 26 29 9 64 68
54 58
54 32
58 88
58 0
88 21
88 1
88 22
88 80
88 64
32 2
32 72
21 46
1 67
0 87
0 89
87 85
87 68
67 61
67 78
2 28
2 47
2 57
28 60
47 49
60 33
60 40
33 43
43 36
43 65
43 9
36 44
36 90
80 5
65 38
65 11
90 71
90 56
90 18
71 42
42 83
85 74
74 84
74 24
84 94
84 77
84 27
77 8
8 4
8 37
37 45
37 30
45 86
45 34
86 31
34 12
12 52
24 14
46 93
56 91
56 20
20 79
79 70
79 69
79 75
18 98
18 39
11 26
26 29