56 54 28 77 40 20 46 75 10 60 50 59 81 87 90 48 18 84 38 21 74 96 30 25 57 23 97 42 63 5 86 62 37 36 80 66 72 83 41 67 65 85 79 61 43 9 45 33 29 11 4 1 73 17 51 94 91 95 88 39 93 71 19 31 0 12 70 22 24 82 14 49 27 34 47 3 89 6 68 8 16 55 92 35 69 99 7 78 15 53 2 64 52 58 44 98 76 13 32 26
56 54
54 28
28 77
77 40
40 20
20 46
46 75
75 10
10 60
60 50
50 59
59 81
81 87
87 90
90 48
48 18
18 84
84 38
38 21
21 74
74 96
96 30
30 25
25 57
57 23
23 97
97 42
42 63
63 5
5 86
86 62
62 37
37 36
36 80
80 66
66 72
72 83
83 41
41 67
67 65
65 85
85 79
79 61
61 43
43 9
9 45
45 33
33 29
29 11
11 4
4 1
1 73
73 17
17 51
51 94
94 91
91 95
95 88
88 39
39 93
93 71
71 19
19 31
31 0
0 12
12 70
70 22
22 24
24 82
82 14
14 49
49 27
27 34
34 47
47 3
3 89
89 6
6 68
68 8
8 16
16 55
55 92
92 35
35 69
69 99
99 7
7 78
78 15
15 53
53 2
2 64
2 52
52 58
58 44
44 98
98 76
76 13
13 32
13 26