54 50 86 91 11 71 58 9 26 49 19 67 5 93 84 69 16 47 36 68 80 61 76 59 81 66 52 29 33 82 3 21 30 78 2 20 7 64 31 35 56 0 8 46 53 83 18 90 88 73 12 24 23 10 14 75 25 85 70 87 6 97 44 15 4 32 13 79 94 62 51
54 50
50 86
86 91
91 11
11 71
11 68
11 33
11 30
11 78
11 2
71 58
71 61
71 20
71 7
71 64
71 0
71 90
71 23
71 10
71 14
71 75
71 62
58 9
58 76
58 52
58 25
9 26
9 47
9 59
9 81
9 8
9 70
9 87
26 49
26 16
26 56
26 46
26 83
49 19
19 67
67 5
5 93
93 84
84 69
47 36
47 29
47 82
47 31
47 53
47 73
47 15
68 80
59 66
59 3
59 35
59 4
59 94
81 21
81 24
81 85
8 18
8 88
8 12
8 6
8 97
8 44
70 13
70 51
87 32
87 79