3 26 60 17 0 90 91 92 22 21 39 49 35 32 33 11 79 78 63 56 24 43 72 10 75 93 53 50 12 86 71 95 47 46 68 25 88 38 44 31 66 9 8 73 58 15 45 52 6 55 57 34 96 7 4 69 20 54 40 23 84 94
3 26
26 60
60 17
17 0
0 90
90 91
91 92
91 24
91 43
92 22
92 93
92 47
92 66
92 52
92 57
92 54
22 21
22 56
22 75
22 86
22 71
22 25
22 73
22 55
22 34
22 23
22 84
21 39
21 11
21 72
21 88
21 8
21 15
21 45
21 6
21 96
21 20
39 49
39 10
39 53
39 50
39 46
39 44
39 9
39 58
39 4
39 40
39 94
49 35
35 32
32 33
11 79
11 12
11 95
11 68
11 38
11 31
11 7
11 69
79 78
78 63