0 46 75 11 27 66 19 38 41 69 47 56 64 31 28 49 76 83 97 48 8 5 32 58 59 55 74 7 84 34 30 33 21 16 72 57 65 63 89 93 81 42 25 68 54 43 35 40 50 22 44 52 73 92 39 60 3 88 91 6 78 87 94 20 18 17 29 10 80 1 26 45 12 36 53 95 79 24 4 96 15 67 14 37 82 77 90 9
0 46
46 75
75 11
11 27
27 66
66 19
19 38
38 41
41 69
69 47
47 56
56 64
64 31
31 28
28 49
49 76
76 83
83 97
97 48
48 8
8 5
5 32
32 58
58 59
59 55
55 74
74 7
7 84
84 34
34 30
34 9
30 33
33 21
33 16
33 90
16 72
72 57
57 65
65 63
63 89
89 93
93 81
81 42
81 25
25 68
68 54
68 67
68 77
54 43
43 35
35 40
40 50
40 79
40 15
50 22
50 45
50 12
22 44
44 52
44 26
52 73
52 88
52 1
73 92
92 39
92 3
39 60
88 91
91 6
6 78
78 87
78 10
87 94
94 20
20 18
18 17
17 29
10 80
12 36
12 53
53 95
79 24
79 4
4 96
67 14
14 37
37 82