45 44 47 46 43 48 42 49 51 40 50 52 53 39 41 54 37 55 35 36 56 57 34 58 33 59 31 60 32 28 30 61 62 27 29 63 67 65 24 26 64 68 66 69 25 23 70 22 71 20 72 19 73 16 74 14 18 75 77 76 12 79 10 80 9 82 7 83 6 3 84 1 85 87 88 89 92 94 95 98
45 44
45 47
44 46
44 43
47 48
43 42
48 49
48 51
42 40
49 50
51 52
51 53
40 39
40 41
52 54
39 37
54 55
37 35
37 36
55 56
55 57
35 34
56 58
34 33
58 59
33 31
59 60
31 32
31 28
31 30
60 61
60 62
28 27
30 29
61 63
62 67
62 65
27 24
27 26
63 64
67 68
67 66
67 69
24 25
24 23
69 70
23 22
70 71
22 20
71 72
20 19
72 73
19 16
73 74
16 14
16 18
74 75
74 77
74 76
14 12
77 79
12 10
79 80
10 9
80 82
9 7
82 83
7 6
7 3
83 84
3 1
84 85
85 87
87 88
88 89
89 92
92 94
94 95
95 98