60 68 81 95 69 31 45 46 76 53 9 99 71 27 94 13 49 26 88 10 39 2 41 78 73 62 15 32 48 70 61 28 52 90 16 44 17 20 18 1 97 40 33 42 22 77 87 6 65 96 23 30 34 54 3 36 91 56 37 7 72 79 55 11 84 47 58
60 68
60 81
81 95
81 31
81 15
81 20
81 30
95 69
31 45
31 53
31 1
31 54
31 55
45 46
45 9
45 13
45 62
45 65
46 76
9 99
99 71
99 27
71 94
94 78
13 49
13 10
49 26
26 88
26 41
10 39
10 2
10 48
2 32
2 6
78 73
78 44
73 96
62 34
32 61
48 70
48 84
70 77
61 28
61 90
61 16
28 52
52 47
44 17
20 18
1 97
1 40
40 33
33 42
42 22
77 87
77 58
96 23
96 36
54 3
36 91
36 37
91 56
37 7
7 72
72 79
55 11