20 96 35 24 33 39 46 79 85 6 29 77 45 67 93 7 59 71 68 25 86 66 14 75 22 76 40 48 12 47 26 13 41 81 1 31 80 89 44 58 54 42 83 72 87 5 10 4 98 28 9 36 88 95 64 43 62 53 27 3 52 97 51 11 91 61 94
20 96
20 33
96 35
35 24
33 39
39 46
46 79
46 85
46 86
85 6
85 29
6 77
6 48
29 71
77 45
45 67
45 59
67 93
93 7
71 68
71 14
68 25
86 66
86 22
86 76
86 94
14 75
76 40
48 12
48 47
48 51
47 26
47 13
13 41
41 81
41 1
1 31
1 80
1 11
31 89
80 9
89 44
89 58
44 54
54 42
42 83
42 87
42 3
83 72
83 98
72 10
72 28
72 52
87 5
10 4
28 91
9 36
9 95
36 88
36 43
95 64
64 62
62 53
62 27
52 97
91 61