19 45 9 44 7 43 6 8 37 5 40 46 28 14 15 31 10 4 41 38 47 42 29 30 13 16 2 0 3 39 51 48 56 50 35 34 1 11 52 55 57 49 71 60 72 12 20 18 21 54 61 58 70 74 17 22 64 73 69 76 23 77 66 68 75 87 27 26 24 78 82 88 25 79 83 89
19 45
19 9
19 44
19 7
45 43
9 6
9 8
44 37
7 5
43 40
43 46
8 28
8 14
8 15
37 31
5 10
5 4
40 41
40 38
46 47
46 42
28 29
28 30
14 13
15 16
10 2
10 0
10 3
38 39
47 51
47 48
47 56
42 50
30 35
30 34
0 1
3 11
51 52
51 55
48 57
48 49
56 71
56 60
50 72
1 12
11 20
11 18
11 21
52 54
55 61
57 58
71 70
72 74
12 17
20 22
54 64
70 73
70 69
74 76
22 23
73 77
69 66
69 68
76 75
76 87
23 27
23 26
23 24
77 78
75 82
87 88
24 25
78 79
82 83
88 89