48 26 7 44 63 92 70 59 0 46 1 47 6 12 22 52 15 11 4 27 25 88 69 53 29 68 40 33 43 8 5 61 62 13 93 24 2 10 91 9 80 72 71 20 58 60 39 38 35 75 84 51 21 14 73 66 36 79 42 89 82 90 78 16
48 26
48 7
48 44
48 63
48 92
48 70
48 59
26 0
7 46
7 1
7 47
44 6
63 12
92 22
70 52
70 15
59 11
0 4
0 27
0 25
46 88
46 69
46 53
1 29
47 68
47 40
47 33
6 43
6 8
12 5
12 61
12 62
12 13
22 93
22 24
22 2
22 10
22 91
22 9
52 80
15 72
15 71
11 20
11 58
11 60
4 39
4 38
25 35
25 75
25 84
25 51
88 21
69 14
53 73
53 66
29 36
68 79
5 42
61 89
61 82
93 90
93 78
24 16