3 83 9 82 62 81 80 79 5 84 85 27 28 92 91 70 34 36 37 17 12 11 26 93 43 71 66 48 47 73 72 38 39 24 25 1 0 2 63 64 8 97 99 98 46 90 49 76 77 75 35 41 40 6 55 54 53 52 89 44 86 32 87 96 59 14 13 30 15 18 21 22 67 68
3 83
83 9
83 62
83 5
83 84
9 82
82 81
81 80
80 79
80 92
5 6
84 85
85 27
27 28
92 91
92 70
92 12
92 93
91 90
70 34
70 71
34 36
36 37
36 35
36 55
37 17
12 11
11 26
93 43
71 66
71 73
71 72
66 48
66 99
48 47
47 46
73 38
73 24
73 89
72 1
72 8
72 44
38 39
24 25
1 0
1 2
2 63
63 64
64 97
97 96
99 98
99 59
46 18
90 49
49 76
76 77
76 75
75 21
35 41
41 40
55 54
54 53
53 52
53 86
86 32
86 87
59 14
14 13
14 15
13 30
21 22
22 67
67 68