14 4 5 6 7 8 9 19 29 39 49 48 38 28 18 17 16 15 24 23 22 32 42 52 62 72 73 74 75 76 77 67 57 47 46 36 35 34 33 43 53 63 64 55 54 44 45 65 66 25 26 27 58 68 78 88 87 86 85 84 83 82 81 71 61 51 41 31 21 11 12 40 50 60 70 80 90 91 92 93 94 95 96 97 98 99 89 79 69 30 20 10 0 1 2 3
14 4
4 5
5 6
6 7
7 8
8 9
9 19
19 29
29 39
39 49
49 48
48 38
38 28
28 18
18 17
17 16
16 15
15 24
24 23
23 22
22 32
32 42
42 52
52 62
62 72
72 73
73 74
74 75
75 76
76 77
77 67
67 57
57 47
47 46
47 58
46 36
36 35
35 34
35 25
34 33
33 43
43 53
53 63
63 64
64 55
55 54
54 44
44 45
45 65
65 66
25 26
26 27
58 68
68 78
78 88
88 87
87 86
86 85
85 84
84 83
83 82
82 81
81 71
71 61
61 51
51 41
41 31
41 40
31 21
21 11
11 12
40 50
40 30
50 60
60 70
70 80
80 90
90 91
91 92
92 93
93 94
94 95
95 96
96 97
97 98
98 99
99 89
89 79
79 69
30 20
20 10
10 0
0 1
1 2
2 3