34 77 86 18 65 30 75 2 57 29 90 37 82 54 69 95 32 72 49 14 96 91 92 19 70 9 10 76 45 33 36 42 12 21 28 50 26 80 99 8 7 88 5 71 47 13 66 17 63 31 98 16 40 89 11 94 51 55 41 61 79 85 27 15 3 58 25
34 77
34 65
34 57
77 86
86 18
86 41
18 25
65 30
65 26
65 58
30 75
30 2
57 29
57 37
29 90
29 28
37 82
37 95
82 54
82 17
54 69
54 3
69 14
95 32
95 49
95 16
32 72
14 96
14 85
96 91
91 92
91 9
91 79
92 19
92 70
70 10
10 76
76 45
76 12
45 33
45 36
45 42
45 66
33 50
33 51
12 21
50 80
80 99
99 8
99 7
8 88
88 5
88 61
5 71
71 47
71 31
47 13
66 55
17 63
31 98
31 89
16 40
16 27
89 11
11 94
27 15