56 55 57 54 58 53 59 52 60 51 61 50 62 99 49 63 98 48 64 97 47 65 96 46 66 95 45 67 94 44 68 93 43 69 92 42 70 91 41 71 90 40 72 89 39 73 88 38 74 87 37 75 86 36 76 85 35 77 84 34 78 83 33 79 82 32 31 30 29 28 27 26 25 24 23 22 21 20 19 18 17 16 15 14 13 12 11 10 9 8 7 6 5 4 3 2 1
56 55
56 57
55 54
57 58
54 53
58 59
53 52
59 60
52 51
60 61
51 50
61 62
50 99
50 49
62 63
99 98
49 48
63 64
98 97
48 47
64 65
97 96
47 46
65 66
96 95
46 45
66 67
95 94
45 44
67 68
94 93
44 43
68 69
93 92
43 42
69 70
92 91
42 41
70 71
91 90
41 40
71 72
90 89
40 39
72 73
89 88
39 38
73 74
88 87
38 37
74 75
87 86
37 36
75 76
86 85
36 35
76 77
85 84
35 34
77 78
84 83
34 33
78 79
83 82
33 32
32 31
31 30
30 29
29 28
28 27
27 26
26 25
25 24
24 23
23 22
22 21
21 20
20 19
19 18
18 17
17 16
16 15
15 14
14 13
13 12
12 11
11 10
10 9
9 8
8 7
7 6
6 5
5 4
4 3
3 2
2 1