85 21 8 49 4 34 64 67 66 2 3 0 76 99 92 11 42 56 55 58 91 24 60 45 71 98 68 12 79 46 20 50 22 25 48 41 70 35 54 29 97 93 30 77 31 83 44 18 36 65 7 5 23 15 43 1 52 73 53 51 69 72 38 96 16 17 88 37 94 63 95 89 75 10 9 84 47 28 87 62 26 14 39 78 59 80 13 86 81 40 57 74 32 33 61 6 82 27 19 90
85 21
21 8
8 49
49 4
4 34
34 64
64 67
67 66
66 2
2 3
3 0
0 76
76 99
99 92
92 11
11 42
42 56
56 55
55 58
58 91
91 24
24 60
60 45
45 71
71 98
98 68
68 12
12 79
79 46
46 20
20 50
50 22
22 25
25 48
48 41
41 70
70 35
35 54
54 29
29 97
97 93
93 30
30 77
77 31
31 83
83 44
44 18
18 36
36 65
65 7
7 5
5 23
23 15
15 43
43 1
1 52
52 73
73 53
53 51
51 69
69 72
72 38
38 96
96 16
16 17
17 88
88 37
37 94
94 63
63 95
95 89
89 75
75 10
10 9
9 84
84 47
47 28
28 87
87 62
62 26
26 14
14 39
39 78
78 59
59 80
80 13
13 86
86 81
81 40
40 57
57 74
74 32
32 33
33 61
61 6
6 82
6 27
27 19
19 90