65 81 96 50 89 40 28 70 19 87 42 9 67 38 54 35 75 94 79 39 34 91 46 68 17 11 62 14 22 47 74 98 24 30 27 6 53 36 23 10 49 5 88 86 33 48 93 2 15 60 31 4 52 92 37 45 0 12 97 18 69 51 77 66 82 26 29 90 44 13 8 72
65 81
65 89
65 70
81 96
96 50
50 2
89 40
40 28
70 19
70 77
19 87
87 42
42 9
42 67
9 18
67 38
67 54
67 31
38 69
54 35
35 75
35 46
35 10
35 44
75 94
75 23
94 79
94 39
94 17
94 90
79 53
79 45
79 0
79 12
39 34
39 98
39 24
34 91
34 49
46 68
46 11
46 6
11 62
11 14
62 74
62 27
14 22
22 47
22 88
98 51
24 30
6 13
53 36
49 5
5 37
5 82
88 86
86 33
33 48
48 93
2 15
15 60
31 4
4 52
52 92
12 97
77 66
82 26
82 29
13 8
8 72