63 36 16 43 52 72 23 76 71 50 54 95 69 47 60 26 64 97 8 81 83 20 75 2 21 87 29 18 6 86 96 53 88 58 17 25 84 91 45 66 85 10 14 1 65 38 79 48 77 4 41 0 9 94 37 15 55 12 7 67 27 99 93 30 11 78 61 28 74 49 80 40 51 34 82 44 90 3 68 57 5 70 89 33 56 92 22 19 42 24 59 62 13 46 73 32 35
63 36
36 16
16 43
43 52
52 72
72 23
23 76
76 71
71 50
50 54
54 95
95 69
69 47
47 60
60 26
26 64
64 97
97 8
8 81
81 83
83 20
20 75
75 2
2 21
21 87
87 29
29 18
18 6
6 86
86 96
96 53
53 88
88 58
58 17
17 25
25 84
84 91
91 45
45 66
66 85
85 10
10 14
14 1
1 65
65 38
38 79
79 48
48 77
77 4
4 41
41 0
0 9
9 94
94 37
37 15
15 55
55 12
12 7
7 67
67 27
27 99
99 93
93 30
30 11
11 78
78 61
61 28
28 74
74 49
49 80
80 40
40 51
51 34
34 82
82 44
44 90
90 3
3 68
68 57
57 5
5 70
70 89
89 33
33 56
56 92
92 22
22 19
19 42
42 24
24 59
59 62
62 13
13 46
13 35
46 73
73 32