50 59 64 55 51 57 56 58 52 62 53 61 63 60 17 13 4 0 3 14 8 2 19 18 16 6 7 5 11 9 10 15 12 1 20 27 29 26 21 24 28 23 22 25 30 31 32 33 34 35 36 37 38 39 40 44 43 48 42 41 45 49 46 47 76 78 69 85 91 94 81 87 89 80 98 86 99 97 93 92 83 82 90 96 95 84 88 79 70 75 77 71 72 68 66 67 65 74 73 54
50 59
59 64
64 55
55 51
51 57
57 56
56 58
56 54
58 52
52 62
62 53
53 61
53 17
61 63
63 60
17 13
17 76
13 4
4 0
0 3
3 14
3 20
14 8
8 2
2 19
19 18
18 16
16 6
16 1
6 7
7 5
5 11
11 9
11 15
9 10
15 12
20 27
27 29
29 26
29 30
26 21
21 24
24 28
28 23
23 22
22 25
30 31
31 32
32 33
33 34
34 35
35 36
36 37
37 38
38 39
39 40
40 44
44 43
43 48
48 42
42 41
41 45
45 49
49 46
46 47
76 78
78 69
78 73
69 85
69 79
85 91
91 94
94 81
81 87
87 89
89 80
89 92
80 98
98 86
86 99
99 97
97 93
92 83
83 82
82 90
90 96
96 95
95 84
84 88
79 70
79 75
79 77
79 71
79 72
79 68
79 66
79 67
79 65
79 74