59 82 50 8 51 98 40 5 9 54 27 0 10 55 45 6 44 87 39 4 12 63 89 29 52 71 15 22 91 53 96 97 24 99 31 2 32 48 7 46 94 80 18 79 47 37 86 20 85 93 81 75 83 19 84 28 1 23 95 38 68 14 69 67 42 73 16 74 61 30 72 64 13 3 34 35 26 36 66 65 41 76 17 78 58 11 60 77 21 88 56 90 33 43 49 92 70 62 57 25
59 82
82 50
50 8
8 51
51 98
98 40
40 5
5 9
9 54
54 27
27 0
0 10
0 25
10 55
10 57
55 45
45 6
6 44
44 87
87 39
39 4
4 12
12 63
63 89
89 29
29 52
29 71
71 15
15 22
15 70
22 91
22 92
91 53
91 96
96 97
97 24
97 43
24 99
99 31
31 2
2 32
2 21
2 33
32 48
48 7
7 46
46 94
94 80
80 18
80 76
18 79
79 47
47 37
47 41
37 86
86 20
20 85
85 93
93 81
93 75
75 83
83 19
19 84
84 28
28 1
28 72
1 23
1 30
23 95
95 38
95 73
38 68
38 42
68 14
14 69
14 67
73 16
16 74
74 61
72 64
64 13
13 3
13 66
13 65
3 34
3 35
3 36
35 26
76 17
17 78
17 77
78 58
58 11
11 60
21 88
88 56
56 90
43 49
70 62