86 74 78 69 94 81 84 80 98 88 67 59 57 51 48 55 56 49 60 68 36 24 28 44 31 34 30 38 50 64 17 9 7 1 5 6 18 20 23 27 40 33 37 39 70 77 90 83 22 35 46 85 96 82 19 42 93 97
86 74
86 78
86 94
86 84
86 98
86 85
86 96
74 67
78 69
78 77
94 81
94 83
94 82
94 93
94 97
81 80
81 90
98 88
67 59
67 68
67 70
59 57
59 64
57 51
51 48
51 55
51 50
48 49
48 36
48 38
48 37
48 39
55 56
55 60
36 24
36 28
36 44
36 34
36 35
36 46
24 17
24 23
24 22
28 27
44 31
44 33
44 42
31 30
31 40
17 9
17 18
17 20
17 19
9 7
7 1
1 5
5 6