11 12 10 13 9 14 8 15 7 45 50 47 48 49 46 16 6 44 51 17 5 43 52 18 4 42 53 19 3 41 54 20 2 40 55 21 1 39 56 22 0 38 57 23 69 37 58 24 68 36 59 25 67 35 60 26 66 34 61 27 65 33 62 28 32 29
11 12
11 10
12 13
10 9
13 14
9 8
14 15
8 7
15 45
15 50
15 47
15 48
15 49
15 46
15 16
7 6
45 44
50 51
16 17
6 5
44 43
51 52
17 18
5 4
43 42
52 53
18 19
4 3
42 41
53 54
19 20
3 2
41 40
54 55
20 21
2 1
40 39
55 56
21 22
1 0
39 38
56 57
22 23
0 69
38 37
57 58
23 24
69 68
37 36
58 59
24 25
68 67
36 35
59 60
25 26
67 66
35 34
60 61
26 27
66 65
34 33
61 62
27 28
33 32
28 29