74 39 0 50 1 89 43 63 64 7 8 92 59 30 55 68 2 4 17 81 71 48 35 65 61 88 87 97 12 3 18 49 6 53 54 25 95 73 56 98 21 37 52 23 99 58 42 13 60 33 93 86 70 67 36 94 46 22 9 45 77 38 5 16 24 51 32 62 41 78 85 72 96 82 31 34 15 28 44 66 69 40 84 27 83 79 57 26 47 90 10 20 76 80 29 75
74 39
39 0
0 50
50 1
1 89
89 43
43 63
63 64
64 7
7 8
8 92
92 59
59 30
30 55
55 68
68 2
2 4
4 17
17 81
81 71
71 48
48 35
35 65
65 61
61 88
88 87
87 97
97 12
12 3
3 18
18 49
49 6
6 53
53 54
54 25
25 95
95 73
73 56
56 98
98 21
21 37
37 52
52 23
23 99
99 58
58 42
42 13
13 60
60 33
33 93
93 86
86 70
70 67
67 36
36 94
94 46
46 22
22 9
9 45
45 77
77 38
38 5
5 16
16 24
24 51
51 32
32 62
62 41
41 78
78 85
85 72
72 96
96 82
82 31
31 34
34 15
15 28
28 44
44 66
66 69
69 40
40 84
84 27
27 83
83 79
79 57
57 26
26 47
47 90
90 10
10 20
20 76
76 80
80 29
29 75