87 24 44 13 40 4 16 60 56 63 53 3 68 52 73 84 5 95 49 54 39 8 10 64 43 61 66 50 28 92 93 42 77 62 7 58 70 78 71 74 29 19 55 38 31 14 37 82 0 12 91 20 98 51 15 45 72 11 88 96 35 23 36 18 46 89
87 24
24 44
24 4
44 13
44 92
13 40
40 52
40 73
40 84
4 16
4 60
4 70
16 56
60 53
56 63
53 3
53 68
53 93
84 5
84 49
84 54
5 95
5 61
95 64
95 58
54 39
39 8
39 50
39 55
39 18
8 10
8 89
64 43
43 28
61 66
50 12
93 42
93 77
77 62
62 7
7 78
58 91
58 98
78 71
78 74
71 29
29 19
55 38
55 31
38 0
31 14
31 36
14 37
37 82
91 20
98 51
98 46
51 15
51 72
15 45
72 11
11 88
88 96
96 35
35 23