7 0 20 3 27 19 22 9 11 15 32 5 14 29 92 90 28 12 2 17 24 21 30 26 6 23 79 77 80 78 1 36 34 18 70 72 4 16 66 68 10 13 25 84 82 8 49 51 31 95 93 96 94 50 52 83 81 59 57 60 58 53 55 54 56 65 67 42 44 41 43 69 71 35 33 46 48 45 47 85 87 86 88 76 74 75 73 38 40 37 39 89 91 62 64 61 63 98 97
7 0
0 20
20 3
3 27
27 19
19 22
22 9
9 11
11 15
15 32
32 5
32 98
32 97
5 14
14 29
14 62
14 61
29 92
92 90
90 28
28 12
28 89
12 2
2 17
2 38
2 37
17 24
24 21
21 30
21 76
21 75
30 26
26 6
26 85
26 86
6 23
6 46
6 45
23 79
23 80
23 1
79 77
80 78
1 36
1 18
1 35
36 34
18 70
18 4
18 69
70 72
4 16
4 42
4 41
16 66
16 10
16 65
66 68
10 13
10 53
10 54
13 25
13 59
13 60
25 84
25 8
25 83
84 82
8 49
8 31
8 50
49 51
31 95
31 96
95 93
96 94
50 52
83 81
59 57
60 58
53 55
54 56
65 67
42 44
41 43
69 71
35 33
46 48
45 47
85 87
86 88
76 74
75 73
38 40
37 39
89 91
62 64
61 63