32 30 85 84 0 87 93 68 92 95 69 98 67 4 96 78 74 76 72 89 80 40 90 88 81 94 66 91 73 79 71 86 70 97 75 82 99 83 77 7 39 42 8 29 48 36 37 41 38 17 25 12 33 46 20 28 57 49 60 56 63 11 15 22 2 61 59 31 6
32 30
32 85
30 84
30 0
0 87
0 93
0 68
0 92
0 95
0 69
0 98
0 67
0 4
0 96
0 78
0 74
0 76
0 72
0 89
0 80
0 40
0 90
0 88
0 81
0 94
0 66
0 91
0 73
0 79
0 71
0 86
0 70
0 97
0 75
0 82
0 99
0 83
0 77
68 7
92 39
95 42
69 8
4 29
4 48
89 36
90 37
94 41
91 38
73 17
79 25
71 12
86 33
97 46
75 20
82 28
39 57
39 49
42 60
48 56
48 63
38 11
33 15
46 22
28 2
57 61
11 59
61 31
31 6