3 29 74 26 36 40 85 50 11 82 2 93 33 80 4 13 63 75 38 61 69 7 41 89 35 48 98 95 92 77 91 99 10 17 34 90 23 22 37 21 60 39 8 59 6 94 15 79 96 54 24 31 12 20 73 58 87 97 53 9 71
3 29
3 74
3 26
3 36
3 40
29 85
29 50
29 11
74 82
26 2
26 93
36 33
36 80
36 4
36 13
36 63
40 75
40 38
85 61
85 69
82 7
82 41
82 89
82 35
2 48
2 98
2 95
2 92
2 77
93 91
93 99
93 10
33 17
80 34
80 90
4 23
63 22
75 37
38 21
38 60
61 39
89 8
48 59
48 6
48 94
95 15
95 79
95 96
95 54
77 24
77 31
77 12
10 20
21 73
39 58
39 87
54 97
24 53
24 9
12 71