3 1 2 4 8 16 32 64 80 65 35 17 34 88 81 67 39 19 38 9 18 37 66 36 92 89 83 70 44 22 45 11 5 10 20 41 68 40 82 69 42 21 43 23 47 71 46 0 93 90 85 75 55 27 13 26 52 74 53 6 12 24 48 72 49 84 73 51 25 50 54 91 86 76 57 28 56 14 7 15 31 63 79 87 78 61 30 60 62 29 58 77 59 33
3 1
1 2
2 4
4 8
8 16
16 32
32 64
64 80
64 33
80 65
80 88
65 35
35 17
17 34
88 81
88 92
81 67
67 39
39 19
19 38
19 9
9 18
18 37
37 66
66 36
92 89
92 0
89 83
83 70
70 44
44 22
22 45
22 11
11 5
11 23
5 10
10 20
20 41
41 68
68 40
68 82
82 69
69 42
42 21
21 43
23 47
47 71
71 46
0 93
93 90
93 91
90 85
85 75
75 55
55 27
27 13
27 54
13 26
13 6
26 52
52 74
74 53
6 12
12 24
24 48
48 72
72 49
72 84
84 73
73 51
51 25
25 50
91 86
86 76
76 57
57 28
28 56
28 14
14 7
14 29
7 15
15 31
31 63
63 79
79 87
79 62
87 78
78 61
61 30
30 60
29 58
58 77
77 59