42 45 31 96 35 44 3 29 65 8 11 24 77 18 86 88 81 93 87 27 85 19 97 90 55 54 60 28 37 34 14 83 26 15 22 98 49 2 16 64 58 56 0 61 67 12 68 41 23 20 43 25 6 10 99 71 17 47 95 4 62 51 78 76 32 66 91 92 57 52 33 40 70 38 94 46 72 1 89 30 75 84 50 59 69 82 36 9 80 48 73 7 39 5 21 74 63 53 13 79
42 45
45 31
31 96
96 35
35 44
44 3
3 29
29 65
65 8
8 11
11 24
24 77
77 18
18 86
86 88
88 81
81 93
93 87
87 27
27 85
85 19
19 97
97 90
90 55
55 54
54 60
60 28
28 37
37 34
34 14
14 83
83 26
26 15
15 22
22 98
98 49
49 2
2 16
16 64
64 58
58 56
56 0
0 61
61 67
67 12
12 68
68 41
41 23
23 20
20 43
43 25
25 6
6 10
10 99
99 71
71 17
17 47
47 95
95 4
4 62
62 51
62 79
51 78
78 76
76 32
32 66
66 91
91 92
92 57
57 52
52 33
33 40
40 70
70 38
38 94
94 46
94 13
46 72
46 53
72 1
1 89
89 30
30 75
75 84
75 63
84 50
50 59
50 36
59 69
59 82
36 9
9 80
80 48
80 73
80 39
73 7
39 5
39 74
5 21