98 81 80 75 76 79 77 82 78 84 86 89 83 96 85 94 87 92 90 99 65 64 55 50 51 54 52 57 53 59 61 63 56 73 58 71 60 69 62 67 66 70 72 74 40 39 30 25 26 29 27 32 28 34 36 38 31 48 33 46 35 44 37 42 41 49 18 17 12 11 3 2 1 0 4 5 7 9 6 14 8 21 10 19 15
98 81
98 99
81 80
80 75
80 89
75 76
75 79
76 77
76 82
77 78
77 84
82 83
78 86
84 85
86 87
89 90
83 96
85 94
87 92
99 65
65 64
65 66
64 55
55 50
55 56
50 51
50 54
51 52
51 57
54 63
52 53
52 59
57 58
53 61
59 60
61 62
56 73
73 74
58 71
71 72
60 69
69 70
62 67
74 40
40 39
40 41
39 30
30 25
30 31
25 26
25 29
26 27
26 32
29 38
27 28
27 34
32 33
28 36
34 35
36 37
31 48
48 49
33 46
35 44
37 42
49 18
18 17
17 12
12 11
11 3
3 2
2 1
2 9
1 0
1 7
0 4
0 5
5 6
5 14
7 8
9 10
14 15
8 21
10 19