19 7 28 29 10 76 0 74 8 34 41 63 24 95 40 39 11 68 1 31 14 33 67 50 27 13 51 32 54 2 52 37 42 46 26 64 38 58 59 21 98 47 25 16 96 91 75 87 94 83 85 78 72 93 22 88 71 80 17 35 69 15 84 23 9 70 86 77 30 5 92 36 99 81 89 18 73 3 79 48 97 4 90 82 20
19 7
19 11
7 28
28 29
28 67
29 10
10 76
76 0
0 74
0 95
0 68
0 98
0 16
0 96
0 91
0 75
0 87
0 94
0 83
0 85
0 78
0 72
0 93
0 88
0 71
0 80
0 69
0 84
0 70
0 86
0 77
0 92
0 99
0 81
0 89
0 73
0 79
0 97
0 90
0 82
74 8
8 34
8 52
8 25
34 41
41 63
63 24
95 40
40 39
40 27
68 1
1 31
31 14
31 26
14 33
67 50
27 13
13 51
51 32
32 54
54 2
52 37
37 42
42 46
26 64
64 38
38 58
58 59
59 21
98 47
16 35
16 15
75 9
83 22
72 5
88 30
71 4
80 17
84 23
70 3
92 36
99 48
81 18
82 20