73 54 59 11 60 84 86 21 41 7 79 93 6 27 72 51 91 75 83 92 4 67 15 32 37 39 90 14 94 46 20 22 12 44 29 36 82 38 34 99 87 65 23 26 57 40 1 18 8 30 24 9 74 56 58 69 48 89 85 95 63 19 52 50 76 61 78 53 17 71 98 55 62 31 88 97 45 81 68 80 16 28 5 43 77 64 49 0 25 70 96 3 2 47 66 13 42 33 10 35
73 54
54 59
54 35
59 11
11 60
60 84
84 86
86 21
21 41
41 7
7 79
79 93
79 10
93 6
93 33
6 27
27 72
72 51
51 91
91 75
75 83
83 92
92 4
4 67
67 15
67 42
15 32
32 37
37 39
39 90
90 14
14 94
94 46
46 20
20 22
20 13
22 12
22 3
12 44
12 70
44 29
44 82
29 36
82 38
82 64
38 34
38 77
34 99
34 78
99 87
87 65
65 23
65 57
65 40
65 1
23 26
1 18
18 8
18 19
8 30
8 74
8 56
30 24
24 9
56 58
56 85
58 69
69 48
69 89
85 95
95 63
19 52
52 50
52 76
76 61
78 53
53 17
17 71
71 98
71 68
98 55
55 62
55 31
55 88
88 97
97 45
45 81
68 80
68 5
68 43
80 16
16 28
64 49
49 0
49 25
70 96
3 2
2 47
2 66