29 53 25 67 73 19 24 5 18 78 62 66 97 54 16 46 9 84 35 32 89 0 28 94 42 23 96 60 64 47 45 91 38 55 79 33 21 95 17 49 34 75 88 71 30 31 65 43 99 81 93 14 90 20 37 36 86 76 58 22 48 59 77 87 11 15 7 1 56 61 26 92 13 50 8 82 72 68 10 52 3 80 4 83 40 2 12 98 74 44 27 69 6 63
29 53
53 25
25 67
67 73
73 19
19 24
24 5
5 18
18 78
78 62
62 66
66 97
97 54
54 16
16 46
46 9
9 84
84 35
35 32
32 89
89 0
0 28
28 94
94 42
42 23
23 96
96 60
60 64
64 47
47 45
45 91
91 38
38 55
55 79
79 33
33 21
21 95
95 17
17 49
49 34
34 75
75 88
88 71
71 30
30 31
31 65
65 43
43 99
99 81
81 93
93 14
14 90
90 20
20 37
37 36
36 86
86 76
76 58
58 22
22 48
48 59
59 77
77 87
87 11
11 15
15 7
7 1
1 56
56 61
61 26
26 92
92 13
13 50
50 8
8 82
82 72
72 68
68 10
10 52
52 3
3 80
80 4
4 83
83 40
40 2
2 12
12 98
98 74
74 44
44 27
27 69
69 6
6 63