58 12 4 55 38 59 5 69 20 97 35 92 99 87 25 96 44 11 31 75 62 26 34 72 14 24 74 27 68 84 17 32 94 22 76 52 42 8 46 60 64 77 19 45 70 39 86 10 88 15 95 9 82 53 0 80 47 78 16 67 79 61 33 66 56 21 7 37 18 63 28 57 54 73 23 91 81 2 30 90 65 51 36 50 1 48 41 29 83 98 3 93 6 49
58 12
12 4
4 55
55 38
38 59
59 5
5 69
69 20
20 97
97 35
35 92
92 99
99 87
87 25
25 96
96 44
44 11
11 31
31 75
75 62
62 26
26 34
34 72
72 14
14 24
24 74
74 27
27 68
68 84
84 17
17 32
32 94
94 22
22 76
76 52
52 42
42 8
8 46
46 60
60 64
64 77
77 19
19 45
45 70
70 39
39 86
86 10
10 88
88 15
15 95
95 9
9 82
82 53
53 0
0 80
80 47
47 78
78 16
16 67
67 79
79 61
61 33
33 66
66 56
56 21
21 7
7 37
37 18
18 63
63 28
28 57
57 54
54 73
73 23
23 91
91 81
81 2
2 30
30 90
90 65
65 51
51 36
36 50
50 1
1 48
48 41
41 29
29 83
83 98
98 3
98 6
3 93
6 49