36 81 90 14 79 70 17 5 48 76 62 55 83 0 28 40 32 4 67 3 2 1 72 54 56 27 6 71 53 93 49 69 34 57 35 37 94 22 68 61 80 12 26 46 29 25 91 18 85 8 66 39 64 13 24 88 31 77 41 10 11 9 38 42 33 58 92 43 7 60 23 51 86 74 82 98
36 81
81 90
81 7
90 14
14 79
79 70
79 17
79 5
79 62
79 41
17 76
5 48
62 55
55 83
55 28
55 64
83 0
83 80
83 39
0 3
0 98
28 40
40 32
32 4
32 67
32 2
32 1
2 42
2 43
1 72
1 82
72 54
72 56
54 27
54 6
54 26
56 93
6 71
6 22
71 53
53 77
93 49
49 69
49 34
69 33
34 57
57 35
57 37
57 94
57 38
35 85
37 68
37 13
68 61
68 31
80 12
12 23
26 46
46 29
46 24
29 25
25 91
25 9
91 18
85 8
8 66
39 60
13 88
41 10
10 11
33 58
58 92
23 51
51 86
86 74