60 55 59 58 62 63 61 65 64 0 1 5 4 8 7 12 11 10 13 16 19 22 27 25 30 28 33 32 31 35 36 34 37 40 43 47 48 46 49 52 57 56 54 53 50 51 44 45 41 42 38 39 29 26 23 24 21 20 18 17 15 14 9 6 3 2
60 55
55 59
55 58
58 62
58 63
58 61
61 65
61 64
61 0
0 1
0 3
0 2
1 5
1 4
1 6
4 8
4 7
4 9
7 12
7 11
7 10
10 13
10 15
10 14
13 16
13 18
13 17
16 19
16 21
16 20
19 22
19 23
19 24
22 27
22 25
22 26
25 30
25 28
25 29
28 33
28 32
28 31
31 35
31 36
31 34
34 37
34 38
34 39
37 40
37 41
37 42
40 43
40 44
40 45
43 47
43 48
43 46
46 49
46 50
46 51
49 52
49 54
49 53
52 57
52 56