74 71 67 62 57 54 51 49 47 45 40 35 30 31 63 56 34 38 61 66 69 73 75 78 82 87 88 53 50 48 46 92 96 36 29 60 26 23 19 16 11 7 3 27 24 21 12 13 83 86 91 94 10 90 4 25 72 55 44 68 64 58 52 70 59 65
74 71
71 67
67 62
67 72
62 57
62 63
57 54
57 56
57 61
57 53
57 58
54 51
54 55
51 49
49 47
47 45
45 40
45 44
40 35
35 30
35 36
30 31
30 34
30 29
30 26
30 27
63 68
63 64
56 52
34 38
61 66
61 60
61 65
66 69
69 73
69 70
73 75
75 78
78 82
82 87
82 83
82 86
87 88
87 92
53 50
50 48
48 46
92 96
60 59
26 23
26 25
23 19
19 16
16 11
11 7
11 10
7 3
7 12
7 4
27 24
24 21
12 13
86 91
86 90
91 94