68 75 31 73 27 16 61 95 9 8 91 96 24 59 53 28 85 51 87 71 97 56 23 30 1 39 69 48 78 90 5 94 41 44 98 19 81 93 37 45 4 42 86 12 92 0 3 29 17 74 10 54 33 88 38 55 18 32 21 50 52 82 15 58 34 76 72 99 11 35 26 57 7 89 47 60 40 20 80 49 79 14 83 70 2 77 6 65 63 36 46 84 22 25 66 67 64 43 62 13
68 75
68 31
68 67
68 43
31 73
31 61
31 47
31 40
73 27
27 16
61 95
61 85
61 89
95 9
95 28
9 8
9 59
8 91
8 96
96 24
59 53
85 51
85 23
85 72
51 87
51 71
71 97
71 56
23 30
23 1
23 42
23 12
23 76
1 39
1 44
1 45
1 4
39 69
39 5
39 94
69 48
48 78
48 90
94 41
44 98
44 81
98 19
81 93
81 37
42 86
12 92
12 82
92 0
92 10
0 3
3 29
3 17
17 74
10 54
10 33
10 88
88 38
88 18
88 32
38 55
32 21
32 52
21 50
82 15
82 34
15 58
72 99
72 11
72 57
11 35
35 26
57 7
47 60
40 20
40 36
40 46
20 80
20 49
20 14
20 83
49 79
83 70
83 77
83 65
70 2
77 6
65 63
46 84
84 22
22 25
25 66
67 64
43 62
62 13