9 0 7 24 52 89 23 30 29 64 92 70 93 69 71 72 36 15 6 13 45 2 4 8 33 12 5 1 39 40 65 63 84 57 58 59 82 20 3 19 21 18 16 53 22 46 76 75 49 48 28 26 25 37 27 34 74 78 77 41 47 81 83 66 67 17 42 87 86 44 38 62 55 54 60 98 97 43 10 32 90 35 91 51 85
9 0
0 7
7 24
24 52
52 89
89 23
23 30
23 51
30 29
29 64
64 92
92 70
92 71
70 93
93 69
71 72
72 36
36 15
15 6
6 13
13 45
13 2
2 4
4 8
8 33
8 35
8 91
33 12
12 5
5 1
5 10
1 39
39 40
40 65
65 63
63 84
84 57
57 58
57 67
58 59
58 83
59 82
82 20
82 41
20 3
3 19
3 22
19 21
19 18
18 16
16 53
22 46
46 76
46 77
76 75
75 49
75 78
49 48
49 28
28 26
28 74
26 25
25 37
37 27
27 34
41 47
47 81
83 66
67 17
17 42
17 44
42 87
87 86
44 38
44 43
38 62
62 55
55 54
54 60
60 98
98 97
10 32
10 90
51 85