59 37 55 64 49 16 69 29 11 75 14 52 35 84 13 80 63 30 4 21 27 5 44 33 77 60 38 83 42 3 9 71 88 26 39 36 74 99 50 7 79 47 0 67 96 93 68 98 78 61 87 24 17 72 97 12 54 10 53 45 90 56 70 92 6
59 37
37 55
37 21
37 71
37 74
37 78
55 64
55 70
64 49
64 80
49 16
49 13
49 9
16 69
69 29
69 84
69 63
69 4
29 11
29 75
29 96
11 5
11 3
75 14
14 52
14 35
63 30
63 77
21 27
5 44
5 33
44 24
77 60
77 38
60 42
38 83
83 61
9 68
9 92
71 88
71 26
71 36
26 39
74 99
99 50
99 7
7 79
79 47
47 0
47 67
96 93
68 98
61 87
24 17
24 72
24 12
17 45
72 97
12 54
12 53
54 10
10 56
45 90
92 6