84 96 23 14 0 26 75 54 9 53 55 10 57 93 22 6 45 31 2 32 72 78 17 11 60 70 15 71 92 3 7 47 43 28 87 20 86 98 24 99 48 33 44 83 34 62 12 61 27 77 64 13 65 21 90 40 5 42 41 69 94 80 46 18 81 79 88 89 85 51 37 4 8 50 38 73 16 59 66 52 67 56 76 29 1 30 25 63 68 35 58 95
84 96
96 23
23 14
14 0
0 26
26 75
75 54
54 9
9 53
53 55
55 10
10 57
57 93
93 22
22 6
6 45
45 31
31 2
2 32
32 72
72 78
78 17
17 11
11 60
60 70
70 15
15 71
15 3
71 92
3 7
7 47
47 43
43 28
43 95
28 87
87 20
20 86
86 98
98 24
24 99
99 48
99 34
99 62
48 33
48 44
44 83
62 12
62 68
12 61
12 63
61 27
27 77
77 64
77 29
64 13
13 65
13 21
13 66
21 90
21 88
90 40
40 5
40 94
40 80
5 42
5 41
41 69
80 46
80 18
18 81
18 79
88 89
88 85
88 59
85 51
51 37
37 4
4 8
4 38
8 50
38 73
73 16
66 52
52 67
67 56
56 76
29 1
1 30
30 25
68 35
68 58