95 23 43 39 94 0 96 20 93 6 84 4 25 63 31 19 26 27 14 92 51 72 86 85 5 87 98 22 81 44 45 15 37 10 38 91 2 83 82 52 62 69 11 67 46 32 8 61 35 48 55 42 24 13 50 71 99 18 73 36 97 74 1 33 9 7 49 3 21 80 54 89
95 23
95 43
95 39
23 94
23 0
23 96
23 20
43 93
43 6
43 84
39 4
39 25
39 63
39 31
0 19
0 26
0 27
0 14
96 92
96 51
96 72
20 86
20 85
20 5
20 87
93 98
93 22
93 81
6 44
6 45
6 15
4 37
4 10
4 38
25 91
31 2
19 83
19 82
27 52
27 62
14 69
14 11
14 67
92 46
92 32
51 8
51 61
51 35
72 48
85 55
5 42
98 24
22 13
81 50
81 71
81 99
81 18
44 73
45 36
45 97
37 74
2 1
2 33
52 9
46 7
8 49
35 3
24 21
18 80
9 54
49 89