0 17 57 23 8 73 60 95 13 38 97 28 63 21 70 44 40 10 94 2 29 27 1 85 96 88 56 25 58 11 50 43 61 19 49 16 45 37 36 54 12 53 34 90 41 79 99 14 91 48 92 18 22 7 51 65 24 33 39 72 78 74 69 98 35 66 6 68 59 26
0 17
17 57
17 23
57 35
23 8
23 60
23 33
8 73
73 40
60 95
95 13
95 97
95 28
95 21
13 38
97 44
28 63
63 70
70 92
44 24
40 10
10 94
10 29
10 25
10 58
10 74
10 59
94 2
94 43
29 27
29 1
29 66
27 11
1 85
1 96
1 50
85 56
85 90
96 88
88 49
88 48
88 68
56 41
50 69
43 61
61 19
49 16
49 45
49 37
45 36
45 39
37 65
36 54
36 12
12 53
12 34
34 91
41 79
41 14
79 99
99 51
92 18
18 22
22 7
7 78
51 72
39 26
72 6
69 98