86 3 80 6 94 4 30 0 36 13 53 1 47 2 73 19 57 89 7 81 64 50 12 40 22 18 88 72 56 15 11 39 70 14 25 76 46 10 23 44 9 92 82 51 34 97 5 49 24 31 79 20 41 67 21 42 17 58 74 90 8 71 28 63 77 26 69 27 48 54
86 3
3 80
80 6
6 94
94 4
4 30
30 0
0 36
36 13
13 53
53 1
1 47
1 27
1 48
1 54
47 2
2 73
2 70
2 71
2 28
2 63
2 77
2 69
73 19
19 57
19 89
19 7
19 40
19 22
19 18
7 81
7 64
7 50
7 12
18 88
18 72
18 56
18 15
18 39
15 11
70 14
14 25
14 10
14 21
25 76
25 46
10 23
10 82
10 51
10 34
10 97
10 5
10 20
10 67
23 44
23 9
23 92
5 49
5 24
5 31
5 79
20 41
21 42
21 17
21 58
21 74
21 90
21 8
77 26