17 65 34 39 55 11 81 5 45 47 71 51 37 33 0 46 96 62 32 64 60 35 10 63 80 72 12 85 91 89 49 56 99 74 9 22 4 1 76 69 95 36 78 90 75 29 27 92 77 68 79 3 16 94 38 43 50 25 86 66 7 30 14 2 88 31 84 18 58 97 70 8 40 42 67 54 20 82 6 13 52 28 21 73 44 24 53 98 57 83 87 59 26 41 19 23 93 61
17 65
65 34
34 39
39 55
55 11
11 81
81 5
5 45
45 47
47 71
71 51
51 37
37 33
33 0
0 46
46 96
96 62
62 32
32 64
64 60
60 35
35 10
10 63
63 80
80 72
72 12
12 85
85 91
91 89
89 49
49 56
56 99
99 74
74 9
9 22
22 4
4 1
1 76
76 69
69 95
95 36
36 78
78 90
90 75
75 29
29 27
27 92
92 77
77 68
68 79
79 3
3 16
16 94
94 38
38 43
43 50
50 25
25 86
86 66
66 7
7 30
30 14
14 2
2 88
88 31
31 84
84 18
18 58
58 97
97 70
70 8
8 40
40 42
42 67
67 54
54 20
20 82
82 6
6 13
13 52
52 28
28 21
21 73
73 44
44 24
24 53
53 98
98 57
57 83
83 87
87 59
59 26
26 41
41 19
19 23
23 93
93 61