82 67 84 52 53 17 46 63 1 94 37 86 60 20 42 55 2 0 56 27 30 31 45 65 6 62 80 68 22 79 85 48 77 18 97 83 21 43 61 78 71 95 19 23 25 26 96 72 69 32 50 92 70 34 44 9 76 16 66 10 81 88 13 29 51 14 24 49 93 91 41 89 28 74 87 40 98 12 38 5 75 54 11 33 57 90 99 73 7 3 15 47 64
82 67
67 84
84 52
52 53
53 17
17 46
46 63
63 1
1 94
94 37
37 86
86 60
60 20
20 42
42 55
55 2
2 0
0 56
56 27
27 30
30 31
31 45
45 65
65 6
6 62
62 80
80 68
68 22
22 79
79 85
85 48
48 77
77 18
18 97
97 83
83 21
21 43
43 61
61 78
78 71
71 95
95 19
19 23
23 25
25 26
26 96
96 72
72 69
69 32
32 50
50 92
92 70
92 7
70 34
34 44
34 90
34 73
44 9
44 57
9 76
76 16
16 66
16 13
66 10
10 81
10 88
13 29
13 51
51 14
14 24
24 49
49 93
93 91
93 33
91 41
91 89
89 28
28 74
74 87
87 40
40 98
40 12
40 11
12 38
12 75
38 5
75 54
90 99
7 3
3 15
15 47
47 64