14 22 6 26 44 64 47 23 9 21 13 66 59 8 25 93 36 71 15 11 87 92 20 32 90 28 5 48 1 7 84 30 70 2 49 80 65 12 43 27 41 95 42 31 98 10 29 45 88 35 18 0 46 61 78 96 17 33 82 72 83 57 40 55 99 37 56 77 97 79
14 22
14 6
14 44
14 47
22 96
6 26
6 64
6 17
44 33
47 23
47 21
47 83
23 9
23 88
23 40
9 59
21 13
21 66
21 56
21 79
13 8
13 15
66 71
59 90
59 12
8 25
8 93
8 36
8 82
25 5
71 18
15 11
15 87
15 20
15 55
11 92
11 32
11 80
90 28
90 72
90 57
5 48
5 1
48 27
1 7
1 84
1 49
1 65
7 2
7 10
84 30
30 70
2 35
49 99
12 43
27 41
27 31
41 95
95 42
31 98
10 29
29 45
45 97
18 0
0 46
46 61
46 37
61 78
72 77