20 73 12 31 58 23 57 5 80 18 13 59 43 29 92 95 90 28 27 88 4 14 86 26 42 10 6 1 35 45 7 11 55 32 61 63 87 56 2 37 39 30 93 94 8 49 50 51 15 64 21 79 77 96 17 16 52 36 38 19 72 46 24 82 84 25 0 67 71
20 73
20 12
20 5
12 31
12 58
12 57
31 23
31 95
31 27
31 96
23 80
23 79
57 59
5 18
5 43
18 13
18 29
29 92
29 21
92 90
90 28
27 88
27 4
27 87
88 86
4 14
4 42
4 10
4 2
4 8
14 61
14 19
86 26
26 15
10 6
6 1
6 45
6 7
6 11
6 46
1 35
1 17
1 36
11 55
11 32
11 56
61 63
2 37
2 30
2 38
37 39
30 93
30 94
8 49
8 50
8 24
49 51
50 52
15 64
79 77
17 16
17 0
17 67
19 72
19 71
24 82
82 84
84 25