6 5 4 3 2 1 34 35 36 24 25 26 27 28 29 30 44 43 42 41 37 38 39 40 45 46 7 8 11 12 13 14 9 10 15 16 17 50 51 52 57 58 59 56 55 54 53 33 32 31 49 48 47 0 20 19 18 21 22 23
6 5
5 4
4 3
3 2
2 1
1 34
34 35
35 36
36 24
24 25
25 26
26 27
27 28
28 29
29 30
30 44
44 43
44 45
44 20
43 42
42 41
41 37
37 38
38 39
39 40
45 46
46 7
7 8
7 0
8 11
11 12
12 13
13 14
13 50
14 9
14 15
9 10
15 16
16 17
50 51
50 49
51 52
52 57
57 58
57 56
58 59
56 55
55 54
54 53
54 33
33 32
32 31
49 48
48 47
20 19
20 21
19 18
21 22
22 23