67 14 68 48 7 5 41 64 13 66 59 11 9 52 63 12 8 49 88 21 90 62 79 18 80 84 78 17 22 91 45 92 74 46 25 0 26 76 44 6 43 96 72 15 70 34 3 35 86 55 31 2 33 32 97 24 98 99 83 19 82 51 28 1 30 58 75 16 73 36 20 29 54 60 38 4 37 39 10 23 94 95 56 57 71 77 27 65 40 53
67 14
14 68
68 48
48 7
7 5
5 41
41 64
64 13
13 66
66 59
59 11
11 9
9 52
52 63
63 12
12 8
8 49
49 88
88 21
21 90
90 62
62 79
79 18
18 80
80 84
84 78
84 53
78 17
17 22
22 91
91 45
45 92
92 74
74 46
74 25
25 0
0 26
26 76
26 65
76 44
44 6
6 43
43 96
96 72
72 15
15 70
15 71
70 34
34 3
3 35
35 86
86 55
55 31
55 10
31 2
2 33
2 32
32 97
97 24
24 98
98 99
98 38
99 83
99 60
83 19
83 28
19 82
82 51
28 1
1 30
1 20
1 29
30 58
58 75
75 16
16 73
73 36
29 54
38 4
4 37
4 39
10 23
10 56
10 57
23 94
23 95
71 77
77 27
65 40