15 1 11 20 4 30 26 18 29 2 17 22 6 9 21 10 12 14 8 13 16 19 31 96 94 23 27 32 5 24 82 81 28 3 0 34 33 7 48 47 39 40 90 89 43 41 44 97 98 87 85 88 86 79 77 80 78 95 93 72 70 71 69 65 67 66 68 60 58 59 57 50 52 49 51 62 64 61 63 54 56 53 55 75 76 74
15 1
1 11
11 20
20 4
4 30
30 26
26 18
18 29
29 2
2 17
17 22
22 6
6 9
9 21
21 10
21 75
21 76
10 12
10 54
10 53
12 14
14 8
14 62
14 61
8 13
8 50
8 49
13 16
13 60
13 59
16 19
16 65
16 66
19 31
19 72
19 71
31 96
31 23
31 95
96 94
23 27
23 79
23 80
27 32
27 87
27 88
32 5
32 97
32 98
5 24
5 43
5 44
24 82
24 81
24 28
28 3
28 90
28 89
3 0
3 39
3 40
0 34
0 33
0 7
7 48
7 47
43 41
87 85
88 86
79 77
80 78
95 93
72 70
71 69
65 67
66 68
60 58
59 57
50 52
49 51
62 64
61 63
54 56
53 55
76 74