54 81 44 11 78 40 70 55 68 23 16 46 88 98 2 89 94 18 82 5 25 36 1 34 32 12 9 10 15 60 39 66 62 30 31 4 0 91 74 3 13 63 58 83 85 95 75 26 67 96 29 87 28 6 22 51 79 64 24 97 49 7 65 50 73 56 41 43 86 71 61 57 21 38 77 37 53 93 72 47 14 17 19 20 42 99 59 52 45 92 84 80 90 33 27 35 8 48
54 81
81 44
44 11
11 78
78 40
40 70
70 55
55 68
68 23
23 16
16 46
46 88
88 98
98 2
2 89
89 94
94 18
18 82
82 5
5 25
25 36
36 1
1 34
34 32
32 12
12 9
9 10
10 15
15 60
60 39
39 66
66 62
62 30
30 31
31 4
4 0
0 91
91 74
74 3
3 13
13 63
63 58
58 83
83 85
85 95
95 75
75 26
26 67
67 96
96 29
29 87
87 28
28 6
6 22
22 51
51 79
79 64
64 24
24 97
97 49
49 7
7 65
65 50
50 73
73 56
56 41
41 43
43 86
86 71
71 61
61 57
57 21
21 38
38 77
77 37
37 53
53 93
93 72
72 47
47 14
14 17
17 19
19 20
20 42
42 99
99 59
59 52
52 45
45 92
92 84
84 80
80 90
90 33
33 27
27 35
35 8
8 48