72 76 77 70 69 75 80 78 81 83 88 84 90 92 97 96 99 73 71 67 60 54 55 59 63 64 58 48 43 42 47 53 56 52 44 39 34 29 28 35 30 31 36 40 25 24 27 32 26 18 12 6 9 11 5 8 14 22 4 0 10 21 45 51 50 49 61 62 65 68
72 76
76 77
77 70
70 69
69 75
75 80
80 78
78 81
78 83
83 88
83 73
88 84
84 90
90 92
92 97
97 96
96 99
73 71
71 67
67 60
67 68
60 54
60 65
54 55
54 61
55 59
59 63
59 58
63 64
58 48
48 43
48 51
48 49
43 42
42 47
42 45
47 53
53 56
53 44
56 52
44 39
39 34
34 29
29 28
28 35
35 30
30 31
31 36
31 25
36 40
25 24
24 27
27 32
27 26
26 18
18 12
12 6
12 21
6 9
6 10
9 11
9 5
5 8
8 14
8 4
14 22
4 0
51 50
61 62