63 60 33 55 0 67 12 70 58 44 7 52 53 28 56 94 32 87 40 62 73 86 54 57 85 43 92 45 15 83 38 3 8 82 69 18 21 68 96 20 88 10 72 95 25 24 26 50 61 13 29 31 14 90 49 4 93 23 99 2 19 16 6 37 51 42 71 34 64 97 78 66 17 9 1 46 11 36 84 48 59 35 5 79 47 77 75 65 41 91 76 39 22 81 30 89 27 80
63 60
60 33
33 55
55 0
0 67
67 12
12 70
70 58
58 44
44 7
7 52
52 53
53 28
28 56
56 94
94 32
32 87
87 40
40 62
62 73
73 86
86 54
54 57
57 85
85 43
43 92
92 45
45 15
15 83
83 38
38 3
3 8
8 82
82 69
69 18
18 21
21 68
68 96
96 20
20 88
88 10
10 72
72 95
95 25
25 24
24 26
26 50
50 61
61 13
13 29
29 31
31 14
14 90
90 49
49 4
4 93
93 23
23 99
99 2
2 19
19 16
16 6
6 37
37 51
51 42
42 71
71 34
34 64
64 97
97 78
78 66
66 17
17 9
9 1
1 46
46 11
11 36
36 84
84 48
48 59
59 35
35 5
5 79
79 47
47 77
77 75
75 65
65 41
41 91
91 76
76 39
39 22
22 81
81 30
30 89
89 27
27 80