92 60 41 65 78 49 46 22 43 48 0 56 31 85 61 76 63 29 72 88 6 15 12 73 98 80 69 75 39 1 50 64 51 42 38 86 19 66 40 87 77 54 16 23 53 28 20 90 21 30 5 24 10 81 2 67 97 62 37 33 96 9 47 11 71 93 4 83 8 36 74 13 59 26 94 84 44 3 17 55 35 82 99 27 14 52 89 32 95 79 70 18 57 58 45 68 25 91
92 60
60 41
41 65
65 78
78 49
49 46
46 22
22 43
43 48
48 0
0 56
56 31
31 85
85 61
61 76
76 63
63 29
29 72
72 88
88 6
6 15
15 12
12 73
73 98
98 80
80 69
69 75
75 39
39 1
1 50
50 64
64 51
51 42
42 38
38 86
86 19
19 66
66 40
40 87
87 77
77 54
54 16
16 23
23 53
53 28
28 20
20 90
90 21
21 30
30 5
5 24
24 10
10 81
81 2
2 67
67 97
97 62
62 37
37 33
33 96
96 9
9 47
47 11
11 71
71 93
93 4
4 83
83 8
8 36
36 74
74 13
13 59
59 26
26 94
94 84
84 44
44 3
3 17
17 55
55 35
35 82
82 99
99 27
27 14
14 52
52 89
89 32
32 95
95 79
79 70
70 18
18 57
57 58
58 45
45 68
68 25
25 91