30 35 36 37 38 24 23 21 15 14 13 5 12 65 71 66 67 60 59 62 64 63 68 70 76 57 56 58 54 55 6 9 17 18 79 78 32 20 22 69 33 41 42 43 44 52 51 74 46 47 48 72 49 0 3 4 7 1 2 26 27 28 29 10 8 11 73
30 35
35 36
36 37
37 38
38 24
24 23
23 21
21 15
15 14
14 13
13 5
5 12
12 65
65 71
71 66
66 67
67 60
60 59
59 62
62 64
62 63
63 68
68 70
70 76
70 57
57 56
56 58
56 73
58 54
54 55
55 6
6 9
9 17
9 10
17 18
17 46
17 0
18 79
18 41
79 78
78 32
32 20
32 33
20 22
22 69
41 42
42 43
43 44
44 52
52 51
51 74
46 47
46 49
47 48
48 72
0 3
3 4
3 1
4 7
1 2
1 26
26 27
27 28
28 29
10 8
8 11