5 72 67 0 38 98 15 32 75 51 21 92 44 60 65 33 47 76 26 94 35 96 55 25 16 29 24 43 89 39 90 97 77 8 88 36 52 34 41 6 63 2 4 91 7 9 3 68 95 42 19 13 23 74 82 50 66 84 78 80 11 64 28 10 54 37 87 61 79 18 73 27 45 86 83 81 53 49 62 40 56 46 17 22 59 12 20 69 14 85 58 30 48 1 57 70 71 93 31 99
5 72
72 67
67 0
0 38
38 98
98 15
15 32
32 75
75 51
51 21
21 92
92 44
44 60
60 65
65 33
33 47
47 76
76 26
26 94
94 35
35 96
96 55
55 25
25 16
16 29
29 24
24 43
43 89
89 39
39 90
90 97
97 77
77 8
8 88
88 36
36 52
52 34
34 41
41 6
6 63
63 2
2 4
4 91
91 7
7 9
9 3
3 68
68 95
95 42
42 19
19 13
13 23
23 74
74 82
82 50
50 66
66 84
84 78
78 80
80 11
11 64
64 28
28 10
10 54
54 37
37 87
87 61
61 79
79 18
18 73
73 27
27 45
45 86
86 83
83 81
81 53
53 49
49 62
62 40
40 56
56 46
46 17
17 22
22 59
59 12
12 20
12 69
69 14
14 85
85 58
85 31
85 99
58 30
30 48
48 1
48 93
1 57
1 70
70 71