40 0 37 8 81 2 85 15 65 1 58 31 3 10 39 11 83 28 96 25 22 23 71 50 92 91 49 73 52 93 21 48 70 90 55 17 45 18 46 68 30 24 51 16 86 44 66 72 57 97 88 67 87 82 59 19 47 6 99 62 79 35 5 4 60 33 98 27 54 75 20 69 89 95 61 34 78 14 42 9 38 63 13 41 77 64 12 84 76 29 56 7 36 80 74 26 94 53 43 32
40 0
0 37
37 8
8 81
81 2
2 85
2 32
85 15
15 65
15 43
65 1
1 58
1 31
1 3
1 64
1 76
1 74
3 10
3 59
3 19
3 9
3 77
10 39
10 11
10 82
11 83
11 28
28 96
28 25
28 21
28 55
28 17
25 22
25 73
25 52
25 93
22 23
22 91
22 49
23 71
23 50
23 92
21 48
21 70
21 90
17 45
17 18
17 67
17 87
18 46
18 68
18 30
18 88
30 24
30 57
30 97
24 51
24 16
24 72
16 86
16 44
16 66
19 47
19 6
19 5
6 99
6 62
6 79
6 35
5 4
5 61
5 34
5 78
5 14
4 60
4 33
4 98
4 27
27 54
27 75
27 20
27 95
20 69
20 89
14 42
9 38
9 63
9 13
13 41
64 12
12 84
76 29
29 56
29 7
7 36
7 80
74 26
26 94
26 53