7 91 75 60 50 51 71 41 52 67 8 20 3 80 56 68 82 96 40 64 90 0 36 26 30 62 84 28 95 55 98 24 29 11 61 63 13 47 74 59 97 66 46 23 73 93 42 18 22 17 1 4 72 16 21 86 2 78 87 58 12 76 27 77 34 15 45 44 37 54 70 94 35 19 99 43 85 33 48 88 69 57 39 65 79 89 83 38 9 49 92 81 14 31 10 53 25 32 5 6
7 91
91 75
75 60
60 50
50 51
51 71
71 41
41 52
52 67
67 8
8 20
20 3
3 80
80 56
56 68
68 82
82 96
96 40
40 64
64 90
90 0
0 36
36 26
26 30
30 62
62 84
84 28
28 95
95 55
55 98
98 24
24 29
29 11
11 61
61 63
63 13
13 47
47 74
74 59
59 97
97 66
66 46
46 23
23 73
73 93
93 42
42 18
18 22
22 17
17 1
1 4
4 72
72 16
16 21
21 86
86 2
2 78
78 87
87 58
58 12
12 76
76 27
27 77
77 34
34 15
15 45
45 44
44 37
37 54
54 70
70 94
94 35
35 19
19 99
99 43
43 85
85 33
33 48
48 88
88 69
69 57
57 39
39 65
65 79
79 89
89 83
83 38
38 9
9 49
49 92
49 10
92 81
92 14
14 31
10 53
53 25
25 32
25 6
32 5