15 43 96 17 24 2 67 29 82 18 23 71 32 79 46 75 6 4 41 95 21 88 44 87 26 8 25 89 94 78 65 50 19 3 52 90 34 1 80 56 9 72 99 62 59 35 63 84 93 97 83 22 86 66 74 11 98 91 53 33 85 42 31 51 76 48 81 49 38 54 7 36 64 57 69 16 12 40 13 92 20 37 28 30 77 0 70 58 14 45 73 68 55 39 61 60 47 5 27 10
15 43
43 96
96 17
17 24
24 2
2 67
67 29
67 10
29 82
82 18
18 23
23 71
71 32
32 79
79 46
46 75
75 6
6 4
6 27
4 41
41 95
95 21
21 88
88 44
44 87
87 26
26 8
8 25
25 89
89 94
94 78
78 65
65 50
50 19
19 3
3 52
52 90
52 5
90 34
34 1
1 80
80 56
80 47
56 9
9 72
72 99
99 62
62 59
62 35
35 63
63 84
84 93
93 97
97 83
83 22
22 86
22 60
86 66
66 74
74 11
11 98
98 91
91 53
91 61
53 33
33 85
33 42
33 76
42 31
31 51
76 48
48 81
48 49
48 68
49 38
38 54
54 7
54 64
7 36
64 57
64 73
57 69
69 16
69 12
12 40
12 70
12 58
40 13
40 28
13 92
13 37
92 20
28 30
30 77
77 0
58 14
58 45
68 55
55 39