25 13 30 16 1 6 28 9 23 15 8 19 32 22 12 58 60 26 2 0 4 11 3 17 24 29 91 89 14 31 10 20 7 21 5 18 70 69 27 88 87 44 43 75 76 48 47 45 54 56 53 55 96 94 95 93 62 64 61 63 92 90 81 83 82 68 66 67 65 40 38 39 37 33 35 34 36 57 78 77 50 49
25 13
13 30
30 16
16 1
1 6
6 28
28 9
9 23
23 15
15 8
8 19
8 50
8 49
19 32
32 22
22 12
22 78
22 77
12 58
12 26
12 57
58 60
26 2
2 0
0 4
0 33
0 34
4 11
11 3
3 17
3 40
3 39
17 24
17 68
17 67
24 29
24 81
24 82
29 91
29 14
29 92
91 89
14 31
14 62
14 61
31 10
31 96
31 95
10 20
10 54
10 53
20 7
7 21
7 48
7 47
21 5
21 75
21 76
5 18
5 44
5 43
18 70
18 69
18 27
27 88
27 87
47 45
54 56
53 55
96 94
95 93
62 64
61 63
92 90
81 83
68 66
67 65
40 38
39 37
33 35
34 36