72 57 92 14 15 11 54 80 37 89 21 64 62 46 34 67 68 30 24 39 16 12 6 8 33 41 56 58 28 32 27 53 47 65 88 81 98 71 3 2 9 38 61 42 0 20 55 69 52 83 93 70 60 35 45 10 13 63 23 94 25 82 79 96 40 36 1 77 26 7 73 29 66 59 87 18 91 74 51 76 95 97 86 90 19 22 17 43 44 5 78 75 84 31 85 99 4 48 49 50
72 57
57 92
92 14
14 15
15 11
11 54
54 80
80 37
37 89
89 21
21 64
64 62
62 46
46 34
34 67
67 68
68 30
30 24
24 39
39 16
16 12
12 6
6 8
8 33
33 41
41 56
56 58
58 28
28 32
32 27
27 53
53 47
47 65
65 88
88 81
81 98
98 71
71 3
3 2
2 9
9 38
38 61
61 42
42 0
0 20
20 55
55 69
69 52
52 83
83 93
93 70
70 60
60 35
35 45
45 10
10 13
13 63
63 23
23 94
94 25
25 82
82 79
79 96
96 40
40 36
36 1
1 77
77 26
26 7
7 73
73 29
29 66
66 59
59 87
87 18
18 91
91 74
74 51
51 76
76 95
95 97
97 86
86 90
90 19
19 22
19 99
19 4
22 17
22 31
17 43
17 84
43 44
43 75
44 5
5 78
31 85
4 48
48 49
49 50