80 78 27 85 56 59 25 22 74 23 33 28 62 0 76 4 38 46 31 92 21 84 53 68 12 11 10 32 79 20 8 89 49 2 44 86 60 35 30 75 15 65 91 39 14 24 72 67 43 83 57 81 70 82 7 41 1 55 71 47 34 61 54 26 37 63 5 52 45 6 48 40 51
80 78
80 59
78 27
78 56
27 85
56 37
59 25
25 22
25 62
22 74
74 23
74 28
23 33
62 0
0 76
76 4
76 38
76 35
76 30
4 79
4 8
4 51
38 46
38 31
38 21
38 60
46 49
31 92
31 84
31 68
31 40
21 15
84 53
53 44
68 12
68 11
68 20
12 32
11 10
11 55
11 47
8 89
49 2
49 75
44 86
44 41
15 65
15 26
65 91
91 39
91 24
91 43
91 70
39 14
24 72
24 57
24 81
24 7
72 67
43 83
81 71
70 82
41 1
71 61
47 34
61 54
54 52
26 5
37 63
52 45
45 6
45 48