15 57 55 59 99 91 98 9 43 5 83 2 6 70 35 48 45 42 11 67 66 87 92 93 21 68 61 25 72 64 36 38 50 52 51 44 46 18 16 13 62 88 30 65 28 85 94 49 77 60 40 0 53 69 54 22 7 89 41 47 81 86 10 12 3 90 1 97 96 74 79 39 33 34 37 26 29 17 78 76 73 71 84 80 82 32 95 20 27 24 14 8 63
15 57
57 55
55 59
59 99
99 91
91 98
98 9
9 43
43 5
5 83
83 2
2 6
6 70
70 35
35 48
48 45
45 42
42 11
11 67
67 66
66 87
87 92
92 93
93 21
21 68
68 61
61 25
25 72
72 64
64 36
36 38
38 50
50 52
52 51
51 44
44 46
46 18
18 16
16 13
13 62
62 88
88 30
30 65
65 28
28 85
85 94
94 49
49 77
77 60
60 40
40 0
0 53
53 69
69 54
54 22
22 7
7 89
89 41
41 47
47 81
81 86
86 10
86 63
10 12
12 3
3 90
90 1
90 97
97 96
96 74
74 79
79 39
39 33
33 34
34 37
37 26
26 29
29 17
17 78
78 76
76 73
73 71
71 84
71 8
84 80
80 82
82 32
82 14
32 95
95 20
20 27
20 24