73 52 69 1 3 95 28 33 86 93 90 4 75 2 8 47 49 45 26 19 14 0 9 64 20 37 15 65 5 18 6 13 71 31 17 42 38 12 63 87 55 29 91 68 7 21 30 89 48 39 10 79 60 24 76 50 32 62 82 97 74 81 67 83 41 66 51 22 44 77 11 96 23 72 25 40 59 16 36 43 56 85 34 58 46 27 92 84 78 70 94 88 80 57 53 35 54 61
73 52
52 69
69 1
1 3
3 95
95 28
95 61
28 33
33 86
86 93
93 90
90 4
4 75
75 2
2 8
8 47
47 49
47 54
49 45
45 26
26 19
19 14
14 0
14 35
0 9
9 64
64 20
64 53
20 37
37 15
15 65
65 5
5 18
18 6
6 13
13 71
71 31
31 17
17 42
42 38
38 12
12 63
63 87
87 55
55 29
29 91
91 68
68 7
68 94
7 21
21 30
30 89
30 78
30 70
89 48
48 39
39 10
39 76
10 79
79 60
60 24
76 50
50 32
32 62
32 92
62 82
62 67
62 41
82 97
97 74
74 81
67 83
41 66
66 51
51 22
22 44
22 77
77 11
11 96
11 46
96 23
96 34
23 72
72 25
25 40
25 16
25 85
40 59
16 36
16 56
36 43
34 58
46 27
92 84
94 88
88 80
80 57