46 7 95 9 48 14 47 79 67 23 86 52 54 18 53 30 3 20 21 68 69 80 85 31 92 5 96 94 87 81 24 55 74 1 35 34 16 19 17 13 64 98 97 26 51 2 40 22 15 42 0 58 44 10 61 8 29 73 84 70 32 93 45 56
46 7
46 95
7 9
7 48
7 14
7 47
95 79
95 67
95 23
95 86
9 52
9 54
9 18
9 53
48 30
14 3
14 20
14 21
14 68
14 69
47 80
79 85
67 31
67 92
23 5
23 96
23 94
54 87
18 81
18 24
53 55
53 74
30 1
3 35
3 34
3 16
20 19
20 17
21 13
68 64
69 98
69 97
80 26
85 51
31 2
31 40
92 22
5 15
5 42
5 0
94 58
94 44
55 10
55 61
1 8
1 29
16 73
19 84
64 70
2 32
22 93
44 45
10 56