29 89 1 65 69 21 20 28 30 13 73 14 33 82 90 88 86 87 85 19 10 36 61 35 64 66 59 62 16 68 67 15 22 2 43 72 38 46 37 99 57 56 4 55 77 76 3 75 40 12 32 26 58 79 11 44 97 94 96 93 48 7 8 51 17 27 34 63 42 0
29 89
29 1
29 65
89 69
89 21
1 20
1 28
1 30
65 13
65 73
69 14
69 33
69 82
21 90
21 88
20 86
20 87
20 85
20 19
20 10
28 36
30 61
30 35
13 64
13 66
73 59
73 62
73 16
14 68
14 67
14 15
14 22
33 2
90 43
88 72
88 38
88 46
86 37
85 99
10 57
10 56
10 4
10 55
36 77
36 76
36 3
61 75
61 40
61 12
61 32
61 26
66 58
66 79
59 11
62 44
62 97
62 94
68 96
22 93
43 48
46 7
4 8
77 51
77 17
76 27
3 34
12 63
32 42
26 0