98 93 29 38 69 21 41 26 35 43 46 12 74 75 56 70 60 17 0 48 71 82 73 83 76 1 13 45 39 87 8 10 94 22 77 47 80 7 79 5 64 62 30 32 33 36 55 95 58 20 23 78 63 37 28 44 18 51 52 99 3 72 27 66 15 14 96 88
98 93
98 29
93 21
29 38
38 69
21 41
41 26
41 63
26 35
26 43
26 20
26 15
35 46
35 27
46 12
12 74
12 75
12 56
75 76
56 70
56 14
70 60
70 96
60 17
60 66
17 0
0 48
48 71
48 55
71 82
71 28
82 73
82 22
73 83
76 1
76 13
76 39
76 94
1 45
13 51
39 87
39 10
87 8
8 33
8 78
10 80
10 95
94 77
77 47
80 7
80 79
80 5
79 44
5 64
64 62
64 30
30 32
32 36
95 58
95 18
20 23
23 52
63 37
63 88
52 99
52 3
3 72