84 26 86 27 88 28 91 29 92 30 94 31 97 32 99 25 82 24 81 23 78 22 77 21 74 20 73 19 71 18 68 17 67 16 64 15 62 14 60 13 59 12 57 11 55 10 53 9 51 8 49 7 46 6 44 5 43 4 40 3 39 2 36 1 34 50 70 56 54 75 83 69 48 79 63 66 80 61 58 52 72 65 76
84 26
84 25
26 86
86 27
27 88
88 28
28 91
91 29
29 92
92 30
30 94
94 31
31 97
97 32
32 99
25 82
82 24
24 81
24 83
81 23
23 78
23 80
78 22
22 77
22 79
77 21
21 74
21 76
74 20
20 73
20 75
73 19
19 71
19 70
19 72
71 18
18 68
68 17
17 67
17 69
17 66
67 16
16 64
16 65
64 15
15 62
15 63
62 14
14 60
60 13
13 59
13 61
13 58
59 12
12 57
12 56
57 11
11 55
11 54
55 10
10 53
10 52
53 9
9 51
9 50
51 8
8 49
8 48
49 7
7 46
46 6
6 44
44 5
5 43
43 4
4 40
40 3
3 39
39 2
2 36
36 1
1 34