13 16 74 57 32 2 33 51 8 49 54 89 21 88 30 1 28 95 44 6 15 70 34 3 35 97 24 99 98 83 19 82 62 41 5 0 27 26 37 59 79 18 81 87 20 86 92 22 91 56 93 68 14 11 58 60 75 50 69 73 71 39 4 9 53 66 84 90 72 80 94 23 96 29 38 42 85 77 17 78 48 67 63 12 61 55 40 10 7 47 25 65 46 76 52 36 45 31 43 64
13 16
16 74
74 57
57 32
32 2
2 33
33 51
51 8
8 49
49 54
49 64
54 89
89 21
21 88
88 30
30 1
1 28
28 95
95 44
44 6
6 15
6 45
15 70
70 34
34 3
3 35
3 36
35 97
97 24
24 99
24 98
98 83
83 19
19 82
82 62
62 41
41 5
5 0
0 27
27 26
27 37
37 59
59 79
79 18
18 81
81 87
87 20
20 86
86 92
92 22
22 91
91 56
56 93
93 68
68 14
14 11
14 69
11 58
11 60
60 75
60 50
69 73
69 71
69 39
39 4
4 9
9 53
9 52
53 66
66 84
66 80
84 90
84 72
80 94
80 42
94 23
94 29
23 96
29 38
42 85
85 77
77 17
17 78
17 76
78 48
48 67
48 7
67 63
63 12
12 61
61 55
55 40
55 10
7 47
7 46
47 25
25 65
45 31
45 43