42 82 96 2 15 47 50 58 71 64 7 37 77 34 25 95 21 79 73 12 29 5 91 62 90 97 8 88 52 48 93 67 14 38 19 18 54 68 53 86 4 70 72 17 92 66 27 11 60 13 56 28 31 39 16 1 9 59 89 83 84 98 40 57 35 22 45 23 41 51 75 49 94 0 85 3 76 33 99 10 44 26 74 6 24 30 61 63 69 65 43 46
42 82
82 96
96 2
2 15
15 47
47 50
50 58
58 71
71 64
64 7
7 37
37 77
77 34
34 25
25 95
95 21
21 79
79 73
73 12
12 29
29 5
5 91
91 62
62 90
90 97
97 8
8 88
88 52
52 48
48 93
93 67
67 14
14 38
38 19
19 18
18 54
54 68
68 53
53 86
86 4
4 70
70 72
72 17
17 92
92 66
66 27
27 11
11 60
60 13
13 56
56 28
28 31
31 39
39 16
16 1
1 9
9 59
59 89
89 83
83 84
84 98
98 40
40 57
57 35
35 22
22 45
45 23
23 41
41 51
51 75
75 49
49 94
94 0
0 85
85 3
3 76
76 33
33 99
99 10
10 44
44 26
26 74
74 6
6 24
24 30
24 63
30 61
63 69
69 65
65 43
43 46