91 1 22 58 0 44 3 13 52 10 79 28 92 64 26 62 90 40 99 41 73 14 80 53 9 49 36 70 12 8 15 20 23 6 37 5 25 2 76 78 51 34 68 96 16 39 35 45 4 29 32 31 42 48 11 30 50 63 57 21 19 24 67 33 38 17
91 1
1 22
22 58
58 0
0 44
0 45
0 42
0 48
0 11
0 63
0 57
0 67
44 3
3 13
3 28
13 52
13 10
13 79
28 92
28 64
28 26
26 62
26 90
26 40
40 99
40 41
40 73
40 14
40 9
40 34
14 80
14 53
9 49
9 36
9 12
36 70
12 8
12 78
12 51
8 15
8 76
15 20
20 23
20 6
6 37
6 25
37 5
25 2
34 68
34 96
34 16
16 39
39 35
45 4
4 29
4 32
32 31
11 30
11 50
57 21
21 19
21 24
67 33
33 38
38 17