44 61 95 40 23 86 55 8 91 99 57 75 11 78 0 27 17 2 31 20 6 53 87 29 14 98 54 7 59 63 62 4 71 58 74 39 80 47 16 13 97 52 41 84 46 73 64 88 70 81 30 77 42 79 9 38 85 22 3 45 72 65 10 12 34 19 5 26 28 33 89 48 92 90 51 24 25 49 1 94 15 93 43 50 68 66 35 60 32 36 18 67 56
44 61
61 95
95 40
40 23
23 86
86 55
55 8
8 91
91 99
99 57
57 75
75 11
11 78
78 0
0 27
27 17
17 2
2 31
31 20
20 6
6 53
53 87
87 29
29 14
14 98
98 54
54 7
7 59
59 63
63 62
62 4
4 71
71 58
58 74
74 39
39 80
80 47
47 16
16 13
13 97
97 52
52 41
41 84
84 46
46 73
73 64
64 88
88 70
70 81
81 30
30 77
77 42
42 79
79 9
9 38
38 85
85 22
22 3
3 45
45 72
72 65
72 56
65 10
10 12
12 34
34 19
19 5
5 26
26 28
28 33
33 89
89 48
89 51
48 92
92 90
51 24
24 25
25 49
49 1
49 67
1 94
94 15
15 93
93 43
43 50
50 68
68 66
66 35
66 32
35 60
32 36
36 18