34 17 50 21 3 83 23 81 69 27 4 1 96 43 44 32 76 25 55 19 90 36 9 11 56 72 60 30 54 41 39 58 48 63 15 37 7 26 89 5 22 66 42 87 20 6 14 85 73 86 35 91 71 45 67 68 94 93 0 28 70 51 13 8 74 10 29 33 52 64 2 62 61 95 82 98 80 18 49 77 40 59 31 46 24 79 12 84 65 57 92 53 75 16 88 38 97 47 78
34 17
17 50
50 21
21 3
3 83
83 23
23 81
23 78
81 69
69 27
27 4
4 1
1 96
96 43
43 44
44 32
32 76
76 25
25 55
55 19
19 90
90 36
36 9
9 11
11 56
56 72
72 60
60 30
30 54
54 41
41 39
39 58
58 48
48 63
63 15
15 37
37 7
7 26
7 47
26 89
89 5
89 97
5 22
22 66
66 42
42 87
87 20
20 6
6 14
14 85
85 73
73 86
86 35
35 91
91 71
71 45
71 16
45 67
67 68
68 94
68 62
68 53
94 93
93 0
93 29
0 28
28 70
28 51
51 13
13 8
13 10
8 74
29 33
29 52
52 64
64 2
62 61
61 95
61 59
61 31
61 92
95 82
95 77
82 98
98 80
98 49
80 18
77 40
31 46
31 65
46 24
24 79
79 12
12 84
65 57
53 75
16 88
88 38