53 5 35 16 65 23 33 47 66 20 28 11 75 7 97 54 34 89 41 12 32 8 44 52 92 84 96 59 60 72 38 90 82 93 62 83 24 42 31 57 4 29 88 18 50 36 39 98 58 67 27 91 10 43 55 37 64 76 85 21 95 79 9 30 14 63 1 40 74 71 45 77 46 69 49 94 13 56 15 86 68 25 80 2 48 26 81 87 22 99 70 51 73 3 19
53 5
5 35
35 16
16 65
65 23
23 33
33 47
47 66
66 20
20 28
28 11
11 75
75 7
7 97
97 54
54 34
34 89
89 41
41 12
12 32
32 8
8 44
44 52
52 92
92 84
84 96
96 59
59 60
60 72
72 38
38 90
90 82
82 93
93 62
62 83
83 24
24 42
42 31
31 57
57 4
4 29
29 88
88 18
18 50
50 36
36 39
39 98
98 58
58 67
67 27
27 91
91 10
10 43
43 55
55 37
37 64
64 76
76 85
85 21
21 95
95 79
79 9
9 30
30 14
14 63
63 1
1 40
40 74
74 71
71 45
45 77
45 19
77 46
46 69
69 49
69 3
49 94
94 13
13 56
56 15
15 86
86 68
68 25
25 80
80 2
2 48
48 26
26 81
81 87
87 22
22 99
99 70
70 51
51 73