47 24 11 68 55 29 83 85 49 89 82 90 98 53 10 59 84 70 74 81 88 96 63 34 56 21 86 50 42 22 57 75 94 16 54 6 1 91 33 28 43 5 25 80 15 20 79 12 45 99 2 48 65 17 27 62 26 23 0 87 35 71 18 41 76 31 69 66 51 93 61 58 44 32 36 9 77 38 60 97 39 92 3 14 30 64 19 67 72 46 8 13 95 7 78 52 40 73
47 24
24 11
11 68
68 55
55 29
29 83
83 85
85 49
49 89
89 82
82 90
90 98
98 53
53 10
10 59
59 84
84 70
70 74
74 81
81 88
88 96
96 63
63 34
34 56
56 21
21 86
86 50
50 42
42 22
22 57
57 75
75 94
94 16
16 54
54 6
6 1
1 91
91 33
33 28
28 43
43 5
5 25
25 80
80 15
15 20
20 79
79 12
12 45
45 99
99 2
2 48
48 65
65 17
17 27
27 62
62 26
26 23
23 0
0 87
87 35
35 71
71 18
18 41
41 76
76 31
31 69
69 66
66 51
51 93
93 61
61 58
58 44
44 32
32 36
36 9
9 77
77 38
38 60
60 97
97 39
39 92
92 3
3 14
14 30
30 64
64 19
19 67
67 72
72 46
46 8
8 13
13 95
95 7
7 78
78 52
52 40
40 73