80 73 81 90 70 82 91 60 71 83 92 50 61 84 93 51 40 62 85 94 45 52 41 30 63 86 95 44 46 53 42 31 20 64 99 87 96 43 47 54 32 22 10 21 65 89 48 55 23 0 11 66 79 49 56 24 1 12 67 77 59 36 39 25 2 13 76 35 29 26 3 14 19 15 5 9 18 6
80 73
80 81
80 90
80 70
81 82
90 91
70 60
70 71
82 83
91 92
60 50
60 61
83 84
92 93
50 51
50 40
61 62
84 85
93 94
51 45
51 52
40 41
40 30
62 63
85 86
94 95
45 44
45 46
52 53
41 42
30 31
30 20
63 64
86 99
86 87
95 96
44 43
46 47
53 54
31 32
31 22
20 10
20 21
64 65
99 89
47 48
54 55
22 23
10 0
10 11
65 66
89 79
48 49
55 56
23 24
0 1
11 12
66 67
66 77
49 59
49 36
49 39
24 25
1 2
12 13
77 76
36 35
39 29
25 26
2 3
13 14
29 19
14 15
14 5
19 9
19 18
5 6