93 2 99 12 9 44 0 45 10 16 38 1 88 31 36 92 66 33 90 63 11 29 86 59 37 67 7 28 8 30 19 21 20 13 34 26 6 25 60 87 61 77 18 23 32 89 62 81 24 5 84 27 14 22 4 15 68 69 73 50 17 35
93 2
2 99
99 12
12 9
9 44
44 0
0 45
0 38
0 50
45 10
10 16
38 1
1 88
1 77
1 32
1 81
1 84
1 68
1 69
1 73
88 31
31 36
31 61
36 92
36 66
36 33
36 29
33 90
33 63
33 11
29 86
29 59
29 37
29 30
37 67
37 7
37 8
7 28
30 19
30 60
30 87
19 21
19 20
20 13
13 34
13 26
26 6
26 25
77 18
18 23
32 89
32 62
81 24
24 5
84 27
27 14
14 22
14 4
4 15
50 17
17 35