8 62 14 20 24 40 72 59 29 89 58 46 33 13 11 91 73 56 9 97 10 84 87 82 54 30 50 83 90 25 57 32 28 47 17 26 98 27 67 94 66 93 36 21 19 80 2 44 69 53 68 74 0 81 43 1 64 4 22 52 42 37 12 45 96 55 49 77 5 79 41 23 51 6 85 75
8 62
8 40
62 14
62 24
62 27
62 94
14 20
14 59
20 89
20 36
20 49
24 21
40 72
40 29
72 74
59 46
89 58
46 33
46 91
46 84
33 13
33 11
33 26
11 55
91 73
91 9
91 87
91 17
73 56
73 97
56 10
10 90
10 19
84 25
84 0
87 82
87 50
82 54
82 79
54 30
30 28
30 37
50 83
25 57
25 32
32 68
28 47
26 98
27 67
94 66
66 93
19 80
80 2
80 69
2 44
2 53
69 75
68 81
81 43
81 64
81 23
43 1
43 12
64 4
4 22
22 52
52 42
12 45
12 77
45 96
77 5
5 51
79 41
51 6
6 85