29 23 0 38 18 19 45 54 26 1 70 48 51 65 12 31 63 64 33 20 22 53 10 2 4 27 24 36 25 32 49 7 74 68 55 14 9 37 13 60 21 73 66 28 71 17 39 15 30 58 46 72 40 52 41 59 6 61 3 43 5 34 69 75 42 35 62 56 50 67 8 47 16 57 44 11
29 23
23 0
0 38
0 40
0 56
0 47
0 57
0 11
38 18
38 71
38 39
38 58
18 19
18 63
19 45
19 1
45 54
54 26
1 70
1 31
70 48
70 51
51 65
51 12
63 64
64 33
64 22
64 36
33 20
22 53
53 10
53 27
53 24
10 2
2 4
36 25
25 32
25 7
25 73
32 49
7 74
7 55
74 68
55 14
14 9
9 37
37 13
13 60
60 21
73 66
66 28
71 17
39 15
39 30
58 46
46 72
40 52
52 41
52 59
59 6
59 61
59 42
61 3
3 43
3 75
43 5
5 34
5 69
42 35
42 62
56 50
50 67
50 8
47 16
57 44