33 26 31 23 15 20 54 24 21 48 22 25 41 42 43 52 40 7 6 8 59 71 9 65 13 12 3 0 1 27 11 29 56 61 75 77 63 57 30 28 10 49 76 53 2 50 37 36 35 34 39 66 70 44 45 46 72 69 60 67 62 64 51 4 5 38 58 68 73 14 16 18 19 17 47 55 74 32
33 26
26 31
26 32
31 23
23 15
15 20
15 24
15 21
15 22
15 25
15 7
20 54
21 48
25 41
25 40
41 42
41 43
43 52
7 6
6 8
6 9
6 13
6 12
6 3
8 59
59 71
9 65
3 0
3 37
3 51
3 4
3 47
0 1
1 27
1 49
1 2
27 11
11 29
11 10
29 56
29 57
29 30
29 28
56 61
61 75
75 77
77 63
49 76
49 53
2 50
37 36
37 62
36 35
36 39
35 34
39 66
39 44
66 70
44 45
45 46
45 60
46 72
46 69
60 67
62 64
4 5
5 38
5 14
38 58
38 73
58 68
14 16
14 18
14 19
14 17
47 55
55 74