17 91 38 98 74 96 26 6 44 9 8 35 85 73 41 32 65 53 25 75 62 69 0 28 72 99 94 46 66 49 60 81 40 34 23 55 45 1 51 13 21 22 20 19 79 27 29 37 76 78 10 77 88 2 84 7 4 64 92 39 14 48 89 12 95 87 43 68 61 59 63 90 50 15 52 42 93 57 56 33 5 31 83 82 80 36 47 54 67 97 30 58 11 86 71 70 24 18 16 3
17 91
91 38
38 98
98 74
74 96
96 26
26 6
6 44
44 9
9 8
8 35
35 85
85 73
73 41
41 32
32 65
65 53
53 25
25 75
75 62
62 69
69 0
0 28
28 72
72 99
99 94
94 46
46 66
66 49
49 60
60 81
81 40
40 34
34 23
23 55
55 45
45 1
1 51
51 13
13 21
21 22
22 20
20 19
19 79
79 27
27 29
29 37
37 76
76 78
78 10
10 77
77 88
88 2
2 84
84 7
7 4
4 64
64 92
92 39
39 14
14 48
48 89
89 12
12 95
95 87
87 43
43 68
68 61
61 59
59 63
63 90
90 50
50 15
15 52
52 42
42 93
93 57
57 56
56 33
33 5
5 31
31 83
83 82
82 80
80 36
36 47
47 54
54 67
67 97
97 30
30 58
58 11
11 86
86 71
71 70
70 24
24 18
18 16
18 3