80 1 37 0 47 12 74 28 5 17 52 78 35 66 90 22 82 93 2 94 6 69 3 91 15 10 72 45 96 50 77 39 42 8 95 70 33 16 23 56 51 19 54 64 20 55 26 84 31 63 87 7 9 71 44 43 21 14 76 49 4 92 34 65 89 11 24 36 67 57 73 46 97 68 40 18 79 53 81 38 99 13 32 88 25 83 58 27 59 75 48 98 30 62 86 41 85 60 61 29
80 1
1 37
37 0
0 47
0 61
47 12
12 74
12 28
28 5
28 85
28 60
5 17
5 22
5 93
5 30
5 41
17 52
17 78
17 35
35 66
35 90
22 82
93 2
2 94
2 38
2 99
2 98
94 6
6 69
6 3
6 42
6 8
6 7
3 91
3 15
3 39
15 10
15 50
15 77
10 72
10 45
10 96
8 95
8 70
8 33
33 16
33 19
33 64
33 20
16 23
16 51
23 56
19 54
20 55
20 26
26 84
26 31
31 63
31 87
7 9
7 43
7 21
9 71
9 44
21 14
21 4
21 81
14 76
14 49
4 92
4 34
4 11
4 68
4 40
4 18
34 65
34 89
11 24
11 73
11 46
11 97
24 36
24 57
36 67
18 79
18 53
99 13
13 32
13 75
13 48
32 88
32 25
25 83
25 58
25 27
27 59
30 62
30 86
61 29