77 54 36 34 20 51 30 21 71 56 42 72 84 97 62 68 95 75 58 3 0 80 82 94 9 32 88 73 70 18 81 83 96 38 69 57 12 55 50 35 90 11 6 5 10 60 13 86 27 46 85 67 7 17 89 23 92 16 59 99 79 66 25 19 61 43 91 41 26 52 8
77 54
54 36
36 34
36 20
20 51
20 21
51 30
21 71
21 56
21 42
71 86
42 72
42 95
72 84
72 0
84 97
84 68
84 58
84 82
84 96
97 62
62 61
68 19
95 75
58 3
58 50
58 92
0 80
0 66
82 94
82 9
94 32
94 81
9 59
32 88
32 73
32 18
32 35
88 55
73 70
70 83
70 8
81 69
96 38
69 57
57 12
12 17
50 60
35 90
35 5
90 11
11 6
6 46
5 10
5 89
60 13
86 27
46 85
46 67
67 7
89 23
89 43
23 91
92 16
59 99
99 79
66 25
43 26
91 41
26 52