8 80 75 61 65 6 14 77 64 66 81 12 0 56 85 15 54 46 88 25 51 2 52 28 44 73 33 36 41 53 34 29 48 38 92 67 4 82 69 27 1 90 62 86 95 84 10 23 45 79 99 7 74 89 32 19 60 96 47 83 50 76 59 94 11 93 57 39 72 26 16 5 78 31 58 63 24
8 80
8 75
8 61
61 65
65 6
6 14
14 77
77 64
64 66
66 81
81 12
81 63
12 0
12 56
12 15
12 88
0 85
56 54
56 44
15 28
54 46
54 26
54 31
46 52
88 25
88 2
25 51
28 5
44 73
73 33
73 36
73 41
73 58
33 90
33 59
36 95
41 53
41 62
53 34
53 29
53 48
53 82
53 27
29 38
38 92
38 1
92 67
92 4
67 69
69 84
27 86
27 11
84 10
10 23
10 60
23 45
45 79
79 99
99 7
7 74
74 89
89 32
89 19
32 94
19 96
96 47
96 83
83 50
50 76
11 93
11 72
93 57
57 39
26 16
5 78
63 24