26 14 8 1 78 64 79 92 56 34 17 40 7 98 53 32 88 93 86 44 69 28 31 50 9 0 60 52 91 89 87 10 72 21 15 94 62 48 38 84 66 67 99 65 97 54 33 85 71 73 36 30 90 13 47 51 41 63 74 82 81 75 2 16 24 76 59 42 96 80 43 49 5 77 83 95 46 6 57 11 23 3 12 58 27 22 19 20 35 39 4 37 29 70 25 61 18 68 45 55
26 14
14 8
8 1
8 78
78 64
64 79
79 92
92 56
56 34
34 17
17 40
40 7
7 98
98 53
53 32
32 88
88 93
93 86
86 44
86 69
69 28
28 31
31 50
50 9
9 0
0 60
60 52
52 91
91 89
89 87
87 10
10 72
72 21
72 15
72 55
15 94
94 62
62 48
48 38
38 84
84 66
66 67
67 99
99 65
65 97
97 54
54 33
54 45
33 85
85 71
71 73
73 36
73 68
36 30
30 90
30 18
90 13
13 47
47 51
47 61
51 41
51 25
41 63
41 70
63 74
63 4
63 37
63 29
74 82
74 39
82 81
82 12
81 75
75 2
75 42
2 16
16 24
16 59
24 76
42 96
96 80
96 49
80 43
49 5
49 77
77 83
77 3
83 95
95 46
46 6
46 23
6 57
6 11
12 58
58 27
58 22
58 35
22 19
19 20