1 0 90 96 99 98 94 97 95 91 93 92 6 7 8 50 54 58 55 51 56 53 52 57 59 30 35 33 36 38 37 32 39 31 34 40 42 41 43 44 49 48 47 45 46 10 11 12 15 14 17 19 16 13 18 60 68 63 62 65 66 67 61 69 64 3 20 21 26 23 29 27 24 22 25 28 9 80 88 82 89 85 81 83 84 86 87 70 78 74 71 79 75 77 76 72 73 5 2 4
1 0
0 90
0 6
0 7
0 8
0 50
0 30
0 40
0 10
0 60
0 3
0 20
0 9
0 80
0 70
0 5
0 2
0 4
90 96
90 99
90 98
90 94
90 97
90 95
90 91
90 93
90 92
50 54
50 58
50 55
50 51
50 56
50 53
50 52
50 57
50 59
30 35
30 33
30 36
30 38
30 37
30 32
30 39
30 31
30 34
40 42
40 41
40 43
40 44
40 49
40 48
40 47
40 45
40 46
10 11
10 12
10 15
10 14
10 17
10 19
10 16
10 13
10 18
60 68
60 63
60 62
60 65
60 66
60 67
60 61
60 69
60 64
20 21
20 26
20 23
20 29
20 27
20 24
20 22
20 25
20 28
80 88
80 82
80 89
80 85
80 81
80 83
80 84
80 86
80 87
70 78
70 74
70 71
70 79
70 75
70 77
70 76
70 72
70 73