22 37 63 14 24 52 66 12 13 3 83 89 21 75 43 48 82 36 31 32 33 99 74 92 44 45 49 98 5 79 56 71 50 67 96 78 85 35 57 4 55 30 76 19 53 72 58 40 18 25 62 87 10 80 95 39 69 88 73 51 17 77 64 65 47 94 97 42 8 1 0 6 38 27 23 7 54 59 29 46 93
22 37
22 63
22 46
63 14
14 24
14 52
14 66
24 12
24 21
24 75
24 23
52 43
52 44
52 71
66 78
66 85
12 13
13 3
13 83
13 89
21 93
75 57
43 48
43 82
48 36
36 31
31 32
32 33
32 99
33 74
33 92
99 42
74 35
44 45
45 49
45 98
49 5
49 56
98 51
5 79
79 53
79 72
56 50
50 67
50 96
78 19
85 10
57 4
57 55
57 76
57 94
57 97
4 17
55 30
72 58
58 40
58 87
40 18
18 25
18 62
62 29
10 80
10 95
80 39
80 69
95 73
69 88
69 0
17 77
77 64
64 65
65 47
47 54
42 8
8 1
0 6
6 38
38 27
23 7
54 59