41 59 45 82 67 39 42 38 46 37 18 78 92 44 6 40 50 79 58 94 70 62 72 57 12 86 25 15 93 3 98 77 26 47 20 14 5 85 63 52 35 83 27 55 36 49 51 21 90 8 11 32 74 99 34 91 76 22 16 64 68 71 1 56 43 80 66 87 65 73 75 61 29 23 4 89 88 31 60 53 0 24 54 48 96 84 13 2 28 9 10 30 19 97 81 7 95 69 33 17
41 59
59 45
45 82
82 67
67 39
39 42
42 38
38 46
46 37
37 18
18 78
78 92
92 44
44 6
6 40
40 50
50 79
79 58
58 94
94 70
70 62
62 72
72 57
57 12
12 86
86 25
25 15
15 93
93 3
3 98
98 77
77 26
26 47
47 20
20 14
14 5
5 85
85 63
63 52
52 35
35 83
83 27
27 55
55 36
36 49
49 51
51 21
21 90
90 8
8 11
11 32
32 74
74 99
99 34
34 91
91 76
76 22
22 16
16 64
64 68
68 71
71 1
1 56
56 43
43 80
80 66
66 87
87 65
65 73
73 75
75 61
61 29
29 23
23 4
4 89
89 88
88 31
31 60
60 53
53 0
0 24
24 54
54 48
48 96
96 84
84 13
13 2
2 28
28 9
9 10
10 30
30 19
19 97
97 81
81 7
7 95
95 69
69 33
33 17