83 99 78 19 24 72 79 80 17 23 82 6 84 98 97 22 16 15 46 18 42 77 10 5 76 95 96 4 94 35 44 12 45 43 75 26 62 88 40 91 92 93 8 74 70 71 7 56 81 51 57 0 25 38 52 3 59 63 58 21 13 47 90
83 99
83 78
83 19
99 24
99 72
78 79
78 80
78 17
19 23
19 82
19 6
19 84
24 98
24 97
24 22
24 16
72 15
72 46
79 18
80 42
17 77
17 10
17 5
17 76
23 95
23 96
23 4
23 94
82 35
6 44
6 12
6 45
6 43
84 75
98 26
98 62
97 88
97 40
22 91
22 92
22 93
16 8
16 74
15 70
15 71
46 7
46 56
18 81
77 51
10 57
5 0
76 25
4 38
94 52
35 3
35 59
12 63
75 58
88 21
8 13
7 47
51 90