56 74 72 1 87 33 52 4 9 86 79 90 5 2 13 30 62 27 26 81 67 85 7 89 24 46 8 3 63 15 21 47 78 14 11 64 60 34 75 37 51 53 59 55 58 28 57 66 76 80 0 84 25 68 54 77 12 6 92 45 50 48 73 70 88 10 39 31 40 18 91 35 82 20 65 41 23 29 83 36 17 49 38 16 61 69 19
56 74
74 72
72 1
1 87
87 33
33 52
52 4
4 9
9 86
86 79
79 90
90 5
5 2
2 13
13 30
30 62
62 27
27 26
26 81
81 67
67 85
85 7
7 89
89 24
24 46
46 8
8 3
3 63
63 15
15 21
21 47
47 78
78 14
14 11
11 64
11 60
60 34
34 75
75 37
37 51
51 53
53 59
59 55
55 58
58 28
28 57
57 66
57 69
66 76
76 80
80 0
0 84
84 25
25 68
68 54
54 77
77 12
12 6
6 92
92 45
45 50
50 48
48 73
48 61
73 70
70 88
88 10
10 39
39 31
31 40
40 18
18 91
91 35
35 82
82 20
20 65
65 41
41 23
23 29
29 83
83 36
36 17
17 49
49 38
49 16
69 19