61 72 88 66 93 55 74 29 18 44 20 63 28 84 71 46 41 83 65 17 31 99 24 92 10 32 27 1 98 64 4 75 43 82 50 62 3 7 25 86 22 91 96 69 0 90 6 35 94 12 45 21 52 26 67 15 54 42 8 57 13 36 38 68 11 9 60 59 23 39 85 95 14 79 87 78 56 70 51 53 37 40 34 47 77 81 89 19 48 30 97 33 5 80 73 2 16 49 58 76
61 72
72 88
88 66
66 93
93 55
55 74
74 29
29 18
18 44
44 20
20 63
63 28
28 84
84 71
71 46
46 41
41 83
83 65
65 17
17 31
31 99
99 24
24 92
92 10
10 32
32 27
27 1
1 98
98 64
64 4
4 75
75 43
43 82
82 50
50 62
62 3
3 7
7 25
25 86
86 22
22 91
91 96
96 69
69 0
0 90
90 6
6 35
35 94
94 12
12 45
45 21
21 52
52 26
26 67
67 15
15 54
54 42
42 8
8 57
57 13
13 36
36 38
38 68
68 11
11 9
9 60
60 59
59 23
23 39
39 85
85 95
95 14
14 79
79 87
87 78
78 56
56 70
70 51
51 53
53 37
37 40
40 34
34 47
47 77
77 81
81 89
89 19
19 48
19 30
30 97
97 33
97 76
33 5
5 80
5 2
5 16
80 73
16 49
16 58