18 29 24 17 31 23 6 9 1 14 3 26 11 32 16 2 37 39 30 13 22 0 15 64 62 27 87 85 5 43 41 4 28 89 91 25 8 12 58 20 7 19 72 71 10 53 54 48 47 74 73 57 59 50 49 84 82 83 81 90 92 42 44 88 86 63 61 33 35 34 36 78 80 77 79 94 96 93 95 38 40 65 67 66 68 97 98
18 29
29 24
24 17
17 31
31 23
23 6
6 9
9 1
1 14
14 3
3 26
26 11
11 32
32 16
32 97
32 98
16 2
16 65
16 66
2 37
2 30
2 38
37 39
30 13
30 94
30 93
13 22
22 0
22 78
22 77
0 15
0 33
0 34
15 64
15 27
15 63
64 62
27 87
27 5
27 88
87 85
5 43
43 41
41 4
4 28
4 42
28 89
28 25
28 90
89 91
25 8
25 84
25 83
8 12
8 50
8 49
12 58
12 20
12 57
20 7
20 74
20 73
7 19
7 48
7 47
19 72
19 71
19 10
10 53
10 54
57 59
84 82
83 81
90 92
42 44
88 86
63 61
33 35
34 36
78 80
77 79
94 96
93 95
38 40
65 67
66 68