17 4 11 13 15 6 32 28 19 8 18 30 21 1 27 0 25 24 22 10 9 51 49 12 3 5 43 41 29 23 80 78 26 2 7 14 20 16 66 68 31 95 93 96 94 65 67 74 76 73 75 62 64 61 63 48 46 47 45 37 39 38 40 86 88 85 87 79 77 91 89 92 90 44 42 58 60 57 59 52 50 53 55 54 56 82 84 81 83 33 35 34 36 69 71 70 72 98 97
17 4
4 11
11 13
13 15
15 6
6 32
32 28
32 98
32 97
28 19
19 8
8 18
18 30
18 69
18 70
30 21
21 1
1 27
27 0
0 25
0 33
0 34
25 24
24 22
24 82
24 81
22 10
10 9
10 53
10 54
9 51
9 12
9 52
51 49
12 3
12 58
12 57
3 5
5 43
5 29
5 44
43 41
29 23
29 91
29 92
23 80
23 26
23 79
80 78
26 2
26 86
26 85
2 7
2 37
2 38
7 14
7 48
7 47
14 20
14 62
14 61
20 16
20 74
20 73
16 66
16 31
16 65
66 68
31 95
31 96
95 93
96 94
65 67
74 76
73 75
62 64
61 63
48 46
47 45
37 39
38 40
86 88
85 87
79 77
91 89
92 90
44 42
58 60
57 59
52 50
53 55
54 56
82 84
81 83
33 35
34 36
69 71
70 72