37 75 33 98 59 68 82 65 2 61 74 0 44 86 78 93 43 48 64 54 69 90 35 27 96 11 41 52 49 55 23 76 97 81 50 36 14 79 84 17 83 57 60 40 10 26 24 31 85 66 15 29 80 13 92 42 58 38 91 28 4 46 87 39 3
37 75
75 33
75 59
75 68
75 3
33 98
59 29
68 82
82 65
65 2
65 61
65 93
61 74
61 87
74 0
74 86
0 44
0 78
44 43
44 79
44 4
86 38
78 64
43 48
64 54
54 69
54 90
54 50
69 49
69 23
69 97
90 35
90 27
90 11
90 52
90 14
90 40
27 96
27 41
96 17
96 60
96 91
52 55
52 92
55 36
55 24
23 76
23 42
97 81
14 10
79 84
17 83
17 57
17 80
10 26
24 31
24 15
31 85
85 66
85 58
29 28
80 13
4 46
87 39