43 21 25 80 19 34 23 13 48 70 95 31 24 40 83 55 81 42 1 6 33 26 76 96 88 44 92 67 51 91 0 64 85 68 18 57 4 66 93 2 9 5 35 53 32 84 49 58 10 39 22 20 63 86 79 89 99 29 17 61 12 87 59 97 78 47 7 71 98 28 56 45 60 77 65 15
43 21
21 25
25 80
25 19
25 89
19 34
19 40
34 23
34 13
23 70
23 31
23 24
13 48
48 96
70 95
24 1
24 39
24 60
40 83
40 55
83 88
83 61
83 65
55 81
81 42
1 6
1 26
6 33
26 76
26 20
26 86
26 17
76 49
96 44
88 18
44 92
44 51
92 67
51 91
51 68
91 0
0 64
0 85
64 10
85 79
85 77
18 57
18 4
4 66
66 93
66 9
93 2
93 5
5 35
35 53
53 32
32 84
84 78
49 58
39 22
20 63
79 15
89 99
99 29
61 12
61 87
12 59
12 97
12 71
78 47
47 7
7 98
98 28
98 56
28 45