13 7 32 8 10 6 22 25 2 15 5 12 14 16 65 18 11 17 28 0 34 23 19 4 9 29 30 93 27 3 26 20 1 21 24 31 71 56 72 41 70 46 42 55 40 84 64 83 79 88 39 86 82 45 38 53 69 77 87 63 81 37 80 78
13 7
7 32
32 8
8 10
10 6
10 53
6 22
6 46
6 45
22 25
22 27
22 77
25 2
25 18
25 23
25 84
25 83
2 15
2 38
2 37
15 5
15 64
15 63
5 12
12 14
14 16
16 65
18 11
18 70
18 69
11 17
11 56
11 55
17 28
28 0
0 34
23 19
23 79
23 80
19 4
19 71
19 72
4 9
4 41
4 42
9 29
29 30
30 93
27 3
27 88
27 87
3 26
3 40
3 39
26 20
20 1
1 21
21 24
24 31
84 82
83 81
88 86
80 78