23 82 31 98 1 33 85 83 59 79 88 4 13 16 60 75 40 95 9 90 93 64 49 37 41 76 39 94 42 62 35 68 20 24 43 18 6 19 21 10 7 57 8 92 91 12 46 78 44 99 25 77 71 70 28 47 61 2 32 3 22 48 73 74 15 86 26 51 97 63 89 0 55 96 58 53 54 52 34 5 45 38 30 72 17 14 11 67 29 50 36 56 65 81 66 87 69 84 27 80
23 82
82 31
31 98
98 1
1 33
33 85
85 83
83 59
59 79
79 88
88 4
4 13
13 16
16 60
60 75
75 40
40 95
95 9
9 90
90 93
93 64
64 49
49 37
37 41
41 76
76 39
39 94
94 42
42 62
62 35
35 68
68 20
20 24
24 43
43 18
18 6
6 19
19 21
21 10
10 7
7 57
57 8
8 92
92 91
91 12
12 46
46 78
78 44
44 99
99 25
25 77
77 71
71 70
70 28
28 47
47 61
61 2
2 32
32 3
3 22
22 48
48 73
73 74
74 15
15 86
86 26
26 51
51 97
97 63
63 89
89 0
0 55
55 96
96 58
58 53
53 54
54 52
52 34
34 5
5 45
45 38
38 30
30 72
72 17
17 14
14 11
11 67
67 29
29 50
50 36
36 56
56 65
65 81
81 66
66 87
87 69
69 84
84 27
27 80