60 35 42 69 70 12 37 92 46 83 21 86 3 45 1 15 49 34 41 20 7 74 73 30 48 61 84 67 26 96 43 39 22 65 56 18 95 19 94 28 54 75 47 66 50 79 90 24 78 27 23 93 31 82 87 76 52 44 32 4 57 71 33 62 63 29 91 85
60 35
60 42
35 31
42 69
42 70
69 12
69 26
70 37
70 71
12 56
37 92
37 52
92 46
92 7
92 73
46 83
46 86
83 21
83 3
21 23
86 15
3 45
45 1
45 20
1 30
15 49
15 41
49 34
7 74
74 91
73 96
30 48
30 61
30 84
48 67
84 65
26 93
96 43
43 39
39 22
56 18
18 95
18 94
95 19
95 78
95 62
94 28
28 54
28 47
28 29
54 75
54 50
54 44
47 66
50 79
50 90
79 24
78 27
31 82
31 87
87 76
44 32
44 57
32 4
71 33
62 63
91 85