90 91 56 55 20 21 51 18 19 7 8 98 99 0 63 64 83 82 66 67 48 49 4 2 13 12 11 10 69 41 40 62 61 26 25 92 93 5 6 95 94 46 47 15 14 16 17 85 86 87 52 53 88 9 3 54 76 77 43 44 45 1 33 34 35 36 37 38 68 39 29 28 60 59 58 57 30 31 81 80 79 78 71 72 73 74 75 22 23 97 96 65
90 91
91 56
56 55
55 20
20 21
21 51
51 18
18 19
19 7
7 8
8 98
98 99
99 0
0 63
63 64
64 83
83 82
82 66
66 67
67 48
48 49
49 4
4 2
2 13
13 12
12 11
11 10
10 69
69 41
41 40
40 62
62 61
61 26
26 25
25 92
92 93
93 5
5 6
6 95
95 94
94 46
46 47
47 15
15 14
15 16
16 17
16 65
17 85
85 86
86 87
86 97
87 52
52 53
53 88
53 3
53 54
88 9
54 76
76 77
77 43
43 44
44 45
45 1
45 33
33 34
34 35
35 36
36 37
37 38
37 29
38 68
38 39
29 28
28 60
60 59
59 58
58 57
58 81
57 30
30 31
81 80
80 79
79 78
79 71
71 72
72 73
73 74
74 75
75 22
22 23
97 96