76 6 67 8 52 15 50 39 72 55 80 17 3 26 77 99 40 83 65 36 93 89 31 5 23 94 64 14 61 35 25 57 51 79 4 43 49 9 7 59 85 56 62 92 20 88 44 46 48 68 69 63 54 87 19 78 34 0 28 66 18 81 90 84 22 53 97 21 12 10 29 16
76 6
6 67
6 8
8 52
8 68
52 15
52 50
52 77
15 80
50 39
50 81
39 72
39 36
72 55
72 64
80 17
80 3
80 35
80 16
17 53
3 26
26 14
77 99
99 40
99 83
99 22
99 10
40 31
40 61
40 63
83 65
36 93
93 89
89 90
31 5
31 23
31 69
23 94
64 66
35 25
35 51
35 28
35 29
25 57
57 88
51 79
51 43
79 4
4 49
49 9
49 85
9 7
9 56
9 92
7 59
85 87
56 62
92 20
92 18
20 19
88 44
44 46
44 21
46 48
63 54
19 78
78 34
78 0
90 84
53 97
21 12