67 33 68 16 34 70 69 7 15 32 66 65 31 64 63 3 8 18 37 76 75 38 78 77 17 36 73 74 35 72 71 1 4 10 21 44 89 90 43 87 88 22 45 91 92 46 94 93 9 20 41 84 83 42 86 85 19 40 82 81 39 79 80 0 2 5 12 25 51 52 26 54 53 11 24 49 99 50 23 47 96 95 48 97 98 6 14 29 59 60 30 62 61 13 28 57 58 27 56 55
67 33
33 68
33 16
16 34
16 7
34 70
34 69
7 15
7 3
15 32
15 31
32 66
32 65
31 64
31 63
3 8
3 1
8 18
8 17
18 37
18 38
37 76
37 75
38 78
38 77
17 36
17 35
36 73
36 74
35 72
35 71
1 4
1 0
4 10
4 9
10 21
10 22
21 44
21 43
44 89
44 90
43 87
43 88
22 45
22 46
45 91
45 92
46 94
46 93
9 20
9 19
20 41
20 42
41 84
41 83
42 86
42 85
19 40
19 39
40 82
40 81
39 79
39 80
0 2
2 5
2 6
5 12
5 11
12 25
12 26
25 51
25 52
26 54
26 53
11 24
11 23
24 49
24 50
49 99
23 47
23 48
47 96
47 95
48 97
48 98
6 14
6 13
14 29
14 30
29 59
29 60
30 62
30 61
13 28
13 27
28 57
28 58
27 56
27 55