65 66 60 61 72 73 74 75 76 77 67 68 69 78 79 80 81 82 41 40 10 92 93 94 95 96 97 5 4 3 0 8 83 84 32 31 30 29 28 27 26 25 24 23 22 62 42 51 52 53 54 55 56 57 18 17 16 15 14 13 50 49 48 47 46 45 90 88 87 34 35 36 37
65 66
66 60
60 61
60 34
61 72
61 62
72 73
73 74
74 75
75 76
76 77
77 67
77 78
67 68
67 5
68 69
78 79
79 80
80 81
81 82
82 41
82 83
41 40
41 42
40 10
10 92
92 93
93 94
94 95
95 96
96 97
5 4
4 3
4 88
3 0
0 8
83 84
84 32
32 31
31 30
30 29
29 28
28 27
27 26
26 25
25 24
24 23
23 22
23 18
42 51
51 52
51 50
52 53
53 54
54 55
55 56
56 57
18 17
17 16
16 15
15 14
14 13
50 49
49 48
48 47
47 46
46 45
45 90
88 87
34 35
35 36
36 37