68 61 74 95 82 16 55 80 24 50 90 52 67 47 97 40 72 4 54 20 73 66 46 36 32 75 14 99 85 62 37 81 70 38 42 83 65 21 35 10 87 88 15 33 86 45 28 44 3 79 17 19 13 34 91 31 25 71 98 48 56 22 8 94 49 2 84 1 63 26 29 51 39 57 58 60 12 5 64 69 93 7 6 76 89 23 53 96 59 92 77 30 9 41 18 11 27
68 61
61 74
74 95
95 82
82 16
16 55
55 80
80 24
24 50
50 90
90 52
52 67
67 47
47 97
97 40
40 72
72 4
4 54
54 20
20 73
73 66
66 46
46 36
36 32
32 75
75 14
14 99
99 85
85 62
62 37
37 81
81 70
70 38
38 42
42 83
83 65
65 21
21 35
35 10
10 87
87 88
88 15
15 33
33 86
86 45
45 28
28 44
44 3
3 79
79 17
17 19
19 13
13 34
34 91
91 31
31 25
25 71
71 98
98 48
48 56
56 22
22 8
8 94
94 49
49 2
2 84
84 1
1 63
63 26
26 29
29 51
51 39
39 57
57 58
58 60
60 12
12 5
5 64
64 69
69 93
93 7
7 6
6 76
76 89
89 23
23 53
53 96
96 59
59 92
92 77
77 30
30 9
9 41
41 18
18 11
11 27