7 80 60 20 0 11 12 59 2 1 29 53 56 58 27 3 37 39 32 33 66 72 71 69 61 65 64 67 74 78 73 68 62 77 76 63 75 79 38 31 34 36 4 5 35 51 23 57 22 26 25 55 54 21 24 28 52 13 30 40 50 10 9
7 80
80 60
60 20
20 0
0 11
0 12
0 13
0 30
0 10
12 59
59 2
2 1
2 29
2 53
2 56
2 58
2 27
2 3
2 51
2 23
2 57
2 22
2 26
2 25
2 55
2 54
2 21
2 24
2 28
2 52
3 37
3 39
3 32
3 33
3 38
3 31
3 34
3 36
3 4
3 35
33 66
33 72
33 71
33 69
33 61
33 65
33 64
33 67
33 74
33 78
33 73
33 68
33 62
33 77
33 76
33 63
33 75
33 79
4 5
30 40
40 50
10 9