25 3 9 4 31 33 2 48 75 76 73 71 34 36 39 37 41 91 77 0 10 50 52 54 55 24 22 20 23 21 30 32 78 70 74 15 14 18 19 11 5 8 6 1 80 87 61 60 66 62 89 88 84 83 81 86 90 93 97 96 98 94 63 40 43 46 42 49 51 56 57 53 67 68 64 69 92 95 29 28 44 47 45 82 7 12 13 16 17 72 79
25 3
3 9
9 4
4 31
31 33
33 2
2 48
48 75
75 76
76 73
73 71
71 34
34 36
36 39
39 37
37 41
41 91
91 77
77 0
0 10
10 50
50 52
52 54
54 55
55 24
24 22
22 20
20 23
23 21
21 30
30 32
32 78
78 70
70 74
74 15
74 72
15 14
14 18
18 19
19 11
11 5
5 8
8 6
6 1
1 80
80 87
87 61
61 60
60 66
66 62
62 89
89 88
88 84
84 83
83 81
81 86
86 90
90 93
93 97
97 96
96 98
96 12
98 94
94 63
63 40
40 43
43 46
43 7
46 42
42 49
49 51
49 44
51 56
56 57
56 67
57 53
67 68
67 92
68 64
64 69
92 95
95 29
29 28
44 47
47 45
45 82
12 13
13 16
13 17
72 79