31 7 46 19 69 51 28 90 0 98 38 67 34 11 20 49 36 55 8 10 37 75 42 83 18 17 64 47 3 63 53 23 13 41 30 95 35 32 33 39 1 45 24 68 6 88 26 65 62 56 14 21 60 16 72 5 89 27 44 15 76 9 25 74 92
31 7
7 46
46 19
19 69
19 28
69 51
28 90
90 0
0 98
0 55
0 83
0 95
0 88
0 72
0 89
0 76
0 74
0 92
98 38
38 67
38 49
67 34
67 11
11 20
49 36
55 8
55 42
8 10
8 75
10 37
83 18
18 17
17 64
17 30
64 47
47 3
47 63
63 53
53 23
53 13
13 41
95 35
35 32
32 33
32 39
39 1
1 45
45 24
45 68
68 6
88 26
26 65
26 16
65 62
65 60
62 56
56 14
14 21
72 5
89 27
27 44
44 15
76 9
9 25