53 12 94 27 11 83 84 92 2 34 64 56 93 43 87 91 18 5 7 88 16 14 29 9 81 72 4 28 37 60 50 31 46 57 55 42 39 62 82 1 45 78 71 51 70 40 35 24 20 68 30 0 98 86 21 10 6 95 17 15 89 58 38 48 52 97 75 85 65 23 66 41 3 79 73 69 47 44 33 8 74 80 49 25 77 36 67 76 99 26 22 32 61 90 54 59 19 96 63 13
53 12
12 94
94 27
27 11
11 83
83 84
84 92
92 2
2 34
34 64
64 56
56 93
93 43
43 87
87 91
91 18
18 5
5 7
7 88
88 16
16 14
14 29
29 9
9 81
81 72
72 4
4 28
28 37
37 60
60 50
50 31
31 46
46 57
57 55
55 42
42 39
39 62
62 82
82 1
1 45
45 78
78 71
71 51
51 70
70 40
40 35
35 24
24 20
20 68
68 30
30 0
0 98
98 86
86 21
21 10
10 6
6 95
95 17
17 15
15 89
89 58
58 38
38 48
48 52
52 97
97 75
75 85
85 65
65 23
23 66
66 41
41 3
3 79
79 73
73 69
69 47
47 44
44 33
33 8
8 74
74 80
80 49
49 25
25 77
77 36
36 67
67 76
76 99
99 26
26 22
22 32
32 61
61 90
90 54
54 59
59 19
19 96
96 63
63 13