67 73 64 29 9 42 30 92 35 23 19 8 65 36 25 2 4 81 88 79 77 62 49 46 18 32 78 43 94 7 75 6 60 55 51 45 63 57 5 11 90 91 38 93 83 59 33 21 10 68 13 15 14 28 53 69 48 97 40 50 41 80 26 70 86 44 89 24
67 73
73 64
73 29
64 9
9 42
9 92
9 35
9 50
42 30
30 19
92 23
35 69
19 8
8 65
8 14
8 24
65 36
65 88
65 10
65 89
36 25
25 2
25 5
25 70
2 4
2 81
88 79
88 77
88 38
79 62
79 49
77 46
77 91
77 83
46 18
46 94
18 32
18 78
32 28
78 43
94 7
7 75
7 63
75 6
75 60
75 45
6 57
60 55
55 51
57 48
5 11
11 90
11 80
90 59
38 93
59 33
33 21
10 68
68 13
68 86
13 15
28 53
53 97
69 40
50 41
80 26
86 44