26 12 18 91 49 9 38 16 94 50 8 22 44 20 13 95 52 0 5 83 88 11 85 47 46 15 19 82 62 79 90 10 71 86 72 23 14 3 84 40 45 25 36 56 76 66 37 35 75 59 69 67 55 51 30 1 53 96 68 32 27 6 28 63 34 4 65 77 99
26 12
26 95
12 18
18 91
91 49
49 9
9 38
9 55
38 16
38 50
38 22
16 94
16 8
16 63
50 20
8 3
8 84
22 44
22 30
20 13
13 51
95 52
95 0
0 5
5 83
5 88
83 72
83 28
88 11
88 14
11 85
85 47
85 15
47 46
46 86
15 19
15 62
15 79
15 10
19 82
19 71
62 90
72 23
72 34
72 65
84 40
84 45
84 99
45 25
25 36
36 56
36 76
36 32
56 66
76 35
76 67
66 37
37 75
35 68
75 59
75 69
67 27
30 1
1 53
53 96
27 6
34 4
65 77