55 23 48 29 78 62 2 67 8 17 4 87 21 81 45 11 3 77 0 70 91 51 66 41 14 7 73 75 69 18 58 20 53 15 27 34 16 80 86 13 47 32 26 24 74 57 90 88 38 36 46 28 9 35 31 5 10 68 12 89 19 42 92 40 1 6 37 85 82 60 59 65 49 25 43 39 56 76 63 54 30 84 44 22 83 79 61 72 64 50 71 33 52
55 23
23 48
48 29
29 78
78 62
62 2
2 67
67 8
8 17
17 4
4 87
87 21
21 81
81 45
45 11
11 3
3 77
77 0
0 70
70 91
91 51
51 66
66 41
41 14
14 7
7 73
73 75
75 69
69 18
18 58
58 20
20 53
53 15
15 27
27 34
34 16
16 80
80 86
86 13
13 47
47 32
32 26
26 24
24 74
74 57
57 90
90 88
88 38
38 36
36 46
46 28
28 9
9 35
35 31
31 5
5 10
10 68
68 12
12 89
89 19
19 42
42 92
92 40
40 1
1 6
6 37
37 85
85 82
82 60
60 59
59 65
65 49
49 25
25 43
43 39
39 56
56 76
76 63
63 54
54 30
30 84
84 44
44 22
22 83
83 79
79 61
61 72
72 64
64 50
50 71
71 33
33 52