74 59 93 46 33 79 89 48 83 44 32 15 84 11 62 87 68 66 92 14 78 17 60 47 99 38 25 43 94 77 61 39 19 80 95 5 52 6 10 20 55 36 9 45 96 98 31 64 7 71 90 75 49 40 97 81 37 1 82 29 65 86 26 34 23 13 24 56 18 8 3 22 53 54 16 4 2 70 57 50 58 63 85 30 91 88 73 35 76 72 41 42
74 59
59 93
93 46
46 33
33 79
79 89
89 48
48 83
83 44
44 32
32 15
15 84
84 11
11 62
62 87
87 68
68 66
66 92
92 14
14 78
78 17
17 60
60 47
47 99
99 38
38 25
25 43
43 94
94 77
77 61
61 39
39 19
19 80
80 95
95 5
5 52
52 6
6 10
10 20
20 55
55 36
36 9
9 45
45 96
96 98
98 31
31 64
64 7
7 71
71 90
90 75
75 49
49 40
40 97
97 81
81 37
37 1
1 82
82 29
29 65
65 86
86 26
26 34
34 23
23 13
13 24
24 56
56 18
18 8
8 3
3 22
22 53
53 54
54 16
16 4
4 2
2 70
70 57
57 50
50 58
58 63
63 85
85 30
30 91
91 88
88 73
73 35
35 76
76 72
72 41
41 42