1 0 90 27 30 53 37 52 71 15 33 34 23 24 74 28 44 99 47 65 93 25 92 98 56 41 38 91 17 72 87 64 55 50 67 20 97 70 62 49 36 57 12 46 2 78 95 84 69 86 4 96 77 19 39 58 83 8 88 9 26 76 5 54 94 40 31 89 13 43 35 32
1 0
0 90
0 27
90 30
27 58
30 53
53 37
37 52
37 71
52 33
52 39
71 15
33 34
34 23
23 24
23 77
24 74
24 38
74 28
74 44
28 17
44 99
44 56
99 47
47 65
47 93
65 92
65 41
65 72
93 25
92 98
98 35
56 67
56 32
38 91
72 87
87 64
64 55
64 4
55 50
67 20
67 49
20 97
20 69
20 40
97 70
97 96
70 62
70 86
70 19
70 54
62 36
49 46
49 84
49 5
36 57
57 12
46 2
46 94
2 78
2 95
58 83
58 8
58 88
58 9
9 26
26 76
40 31
40 43
31 89
89 13