0 23 27 1 16 13 12 30 11 20 2 18 9 15 14 4 10 28 8 19 22 29 26 17 3 7 21 76 74 6 32 31 96 94 95 93 5 25 83 81 24 82 84 43 41 44 42 98 97 45 47 46 48 75 73 40 38 39 37 67 65 68 66 86 88 85 87 92 90 91 89 77 79 78 80 72 70 71 69 49 51 50 52 53 55 54 56 62 64 61 63 57 59 58 60 35 33 36 34
0 23
23 27
27 1
1 16
1 35
1 36
16 13
13 12
12 30
12 57
12 58
30 11
11 20
20 2
2 18
18 9
9 15
15 14
14 4
14 62
14 61
4 10
10 28
10 53
10 54
28 8
8 19
8 49
8 50
19 22
19 72
19 71
22 29
22 77
22 78
29 26
29 92
29 91
26 17
26 86
26 85
17 3
17 67
17 68
3 7
3 40
3 39
7 21
21 76
21 6
21 75
76 74
6 32
6 45
6 46
32 31
32 98
32 97
31 96
31 95
31 5
96 94
95 93
5 25
5 43
5 44
25 83
83 81
81 24
24 82
82 84
43 41
44 42
45 47
46 48
75 73
40 38
39 37
67 65
68 66
86 88
85 87
92 90
91 89
77 79
78 80
72 70
71 69
49 51
50 52
53 55
54 56
62 64
61 63
57 59
58 60
35 33
36 34