20 19 28 23 0 21 15 22 11 24 8 5 14 31 95 13 32 30 12 3 25 17 68 18 29 7 4 2 1 10 26 9 6 27 16 47 56 69 41 81 49 34 60 58 36 80 92 79 90 48 82 55 59 71 97 64 77 57 33 78 98 70 54 76 74 75 72 73 53 91 89 62 63 61
20 19
19 28
28 23
23 0
23 80
23 79
0 21
0 34
0 33
21 15
21 13
21 76
21 75
15 22
15 64
15 63
22 11
22 18
22 77
22 78
11 24
11 56
11 55
24 8
24 81
24 82
8 5
8 49
5 14
14 31
31 95
13 32
13 60
13 59
32 30
32 97
32 98
30 12
12 3
3 25
25 17
17 68
18 29
18 69
18 70
29 7
29 92
29 91
7 4
7 47
7 48
4 2
4 41
2 1
1 10
10 26
26 9
9 6
6 27
27 16
56 54
69 71
34 36
60 58
92 90
55 53
59 57
64 62
70 72
76 74
75 73
91 89
63 61