55 0 65 91 92 93 50 72 58 35 34 81 80 87 23 64 12 84 2 3 63 30 28 27 20 19 44 45 15 32 29 41 77 8 98 82 5 31 68 7 6 59 83 48 79 40 86 47 39 24 62 71 21 57 61 85 70 11 37 36 4 52 13 97 78 25 56 88 53 1 95 22 38 67 18 46 43 10 9 17 14 33 26 76 54 75 51 16 99 49
55 0
0 65
65 91
91 92
92 93
93 50
50 72
72 58
58 35
35 34
34 81
81 80
80 87
80 79
87 23
87 86
23 64
23 7
23 24
64 12
64 63
64 98
64 48
64 33
12 84
12 82
12 11
12 52
12 13
84 2
84 20
84 77
84 5
2 3
2 1
63 30
63 62
63 21
63 37
30 28
30 31
30 68
30 59
30 75
28 27
20 19
20 32
20 88
20 95
19 44
19 8
44 45
45 15
32 29
29 41
77 61
77 78
77 76
98 18
98 99
82 83
82 67
5 6
5 57
5 4
7 39
7 9
48 40
48 47
48 71
48 17
48 49
47 46
24 85
24 25
24 56
62 43
71 70
71 36
71 54
21 22
11 97
11 10
37 14
52 51
13 53
13 38
17 16
33 26