54 39 31 38 52 53 27 25 37 30 36 48 71 72 49 73 74 51 78 77 50 76 75 26 29 35 46 47 34 44 45 65 66 28 32 40 56 87 88 57 41 58 59 33 42 60 95 96 61 98 43 62 24 11 23 5 2 6 13 14 0 1 4 10 9 3 7 8 12 55
54 39
39 31
39 55
31 38
31 27
38 52
38 53
27 25
25 37
25 26
25 24
37 30
37 51
37 50
30 36
36 48
36 49
48 71
48 72
49 73
49 74
51 78
51 77
50 76
50 75
26 29
26 28
29 35
29 34
35 46
35 47
34 44
34 45
45 65
45 66
28 32
28 33
32 40
32 41
40 56
40 57
56 87
56 88
41 58
41 59
33 42
33 43
42 60
42 61
60 95
60 96
61 98
43 62
24 11
11 23
11 5
5 2
5 12
2 6
2 0
6 13
6 14
0 1
1 4
1 3
4 10
4 9
3 7
3 8