66 88 75 74 68 31 58 36 48 59 94 64 16 85 51 0 33 22 47 3 25 42 61 10 34 79 90 38 1 27 41 77 39 78 63 4 2 70 76 91 45 84 28 14 26 54 52 69 40 98 65 71 99 17 7 83 24 37 96 53 87 23 32 12 80 57 29 56 19 67 9 81 62 13 95 44 97 55 35 8 93 15 72 73 92 49 46 6 50 18 60 21 86 20 89 30 43 82 11 5
66 88
88 75
75 74
74 68
68 31
31 58
58 36
36 48
48 59
59 94
94 64
64 16
16 85
85 51
51 0
0 33
33 22
22 47
47 3
47 25
25 42
42 61
61 10
10 34
34 79
79 90
90 38
38 1
1 27
27 41
41 77
77 39
39 78
39 5
78 63
63 4
4 2
2 70
70 76
76 91
91 45
45 84
84 28
84 11
28 14
14 26
26 54
54 52
52 69
69 40
69 82
40 98
98 65
98 43
65 71
71 99
71 30
99 17
99 20
17 7
7 83
83 24
24 37
37 96
96 53
53 87
87 23
23 32
23 86
32 12
12 80
80 57
57 29
57 60
57 21
29 56
56 19
56 18
19 67
19 81
67 9
81 62
62 13
13 95
13 15
13 72
13 73
95 44
95 93
44 97
44 55
44 8
55 35
73 92
92 49
49 46
46 6
6 50
20 89