98 24 14 2 20 86 55 10 12 21 5 41 9 6 44 82 19 83 99 80 18 15 71 95 85 75 32 4 39 28 1 29 23 13 22 31 0 47 7 48 67 17 35 76 78 89 97 77 53 45 93 38 54 91 73 96 90 56 33 88 42 36 81 84 74 8 49 51 61 43 50 72 65 87 52 79 66 68 37 26
98 24
24 14
14 2
2 20
2 32
2 31
20 86
20 9
20 87
86 55
55 10
55 75
55 93
10 12
12 21
21 5
21 0
5 41
9 6
9 4
9 53
9 54
9 52
6 44
6 17
6 45
6 43
44 82
82 19
19 83
19 84
83 99
83 35
83 88
83 74
99 80
99 47
80 18
18 15
15 71
71 95
95 85
95 23
4 39
4 38
4 37
39 28
39 36
28 1
1 29
23 13
13 22
47 7
7 48
48 67
17 76
17 78
17 77
17 8
35 89
35 97
76 90
78 61
77 73
53 33
45 91
45 96
45 56
54 42
91 81
84 72
8 49
8 51
8 50
43 65
87 66
87 68
52 79
37 26