0 53 17 33 34 96 1 91 26 7 37 18 14 27 40 36 42 71 65 31 98 23 56 15 28 92 51 83 2 13 9 35 74 5 12 32 95 50 3 24 89 57 75 46 43 39 8 6 41 29 4 19 44 72 69 45 85 11 25 30 16 20 21 84 38
0 53
0 38
53 17
17 33
33 34
34 96
96 1
1 91
1 40
1 45
1 85
1 11
91 26
26 7
7 37
7 14
7 27
37 18
40 36
40 23
40 69
36 42
36 65
36 31
36 98
42 71
23 56
23 15
23 2
23 12
15 28
15 51
15 83
28 92
2 13
2 74
2 5
13 9
9 35
12 32
12 50
12 3
32 95
3 24
3 75
3 46
3 43
24 89
24 57
43 39
43 29
43 72
39 8
8 6
6 41
29 4
4 19
19 44
11 25
11 16
25 30
16 20
16 84
20 21