22 18 11 31 29 3 20 16 0 8 14 13 5 30 21 26 24 2 15 6 27 23 79 19 1 12 7 10 17 4 41 32 9 51 28 89 25 84 83 90 52 42 68 66 67 65 53 55 54 56 47 45 48 46 58 60 57 59 35 33 36 34 71 69 72 70 80 78 87 85 88 86 63 61 64 62 38 40 37 39 75 76 93 94
22 18
18 11
11 31
31 29
29 3
3 20
20 16
16 0
0 8
8 14
14 13
13 5
5 30
30 21
30 93
30 94
21 26
21 75
21 76
26 24
24 2
2 15
2 38
2 37
15 6
15 63
15 64
6 27
27 23
27 87
27 88
23 79
23 19
23 80
19 1
19 71
19 72
1 12
1 35
1 36
12 7
12 58
12 57
7 10
7 47
7 48
10 17
10 53
10 54
17 4
17 68
17 67
4 41
4 32
4 42
32 9
9 51
9 28
9 52
28 89
28 25
28 90
25 84
25 83
68 66
67 65
53 55
54 56
47 45
48 46
58 60
57 59
35 33
36 34
71 69
72 70
80 78
87 85
88 86
63 61
64 62
38 40
37 39