91 94 1 0 7 10 15 14 16 9 11 12 13 2 3 4 5 6 93 95 96 97 86 79 72 74 75 76 73 70 63 64 65 58 57 52 49 42 35 37 30 29 28 31 21 23 25 26 22 33 38 43 44 46 47 45 50 51 55 54 41 40 56 59 61 60 62 67 68 69 66 77 78 84 85 80 87 83 82 81 90 89 88 19 18 20
91 94
94 1
1 0
0 7
7 10
10 15
15 14
14 16
16 9
16 19
9 11
9 2
11 12
12 13
2 3
2 4
2 93
4 5
5 6
93 95
93 86
95 96
96 97
86 79
86 90
79 72
79 83
72 74
72 73
74 75
75 76
73 70
70 63
70 77
63 64
64 65
65 58
65 67
65 66
58 57
58 61
57 52
52 49
49 42
49 56
42 35
35 37
37 30
37 38
37 41
30 29
30 33
29 28
28 31
28 21
21 23
23 25
23 22
25 26
38 43
43 44
44 46
44 45
46 47
45 50
50 51
51 55
55 54
41 40
56 59
61 60
61 62
67 68
68 69
77 78
77 84
84 85
84 87
85 80
83 82
82 81
90 89
89 88
19 18
19 20