32 33 42 41 24 52 30 51 31 50 40 25 43 60 15 35 71 16 26 14 46 80 62 72 70 27 23 4 5 56 45 90 81 84 8 28 36 37 3 6 67 44 82 74 13 2 7 57 66 68 98 53 83 64 1 12 48 76 88 93 92 54 0 58 86 89 94 10 11 69 85 20 59 49
32 33
32 42
32 41
33 24
41 52
41 30
41 51
41 31
41 50
41 40
24 25
52 43
50 60
25 15
25 35
60 71
15 16
15 26
15 14
35 46
71 80
71 62
71 72
71 70
16 27
14 23
14 4
14 5
46 56
46 45
80 90
80 81
72 84
27 8
27 28
27 36
27 37
4 3
5 6
56 67
45 44
81 82
84 74
3 13
3 2
6 7
67 57
67 66
67 68
67 98
44 53
82 83
74 64
2 1
2 12
57 48
66 76
98 88
83 93
83 92
64 54
1 0
48 58
76 86
88 89
93 94
0 10
0 11
58 69
94 85
10 20
69 59
59 49