70 95 32 40 73 49 98 84 28 72 78 43 97 16 4 15 34 5 21 7 59 12 52 55 89 58 68 13 42 23 79 66 64 83 33 86 91 53 76 94 27 93 63 56 45 65 71 26 99 47 82 88 77 92 81 18 87 2 24 46 75 0 51 85 62 11 1 39 44 9 37 67 74 50 25 10 20 80 69 60 38 22 17 3 54 36 96 48 30 19 35 61
70 95
95 32
32 40
40 73
73 49
49 98
49 55
98 84
98 52
84 28
84 13
84 88
84 18
84 25
28 72
28 42
28 23
28 76
28 65
28 0
28 67
28 17
28 36
72 78
72 21
72 12
72 89
72 75
72 20
78 43
78 79
78 77
78 39
78 9
78 10
43 97
43 33
43 53
43 93
43 63
97 16
16 4
4 15
15 34
34 5
21 7
21 68
21 83
21 45
21 71
21 50
7 59
12 58
12 94
12 27
12 46
12 80
12 38
89 66
89 51
42 86
42 56
42 81
42 24
42 1
23 64
23 91
23 87
23 2
23 74
23 54
23 48
76 26
76 99
76 47
76 82
76 92
65 62
65 30
65 35
75 37
0 85
0 11
0 44
67 60
67 22
20 69
20 3
17 19
17 61
36 96