20 26 21 22 24 29 7 3 9 50 51 52 54 59 37 43 47 57 53 34 44 42 39 27 17 13 31 0 11 10 16 15 14 56 55 49 58 4 5 6 8 2 1 19 25 12 18 30 36 38 32 33 35 41 40 46 48 45 23 28
20 26
26 21
21 22
22 24
24 29
29 7
7 3
3 9
9 50
50 51
51 52
52 54
54 59
59 37
37 43
43 47
47 57
57 53
53 34
34 44
44 42
42 39
39 27
27 17
27 23
17 13
13 31
31 0
31 30
0 11
11 10
10 16
16 15
15 14
14 56
14 4
14 19
14 12
56 55
56 58
55 49
4 5
5 6
6 8
8 2
2 1
19 25
12 18
30 36
30 41
36 38
36 35
38 32
38 33
41 40
40 46
46 48
46 45
23 28