85 21 29 62 0 45 8 14 22 63 30 91 11 18 15 83 39 28 34 35 2 31 32 20 19 37 99 3 10 36 26 9 67 66 61 90 16 51 98 27 60 77 17 52 82 4 13 7 79 6 5 41 25 24 33 87 58 23 71 38 48 12
85 21
21 29
29 62
62 0
0 45
0 63
0 38
0 48
45 8
8 14
14 22
63 30
30 91
30 11
30 4
11 18
11 39
11 77
11 17
18 15
18 83
39 28
39 16
39 98
39 27
28 34
28 61
28 90
34 35
34 66
35 2
35 9
35 67
2 31
2 20
2 99
31 32
20 19
20 37
99 3
3 10
3 26
10 36
16 51
27 60
17 52
17 82
4 13
4 6
4 41
4 25
4 71
13 7
13 79
6 5
25 24
25 58
25 23
24 33
24 87
48 12