24 2 92 1 9 98 36 33 8 13 64 0 83 46 6 95 55 44 52 32 89 81 91 59 28 4 93 47 84 51 88 7 96 5 58 45 82 94 30 73 41 29 78 23 70 43 80 42 54 90 12 17 67 10 62 99 15 31 74 79 39 77 38 57 19 22 68 85 48 37 49 86 53 18 35 76 26 20 69 3 11 63 87 50 34 75 21 14 65 25 71 72 27 16 66 56 60 61 97 40
24 2
2 92
92 1
1 9
1 40
9 98
9 36
36 33
33 8
8 13
8 97
13 64
64 0
0 83
0 85
0 20
0 87
0 72
0 56
0 60
0 61
83 46
46 6
46 28
46 4
46 19
6 95
6 55
6 59
55 44
55 91
44 52
44 81
52 32
52 89
4 93
4 47
4 51
4 7
4 23
4 57
47 84
51 88
7 96
7 5
5 58
5 45
5 94
5 30
5 41
45 82
30 73
41 29
41 78
23 70
23 43
23 38
43 80
43 42
42 54
42 31
42 79
42 39
54 90
54 12
12 17
12 15
17 67
17 10
10 62
10 99
31 74
39 77
19 22
19 68
85 48
48 37
48 18
37 49
37 53
49 86
18 35
35 76
35 26
20 69
20 3
20 11
11 63
87 50
50 34
50 21
50 25
34 75
21 14
14 65
25 71
72 27
27 16
16 66