17 30 7 54 3 43 59 61 36 18 57 39 1 58 25 63 16 48 6 50 42 0 13 94 46 62 81 9 4 35 53 2 11 28 26 12 78 44 32 21 49 96 74 98 90 19 85 70 99 10 8 33 55 45 31 29 51 14 47 38 88 87 64 15 77 24 67 66 68 93 83 69 75 22 91 82 76 80 97
17 30
17 44
30 7
30 3
30 43
30 24
7 54
3 2
43 59
59 61
61 36
61 58
61 6
36 18
36 93
18 57
18 39
18 1
18 76
39 10
58 25
58 16
58 22
25 63
25 83
16 48
48 19
6 50
6 69
50 42
50 9
42 0
42 62
42 98
0 13
0 94
0 46
0 81
0 35
0 78
0 96
0 74
0 90
0 85
0 99
0 88
0 87
0 77
0 67
0 66
0 68
0 75
0 91
0 82
0 80
0 97
13 12
9 4
9 70
35 53
2 11
11 28
28 26
12 64
44 32
44 21
32 49
10 8
8 33
33 55
55 45
45 31
31 29
29 51
51 14
14 47
47 38
64 15