40 41 42 44 50 52 1 12 13 20 21 14 15 18 16 19 17 22 23 24 25 26 51 27 28 34 33 29 30 31 32 35 43 39 38 37 36 53 54 55 56 57 58 59 60 64 65 0 61 62 63 2 8 10 7 3 4 6 5 9 11 45 49 48 47 46
40 41
41 42
42 44
44 50
44 45
50 52
52 1
1 12
1 53
1 2
12 13
12 22
12 25
13 20
13 14
20 21
14 15
14 18
14 16
14 19
14 17
22 23
23 24
25 26
26 51
26 27
27 28
27 35
28 34
28 29
34 33
29 30
29 31
31 32
35 43
43 39
39 38
38 37
37 36
53 54
53 59
54 55
55 56
56 57
57 58
59 60
60 64
60 61
64 65
65 0
61 62
62 63
2 8
8 10
8 7
8 9
8 11
7 3
3 4
3 6
3 5
45 49
45 48
45 47
45 46