26 17 69 83 97 58 33 34 80 1 2 3 4 57 94 95 61 62 93 98 90 38 37 76 99 56 27 96 12 11 84 55 54 53 39 36 28 50 60 59 63 43 77 30 29 47 10 82 72 22 23 24 81 86 16 79 78 13 14 15 87 5 6 7 32 31 89 41 40 42 88 85 74 75 44 45 46 92 91 21 20 19 18 52 51 0 73 66 67 49 65 64 48 68 8 9 25 70 71 35
26 17
17 69
69 83
83 97
97 58
58 33
33 34
34 80
80 1
1 2
2 3
3 4
4 57
57 94
94 95
95 61
61 62
62 93
93 98
98 90
90 38
38 37
37 76
76 99
99 56
56 27
27 96
96 12
12 11
11 84
84 55
55 54
54 53
53 39
39 36
36 28
28 50
50 60
60 59
60 35
59 63
63 43
43 77
77 30
30 29
29 47
47 10
10 82
82 72
72 22
22 23
22 70
23 24
24 81
24 25
81 86
86 16
16 79
79 78
78 13
13 14
13 87
14 15
87 5
5 6
6 7
7 32
7 8
32 31
31 89
89 41
89 88
41 40
41 42
88 85
85 74
74 75
74 73
75 44
75 52
44 45
45 46
45 92
92 91
92 21
21 20
20 19
19 18
52 51
51 0
73 66
66 67
67 49
67 68
49 65
49 48
65 64
8 9
70 71