39 13 68 42 40 97 0 75 6 59 58 72 57 27 29 7 18 70 2 30 46 4 34 91 17 47 65 20 64 9 83 67 8 77 3 50 11 24 23 44 55 54 35 32 81 15 16 1 90 28 43 36 41 38 37 31 22 5 21 56 66 19 10 80 98 96 61
39 13
13 68
68 42
68 61
42 40
40 97
97 0
0 75
0 81
0 90
0 80
0 98
0 96
75 6
6 59
6 17
6 67
59 58
59 57
59 27
59 29
58 72
29 7
29 91
7 18
18 70
70 2
70 30
30 46
46 4
4 34
17 47
17 83
47 65
47 20
20 64
64 9
67 8
8 77
8 3
8 23
8 55
8 32
3 50
3 11
11 24
23 44
55 54
54 35
81 15
15 16
15 1
90 28
28 43
28 56
43 36
43 5
36 41
36 38
38 37
38 31
31 22
5 21
56 66
66 19
19 10