18 35 57 36 4 52 5 38 64 58 80 27 95 39 92 69 46 97 44 67 47 34 91 37 96 65 49 98 71 29 82 89 90 7 53 66 99 41 6 84 16 74 12 73 15 81 42 23 59 88 43 17 14 62 21 19 75 0
18 35
35 57
57 36
57 4
57 52
57 41
52 5
52 38
52 27
52 67
52 99
52 21
5 64
38 80
38 12
64 58
27 95
95 39
95 92
95 0
39 14
92 69
92 43
69 46
69 97
69 44
69 47
69 29
69 15
69 81
46 98
46 7
46 53
46 73
97 82
97 88
47 34
47 75
34 91
34 65
34 84
91 37
91 96
37 49
37 16
65 19
49 71
49 66
29 89
29 17
89 90
41 6
84 59
16 74
74 23
81 42
14 62