54 82 9 78 36 55 31 70 19 29 53 52 22 72 32 69 17 79 56 3 34 10 33 2 15 49 84 83 8 1 77 25 93 92 91 43 96 35 14 24 76 18 28 13 57 7 39 27 50 51 30 0 89 23 59 68 67 98 42 5 81 86 11 26 63
54 82
54 9
54 78
54 36
54 55
54 31
54 70
82 19
82 29
9 53
9 52
9 22
78 72
78 32
78 69
78 17
78 79
78 56
36 3
36 34
55 10
55 33
31 2
70 15
70 49
19 84
19 83
19 8
29 1
53 77
52 25
22 93
22 92
22 91
32 43
32 96
69 35
69 14
17 24
17 76
79 18
79 28
10 13
10 57
10 7
33 39
83 27
8 50
8 51
1 30
25 0
92 89
96 23
35 59
14 68
14 67
24 98
76 42
18 5
18 81
50 86
0 11
0 26
59 63