33 29 15 40 61 92 66 1 27 96 81 32 7 91 10 21 63 41 99 47 31 44 30 74 14 56 87 64 9 71 46 2 16 58 78 55 42 60 70 89 79 59 48 49 35 51 28 36 13 62 84 11 43 12 72 3 37 94 93 83 34 85 26 8 24 65 69 54 98 97 20 53 57 80 5 67 19 90 23 45 22 39 88 52 86 77 0 38 4 75 68 18 95 6 82 25 76 73 50 17
33 29
29 15
15 40
40 61
61 92
92 66
66 1
1 27
27 96
96 81
81 32
32 7
7 91
91 10
10 21
21 63
63 41
41 99
99 47
47 31
31 44
44 30
30 74
74 14
14 56
56 87
87 64
64 9
9 71
71 46
46 2
2 16
16 58
58 78
78 55
55 42
42 60
60 70
70 89
89 79
79 59
59 48
48 49
49 35
35 51
51 28
28 36
28 17
36 13
13 62
62 84
84 11
11 43
43 12
43 50
12 72
72 3
3 37
37 94
94 93
93 83
83 34
34 85
85 26
26 8
8 24
24 65
65 69
69 54
54 98
98 97
97 20
20 53
53 57
57 80
80 5
80 73
5 67
67 19
19 90
90 23
90 22
23 45
22 39
22 76
39 88
39 95
88 52
52 86
86 77
77 0
0 38
0 18
38 4
4 75
75 68
95 6
6 82
82 25