60 0 73 24 7 40 20 74 25 35 14 15 13 48 75 26 36 6 5 42 49 68 17 43 1 97 2 52 4 3 12 54 18 30 23 39 34 50 44 47 91 84 72 80 70 71 62 29 9 86 92 78 37 79 88 93 64 76 89 83 96 82 53 27 67 87 22 90 59 69 81 57 58 41 66 85 65 45 46 55 33 56 61 63 8 94 95 11 16 77 28
60 0
60 6
0 73
0 74
0 75
0 68
0 91
0 84
0 72
0 80
0 70
0 71
0 62
0 29
0 86
0 92
0 79
0 88
0 93
0 64
0 76
0 89
0 83
0 96
0 82
0 67
0 87
0 90
0 59
0 69
0 81
0 57
0 58
0 66
0 85
0 65
0 55
0 56
0 61
0 63
0 94
0 95
0 77
73 24
24 7
24 15
7 40
7 48
40 20
74 25
25 35
25 50
35 14
15 13
75 26
26 36
26 34
6 5
6 52
6 39
5 42
42 49
68 17
17 43
43 1
43 18
1 97
97 2
52 4
4 3
3 12
12 54
12 23
18 30
50 44
44 47
91 46
84 37
80 33
71 22
62 9
29 78
76 27
96 53
67 16
87 41
90 45
61 8
63 11
77 28