97 16 58 55 0 94 24 53 27 18 68 57 85 72 23 19 31 98 22 7 48 21 63 3 39 38 10 13 29 12 15 1 60 51 73 95 9 20 8 62 41 28 82 81 33 88 65 86 36 93 45 90 66 4 64 2 91 42 54 83 71 80 59 37 78 84 5 76 46 89 32
97 16
16 58
58 55
55 0
0 94
0 39
0 33
0 4
94 24
24 53
24 27
24 76
53 18
53 91
18 68
18 78
18 89
68 57
57 85
57 72
57 90
85 19
72 23
23 9
19 31
19 63
31 98
31 7
98 22
22 51
22 64
7 48
48 21
63 3
39 38
39 10
39 5
10 13
10 8
10 66
13 29
13 80
29 12
29 60
12 15
15 1
1 84
60 59
51 73
51 42
73 95
95 71
9 20
8 62
62 41
41 28
41 54
28 82
82 81
82 88
81 65
33 37
65 86
86 36
86 93
93 45
64 2
54 83
84 32
76 46