57 20 41 76 95 50 72 59 75 89 63 64 56 77 5 46 84 30 16 71 13 81 1 99 42 60 85 83 68 25 39 24 61 15 2 11 97 27 0 35 62 17 3 45 73 88 7 6 80 98 65 79 82 58 47 26 9 29 48 55 22 44 18 43 93 28 86 21
57 20
57 76
20 41
76 95
95 50
95 89
50 72
72 59
72 98
59 75
89 63
89 77
63 64
64 56
77 5
77 28
5 46
5 84
5 16
5 39
46 30
46 71
46 83
84 26
84 48
30 88
30 86
16 81
16 22
71 13
81 1
81 42
81 24
81 21
1 99
1 93
42 60
60 85
60 58
83 68
68 25
25 55
39 80
24 61
24 15
24 0
24 62
61 97
15 2
2 11
11 27
0 35
62 17
62 47
17 3
17 45
3 73
73 7
7 6
98 65
65 79
79 82
26 9
9 29
22 44
44 18
18 43