17 38 14 0 90 36 25 55 1 62 6 28 29 27 50 20 5 52 15 66 39 7 31 85 8 68 42 94 44 53 23 22 79 96 35 47 99 19 37 30 13 89 3 48 41 32 56 60 45 16 18 76 67 61 9 69 10 43 24 33 58 46 51 11 40 2 21 70 71 12 59 34 65
17 38
38 14
14 0
0 90
0 71
0 65
90 36
36 25
25 55
25 1
25 6
25 50
25 5
1 62
6 28
6 29
29 27
50 20
5 52
5 15
5 66
5 39
5 7
7 31
7 18
7 67
7 61
31 85
31 8
31 44
8 68
8 42
42 94
44 53
44 96
44 35
44 3
53 23
53 22
22 79
35 47
35 37
35 89
47 99
47 19
37 30
30 13
3 48
48 41
48 56
41 32
56 60
60 45
45 16
18 76
61 9
9 69
9 10
10 43
10 70
43 24
24 33
24 51
33 58
58 46
51 11
11 40
40 2
40 21
71 12
12 59
59 34