64 5 41 24 15 54 18 19 27 31 21 13 1 12 38 3 42 10 39 69 29 22 56 16 2 59 46 40 9 45 52 0 63 33 23 49 6 26 11 7 25 65 35 51 36 66 62 32 17 8 4 48 57 47 50 20 28 68 44 43 14 30 60 53 61 67 37 58 55 34
64 5
5 41
5 24
5 34
24 15
15 54
15 18
18 19
18 55
19 27
19 67
19 37
19 58
27 31
27 21
27 61
21 13
21 53
13 1
1 12
1 44
1 43
1 14
1 30
1 60
12 38
12 3
12 28
12 68
3 42
3 10
3 17
3 47
3 50
3 20
10 39
10 69
10 29
29 22
29 62
29 32
22 56
22 16
22 26
16 2
2 59
2 46
2 40
2 9
2 0
2 49
2 6
9 45
9 52
0 63
0 33
0 23
26 11
11 7
11 36
11 66
7 25
7 65
7 35
7 51
17 8
8 4
8 57
4 48