30 23 16 76 54 74 43 67 41 58 70 39 53 12 92 57 20 4 26 68 46 77 29 19 42 72 99 84 75 49 91 87 15 14 6 33 56 28 61 85 96 25 93 21 10 17 59 45 79 34 88 11 27 62 60 31 80 69 48 64 22 40 8 37 2 71 97 73 5 50 7 90 82 18 24 95 35 13
30 23
30 74
23 16
16 76
76 54
74 43
74 39
43 67
43 28
67 41
41 58
41 70
41 53
58 88
58 13
70 50
39 56
39 5
53 12
12 92
12 17
92 57
92 20
92 4
92 59
57 18
4 26
4 46
4 85
26 68
26 42
68 24
46 77
46 84
46 25
77 29
29 19
42 72
72 99
84 75
75 49
75 91
91 87
91 15
87 6
15 14
6 33
33 93
28 61
85 96
93 21
93 80
21 10
17 2
59 45
45 79
45 34
88 11
11 27
27 62
27 60
27 97
60 31
60 8
80 69
80 48
48 64
64 22
22 40
8 37
2 71
2 95
97 73
73 7
7 90
90 82
95 35