85 82 81 77 76 73 72 67 71 64 61 66 65 68 69 70 60 59 63 56 53 49 54 50 29 28 34 41 47 46 45 39 38 32 26 13 12 18 19 24 31 25 30 36 37 44 95 96 91 87 84 83 80 88 79 55 57 51 58 75 52 92 97 42 43 6 1 7 2 8 9 14 20 15 21 22 16 11 4 10 5 3 17 23 0 33 27 40 48 35 62 98 86 90 89 93 94 74 78
85 82
82 81
81 77
77 76
76 73
73 72
72 67
67 71
67 64
64 61
61 66
61 60
61 62
66 65
65 68
68 69
69 70
60 59
60 63
63 56
56 53
53 49
49 54
54 50
50 29
29 28
28 34
34 41
34 35
41 47
47 46
46 45
46 39
46 40
46 48
39 38
38 32
32 26
26 13
26 33
13 12
12 18
12 6
18 19
19 24
24 31
31 25
25 30
30 36
36 37
37 44
37 42
44 95
95 96
96 91
91 87
91 92
87 84
87 55
84 83
83 80
80 88
80 79
55 57
55 52
57 51
57 58
58 75
92 97
42 43
6 1
1 7
7 2
7 0
2 8
8 9
9 14
14 20
20 15
15 21
21 22
22 16
16 11
16 17
11 4
4 10
4 3
10 5
17 23
33 27
62 98
98 86
98 74
86 90
90 89
90 93
93 94
74 78