33 3 26 44 2 42 40 30 46 16 23 4 36 6 45 12 10 9 43 35 20 27 48 22 19 17 31 14 37 18 0 24 8 53 38 99 91 1 5 29 96 47 11 28 89 39 34 7 87 93 32 86 95 97 94 85 54 63 62 80 77 90 92
33 3
3 26
26 44
44 2
2 42
2 40
40 30
40 10
40 77
30 46
46 16
16 23
23 4
4 36
36 6
36 12
6 45
10 9
10 54
9 43
9 91
43 35
43 80
35 20
35 48
20 27
20 19
20 8
20 99
20 63
48 22
19 17
19 62
17 31
17 14
17 97
14 37
14 18
14 24
37 0
8 53
8 38
8 90
99 1
1 5
1 29
1 96
1 89
1 87
1 93
1 32
1 86
1 95
1 94
1 85
1 92
5 47
47 11
47 28
28 39
39 34
34 7