27 88 87 25 5 29 91 89 84 82 24 17 68 2 13 59 67 65 18 70 72 69 71 19 20 30 93 1 12 14 73 11 21 0 34 3 40 56 54 10 53 95 31 23 7 15 64 28 32 90 48 46 6 22 77 26 78 4 42 9 8 43 47 35 51 96 74 76 83
27 88
27 87
27 25
27 13
25 5
25 29
25 84
25 18
25 83
5 15
5 43
29 91
29 2
91 89
89 28
84 82
82 24
24 17
17 68
17 67
13 59
67 65
18 70
18 69
18 1
18 14
70 72
69 71
71 19
19 20
19 7
19 4
20 30
20 73
20 74
30 93
30 11
30 23
93 95
1 12
1 35
11 21
11 56
21 0
0 34
0 3
3 40
56 54
54 10
10 53
95 31
31 96
7 48
7 47
15 64
28 32
28 90
48 46
46 6
6 22
22 77
22 26
22 78
4 42
4 9
9 8
9 51
74 76