63 23 93 0 89 17 49 8 18 11 16 32 29 61 10 83 62 38 22 72 5 48 66 2 25 68 65 51 28 56 21 95 35 98 36 40 13 67 50 3 1 53 44 15 64 57 24 55 9 14 73 70 20 6 26 12 4 58 30 27 54 80 7 99
63 23
23 93
93 0
0 89
0 4
0 80
0 99
89 17
17 49
17 32
17 70
49 8
8 18
8 16
18 11
32 29
32 36
29 61
29 35
29 98
61 10
61 25
10 83
10 62
10 48
10 66
62 38
38 22
38 5
22 72
66 2
25 68
25 65
25 95
65 51
65 21
51 28
28 56
36 40
40 13
40 50
13 67
50 3
50 53
3 1
53 44
53 14
44 15
15 64
15 9
64 57
57 24
24 55
14 73
70 20
70 12
20 6
6 26
4 58
4 30
30 27
27 54
80 7