2 18 17 11 1 62 28 27 81 47 46 72 92 99 53 95 32 21 20 80 41 63 43 90 23 24 8 9 60 64 66 88 73 5 78 86 57 58 25 98 12 30 69 14 91 33 61 48 65 56 0 19 76 97 84 38 94 93 59 34 35 36 51 16 15 68 4 13 75 74 87 70 50 10 83 89 3 39 77 82 45 44 71 31 37 42 26 54 55 49 85 40 6 7 96 79 67 22 52 29
2 18
18 17
17 11
11 1
1 62
62 28
28 27
27 81
81 47
47 46
46 72
72 92
92 99
99 53
53 95
95 32
32 21
21 20
20 80
80 41
41 63
63 43
43 90
90 23
23 24
24 8
8 9
9 60
60 64
64 66
66 88
88 73
73 5
5 78
78 86
86 57
57 58
58 25
25 98
98 12
12 30
30 69
30 29
69 14
14 91
91 33
33 61
61 48
48 65
65 56
56 0
0 19
19 76
76 97
97 84
84 38
38 94
94 93
93 59
59 34
34 35
35 36
36 51
51 16
16 15
15 68
68 4
4 13
13 75
75 74
74 87
87 70
70 50
50 10
10 83
83 89
83 52
89 3
89 22
3 39
39 77
39 67
77 82
77 79
82 45
45 44
44 71
44 96
71 31
71 6
31 37
37 42
37 40
42 26
26 54
54 55
54 49
49 85
6 7