1 0 12 30 93 8 3 28 27 13 15 17 29 24 4 7 48 18 14 9 22 2 25 32 20 74 21 19 5 16 26 11 55 23 6 10 31 92 90 61 68 71 70 63 91 59 89 72 64 76 88 75 57 49 69 60 50 39 86 58 40 38 62 37 67 87 85
1 0
0 12
12 30
30 93
30 8
8 3
8 49
8 50
3 28
3 21
3 39
3 40
28 27
28 90
28 89
27 13
27 18
27 88
27 87
13 15
13 59
13 60
15 17
15 63
15 64
17 29
17 23
17 68
17 67
29 24
29 92
29 91
24 4
4 7
7 48
18 14
18 70
18 69
14 9
14 61
14 62
9 22
22 2
2 25
25 32
32 20
20 74
21 19
21 76
21 75
19 5
19 71
5 16
16 26
26 11
11 55
23 6
6 10
10 31
70 72
59 57
88 86
60 58
39 37
40 38
87 85