7 69 45 64 94 61 55 6 85 24 42 97 39 33 3 26 63 77 11 28 68 95 44 56 84 93 88 70 2 73 31 75 65 10 38 62 1 21 43 86 27 29 79 72 36 98 49 78 17 9 25 20 46 19 4 81 15 5 0 99 12 59 60 58 57 13 87 80 23 71 89 51
7 69
69 45
45 64
64 94
94 61
61 55
55 6
55 77
6 85
85 24
24 42
24 97
24 33
24 63
42 87
97 39
33 3
33 28
3 26
3 56
63 84
63 75
63 71
77 11
28 68
28 95
28 44
44 38
84 93
84 70
84 23
93 88
88 31
70 2
2 73
73 65
73 19
73 60
75 15
65 10
38 62
62 1
62 13
1 21
21 43
21 29
43 86
86 27
27 57
29 79
29 49
79 72
72 36
36 98
36 9
49 78
78 17
9 25
25 20
20 46
19 4
4 81
81 51
15 5
5 0
0 99
0 12
99 80
12 59
60 58
71 89