15 70 72 76 17 78 89 34 3 35 64 13 66 65 59 11 60 58 55 26 0 27 25 10 56 74 16 53 9 52 54 37 4 38 39 44 6 45 86 20 85 97 24 99 98 79 18 80 81 29 1 28 32 2 31 49 8 68 14 67 82 19 84 90 21 92 22 93 94 23 69 61 12 87 47 7 40 5
15 70
15 72
70 76
72 89
76 17
17 78
78 47
89 34
89 64
34 3
3 35
64 13
13 66
13 65
66 40
65 59
59 11
11 60
11 58
58 55
58 53
55 26
55 10
26 0
0 27
0 25
27 74
10 56
74 16
53 9
53 86
9 52
9 54
54 37
37 4
4 38
4 39
39 44
44 6
6 45
86 20
20 85
20 87
85 97
85 79
85 29
97 24
24 99
24 98
79 18
18 80
18 81
29 1
29 68
1 28
28 32
32 2
2 31
31 49
49 8
68 14
14 67
14 69
67 82
67 61
82 19
19 84
84 90
90 21
90 92
92 22
22 93
93 94
94 23
61 12
47 7
40 5