24 4 53 10 62 27 21 65 45 11 20 8 39 29 18 58 46 44 32 5 22 9 47 15 37 35 49 0 25 57 40 17 3 2 51 63 13 61 23 19 31 43 59 64 48 38 56 42 50 12 52 14 28 33 1 54 55 26 30 7 41 6 36
24 4
4 53
53 10
10 62
62 27
27 21
21 65
65 45
45 11
11 20
20 8
8 39
39 29
29 18
18 58
58 46
46 44
44 32
32 5
5 22
22 9
9 47
47 15
15 37
37 35
35 49
49 0
0 25
25 57
57 40
40 17
17 3
3 2
2 51
51 63
63 13
13 61
61 23
23 19
19 31
31 43
43 59
59 64
64 48
48 38
38 56
56 42
42 50
50 12
12 52
52 14
14 28
28 33
33 1
1 54
54 55
55 26
26 30
30 7
7 41
41 6
6 36