88 76 28 97 20 51 56 3 99 60 32 90 12 17 5 7 50 62 35 77 55 29 65 11 1 64 84 18 46 85 22 61 81 15 70 43 58 53 23 92 68 63 78 19 42 59 33 49 87 37 41 79 38 86 27 89 80 36 52 71 21 48 39 54 57 10 82 9
88 76
76 28
76 86
28 97
28 20
28 81
20 51
20 99
20 61
51 56
51 70
56 3
56 38
99 60
99 90
99 62
60 32
60 12
12 17
12 78
17 5
17 46
17 42
5 7
5 50
5 77
5 18
7 68
7 36
50 84
62 35
77 55
77 64
55 29
55 11
29 65
29 15
11 1
46 85
46 9
85 22
15 48
70 43
43 58
43 53
53 23
53 92
68 63
78 19
19 49
42 59
59 33
49 87
87 37
87 41
37 79
41 71
86 27
27 89
89 80
36 52
36 54
71 21
48 39
39 10
54 57
10 82