79 0 40 31 29 70 1 93 11 51 85 58 6 7 24 65 10 26 67 45 81 92 57 13 9 91 15 97 3 87 60 14 12 59 94 96 61 17 99 16 98 2 47 83 5 53 89 86 62 36 74 95 50 8 56 25 66 46 82 35 21 63 42 34 73 27 68 55 90 18 4 88 44 28 19 38 76 22 33 72 43 49 23 64 37 75 69 39 77 80 32 71 30 48 84 54 52 20 78 41
79 0
0 40
0 41
40 31
40 20
40 78
31 29
31 1
29 70
1 93
1 52
93 11
11 51
11 58
11 6
51 85
6 7
6 32
6 54
7 24
7 55
7 90
7 18
7 4
7 44
24 65
24 10
10 26
10 45
10 92
10 57
10 13
10 50
26 67
45 81
13 9
13 60
13 14
13 95
9 91
9 15
15 97
15 3
3 87
14 12
14 96
14 61
14 17
12 59
12 94
17 99
17 16
17 36
16 98
16 2
16 62
2 47
2 5
2 86
47 83
5 53
5 89
36 74
50 8
50 46
8 56
8 25
25 66
46 82
46 35
35 21
21 63
21 42
21 27
42 34
34 73
27 68
4 88
44 28
44 39
44 80
28 19
28 69
19 38
38 76
38 22
38 43
22 33
33 72
43 49
49 23
49 37
23 64
37 75
39 77
32 71
32 30
30 48
48 84