20 87 25 0 26 45 6 43 44 29 1 62 12 61 93 22 92 54 9 52 53 91 96 23 95 80 18 79 81 83 19 84 82 59 66 13 64 65 94 77 17 11 58 75 16 73 60 42 5 40 31 2 33 32 49 8 51 50 38 4 30 71 97 24 41 98 47 7 88 21 90 57 10 70 68 14 36 3 34 35
20 87
87 25
25 0
0 26
26 45
26 62
45 6
6 43
6 44
44 29
44 47
29 1
62 12
12 61
61 93
93 22
22 92
22 91
92 54
54 9
9 52
9 53
52 96
96 23
23 95
23 94
95 80
80 18
18 79
18 81
81 83
81 36
83 19
19 84
19 82
82 59
59 66
59 11
59 75
66 13
13 64
13 65
94 77
77 17
11 58
11 60
58 97
75 16
16 73
73 42
42 5
5 40
5 41
40 31
31 2
31 49
2 33
2 32
49 8
8 51
8 50
51 30
51 71
50 38
38 4
30 88
30 70
97 24
24 98
47 7
88 21
88 57
21 90
57 10
70 68
68 14
36 3
3 34
3 35