24 48 10 17 81 8 33 92 54 73 39 58 76 43 63 83 60 32 9 27 35 99 95 64 26 98 66 22 57 12 50 70 38 31 84 74 30 75 65 40 68 85 16 37 97 7 94 2 1 77 52 0 29 41 71 62 56 18 61 4 55 69 93 72 82 59 91 88 23 5 28 34 47 44 6 3 53 20 11 86 96 21 19 90 79 46 87 51 13
24 48
48 10
10 17
17 81
81 8
8 33
33 92
92 54
54 73
73 39
39 58
58 76
76 43
43 63
63 83
83 60
60 32
32 9
9 27
27 35
35 99
99 95
95 64
64 26
26 98
98 66
66 22
22 57
57 12
12 50
50 70
70 38
38 31
31 84
84 74
74 30
74 75
75 65
65 40
40 68
68 85
85 16
85 13
16 37
37 97
37 51
97 7
97 87
7 94
94 2
2 1
2 77
2 52
52 0
0 29
29 41
41 71
71 62
62 56
56 18
18 61
18 46
61 4
4 55
55 69
55 90
55 79
69 93
93 72
72 82
82 59
59 91
59 19
91 88
88 23
23 5
5 28
28 34
28 44
34 47
44 6
44 96
6 3
3 53
3 11
53 20
11 86
96 21