51 1 11 50 14 69 15 40 53 7 19 16 42 92 91 18 65 48 45 8 94 13 90 33 56 30 49 71 73 6 80 87 44 52 63 32 79 66 60 10 68 76 55 95 78 34 89 70 25 20 21 36 67 47 31 27 57 23 26 88 82 12 4 28 77 86 22 3 85 54 93 62 24 0 46 61 97 84 83 41 37 72 64 59 5 74 2 9 75 81 99 39 38 29 17 43 58 35 98 96
51 1
1 11
1 50
1 14
1 69
1 15
1 40
1 53
1 7
1 19
1 16
1 42
1 92
1 91
1 18
1 65
1 48
1 45
1 8
1 94
1 13
1 90
1 33
1 56
1 30
1 49
1 71
1 73
1 6
1 80
1 87
1 44
1 52
1 63
1 32
1 79
1 66
1 60
1 10
1 68
1 76
1 55
1 95
1 78
1 34
1 89
1 70
1 25
1 20
1 21
1 36
1 67
1 47
1 31
1 27
1 57
1 23
1 26
1 88
1 82
1 12
1 4
1 28
1 77
1 86
1 22
1 3
1 85
1 54
1 93
1 62
1 24
1 0
1 46
1 61
1 97
1 84
1 83
1 41
1 37
1 72
1 64
1 59
1 5
1 74
1 2
1 9
1 75
1 81
1 99
1 39
1 38
1 29
1 17
1 43
1 58
1 35
1 98
1 96