14 74 57 61 0 70 56 9 10 69 80 49 64 20 5 4 11 77 45 41 99 31 53 34 43 32 19 72 76 30 90 78 88 73 93 40 13 81 94 82 6 28 2 38 62 36 85 33 96 12 52 66 97 24 48 7 18 50 65 35 1 59 79 39 16 46 25 3 29 26 68 55 51 15 84 17 47 95 92 21 75 71 37 42 87 58 91 8 44 60 27 23 63 98 89 22 83 86 67 54
14 74
74 57
57 61
61 0
0 70
70 56
56 9
9 10
10 69
69 80
80 49
49 64
64 20
20 5
5 4
4 11
11 77
77 45
45 41
41 99
99 31
31 53
53 34
34 43
43 32
32 19
19 72
72 76
76 30
30 90
90 78
78 88
88 73
73 93
93 40
40 13
13 81
81 94
94 82
82 6
6 28
28 2
2 38
38 62
62 36
36 85
85 33
33 96
96 12
12 52
52 66
66 97
97 24
24 48
48 7
7 18
18 50
50 65
65 35
35 1
1 59
59 79
79 39
39 16
16 46
46 25
25 3
3 29
29 26
26 68
68 55
55 51
51 15
15 84
84 17
17 47
47 95
95 92
92 21
21 75
75 71
71 37
37 42
37 54
42 87
87 58
58 91
91 8
8 44
8 89
44 60
44 63
44 98
60 27
60 23
89 22
22 83
83 86
86 67