33 35 1 0 34 36 19 4 42 72 70 8 49 29 91 89 28 90 27 3 39 40 88 24 82 84 25 81 18 51 9 52 17 67 68 11 23 5 43 56 54 14 61 22 77 79 32 63 15 6 46 31 2 21 30 48 7 47 62 16 87 10 53 93 20 12 58 57 96 71 59 74
33 35
33 0
35 1
0 34
0 19
0 4
0 8
34 36
19 72
19 71
4 42
4 24
72 70
8 49
8 29
8 27
49 51
29 91
29 11
91 89
89 28
28 90
28 20
28 12
27 3
27 88
27 17
27 87
3 39
3 40
24 82
24 81
24 18
82 84
84 25
18 14
51 9
9 52
17 67
17 68
11 23
11 5
11 56
5 43
56 54
54 10
14 61
14 22
14 62
61 63
22 77
22 32
77 79
32 16
63 15
15 6
15 31
15 2
15 21
6 46
46 48
31 96
21 30
30 93
48 7
7 47
10 53
20 74
12 58
12 57
57 59