9 66 59 57 22 17 80 0 85 23 26 63 12 47 28 37 40 4 19 48 8 20 54 91 34 83 21 35 33 67 2 30 1 44 45 11 41 10 55 39 5 90 92 43 51 36 6 42 31 60 16 3 99 32 89 94 38 7 64 58 65 25 78 77 13 84 74 52 15
9 66
66 59
59 57
59 15
57 22
57 52
22 17
17 80
80 0
0 85
0 91
0 83
0 32
0 94
0 78
0 77
0 84
0 74
85 23
23 26
23 12
26 63
12 47
12 28
28 37
28 54
37 40
37 4
4 19
4 48
48 8
8 20
91 34
83 21
21 35
21 43
35 33
35 92
33 67
33 90
67 2
2 30
30 1
30 44
44 45
45 11
11 41
11 10
11 55
55 39
39 5
43 51
43 3
43 99
51 36
51 60
36 6
36 42
36 31
60 16
32 89
94 38
38 7
38 64
38 65
38 25
64 58
77 13