21 0 23 9 15 24 43 63 33 53 13 10 25 20 11 32 42 52 62 14 51 31 61 2 48 7 28 18 27 68 16 6 22 8 29 70 60 40 50 26 12 58 17 30 1 46 69 49 56 66 36 39 59 19 3 71 45 44 35 57 47 67 37 73 55 65 64 54 34 41 72 74 38 5 4
21 0
0 23
0 9
0 15
0 24
0 13
0 10
0 25
0 20
0 11
0 14
0 2
0 48
0 7
0 28
0 18
0 27
0 68
0 16
0 6
0 22
0 8
0 29
0 26
0 12
0 58
0 17
0 30
0 1
0 19
0 3
0 38
0 5
0 4
24 43
24 63
24 33
24 53
11 32
11 42
11 52
11 62
14 51
14 31
14 61
29 70
29 60
29 40
29 50
1 46
1 69
1 49
1 56
1 66
1 36
1 39
1 59
3 71
3 45
3 44
3 35
3 73
3 55
3 65
3 64
3 54
3 34
3 41
3 72
3 74
35 57
35 47
35 67
35 37