65 16 66 25 6 3 39 12 26 46 48 40 38 2 7 4 0 34 1 20 73 11 36 74 76 5 44 42 8 49 51 50 9 52 18 69 13 14 15 63 41 27 88 28 30 94 93 21 23 80 78 10 54 22 77 19 24 81 82 84 72 90 35 32 71 29 91 59 47 55
65 16
16 66
16 25
16 6
6 3
6 46
3 39
3 12
3 26
3 40
46 48
48 7
40 38
38 2
2 0
7 4
7 47
4 41
0 34
0 1
0 20
1 36
1 35
1 29
20 73
20 11
20 74
20 5
11 55
74 76
76 21
5 44
5 8
5 19
44 42
8 49
8 50
8 24
49 51
51 9
9 52
9 18
18 69
18 13
18 15
18 30
13 14
13 59
15 63
15 27
27 88
27 28
28 90
30 94
30 93
21 23
21 10
23 80
80 78
78 22
10 54
22 77
19 72
19 71
24 81
24 82
24 32
82 84
29 91