14 55 63 35 46 43 33 65 36 48 75 64 8 17 61 12 79 89 31 32 81 25 21 50 0 68 58 92 70 5 18 52 66 2 98 45 90 69 34 88 86 85 96 42 53 73 40 95 49 11 30 83 87 57 47 84 76 26 29 15 99 23 22 77 9 28 59 78 62 37 72 54 3 24 13 41 1 19 67 6 20 39 4 93 91 80 44 71 97 27 51 82 56 38 74 94 60 10 16 7
14 55
55 63
63 35
35 46
46 43
43 33
33 65
65 36
36 48
48 75
75 64
64 8
8 17
17 61
61 12
12 79
79 89
89 31
31 32
32 81
81 25
25 21
21 50
50 0
0 68
68 58
58 92
92 70
70 5
5 18
18 52
52 66
66 2
2 98
98 45
45 90
90 69
69 34
34 88
88 86
86 85
85 96
96 42
42 53
53 73
73 40
40 95
95 49
49 11
11 30
30 83
83 87
87 57
57 47
47 84
84 76
76 26
26 29
29 15
15 99
99 23
23 22
22 77
77 9
9 28
28 59
59 78
78 62
62 37
37 72
72 54
54 3
3 24
3 7
24 13
13 41
41 1
1 19
19 67
67 6
6 20
20 39
39 4
4 93
93 91
91 80
80 44
44 71
71 97
97 27
27 51
51 82
82 56
56 38
56 16
38 74
38 10
74 94
94 60