77 10 16 96 73 38 41 53 75 4 18 28 25 80 57 9 92 55 95 5 87 81 34 6 46 72 52 26 94 8 45 17 93 47 99 3 70 83 51 54 13 61 37 89 39 50 64 69 1 35 76 44 71 7 11 0 58 56 21 62 63 60 67 24 12 86 65 82 43 59 19 20 78 22 14 68 48 31 30 66 88 98 74 79 90 49 27 36
77 10
10 16
16 96
96 73
73 38
38 41
41 53
53 75
75 4
4 18
18 28
28 25
25 80
80 57
57 9
9 92
92 55
55 95
95 5
5 87
87 81
81 34
34 6
6 46
46 72
72 52
52 26
26 94
94 8
8 45
45 17
17 93
93 47
47 99
99 3
3 70
70 83
83 51
51 54
54 13
13 61
61 37
37 89
89 39
39 50
50 64
64 69
69 1
1 35
35 76
76 44
76 71
71 7
7 11
11 0
0 58
58 56
56 21
21 62
62 63
63 60
60 67
67 24
24 12
24 27
12 86
86 65
86 79
65 82
82 43
43 59
59 19
19 20
20 78
78 22
78 74
22 14
14 68
14 48
48 31
31 30
31 98
30 66
66 88
79 90
79 49
27 36