85 53 78 95 12 28 48 19 93 66 10 6 18 9 34 88 29 86 46 57 0 75 82 16 50 98 43 15 49 52 94 80 65 61 44 62 35 47 91 67 73 1 74 68 21 30 83 24 31 58 26 20 59 77 72 56 39 92 96 37 71 87 84 70 13 33 81 25 2 54 36 79 4 5 40 90 55 42 60 69 97 41 8 76 64 11 63 45 14 27 32 17 38 23 7 51 89 22 3
85 53
53 78
78 95
95 12
12 28
28 48
48 19
19 93
93 66
66 10
10 6
6 18
18 9
9 34
34 88
88 29
29 86
86 46
46 57
57 0
0 75
75 82
82 16
16 50
50 98
98 43
43 15
15 49
49 52
52 94
94 80
80 65
65 61
61 44
44 62
62 35
35 47
47 91
91 67
67 73
73 1
1 74
74 68
68 21
21 30
30 83
83 24
24 31
31 58
58 26
26 20
20 59
59 77
77 72
72 56
56 39
39 92
92 96
96 37
37 71
71 87
87 84
84 70
70 13
13 33
33 81
81 25
25 2
2 54
2 3
54 36
36 79
79 4
4 5
5 40
40 90
90 55
55 42
42 60
60 69
69 97
97 41
41 8
8 76
8 89
76 64
64 11
11 63
63 45
45 14
45 32
14 27
32 17
32 23
17 38
23 7
7 51
89 22