10 14 85 1 76 4 46 0 34 67 43 74 17 6 39 72 25 62 21 60 91 19 59 18 89 58 41 32 99 90 94 20 78 48 27 63 96 35 68 12 84 54 16 87 57 9 40 73 81 51 88 49 7 33 29 64 66 79 8 26 95 50 80 22 42 24 28 61 13 23 93 15 56 86 92 3 31 2 45 75 98 52 69 36 65 30 97 71 38 5 77 47 44 55 37 70 53 11 83 82
10 14
14 85
85 1
1 76
1 82
76 4
4 46
46 0
0 34
0 49
0 52
0 69
0 65
0 71
0 44
0 55
0 37
0 53
34 67
34 43
34 17
43 74
17 6
17 27
17 35
17 9
17 88
6 39
6 25
6 78
6 48
39 72
25 62
25 21
25 19
25 94
25 20
21 60
21 91
19 59
19 18
19 90
18 89
18 58
18 41
41 32
32 99
27 63
27 96
35 68
35 12
12 84
12 54
12 16
16 87
16 57
9 40
9 81
9 51
40 73
49 7
7 33
7 79
7 8
33 29
33 66
29 64
8 26
8 50
8 80
8 22
26 95
22 42
22 92
22 3
22 31
42 24
42 13
42 23
24 28
24 61
23 93
23 15
15 56
15 86
31 2
31 98
2 45
2 75
69 36
65 30
30 97
71 38
38 5
5 77
5 47
37 70
53 11
11 83