23 4 96 85 8 52 64 69 36 95 55 39 89 77 40 24 73 45 0 80 91 68 5 9 10 21 26 33 13 59 32 7 35 94 1 2 65 20 22 19 43 67 60 42 48 66 30 70 53 12 34 54 63 17 18 82 50 84 3 27 37 6 14 49 78 15 90 11 28 97 83 25 79 62 88 16
23 4
23 96
4 69
96 85
96 8
96 52
85 64
52 36
64 73
64 3
64 16
36 95
36 24
95 55
55 39
39 89
39 77
39 84
89 40
40 78
24 34
73 45
73 91
73 50
45 0
45 70
0 80
0 10
0 42
0 30
80 66
91 68
68 5
68 9
5 21
9 49
10 97
21 26
26 33
26 59
26 53
33 13
33 32
33 7
7 35
7 48
35 94
35 2
94 1
94 67
94 60
2 65
2 82
65 20
65 19
20 22
22 43
67 37
42 27
53 12
34 54
34 63
34 17
54 28
17 18
37 6
6 14
78 15
78 90
90 11
97 83
83 25
25 79
79 62
62 88