73 57 36 16 71 64 10 34 3 29 47 74 24 6 75 15 13 22 56 55 38 76 35 23 59 87 1 67 7 50 91 97 98 44 45 52 70 61 0 72 8 65 66 92 40 82 79 4 17 41 33 11 20 28 30 90 14 46 48 85 9 12 5
73 57
73 36
73 16
57 71
57 64
57 10
36 34
36 3
36 29
36 47
16 74
16 24
16 6
16 75
71 15
64 13
10 22
10 56
10 55
34 38
34 76
3 35
3 23
29 59
29 87
29 1
47 67
47 7
74 50
74 91
24 97
24 98
6 44
6 45
75 52
75 70
75 61
15 0
15 72
15 8
13 65
13 66
22 92
55 40
55 82
38 79
38 4
76 17
35 41
35 33
59 11
87 20
1 28
1 30
67 90
67 14
7 46
7 48
45 85
52 9
61 12
40 5