30 14 56 48 51 54 68 55 59 88 96 0 31 33 40 4 84 9 80 21 66 77 19 85 27 72 23 41 28 3 43 44 75 62 86 26 58 5 47 46 64 76 65 17 6 97 42 2 52 69 74 25 57 34 73 13 71 90 92 10 16 82 78 60 91 61 37 38 49 18 98 32 93 89 39 15 1 12 67 20 24 29 22 7 83 95 8 50 94 87 36 79 45 11 99 63 35
30 14
14 56
56 48
48 51
51 54
54 68
68 55
55 59
59 88
88 96
96 0
0 31
31 33
33 40
40 4
4 84
84 9
9 80
80 21
21 66
66 77
77 19
19 85
85 27
27 72
72 23
23 41
41 28
28 3
3 43
43 44
44 75
75 62
62 86
86 26
26 58
58 5
5 47
47 46
46 64
64 76
76 65
65 17
17 6
6 97
97 42
42 2
2 52
52 69
69 74
74 25
25 57
57 34
34 73
73 13
13 71
71 90
90 92
92 10
10 16
16 82
82 78
78 60
60 91
91 61
61 37
37 38
38 49
49 18
18 98
98 32
32 93
93 89
89 39
39 15
15 1
1 12
12 67
67 20
20 24
24 29
29 22
22 7
7 83
83 95
95 8
8 50
50 94
94 87
87 36
36 79
79 45
45 11
11 99
99 63
63 35