33 88 4 31 38 70 92 12 56 54 19 79 99 1 3 8 10 81 28 42 23 67 14 0 91 73 77 49 35 2 20 41 62 82 46 96 75 17 58 45 7 60 50 36 18 52 76 30 71 37 78 51 66 6 47 9 29 83 53 48 69 72 26 5 94 86 61 74 27 93 24 85 95 98 57 40 15 63 25 64 44 16 21 97 65 68 84 89 39 55 11 90 87 80 22 43 59 13 32 34
33 88
88 4
4 31
31 38
38 70
70 92
92 12
12 56
56 54
54 19
19 79
79 99
99 1
1 3
3 8
8 10
10 81
81 28
28 42
42 23
23 67
67 14
14 0
0 91
91 73
73 77
77 49
49 35
35 2
2 20
20 41
41 62
62 82
82 46
46 96
96 75
75 17
17 58
58 45
45 7
7 60
60 50
50 36
36 18
18 52
52 76
76 30
30 71
71 37
37 78
78 51
51 66
66 6
6 47
47 9
9 29
29 83
83 53
53 48
48 69
69 72
72 26
26 5
5 94
94 86
86 61
61 74
74 27
27 93
93 24
24 85
85 95
95 98
98 57
57 40
40 15
15 63
63 25
25 64
64 44
44 16
16 21
21 97
97 65
65 68
68 84
84 89
89 39
39 55
55 11
11 90
90 87
87 80
80 22
22 43
43 59
59 13
13 32
32 34