92 9 8 82 84 83 87 88 86 85 90 89 7 74 75 76 81 73 79 6 64 67 70 69 68 72 71 66 65 5 59 57 58 61 4 49 46 3 43 38 42 41 37 40 44 2 32 36 34 30 33 29 1 0 18 14 13 16 15 11 17 10 12 19 21 20 26 27 24 22 23 25 28 35 31 45 39 47 50 48 54 51 52 53 55 63 56 62 60 80 78 77 97 98 91 96 99 95 93 94
92 9
9 8
9 97
9 98
9 91
9 96
9 99
9 95
9 93
9 94
8 82
8 7
82 84
82 83
82 87
82 88
82 86
82 85
82 90
82 89
7 74
7 75
7 76
7 81
7 73
7 79
7 6
7 80
7 78
7 77
6 64
6 5
64 67
64 70
64 69
64 68
64 72
64 71
64 66
64 65
5 59
5 57
5 58
5 61
5 4
5 55
5 63
5 56
5 62
5 60
4 49
4 46
4 3
4 47
4 50
4 48
4 54
4 51
4 52
4 53
3 43
3 38
3 42
3 41
3 37
3 40
3 44
3 2
3 45
3 39
2 32
2 36
2 34
2 30
2 33
2 29
2 1
2 28
2 35
2 31
1 0
1 19
0 18
0 14
0 13
0 16
0 15
0 11
0 17
0 10
0 12
19 21
19 20
19 26
19 27
19 24
19 22
19 23
19 25