52 74 58 49 36 69 64 18 50 59 4 95 21 1 23 97 35 48 7 79 22 37 84 46 94 9 32 14 77 87 80 82 10 63 81 73 56 96 60 31 42 70 24 30 72 26 61 16 62 91 28 68 13 66 85 25 53 19 90 89 29 43 41 75 2 93 76 57 40 6 0 54 83 67 38 86 71 92 17 15 20 34 45 11 51 44 98 12 27 8 33 78 99 88 65 55 5 3
52 74
74 58
58 49
49 36
36 69
69 64
64 18
18 50
50 59
59 4
4 95
95 21
21 1
1 23
23 97
97 35
35 48
48 7
7 79
79 22
22 37
37 84
84 46
46 94
94 9
9 32
32 14
14 77
77 87
87 80
80 82
82 10
10 63
63 81
81 73
73 56
56 96
96 60
60 31
31 42
42 70
70 24
24 30
30 72
72 26
26 61
61 16
16 62
62 91
91 28
28 68
68 13
13 66
66 85
85 25
25 53
53 19
19 90
90 89
89 29
29 43
43 41
41 75
75 2
2 93
93 76
76 57
57 40
40 6
6 0
0 54
54 83
83 67
67 38
38 86
86 71
71 92
92 17
17 15
15 20
20 34
34 45
45 11
11 51
51 44
44 98
98 12
12 27
27 8
8 33
33 78
78 99
99 88
88 65
65 55
55 5
5 3