65 66 97 50 56 24 78 89 13 22 99 45 88 15 52 47 27 64 31 74 40 60 93 82 96 84 94 68 44 21 61 35 63 70 75 72 91 59 85 19 73 53 92 18 34 8 12 4 58 43 79 51 69 81 33 87 3 5 10 80 67 39 42 46 28 7 32 55 57 20 6 76 49 62 77 36 23 14 30 1 37 0 48 54 17 29 71 86 25 2 90 16 26 95
65 66
66 97
97 50
50 56
56 24
24 78
78 89
89 13
13 22
22 99
99 45
45 88
88 15
15 52
52 47
47 27
27 64
64 31
31 74
74 40
40 60
60 93
93 82
82 96
96 84
84 94
94 68
68 44
44 21
21 61
61 35
35 63
63 70
70 75
75 72
72 91
91 59
59 85
85 19
19 73
73 53
53 92
92 18
18 34
34 8
8 12
12 4
4 58
58 43
43 79
79 51
51 69
69 81
81 33
33 87
87 3
3 5
5 10
10 80
80 67
67 39
39 42
42 46
46 28
28 7
7 32
32 55
55 57
57 20
20 6
6 76
76 49
49 62
62 77
77 36
36 23
23 14
14 30
30 1
1 37
37 0
0 48
48 54
54 17
17 29
29 71
71 86
86 25
25 2
2 90
2 95
90 16
16 26