72 19 24 12 2 26 29 17 25 31 9 15 7 22 23 11 18 27 21 3 16 0 20 8 6 4 5 13 60 58 14 10 54 32 28 90 89 1 36 30 94 93 35 98 53 55 62 64 61 63 59 57 44 42 43 41 45 47 46 48 49 51 50 52 74 76 73 75 65 67 66 68 40 38 39 37 87 85 88 86 69 71 79 80 84 83
72 19
19 24
24 12
12 2
2 26
26 29
29 17
17 25
25 31
25 84
25 83
31 9
9 15
15 7
7 22
22 23
23 11
23 79
23 80
11 18
18 27
18 69
27 21
27 87
27 88
21 3
3 16
3 40
3 39
16 0
16 65
16 66
0 20
20 8
20 74
20 73
8 6
8 49
8 50
6 4
6 45
6 46
4 5
5 13
5 44
5 43
13 60
13 14
13 59
60 58
14 10
14 62
14 61
10 54
10 32
10 53
32 28
32 98
28 90
28 89
28 1
1 36
1 30
1 35
30 94
30 93
53 55
62 64
61 63
59 57
44 42
43 41
45 47
46 48
49 51
50 52
74 76
73 75
65 67
66 68
40 38
39 37
87 85
88 86
69 71