17 18 16 19 15 20 14 21 4 13 22 3 5 90 57 12 23 2 6 89 91 58 56 11 96 24 28 1 78 9 7 88 84 59 45 55 93 97 68 25 27 29 99 0 72 34 85 8 83 60 65 46 44 54 69 26 76 30 73 35 33 80 61 31 64 53 42 36 48 52 41 37 49 40
17 18
17 16
18 19
16 15
19 20
15 14
20 21
20 4
14 13
21 22
4 3
4 5
4 90
4 57
13 12
22 23
3 2
5 6
90 89
90 91
57 58
57 56
12 11
23 96
23 24
23 28
2 1
6 78
6 9
6 7
89 88
89 84
58 59
56 45
56 55
56 93
96 97
96 68
24 25
28 27
28 29
1 99
1 0
1 72
78 34
9 85
9 8
84 83
59 60
45 65
45 46
45 44
55 54
68 69
25 26
29 76
29 30
72 73
34 35
34 33
34 80
60 61
60 31
65 64
54 53
76 42
35 36
31 48
53 52
42 41
36 37
48 49
41 40