12 36 27 73 28 7 76 32 84 29 64 22 15 39 3 91 50 87 88 2 89 96 18 6 52 19 62 47 20 78 60 10 49 92 90 23 61 30 37 48 25 34 57 75 79 99 0 5 82 77 1 93 46 17 72 59 67 53 65 33 95 86 40 43 51 63 94 69 56 14 85
12 36
12 25
12 93
36 27
36 73
73 28
73 32
73 84
28 7
7 76
76 29
76 62
32 0
84 39
84 47
84 75
84 79
29 64
29 22
29 60
29 63
64 15
64 20
64 46
15 49
39 3
39 19
3 91
91 50
50 87
50 88
87 96
88 2
2 89
96 18
18 6
6 52
19 5
47 14
20 78
20 57
20 82
78 43
60 10
60 77
49 92
92 90
90 23
90 61
90 94
23 30
30 37
37 48
25 34
57 69
75 85
79 99
77 1
77 51
46 17
46 72
72 59
72 67
72 40
59 53
53 65
53 33
33 95
95 86
69 56