58 1 53 16 72 2 22 76 3 44 10 82 99 4 14 51 36 0 39 21 75 29 5 94 46 13 50 84 69 63 33 9 48 81 20 57 89 74 66 98 31 7 64 24 92 17 54 38 86 78 96 40 35 12 83 26 28 30 6 95 34 11 68 41 23 91 77 60 25 61 93 42 37 32 8 80 97 65 47 19 73 15 52 71 88 56 27 85 70 45 79 49 18 87 55 67 90 62 59 43
58 1
1 53
53 16
16 72
72 2
2 22
2 43
22 76
22 3
22 59
3 44
3 10
3 90
3 62
10 82
10 99
10 49
10 18
10 67
99 4
4 14
4 45
4 79
14 51
14 36
14 85
14 70
36 0
0 39
0 29
0 33
0 31
0 40
0 35
0 26
0 28
0 30
0 34
0 41
0 37
0 32
0 27
39 21
21 75
29 5
5 94
5 46
5 13
5 63
13 50
13 84
13 69
33 9
9 48
9 81
9 20
9 66
9 98
20 57
20 89
20 74
31 7
7 64
7 24
7 96
24 92
24 17
24 78
17 54
17 38
17 86
35 12
12 83
30 6
6 95
34 11
11 68
41 23
23 91
23 77
23 60
23 25
25 61
25 93
25 42
32 8
8 80
8 97
8 65
8 47
8 19
19 73
19 15
19 88
19 56
15 52
15 71
18 87
18 55