7 23 89 39 38 11 0 28 83 59 75 80 94 3 70 95 93 77 47 32 81 58 46 14 65 36 64 99 87 1 76 72 53 43 2 96 37 13 8 16 31 18 92 91 57 88 19 86 60 90 26 22 24 55 74 97 42 56 35 82 4 10 5 29 62 41 61 30 9 71 54 78 79 98 15 40 12 52 48 84 20 49 17 85 50 25 45 21 68 73 63 51 6 33 67 27 66 34 44 69
7 23
23 89
89 39
39 38
38 11
11 0
0 28
28 83
83 59
59 75
75 80
80 94
94 3
3 70
70 95
95 93
93 77
77 47
47 32
32 81
81 58
58 46
46 14
14 65
65 36
36 64
64 99
99 87
87 1
1 76
76 72
72 53
53 43
43 2
2 96
96 37
37 13
13 8
8 16
16 31
31 18
18 92
92 91
91 57
57 88
88 19
19 86
86 60
60 90
90 26
26 22
22 24
24 55
55 74
74 97
97 42
42 56
56 35
35 82
82 4
4 10
10 5
5 29
29 62
62 41
41 61
61 30
30 9
9 71
71 54
54 78
78 79
79 98
98 15
15 40
40 12
12 52
52 48
48 84
84 20
20 49
49 17
17 85
85 50
50 25
25 45
45 21
21 68
68 73
73 63
63 51
51 6
6 33
33 67
67 27
27 66
66 34
34 44
44 69