43 64 40 22 52 96 54 77 61 53 72 76 66 35 69 83 56 87 30 98 37 16 25 89 42 75 41 94 46 8 67 60 21 3 14 32 95 48 39 99 19 10 24 0 68 62 11 93 33 38 59 20 85 55 71 26 23 50 80 79 31 74 63 2 18 34 36 91 86 70 81 9 65 28 82 5 47 6 15 12 27 49 44 29 13 90 84 1 57 97 78 7 17 58 45 4 92
43 64
64 40
40 22
22 52
52 96
96 54
54 77
77 61
61 53
53 72
72 76
76 66
66 35
35 69
69 83
83 56
56 87
87 30
30 98
98 37
37 16
16 25
25 89
89 42
42 75
75 41
41 94
94 46
46 8
8 67
67 60
60 21
21 3
3 14
14 32
32 95
95 48
48 39
39 99
99 19
19 10
10 24
24 0
0 68
68 62
62 11
11 93
93 33
33 38
38 59
59 20
20 85
85 55
55 71
71 26
26 23
23 50
50 80
80 79
79 31
31 74
74 63
63 2
2 18
18 34
34 36
36 91
91 86
86 70
70 81
81 9
9 65
65 28
28 82
82 5
5 47
47 6
6 15
15 12
12 27
27 49
49 44
44 29
29 13
13 90
90 84
84 1
1 57
57 97
97 78
78 7
7 17
17 58
58 45
45 4
4 92