64 29 70 22 63 26 6 47 39 9 57 17 84 92 10 53 69 25 77 83 94 30 33 0 59 31 45 3 20 88 48 55 34 52 87 60 73 44 51 78 97 28 79 50 96 38 93 67 68 32 40 56 72 37 85 7 66 91 13 95 46 36 74 12 80 65 35 5 61 75 18 24 2 54 43 62 86 1 76 82 8 81 16 49 99 89 41 90 42 23 98 15 71 27 4 19 58 11 21 14
64 29
29 70
70 22
22 63
63 26
26 6
6 47
47 39
39 9
9 57
57 17
57 14
17 84
84 92
92 10
10 53
53 69
69 25
25 77
25 11
77 83
83 94
94 30
30 33
30 58
33 0
0 59
0 19
59 31
59 45
59 27
45 3
3 20
3 88
3 55
88 48
55 34
34 52
52 87
87 60
60 73
60 51
73 44
51 78
78 97
97 28
28 79
79 50
50 96
96 38
96 23
38 93
93 67
93 66
67 68
68 32
32 40
40 56
56 72
56 85
72 37
85 7
66 91
66 42
91 13
91 90
13 95
13 36
95 46
36 74
36 12
12 80
12 41
80 65
65 35
65 5
5 61
61 75
75 18
18 24
18 89
24 2
2 54
2 49
54 43
43 62
43 81
62 86
86 1
1 76
1 8
76 82
81 16
49 99
23 98
98 15
15 71
27 4
11 21