25 79 49 6 5 10 7 61 27 78 94 51 50 88 24 52 81 62 23 84 33 43 28 47 0 37 9 55 26 64 90 19 45 87 53 21 30 1 69 17 16 40 42 31 12 83 54 58 44 11 99 35 57 2 92 38 41 20 67 91 29 72 74 59 32 14 13 34 56 75 39 22 82 18 8 15 3 70 36 71 80 93 86 46 98 66
25 79
79 49
49 6
6 5
5 10
10 7
7 61
61 27
27 78
78 94
94 51
51 50
50 88
88 24
24 52
52 81
81 62
62 23
23 84
84 33
33 43
43 28
28 47
47 0
0 37
37 9
9 55
55 26
26 64
64 90
90 19
19 45
45 87
87 53
53 21
21 30
30 1
1 69
1 66
69 17
17 16
16 40
40 42
42 31
42 98
31 12
12 83
83 54
54 58
58 44
44 11
11 99
99 35
35 57
57 2
2 92
92 38
38 41
41 20
20 67
20 91
91 29
29 72
29 86
72 74
74 59
59 32
32 14
14 13
13 34
13 93
34 56
56 75
75 39
75 3
39 22
22 82
22 18
18 8
18 15
3 70
3 80
70 36
36 71
86 46