8 63 92 65 30 60 1 93 69 31 54 73 44 89 76 70 34 80 47 53 23 56 39 57 52 14 97 83 67 79 91 4 75 88 38 87 26 58 28 59 6 50 24 68 10 78 2 66 7 81 64 85 33 72 74 84 51 22 71 20 86 11 55 37 61 3 77 15 98 35 95 82 18 62 19 94 16 90 48 96 32 99 0 36 12 27 46 9 42 41 21 45 5 13 40 29 25 49 17 43
8 63
63 92
92 65
65 30
30 60
60 1
1 93
93 69
69 31
31 54
54 73
73 44
44 89
89 76
76 70
70 34
34 80
80 47
47 53
53 23
23 56
56 39
39 57
57 52
52 14
14 97
97 83
83 67
67 79
79 91
91 4
4 75
75 88
88 38
38 87
87 26
26 58
58 28
28 59
59 6
6 50
50 24
24 68
68 10
10 78
78 2
2 66
66 7
7 81
81 64
64 85
85 33
33 72
72 74
74 84
84 51
51 22
22 71
71 20
20 86
86 11
11 55
55 37
37 61
61 3
3 77
77 15
15 98
98 35
35 95
95 82
82 18
18 62
62 19
62 17
62 43
19 94
94 16
94 13
94 40
94 29
94 25
94 49
16 90
90 48
90 5
48 96
96 32
96 27
96 46
96 9
96 42
96 41
96 21
96 45
32 99
99 0
99 36
99 12