0 38 9 77 2 1 67 24 11 39 95 3 99 16 30 4 17 7 31 35 18 42 6 75 36 57 92 12 27 63 32 52 28 15 81 98 96 13 80 91 5 10 29 74 56 72 97 14 21 22 65 23 25 8 26 19 20 40 62 93 54
0 38
38 9
9 77
77 2
2 1
1 67
67 24
24 11
11 39
11 95
95 3
3 99
3 35
3 18
3 96
3 91
3 72
3 97
3 93
3 54
99 16
16 30
30 4
30 31
4 17
17 7
18 42
18 6
18 63
18 32
18 15
6 75
6 36
6 57
6 92
6 12
12 27
32 52
32 28
15 81
15 98
96 13
13 80
91 5
5 10
5 74
5 56
10 29
97 14
14 21
14 40
14 62
21 22
21 8
22 65
22 23
23 25
8 26
26 19
19 20