89 56 83 7 35 67 88 90 41 49 93 74 65 58 23 21 10 13 19 78 1 40 51 98 33 45 96 50 28 37 25 85 92 26 53 47 8 54 61 66 39 70 69 32 9 73 81 30 60 3 27 62 94 42 4 6 86 75 95 14 34 80 55 52 82 91 99 2 72 43 17 0 12 36 24
89 56
56 83
83 7
7 35
7 65
35 67
35 88
35 90
35 62
88 41
90 91
41 49
49 93
93 74
65 58
58 23
23 21
23 26
23 24
21 10
21 85
21 92
10 13
10 19
13 28
19 78
78 1
1 40
1 51
1 33
1 50
40 4
40 6
40 75
51 98
33 45
33 96
33 3
50 43
28 37
28 53
37 25
37 94
53 47
47 8
8 54
8 61
8 66
8 30
8 60
54 39
61 70
61 14
61 34
61 80
66 69
70 73
69 32
32 9
73 81
73 55
81 52
3 27
94 42
4 72
6 86
75 95
52 82
82 12
91 99
99 2
72 0
43 17
17 36