0 60 30 5 11 24 86 1 87 25 16 19 18 94 33 36 20 17 14 6 35 29 7 31 12 21 26 92 77 89 70 81 76 83 27 9 3 88 80 40 73 15 95 82 78 34 96 72 84 69 93 97 2 74 90 98 75 99 79 71 85 91
0 60
60 30
30 5
5 11
11 24
24 86
86 1
1 87
1 94
1 12
1 92
1 77
1 89
1 70
1 81
1 76
1 83
1 88
1 80
1 40
1 73
1 95
1 82
1 78
1 96
1 72
1 84
1 69
1 93
1 97
1 74
1 90
1 98
1 75
1 99
1 79
1 71
1 85
1 91
87 25
25 16
25 6
25 29
16 19
19 18
94 33
33 36
36 20
20 17
17 14
6 35
29 7
7 31
12 21
21 26
89 27
70 3
81 15
76 9
95 34
69 2