45 0 27 1 59 22 2 71 16 4 65 30 49 38 54 90 3 96 9 20 41 94 17 91 55 25 62 79 72 14 88 13 87 11 69 53 86 34 36 10 52 23 97 60 78 75 57 51 85 48 95 21 42 58 76 82 6 18 92 39 73 32 12 8 33 68 84 7 83 35 26 80 46 24 61 98 44 99 63 67 93 19 74 15 70 89 37 56 40 5 81 50 31 66 64 29 28 77 47 43
45 0
0 27
27 1
1 59
59 22
22 2
22 43
2 71
2 28
2 77
2 47
71 16
16 4
16 38
16 54
16 90
4 65
4 30
4 49
90 3
3 96
3 9
3 48
3 95
3 82
3 93
3 64
3 29
9 20
9 51
9 85
20 41
20 94
20 17
20 75
20 57
17 91
17 55
17 25
17 72
17 14
25 62
25 79
14 88
14 13
14 11
14 36
14 10
13 87
11 69
11 53
11 86
11 34
10 52
10 23
23 97
23 60
23 78
95 21
21 42
21 58
21 76
82 6
6 18
6 32
6 12
6 67
18 92
18 39
18 73
12 8
12 35
12 26
8 33
8 68
8 84
8 7
7 83
26 80
26 46
26 24
26 99
26 63
24 61
24 98
24 44
93 19
19 74
19 15
19 56
19 40
19 5
15 70
15 89
15 37
5 81
5 50
5 31
5 66