41 40 84 43 42 44 83 82 37 62 75 74 80 81 21 36 35 61 64 76 78 26 70 72 33 22 24 38 39 68 60 63 57 77 65 97 29 27 71 47 73 30 49 20 50 1 11 55 56 86 66 13 95 96 25 28 48 15 34 0 2 5 58 59 90 8 93
41 40
41 84
41 43
41 42
40 44
84 83
84 82
43 37
42 62
42 75
44 74
83 80
83 81
82 21
37 36
37 35
62 61
62 64
75 76
75 78
75 26
74 70
74 72
81 33
21 22
21 24
36 38
36 39
35 68
61 60
61 63
64 57
76 77
78 65
78 97
26 29
26 27
70 71
70 47
72 73
33 30
33 49
22 20
39 50
60 1
63 11
57 55
57 56
77 86
65 66
65 13
97 95
97 96
29 25
29 28
47 48
73 15
30 34
1 0
1 2
55 5
55 58
56 59
56 90
96 8
2 93