83 87 23 31 27 11 55 51 19 59 57 21 53 20 61 56 29 58 49 17 25 24 89 52 60 36 44 32 33 97 65 40 26 28 30 14 12 22 46 6 2 47 66 54 62 15 48 3 88 13 39 37 98 80 91 73 9 1 0 82 18 50 70 93 77 92 76 68 69 95 67 34 35 78 90 4 74 10
83 87
87 23
23 31
23 55
23 21
31 27
31 29
31 95
27 11
27 26
27 91
55 51
55 39
51 19
51 59
51 49
59 57
57 56
21 53
21 20
21 17
53 61
53 52
20 4
56 58
29 28
17 25
25 24
25 89
24 88
89 73
89 93
52 60
52 36
52 48
36 44
36 32
32 33
32 40
33 97
97 65
65 67
26 30
26 90
30 14
30 22
14 12
14 46
14 15
14 78
12 13
22 6
22 54
46 47
6 2
6 70
2 66
2 3
66 98
66 82
54 62
88 80
39 37
73 9
9 1
1 0
82 18
18 50
50 34
93 77
93 92
92 76
76 68
68 69
34 35
90 74
74 10