11 21 93 28 6 39 13 65 27 41 23 81 37 91 4 9 24 8 3 95 10 29 46 86 50 18 0 72 98 14 43 5 19 96 77 57 45 38 64 90 69 1 52 79 51 34 2 15 25 26 20 12 31 97 67 32 87 36 60 56 80 84 54 47 63 53 40 30 17 78 89 7 75 85 48 70 82 59 94 22 83 58 66 68 99 92 71
11 21
21 93
93 28
28 6
6 39
39 13
13 65
65 27
27 41
41 23
23 81
81 37
37 91
91 4
4 9
9 24
24 8
8 3
3 95
95 10
10 29
10 92
10 71
29 46
46 86
86 50
50 18
18 0
0 72
72 98
98 14
14 43
14 66
14 99
43 5
5 19
5 83
5 58
19 96
96 77
96 82
77 57
57 45
45 38
45 90
38 64
90 69
69 1
69 70
1 52
1 17
1 89
1 7
52 79
52 34
79 51
34 2
2 15
15 25
15 30
25 26
25 40
26 20
26 97
26 32
26 87
20 12
12 31
97 67
87 36
36 60
36 56
56 80
56 47
80 84
80 54
47 63
63 53
17 78
7 75
7 85
85 48
82 59
82 94
94 22
66 68